2024-03-25 14:36:21.667 INFO  org.hibernate.validator.internal.util.Version     :21   [32m                  [0;39m HV000001: Hibernate Validator 8.0.0.Final
2024-03-25 14:36:21.717 INFO  com.xboss.train.batch.config.BatchApplication     :51   [32m                  [0;39m Starting BatchApplication using Java 18.0.1.1 with PID 26008 (D:\projectAndcode\train\batch\target\classes started by 86183 in D:\projectAndcode\train)
2024-03-25 14:36:21.718 INFO  com.xboss.train.batch.config.BatchApplication     :630  [32m                  [0;39m No active profile set, falling back to 1 default profile: "default"
2024-03-25 14:36:21.780 INFO  o.s.b.d.env.DevToolsPropertyDefaultsPostProcessor :250  [32m                  [0;39m Devtools property defaults active! Set 'spring.devtools.add-properties' to 'false' to disable
2024-03-25 14:36:21.781 INFO  o.s.b.d.env.DevToolsPropertyDefaultsPostProcessor :250  [32m                  [0;39m For additional web related logging consider setting the 'logging.level.web' property to 'DEBUG'
2024-03-25 14:36:22.652 WARN  org.mybatis.spring.mapper.ClassPathMapperScanner  :44   [32m                  [0;39m No MyBatis mapper was found in '[com.xboss.train.business/mapper]' package. Please check your configuration.
2024-03-25 14:36:22.753 INFO  o.springframework.cloud.context.scope.GenericScope:282  [32m                  [0;39m BeanFactory id=2e97bf40-1bdb-332f-930d-7809c64bd0a8
2024-03-25 14:36:24.446 INFO  o.s.boot.web.embedded.tomcat.TomcatWebServer      :114  [32m                  [0;39m Tomcat initialized with port(s): 8003 (http)
2024-03-25 14:36:24.447 INFO  org.apache.catalina.core.AprLifecycleListener     :173  [32m                  [0;39m An older version [1.2.35] of the Apache Tomcat Native library is installed, while Tomcat recommends a minimum version of [2.0.1]
2024-03-25 14:36:24.447 INFO  org.apache.catalina.core.AprLifecycleListener     :173  [32m                  [0;39m Loaded Apache Tomcat Native library [1.2.35] using APR version [1.7.0].
2024-03-25 14:36:24.459 INFO  org.apache.catalina.core.AprLifecycleListener     :173  [32m                  [0;39m OpenSSL successfully initialized [OpenSSL 1.1.1q  5 Jul 2022]
2024-03-25 14:36:24.468 INFO  org.apache.coyote.http11.Http11NioProtocol        :173  [32m                  [0;39m Initializing ProtocolHandler ["http-nio-8003"]
2024-03-25 14:36:24.469 INFO  org.apache.catalina.core.StandardService          :173  [32m                  [0;39m Starting service [Tomcat]
2024-03-25 14:36:24.470 INFO  org.apache.catalina.core.StandardEngine           :173  [32m                  [0;39m Starting Servlet engine: [Apache Tomcat/10.1.1]
2024-03-25 14:36:24.530 INFO  o.a.c.c.C.[Tomcat].[localhost].[/batch]           :173  [32m                  [0;39m Initializing Spring embedded WebApplicationContext
2024-03-25 14:36:24.531 INFO  o.s.b.w.s.c.ServletWebServerApplicationContext    :291  [32m                  [0;39m Root WebApplicationContext: initialization completed in 2749 ms
2024-03-25 14:36:24.693 INFO  org.quartz.impl.StdSchedulerFactory               :1220 [32m                  [0;39m Using default implementation for ThreadExecutor
2024-03-25 14:36:24.705 INFO  org.quartz.core.SchedulerSignalerImpl             :61   [32m                  [0;39m Initialized Scheduler Signaller of type: class org.quartz.core.SchedulerSignalerImpl
2024-03-25 14:36:24.705 INFO  org.quartz.core.QuartzScheduler                   :229  [32m                  [0;39m Quartz Scheduler v.2.3.2 created.
2024-03-25 14:36:24.712 INFO  com.zaxxer.hikari.HikariDataSource                :110  [32m                  [0;39m HikariPool-1 - Starting...
2024-03-25 14:36:25.056 INFO  com.zaxxer.hikari.pool.HikariPool                 :565  [32m                  [0;39m HikariPool-1 - Added connection com.mysql.cj.jdbc.ConnectionImpl@a910613
2024-03-25 14:36:25.058 INFO  com.zaxxer.hikari.HikariDataSource                :123  [32m                  [0;39m HikariPool-1 - Start completed.
2024-03-25 14:36:25.070 INFO  o.s.scheduling.quartz.LocalDataSourceJobStore     :672  [32m                  [0;39m Using db table-based data access locking (synchronization).
2024-03-25 14:36:25.072 INFO  o.s.scheduling.quartz.LocalDataSourceJobStore     :145  [32m                  [0;39m JobStoreCMT initialized.
2024-03-25 14:36:25.073 INFO  org.quartz.core.QuartzScheduler                   :294  [32m                  [0;39m Scheduler meta-data: Quartz Scheduler (v2.3.2) 'schedulerFactoryBean' with instanceId 'NON_CLUSTERED'
  Scheduler class: 'org.quartz.core.QuartzScheduler' - running locally.
  NOT STARTED.
  Currently in standby mode.
  Number of jobs executed: 0
  Using thread pool 'org.quartz.simpl.SimpleThreadPool' - with 10 threads.
  Using job-store 'org.springframework.scheduling.quartz.LocalDataSourceJobStore' - which supports persistence. and is not clustered.

2024-03-25 14:36:25.074 INFO  org.quartz.impl.StdSchedulerFactory               :1374 [32m                  [0;39m Quartz scheduler 'schedulerFactoryBean' initialized from an externally provided properties instance.
2024-03-25 14:36:25.074 INFO  org.quartz.impl.StdSchedulerFactory               :1378 [32m                  [0;39m Quartz scheduler version: 2.3.2
2024-03-25 14:36:25.074 INFO  org.quartz.core.QuartzScheduler                   :2293 [32m                  [0;39m JobFactory set to: com.xboss.train.batch.config.MyJobFactory@1de6893a
2024-03-25 14:36:25.511 INFO  c.alibaba.cloud.sentinel.SentinelWebMvcConfigurer :52   [32m                  [0;39m [Sentinel Starter] register SentinelWebInterceptor with urlPatterns: [/**].
2024-03-25 14:36:25.950 INFO  o.s.b.d.autoconfigure.OptionalLiveReloadServer    :59   [32m                  [0;39m LiveReload server is running on port 35729
2024-03-25 14:36:26.159 WARN  o.s.c.l.c.LoadBalancerCacheAutoConfiguration$LoadBalancerCaffeineWarnLogger:81   [32m                  [0;39m Spring Cloud LoadBalancer is currently working with the default cache. While this cache implementation is useful for development and tests, it's recommended to use Caffeine cache in production.You can switch to using Caffeine cache, by adding it and org.springframework.cache.caffeine.CaffeineCacheManager to the classpath.
2024-03-25 14:36:26.301 INFO  org.apache.coyote.http11.Http11NioProtocol        :173  [32m                  [0;39m Starting ProtocolHandler ["http-nio-8003"]
2024-03-25 14:36:26.324 INFO  o.s.boot.web.embedded.tomcat.TomcatWebServer      :226  [32m                  [0;39m Tomcat started on port(s): 8003 (http) with context path '/batch'
2024-03-25 14:36:26.469 INFO  o.s.scheduling.quartz.SchedulerFactoryBean        :734  [32m                  [0;39m Will start Quartz Scheduler [schedulerFactoryBean] in 2 seconds
2024-03-25 14:36:26.480 INFO  com.xboss.train.batch.config.BatchApplication     :57   [32m                  [0;39m Started BatchApplication in 5.445 seconds (process running for 6.455)
2024-03-25 14:36:26.484 INFO  com.xboss.train.batch.config.BatchApplication     :24   [32m                  [0;39m 启动成功！！
2024-03-25 14:36:26.485 INFO  com.xboss.train.batch.config.BatchApplication     :25   [32m                  [0;39m 网关地址: 	http://127.0.0.1:8003
2024-03-25 14:36:28.478 INFO  o.s.scheduling.quartz.SchedulerFactoryBean        :750  [32m                  [0;39m Starting Quartz Scheduler now, after delay of 2 seconds
2024-03-25 14:36:28.522 INFO  o.s.scheduling.quartz.LocalDataSourceJobStore     :866  [32m                  [0;39m Freed 0 triggers from 'acquired' / 'blocked' state.
2024-03-25 14:36:28.525 INFO  o.s.scheduling.quartz.LocalDataSourceJobStore     :973  [32m                  [0;39m Handling 1 trigger(s) that missed their scheduled fire-time.
2024-03-25 14:36:28.552 INFO  o.s.scheduling.quartz.LocalDataSourceJobStore     :876  [32m                  [0;39m Recovering 0 jobs that were in-progress at the time of the last shut-down.
2024-03-25 14:36:28.553 INFO  o.s.scheduling.quartz.LocalDataSourceJobStore     :889  [32m                  [0;39m Recovery complete.
2024-03-25 14:36:28.555 INFO  o.s.scheduling.quartz.LocalDataSourceJobStore     :896  [32m                  [0;39m Removed 0 'complete' triggers.
2024-03-25 14:36:28.557 INFO  o.s.scheduling.quartz.LocalDataSourceJobStore     :901  [32m                  [0;39m Removed 0 stale fired job entries.
2024-03-25 14:36:28.563 INFO  org.quartz.core.QuartzScheduler                   :547  [32m                  [0;39m Scheduler schedulerFactoryBean_$_NON_CLUSTERED started.
2024-03-25 15:22:57.703 INFO  org.hibernate.validator.internal.util.Version     :21   [32m                  [0;39m HV000001: Hibernate Validator 8.0.0.Final
2024-03-25 15:22:57.744 INFO  com.xboss.train.batch.config.BatchApplication     :51   [32m                  [0;39m Starting BatchApplication using Java 18.0.1.1 with PID 19180 (D:\projectAndcode\train\batch\target\classes started by 86183 in D:\projectAndcode\train)
2024-03-25 15:22:57.745 INFO  com.xboss.train.batch.config.BatchApplication     :630  [32m                  [0;39m No active profile set, falling back to 1 default profile: "default"
2024-03-25 15:22:57.805 INFO  o.s.b.d.env.DevToolsPropertyDefaultsPostProcessor :250  [32m                  [0;39m Devtools property defaults active! Set 'spring.devtools.add-properties' to 'false' to disable
2024-03-25 15:22:57.805 INFO  o.s.b.d.env.DevToolsPropertyDefaultsPostProcessor :250  [32m                  [0;39m For additional web related logging consider setting the 'logging.level.web' property to 'DEBUG'
2024-03-25 15:22:58.770 WARN  org.mybatis.spring.mapper.ClassPathMapperScanner  :44   [32m                  [0;39m No MyBatis mapper was found in '[com.xboss.train.business/mapper]' package. Please check your configuration.
2024-03-25 15:22:58.859 INFO  o.springframework.cloud.context.scope.GenericScope:282  [32m                  [0;39m BeanFactory id=2e97bf40-1bdb-332f-930d-7809c64bd0a8
2024-03-25 15:22:59.755 INFO  o.s.boot.web.embedded.tomcat.TomcatWebServer      :114  [32m                  [0;39m Tomcat initialized with port(s): 8003 (http)
2024-03-25 15:22:59.756 INFO  org.apache.catalina.core.AprLifecycleListener     :173  [32m                  [0;39m An older version [1.2.35] of the Apache Tomcat Native library is installed, while Tomcat recommends a minimum version of [2.0.1]
2024-03-25 15:22:59.756 INFO  org.apache.catalina.core.AprLifecycleListener     :173  [32m                  [0;39m Loaded Apache Tomcat Native library [1.2.35] using APR version [1.7.0].
2024-03-25 15:22:59.761 INFO  org.apache.catalina.core.AprLifecycleListener     :173  [32m                  [0;39m OpenSSL successfully initialized [OpenSSL 1.1.1q  5 Jul 2022]
2024-03-25 15:22:59.771 INFO  org.apache.coyote.http11.Http11NioProtocol        :173  [32m                  [0;39m Initializing ProtocolHandler ["http-nio-8003"]
2024-03-25 15:22:59.772 INFO  org.apache.catalina.core.StandardService          :173  [32m                  [0;39m Starting service [Tomcat]
2024-03-25 15:22:59.772 INFO  org.apache.catalina.core.StandardEngine           :173  [32m                  [0;39m Starting Servlet engine: [Apache Tomcat/10.1.1]
2024-03-25 15:22:59.842 INFO  o.a.c.c.C.[Tomcat].[localhost].[/batch]           :173  [32m                  [0;39m Initializing Spring embedded WebApplicationContext
2024-03-25 15:22:59.842 INFO  o.s.b.w.s.c.ServletWebServerApplicationContext    :291  [32m                  [0;39m Root WebApplicationContext: initialization completed in 2036 ms
2024-03-25 15:23:00.043 INFO  org.quartz.impl.StdSchedulerFactory               :1220 [32m                  [0;39m Using default implementation for ThreadExecutor
2024-03-25 15:23:00.053 INFO  org.quartz.core.SchedulerSignalerImpl             :61   [32m                  [0;39m Initialized Scheduler Signaller of type: class org.quartz.core.SchedulerSignalerImpl
2024-03-25 15:23:00.053 INFO  org.quartz.core.QuartzScheduler                   :229  [32m                  [0;39m Quartz Scheduler v.2.3.2 created.
2024-03-25 15:23:00.061 INFO  com.zaxxer.hikari.HikariDataSource                :110  [32m                  [0;39m HikariPool-1 - Starting...
2024-03-25 15:23:00.411 INFO  com.zaxxer.hikari.pool.HikariPool                 :565  [32m                  [0;39m HikariPool-1 - Added connection com.mysql.cj.jdbc.ConnectionImpl@11bbf30b
2024-03-25 15:23:00.413 INFO  com.zaxxer.hikari.HikariDataSource                :123  [32m                  [0;39m HikariPool-1 - Start completed.
2024-03-25 15:23:00.423 INFO  o.s.scheduling.quartz.LocalDataSourceJobStore     :672  [32m                  [0;39m Using db table-based data access locking (synchronization).
2024-03-25 15:23:00.426 INFO  o.s.scheduling.quartz.LocalDataSourceJobStore     :145  [32m                  [0;39m JobStoreCMT initialized.
2024-03-25 15:23:00.426 INFO  org.quartz.core.QuartzScheduler                   :294  [32m                  [0;39m Scheduler meta-data: Quartz Scheduler (v2.3.2) 'schedulerFactoryBean' with instanceId 'NON_CLUSTERED'
  Scheduler class: 'org.quartz.core.QuartzScheduler' - running locally.
  NOT STARTED.
  Currently in standby mode.
  Number of jobs executed: 0
  Using thread pool 'org.quartz.simpl.SimpleThreadPool' - with 10 threads.
  Using job-store 'org.springframework.scheduling.quartz.LocalDataSourceJobStore' - which supports persistence. and is not clustered.

2024-03-25 15:23:00.427 INFO  org.quartz.impl.StdSchedulerFactory               :1374 [32m                  [0;39m Quartz scheduler 'schedulerFactoryBean' initialized from an externally provided properties instance.
2024-03-25 15:23:00.427 INFO  org.quartz.impl.StdSchedulerFactory               :1378 [32m                  [0;39m Quartz scheduler version: 2.3.2
2024-03-25 15:23:00.427 INFO  org.quartz.core.QuartzScheduler                   :2293 [32m                  [0;39m JobFactory set to: com.xboss.train.batch.config.MyJobFactory@67957412
2024-03-25 15:23:00.891 INFO  c.alibaba.cloud.sentinel.SentinelWebMvcConfigurer :52   [32m                  [0;39m [Sentinel Starter] register SentinelWebInterceptor with urlPatterns: [/**].
2024-03-25 15:23:01.371 INFO  o.s.b.d.autoconfigure.OptionalLiveReloadServer    :59   [32m                  [0;39m LiveReload server is running on port 35729
2024-03-25 15:23:01.593 WARN  o.s.c.l.c.LoadBalancerCacheAutoConfiguration$LoadBalancerCaffeineWarnLogger:81   [32m                  [0;39m Spring Cloud LoadBalancer is currently working with the default cache. While this cache implementation is useful for development and tests, it's recommended to use Caffeine cache in production.You can switch to using Caffeine cache, by adding it and org.springframework.cache.caffeine.CaffeineCacheManager to the classpath.
2024-03-25 15:23:01.742 INFO  org.apache.coyote.http11.Http11NioProtocol        :173  [32m                  [0;39m Starting ProtocolHandler ["http-nio-8003"]
2024-03-25 15:23:01.767 INFO  o.s.boot.web.embedded.tomcat.TomcatWebServer      :226  [32m                  [0;39m Tomcat started on port(s): 8003 (http) with context path '/batch'
2024-03-25 15:23:01.918 INFO  o.s.scheduling.quartz.SchedulerFactoryBean        :734  [32m                  [0;39m Will start Quartz Scheduler [schedulerFactoryBean] in 2 seconds
2024-03-25 15:23:01.931 INFO  com.xboss.train.batch.config.BatchApplication     :57   [32m                  [0;39m Started BatchApplication in 4.765 seconds (process running for 5.567)
2024-03-25 15:23:01.935 INFO  com.xboss.train.batch.config.BatchApplication     :24   [32m                  [0;39m 启动成功！！
2024-03-25 15:23:01.935 INFO  com.xboss.train.batch.config.BatchApplication     :25   [32m                  [0;39m 网关地址: 	http://127.0.0.1:8003
2024-03-25 15:23:03.925 INFO  o.s.scheduling.quartz.SchedulerFactoryBean        :750  [32m                  [0;39m Starting Quartz Scheduler now, after delay of 2 seconds
2024-03-25 15:23:03.972 INFO  o.s.scheduling.quartz.LocalDataSourceJobStore     :866  [32m                  [0;39m Freed 0 triggers from 'acquired' / 'blocked' state.
2024-03-25 15:23:03.977 INFO  o.s.scheduling.quartz.LocalDataSourceJobStore     :876  [32m                  [0;39m Recovering 0 jobs that were in-progress at the time of the last shut-down.
2024-03-25 15:23:03.977 INFO  o.s.scheduling.quartz.LocalDataSourceJobStore     :889  [32m                  [0;39m Recovery complete.
2024-03-25 15:23:03.980 INFO  o.s.scheduling.quartz.LocalDataSourceJobStore     :896  [32m                  [0;39m Removed 0 'complete' triggers.
2024-03-25 15:23:03.981 INFO  o.s.scheduling.quartz.LocalDataSourceJobStore     :901  [32m                  [0;39m Removed 0 stale fired job entries.
2024-03-25 15:23:03.983 INFO  org.quartz.core.QuartzScheduler                   :547  [32m                  [0;39m Scheduler schedulerFactoryBean_$_NON_CLUSTERED started.
2024-03-25 15:23:24.386 INFO  o.a.c.c.C.[Tomcat].[localhost].[/batch]           :173  [32m                  [0;39m Initializing Spring DispatcherServlet 'dispatcherServlet'
2024-03-25 15:23:24.386 INFO  org.springframework.web.servlet.DispatcherServlet :525  [32m                  [0;39m Initializing Servlet 'dispatcherServlet'
2024-03-25 15:23:24.387 INFO  org.springframework.web.servlet.DispatcherServlet :547  [32m                  [0;39m Completed initialization in 1 ms
2024-03-25 15:23:24.492 INFO  com.xboss.train.common.aspect.LogAspect           :48   [32m1711351404482qov  [0;39m ------------- 开始 -------------
2024-03-25 15:23:24.493 INFO  com.xboss.train.common.aspect.LogAspect           :49   [32m1711351404482qov  [0;39m 请求地址: http://127.0.0.1:8003/batch/admin/job/query GET
2024-03-25 15:23:24.493 INFO  com.xboss.train.common.aspect.LogAspect           :50   [32m1711351404482qov  [0;39m 类名方法: com.xboss.train.batch.controller.JobController.query
2024-03-25 15:23:24.493 INFO  com.xboss.train.common.aspect.LogAspect           :51   [32m1711351404482qov  [0;39m 远程地址: 127.0.0.1
2024-03-25 15:23:24.521 INFO  com.xboss.train.common.aspect.LogAspect           :72   [32m1711351404482qov  [0;39m 请求参数: []
2024-03-25 15:23:24.521 INFO  com.xboss.train.batch.controller.JobController    :169  [32m1711351404482qov  [0;39m 查看所有定时任务开始
2024-03-25 15:23:24.534 INFO  com.xboss.train.batch.controller.JobController    :200  [32m1711351404482qov  [0;39m 查看定时任务结束：CommonResp{success=true, message='null', content=[CronJobDto{cronExpression='*/2 * * * * ?', group='DEFAULT', name='com.xboss.train.batch.job.TestJob', description='null', state='PAUSED', nextFireTime=Mon Mar 25 14:52:34 CST 2024, preFireTime=Mon Mar 25 14:52:32 CST 2024}]}
2024-03-25 15:23:24.553 INFO  com.xboss.train.common.aspect.LogAspect           :84   [32m1711351404482qov  [0;39m 返回结果: {"content":[{"cronExpression":"*/2 * * * * ?","group":"DEFAULT","name":"com.xboss.train.batch.job.TestJob","nextFireTime":1711349554000,"preFireTime":1711349552000,"state":"PAUSED"}],"success":true}
2024-03-25 15:23:24.553 INFO  com.xboss.train.common.aspect.LogAspect           :85   [32m1711351404482qov  [0;39m ------------- 结束 耗时：62 ms -------------
2024-03-25 16:02:39.448 INFO  org.quartz.core.QuartzScheduler                   :585  [32m                  [0;39m Scheduler schedulerFactoryBean_$_NON_CLUSTERED paused.
2024-03-25 16:02:39.467 INFO  o.s.scheduling.quartz.SchedulerFactoryBean        :847  [32m                  [0;39m Shutting down Quartz Scheduler
2024-03-25 16:02:39.468 INFO  org.quartz.core.QuartzScheduler                   :666  [32m                  [0;39m Scheduler schedulerFactoryBean_$_NON_CLUSTERED shutting down.
2024-03-25 16:02:39.468 INFO  org.quartz.core.QuartzScheduler                   :585  [32m                  [0;39m Scheduler schedulerFactoryBean_$_NON_CLUSTERED paused.
2024-03-25 16:02:39.468 INFO  org.quartz.core.QuartzScheduler                   :740  [32m                  [0;39m Scheduler schedulerFactoryBean_$_NON_CLUSTERED shutdown complete.
2024-03-25 16:02:39.468 INFO  com.zaxxer.hikari.HikariDataSource                :350  [32m                  [0;39m HikariPool-1 - Shutdown initiated...
2024-03-25 16:02:39.472 INFO  com.zaxxer.hikari.HikariDataSource                :352  [32m                  [0;39m HikariPool-1 - Shutdown completed.
