2025-02-16 15:00:23.606 INFO  org.hibernate.validator.internal.util.Version     :21   [32m                  [0;39m HV000001: Hibernate Validator 8.0.0.Final
2025-02-16 15:00:23.643 INFO  com.xboss.train.batch.config.BatchApplication     :51   [32m                  [0;39m Starting BatchApplication using Java 18.0.1.1 with PID 16508 (D:\projectAndcode\train\batch\target\classes started by 86183 in D:\projectAndcode\train)
2025-02-16 15:00:23.645 INFO  com.xboss.train.batch.config.BatchApplication     :630  [32m                  [0;39m No active profile set, falling back to 1 default profile: "default"
2025-02-16 15:00:23.699 INFO  o.s.b.d.env.DevToolsPropertyDefaultsPostProcessor :250  [32m                  [0;39m Devtools property defaults active! Set 'spring.devtools.add-properties' to 'false' to disable
2025-02-16 15:00:23.699 INFO  o.s.b.d.env.DevToolsPropertyDefaultsPostProcessor :250  [32m                  [0;39m For additional web related logging consider setting the 'logging.level.web' property to 'DEBUG'
2025-02-16 15:00:24.502 WARN  org.mybatis.spring.mapper.ClassPathMapperScanner  :44   [32m                  [0;39m No MyBatis mapper was found in '[com.xboss.train.business/mapper]' package. Please check your configuration.
2025-02-16 15:00:24.605 INFO  o.springframework.cloud.context.scope.GenericScope:282  [32m                  [0;39m BeanFactory id=d26ce994-8ca6-3fb2-9d63-01f2b02fe5b8
2025-02-16 15:00:24.659 INFO  o.s.c.s.PostProcessorRegistrationDelegate$BeanPostProcessorChecker:409  [32m                  [0;39m Bean 'com.xboss.train.batch.feign.BusinessFeign' of type [org.springframework.cloud.openfeign.FeignClientFactoryBean] is not eligible for getting processed by all BeanPostProcessors (for example: not eligible for auto-proxying)
2025-02-16 15:00:24.661 INFO  o.s.c.s.PostProcessorRegistrationDelegate$BeanPostProcessorChecker:409  [32m                  [0;39m Bean 'com.xboss.train.batch.feign.MemberFeign' of type [org.springframework.cloud.openfeign.FeignClientFactoryBean] is not eligible for getting processed by all BeanPostProcessors (for example: not eligible for auto-proxying)
2025-02-16 15:00:25.488 INFO  o.s.boot.web.embedded.tomcat.TomcatWebServer      :114  [32m                  [0;39m Tomcat initialized with port(s): 8003 (http)
2025-02-16 15:00:25.490 INFO  org.apache.catalina.core.AprLifecycleListener     :173  [32m                  [0;39m An older version [1.2.35] of the Apache Tomcat Native library is installed, while Tomcat recommends a minimum version of [2.0.1]
2025-02-16 15:00:25.490 INFO  org.apache.catalina.core.AprLifecycleListener     :173  [32m                  [0;39m Loaded Apache Tomcat Native library [1.2.35] using APR version [1.7.0].
2025-02-16 15:00:25.504 INFO  org.apache.catalina.core.AprLifecycleListener     :173  [32m                  [0;39m OpenSSL successfully initialized [OpenSSL 1.1.1q  5 Jul 2022]
2025-02-16 15:00:25.514 INFO  org.apache.coyote.http11.Http11NioProtocol        :173  [32m                  [0;39m Initializing ProtocolHandler ["http-nio-8003"]
2025-02-16 15:00:25.515 INFO  org.apache.catalina.core.StandardService          :173  [32m                  [0;39m Starting service [Tomcat]
2025-02-16 15:00:25.516 INFO  org.apache.catalina.core.StandardEngine           :173  [32m                  [0;39m Starting Servlet engine: [Apache Tomcat/10.1.1]
2025-02-16 15:00:25.592 INFO  o.a.c.c.C.[Tomcat].[localhost].[/batch]           :173  [32m                  [0;39m Initializing Spring embedded WebApplicationContext
2025-02-16 15:00:25.593 INFO  o.s.b.w.s.c.ServletWebServerApplicationContext    :291  [32m                  [0;39m Root WebApplicationContext: initialization completed in 1893 ms
2025-02-16 15:00:25.798 INFO  org.quartz.impl.StdSchedulerFactory               :1220 [32m                  [0;39m Using default implementation for ThreadExecutor
2025-02-16 15:00:25.810 INFO  org.quartz.core.SchedulerSignalerImpl             :61   [32m                  [0;39m Initialized Scheduler Signaller of type: class org.quartz.core.SchedulerSignalerImpl
2025-02-16 15:00:25.810 INFO  org.quartz.core.QuartzScheduler                   :229  [32m                  [0;39m Quartz Scheduler v.2.3.2 created.
2025-02-16 15:00:25.819 INFO  com.zaxxer.hikari.HikariDataSource                :110  [32m                  [0;39m HikariPool-1 - Starting...
2025-02-16 15:00:26.177 INFO  com.zaxxer.hikari.pool.HikariPool                 :565  [32m                  [0;39m HikariPool-1 - Added connection com.mysql.cj.jdbc.ConnectionImpl@e0b9e37
2025-02-16 15:00:26.179 INFO  com.zaxxer.hikari.HikariDataSource                :123  [32m                  [0;39m HikariPool-1 - Start completed.
2025-02-16 15:00:26.191 INFO  o.s.scheduling.quartz.LocalDataSourceJobStore     :672  [32m                  [0;39m Using db table-based data access locking (synchronization).
2025-02-16 15:00:26.193 INFO  o.s.scheduling.quartz.LocalDataSourceJobStore     :145  [32m                  [0;39m JobStoreCMT initialized.
2025-02-16 15:00:26.194 INFO  org.quartz.core.QuartzScheduler                   :294  [32m                  [0;39m Scheduler meta-data: Quartz Scheduler (v2.3.2) 'schedulerFactoryBean' with instanceId 'NON_CLUSTERED'
  Scheduler class: 'org.quartz.core.QuartzScheduler' - running locally.
  NOT STARTED.
  Currently in standby mode.
  Number of jobs executed: 0
  Using thread pool 'org.quartz.simpl.SimpleThreadPool' - with 10 threads.
  Using job-store 'org.springframework.scheduling.quartz.LocalDataSourceJobStore' - which supports persistence. and is not clustered.

2025-02-16 15:00:26.194 INFO  org.quartz.impl.StdSchedulerFactory               :1374 [32m                  [0;39m Quartz scheduler 'schedulerFactoryBean' initialized from an externally provided properties instance.
2025-02-16 15:00:26.194 INFO  org.quartz.impl.StdSchedulerFactory               :1378 [32m                  [0;39m Quartz scheduler version: 2.3.2
2025-02-16 15:00:26.194 INFO  org.quartz.core.QuartzScheduler                   :2293 [32m                  [0;39m JobFactory set to: com.xboss.train.batch.config.MyJobFactory@1ecd7abc
2025-02-16 15:00:26.498 INFO  o.s.b.d.autoconfigure.OptionalLiveReloadServer    :59   [32m                  [0;39m LiveReload server is running on port 35729
2025-02-16 15:00:26.847 INFO  c.alibaba.cloud.sentinel.SentinelWebMvcConfigurer :52   [32m                  [0;39m [Sentinel Starter] register SentinelWebInterceptor with urlPatterns: [/**].
2025-02-16 15:00:27.435 WARN  o.s.c.l.c.LoadBalancerCacheAutoConfiguration$LoadBalancerCaffeineWarnLogger:81   [32m                  [0;39m Spring Cloud LoadBalancer is currently working with the default cache. While this cache implementation is useful for development and tests, it's recommended to use Caffeine cache in production.You can switch to using Caffeine cache, by adding it and org.springframework.cache.caffeine.CaffeineCacheManager to the classpath.
2025-02-16 15:00:27.562 INFO  org.apache.coyote.http11.Http11NioProtocol        :173  [32m                  [0;39m Starting ProtocolHandler ["http-nio-8003"]
2025-02-16 15:00:27.595 INFO  o.s.boot.web.embedded.tomcat.TomcatWebServer      :226  [32m                  [0;39m Tomcat started on port(s): 8003 (http) with context path '/batch'
2025-02-16 15:00:27.827 INFO  o.s.scheduling.quartz.SchedulerFactoryBean        :734  [32m                  [0;39m Will start Quartz Scheduler [schedulerFactoryBean] in 2 seconds
2025-02-16 15:00:27.836 INFO  com.xboss.train.batch.config.BatchApplication     :57   [32m                  [0;39m Started BatchApplication in 4.875 seconds (process running for 5.731)
2025-02-16 15:00:27.839 INFO  com.xboss.train.batch.config.BatchApplication     :26   [32m                  [0;39m 启动成功！！
2025-02-16 15:00:27.840 INFO  com.xboss.train.batch.config.BatchApplication     :27   [32m                  [0;39m 网关地址: 	http://127.0.0.1:8003
2025-02-16 15:00:29.840 INFO  o.s.scheduling.quartz.SchedulerFactoryBean        :750  [32m                  [0;39m Starting Quartz Scheduler now, after delay of 2 seconds
2025-02-16 15:00:29.907 INFO  o.s.scheduling.quartz.LocalDataSourceJobStore     :866  [32m                  [0;39m Freed 0 triggers from 'acquired' / 'blocked' state.
2025-02-16 15:00:29.916 INFO  o.s.scheduling.quartz.LocalDataSourceJobStore     :876  [32m                  [0;39m Recovering 0 jobs that were in-progress at the time of the last shut-down.
2025-02-16 15:00:29.916 INFO  o.s.scheduling.quartz.LocalDataSourceJobStore     :889  [32m                  [0;39m Recovery complete.
2025-02-16 15:00:29.917 INFO  o.s.scheduling.quartz.LocalDataSourceJobStore     :896  [32m                  [0;39m Removed 0 'complete' triggers.
2025-02-16 15:00:29.918 INFO  o.s.scheduling.quartz.LocalDataSourceJobStore     :901  [32m                  [0;39m Removed 0 stale fired job entries.
2025-02-16 15:00:29.920 INFO  org.quartz.core.QuartzScheduler                   :547  [32m                  [0;39m Scheduler schedulerFactoryBean_$_NON_CLUSTERED started.
2025-02-16 15:02:48.421 INFO  o.a.c.c.C.[Tomcat].[localhost].[/batch]           :173  [32m                  [0;39m Initializing Spring DispatcherServlet 'dispatcherServlet'
2025-02-16 15:02:48.421 INFO  org.springframework.web.servlet.DispatcherServlet :525  [32m                  [0;39m Initializing Servlet 'dispatcherServlet'
2025-02-16 15:02:48.423 INFO  org.springframework.web.servlet.DispatcherServlet :547  [32m                  [0;39m Completed initialization in 1 ms
2025-02-16 15:02:48.531 INFO  com.xboss.train.common.aspect.LogAspect           :48   [32m1739689368519uom  [0;39m ------------- 开始 -------------
2025-02-16 15:02:48.531 INFO  com.xboss.train.common.aspect.LogAspect           :49   [32m1739689368519uom  [0;39m 请求地址: http://127.0.0.1:8003/batch/admin/job/query GET
2025-02-16 15:02:48.531 INFO  com.xboss.train.common.aspect.LogAspect           :50   [32m1739689368519uom  [0;39m 类名方法: com.xboss.train.batch.controller.JobController.query
2025-02-16 15:02:48.531 INFO  com.xboss.train.common.aspect.LogAspect           :51   [32m1739689368519uom  [0;39m 远程地址: 127.0.0.1
2025-02-16 15:02:48.560 INFO  com.xboss.train.common.aspect.LogAspect           :72   [32m1739689368519uom  [0;39m 请求参数: []
2025-02-16 15:02:48.560 INFO  com.xboss.train.batch.controller.JobController    :169  [32m1739689368519uom  [0;39m 查看所有定时任务开始
2025-02-16 15:02:48.584 INFO  com.xboss.train.batch.controller.JobController    :200  [32m1739689368519uom  [0;39m 查看定时任务结束：CommonResp{success=true, message='null', content=[CronJobDto{cronExpression='*/2 * * * * ?', group='DEFAULT', name='com.xboss.train.batch.job.TestJob', description='null', state='PAUSED', nextFireTime=Mon Mar 25 14:52:34 CST 2024, preFireTime=Mon Mar 25 14:52:32 CST 2024}, CronJobDto{cronExpression='*/5 * * * * ?', group='DEFAULT', name='com.xboss.train.batch.job.DailyTrainJob', description='生成每日车次', state='PAUSED', nextFireTime=Tue Mar 26 21:00:50 CST 2024, preFireTime=Tue Mar 26 21:00:45 CST 2024}]}
2025-02-16 15:02:48.607 INFO  com.xboss.train.common.aspect.LogAspect           :84   [32m1739689368519uom  [0;39m 返回结果: {"content":[{"cronExpression":"*/2 * * * * ?","group":"DEFAULT","name":"com.xboss.train.batch.job.TestJob","nextFireTime":1711349554000,"preFireTime":1711349552000,"state":"PAUSED"},{"cronExpression":"*/5 * * * * ?","description":"生成每日车次","group":"DEFAULT","name":"com.xboss.train.batch.job.DailyTrainJob","nextFireTime":1711458050000,"preFireTime":1711458045000,"state":"PAUSED"}],"success":true}
2025-02-16 15:02:48.608 INFO  com.xboss.train.common.aspect.LogAspect           :85   [32m1739689368519uom  [0;39m ------------- 结束 耗时：79 ms -------------
