2025-02-21 21:09:10.938 INFO  org.hibernate.validator.internal.util.Version     :21   [32m                  [0;39m HV000001: Hibernate Validator 8.0.0.Final
2025-02-21 21:09:10.989 INFO  com.xboss.train.batch.config.BatchApplication     :51   [32m                  [0;39m Starting BatchApplication using Java 18.0.1.1 with PID 41372 (D:\projectAndcode\train\batch\target\classes started by 86183 in D:\projectAndcode\train)
2025-02-21 21:09:10.992 INFO  com.xboss.train.batch.config.BatchApplication     :630  [32m                  [0;39m No active profile set, falling back to 1 default profile: "default"
2025-02-21 21:09:11.055 INFO  o.s.b.d.env.DevToolsPropertyDefaultsPostProcessor :250  [32m                  [0;39m Devtools property defaults active! Set 'spring.devtools.add-properties' to 'false' to disable
2025-02-21 21:09:11.057 INFO  o.s.b.d.env.DevToolsPropertyDefaultsPostProcessor :250  [32m                  [0;39m For additional web related logging consider setting the 'logging.level.web' property to 'DEBUG'
2025-02-21 21:09:12.165 WARN  org.mybatis.spring.mapper.ClassPathMapperScanner  :44   [32m                  [0;39m No MyBatis mapper was found in '[com.xboss.train.business/mapper]' package. Please check your configuration.
2025-02-21 21:09:12.266 INFO  o.springframework.cloud.context.scope.GenericScope:282  [32m                  [0;39m BeanFactory id=d26ce994-8ca6-3fb2-9d63-01f2b02fe5b8
2025-02-21 21:09:12.319 INFO  o.s.c.s.PostProcessorRegistrationDelegate$BeanPostProcessorChecker:409  [32m                  [0;39m Bean 'com.xboss.train.batch.feign.BusinessFeign' of type [org.springframework.cloud.openfeign.FeignClientFactoryBean] is not eligible for getting processed by all BeanPostProcessors (for example: not eligible for auto-proxying)
2025-02-21 21:09:12.320 INFO  o.s.c.s.PostProcessorRegistrationDelegate$BeanPostProcessorChecker:409  [32m                  [0;39m Bean 'com.xboss.train.batch.feign.MemberFeign' of type [org.springframework.cloud.openfeign.FeignClientFactoryBean] is not eligible for getting processed by all BeanPostProcessors (for example: not eligible for auto-proxying)
2025-02-21 21:09:13.397 INFO  o.s.boot.web.embedded.tomcat.TomcatWebServer      :114  [32m                  [0;39m Tomcat initialized with port(s): 8003 (http)
2025-02-21 21:09:13.398 INFO  org.apache.catalina.core.AprLifecycleListener     :173  [32m                  [0;39m An older version [1.2.35] of the Apache Tomcat Native library is installed, while Tomcat recommends a minimum version of [2.0.1]
2025-02-21 21:09:13.398 INFO  org.apache.catalina.core.AprLifecycleListener     :173  [32m                  [0;39m Loaded Apache Tomcat Native library [1.2.35] using APR version [1.7.0].
2025-02-21 21:09:13.414 INFO  org.apache.catalina.core.AprLifecycleListener     :173  [32m                  [0;39m OpenSSL successfully initialized [OpenSSL 1.1.1q  5 Jul 2022]
2025-02-21 21:09:13.429 INFO  org.apache.coyote.http11.Http11NioProtocol        :173  [32m                  [0;39m Initializing ProtocolHandler ["http-nio-8003"]
2025-02-21 21:09:13.430 INFO  org.apache.catalina.core.StandardService          :173  [32m                  [0;39m Starting service [Tomcat]
2025-02-21 21:09:13.430 INFO  org.apache.catalina.core.StandardEngine           :173  [32m                  [0;39m Starting Servlet engine: [Apache Tomcat/10.1.1]
2025-02-21 21:09:13.513 INFO  o.a.c.c.C.[Tomcat].[localhost].[/batch]           :173  [32m                  [0;39m Initializing Spring embedded WebApplicationContext
2025-02-21 21:09:13.514 INFO  o.s.b.w.s.c.ServletWebServerApplicationContext    :291  [32m                  [0;39m Root WebApplicationContext: initialization completed in 2455 ms
2025-02-21 21:09:13.734 INFO  org.quartz.impl.StdSchedulerFactory               :1220 [32m                  [0;39m Using default implementation for ThreadExecutor
2025-02-21 21:09:13.747 INFO  org.quartz.core.SchedulerSignalerImpl             :61   [32m                  [0;39m Initialized Scheduler Signaller of type: class org.quartz.core.SchedulerSignalerImpl
2025-02-21 21:09:13.747 INFO  org.quartz.core.QuartzScheduler                   :229  [32m                  [0;39m Quartz Scheduler v.2.3.2 created.
2025-02-21 21:09:13.756 INFO  com.zaxxer.hikari.HikariDataSource                :110  [32m                  [0;39m HikariPool-1 - Starting...
2025-02-21 21:09:14.118 INFO  com.zaxxer.hikari.pool.HikariPool                 :565  [32m                  [0;39m HikariPool-1 - Added connection com.mysql.cj.jdbc.ConnectionImpl@6516e344
2025-02-21 21:09:14.121 INFO  com.zaxxer.hikari.HikariDataSource                :123  [32m                  [0;39m HikariPool-1 - Start completed.
2025-02-21 21:09:14.133 INFO  o.s.scheduling.quartz.LocalDataSourceJobStore     :672  [32m                  [0;39m Using db table-based data access locking (synchronization).
2025-02-21 21:09:14.136 INFO  o.s.scheduling.quartz.LocalDataSourceJobStore     :145  [32m                  [0;39m JobStoreCMT initialized.
2025-02-21 21:09:14.137 INFO  org.quartz.core.QuartzScheduler                   :294  [32m                  [0;39m Scheduler meta-data: Quartz Scheduler (v2.3.2) 'schedulerFactoryBean' with instanceId 'NON_CLUSTERED'
  Scheduler class: 'org.quartz.core.QuartzScheduler' - running locally.
  NOT STARTED.
  Currently in standby mode.
  Number of jobs executed: 0
  Using thread pool 'org.quartz.simpl.SimpleThreadPool' - with 10 threads.
  Using job-store 'org.springframework.scheduling.quartz.LocalDataSourceJobStore' - which supports persistence. and is not clustered.

2025-02-21 21:09:14.137 INFO  org.quartz.impl.StdSchedulerFactory               :1374 [32m                  [0;39m Quartz scheduler 'schedulerFactoryBean' initialized from an externally provided properties instance.
2025-02-21 21:09:14.138 INFO  org.quartz.impl.StdSchedulerFactory               :1378 [32m                  [0;39m Quartz scheduler version: 2.3.2
2025-02-21 21:09:14.138 INFO  org.quartz.core.QuartzScheduler                   :2293 [32m                  [0;39m JobFactory set to: com.xboss.train.batch.config.MyJobFactory@115a4728
2025-02-21 21:09:14.454 INFO  o.s.b.d.autoconfigure.OptionalLiveReloadServer    :59   [32m                  [0;39m LiveReload server is running on port 35729
2025-02-21 21:09:14.904 INFO  c.alibaba.cloud.sentinel.SentinelWebMvcConfigurer :52   [32m                  [0;39m [Sentinel Starter] register SentinelWebInterceptor with urlPatterns: [/**].
2025-02-21 21:09:15.874 WARN  o.s.c.l.c.LoadBalancerCacheAutoConfiguration$LoadBalancerCaffeineWarnLogger:81   [32m                  [0;39m Spring Cloud LoadBalancer is currently working with the default cache. While this cache implementation is useful for development and tests, it's recommended to use Caffeine cache in production.You can switch to using Caffeine cache, by adding it and org.springframework.cache.caffeine.CaffeineCacheManager to the classpath.
2025-02-21 21:09:16.091 INFO  org.apache.coyote.http11.Http11NioProtocol        :173  [32m                  [0;39m Starting ProtocolHandler ["http-nio-8003"]
2025-02-21 21:09:16.126 INFO  o.s.boot.web.embedded.tomcat.TomcatWebServer      :226  [32m                  [0;39m Tomcat started on port(s): 8003 (http) with context path '/batch'
2025-02-21 21:09:16.436 INFO  o.s.scheduling.quartz.SchedulerFactoryBean        :734  [32m                  [0;39m Will start Quartz Scheduler [schedulerFactoryBean] in 2 seconds
2025-02-21 21:09:16.446 INFO  com.xboss.train.batch.config.BatchApplication     :57   [32m                  [0;39m Started BatchApplication in 6.243 seconds (process running for 7.179)
2025-02-21 21:09:16.451 INFO  com.xboss.train.batch.config.BatchApplication     :26   [32m                  [0;39m 启动成功！！
2025-02-21 21:09:16.452 INFO  com.xboss.train.batch.config.BatchApplication     :27   [32m                  [0;39m 网关地址: 	http://127.0.0.1:8003
2025-02-21 21:09:18.454 INFO  o.s.scheduling.quartz.SchedulerFactoryBean        :750  [32m                  [0;39m Starting Quartz Scheduler now, after delay of 2 seconds
2025-02-21 21:09:18.499 INFO  o.s.scheduling.quartz.LocalDataSourceJobStore     :866  [32m                  [0;39m Freed 0 triggers from 'acquired' / 'blocked' state.
2025-02-21 21:09:18.503 INFO  o.s.scheduling.quartz.LocalDataSourceJobStore     :876  [32m                  [0;39m Recovering 0 jobs that were in-progress at the time of the last shut-down.
2025-02-21 21:09:18.503 INFO  o.s.scheduling.quartz.LocalDataSourceJobStore     :889  [32m                  [0;39m Recovery complete.
2025-02-21 21:09:18.505 INFO  o.s.scheduling.quartz.LocalDataSourceJobStore     :896  [32m                  [0;39m Removed 0 'complete' triggers.
2025-02-21 21:09:18.506 INFO  o.s.scheduling.quartz.LocalDataSourceJobStore     :901  [32m                  [0;39m Removed 0 stale fired job entries.
2025-02-21 21:09:18.508 INFO  org.quartz.core.QuartzScheduler                   :547  [32m                  [0;39m Scheduler schedulerFactoryBean_$_NON_CLUSTERED started.
2025-02-21 23:09:55.042 INFO  org.quartz.core.QuartzScheduler                   :585  [32m                  [0;39m Scheduler schedulerFactoryBean_$_NON_CLUSTERED paused.
2025-02-21 23:09:55.067 INFO  o.s.scheduling.quartz.SchedulerFactoryBean        :847  [32m                  [0;39m Shutting down Quartz Scheduler
2025-02-21 23:09:55.067 INFO  org.quartz.core.QuartzScheduler                   :666  [32m                  [0;39m Scheduler schedulerFactoryBean_$_NON_CLUSTERED shutting down.
2025-02-21 23:09:55.068 INFO  org.quartz.core.QuartzScheduler                   :585  [32m                  [0;39m Scheduler schedulerFactoryBean_$_NON_CLUSTERED paused.
2025-02-21 23:09:55.068 INFO  org.quartz.core.QuartzScheduler                   :740  [32m                  [0;39m Scheduler schedulerFactoryBean_$_NON_CLUSTERED shutdown complete.
2025-02-21 23:09:55.068 INFO  com.zaxxer.hikari.HikariDataSource                :350  [32m                  [0;39m HikariPool-1 - Shutdown initiated...
2025-02-21 23:09:55.071 INFO  com.zaxxer.hikari.HikariDataSource                :352  [32m                  [0;39m HikariPool-1 - Shutdown completed.
