2025-02-21 21:09:21.566 INFO  org.hibernate.validator.internal.util.Version     :21   [32m                  [0;39m HV000001: Hibernate Validator 8.0.0.Final
2025-02-21 21:09:21.597 INFO  com.xboss.train.member.config.MemberApplication   :51   [32m                  [0;39m Starting MemberApplication using Java 18.0.1.1 with PID 42092 (D:\projectAndcode\train\member\target\classes started by 86183 in D:\projectAndcode\train)
2025-02-21 21:09:21.599 INFO  com.xboss.train.member.config.MemberApplication   :630  [32m                  [0;39m No active profile set, falling back to 1 default profile: "default"
2025-02-21 21:09:21.650 INFO  o.s.b.d.env.DevToolsPropertyDefaultsPostProcessor :250  [32m                  [0;39m Devtools property defaults active! Set 'spring.devtools.add-properties' to 'false' to disable
2025-02-21 21:09:21.650 INFO  o.s.b.d.env.DevToolsPropertyDefaultsPostProcessor :250  [32m                  [0;39m For additional web related logging consider setting the 'logging.level.web' property to 'DEBUG'
2025-02-21 21:09:22.678 INFO  o.springframework.cloud.context.scope.GenericScope:282  [32m                  [0;39m BeanFactory id=a03d1ca8-ea66-3a43-beaa-9f211e589365
2025-02-21 21:09:23.346 INFO  o.s.boot.web.embedded.tomcat.TomcatWebServer      :114  [32m                  [0;39m Tomcat initialized with port(s): 8001 (http)
2025-02-21 21:09:23.348 INFO  org.apache.catalina.core.AprLifecycleListener     :173  [32m                  [0;39m An older version [1.2.35] of the Apache Tomcat Native library is installed, while Tomcat recommends a minimum version of [2.0.1]
2025-02-21 21:09:23.348 INFO  org.apache.catalina.core.AprLifecycleListener     :173  [32m                  [0;39m Loaded Apache Tomcat Native library [1.2.35] using APR version [1.7.0].
2025-02-21 21:09:23.351 INFO  org.apache.catalina.core.AprLifecycleListener     :173  [32m                  [0;39m OpenSSL successfully initialized [OpenSSL 1.1.1q  5 Jul 2022]
2025-02-21 21:09:23.360 INFO  org.apache.coyote.http11.Http11NioProtocol        :173  [32m                  [0;39m Initializing ProtocolHandler ["http-nio-8001"]
2025-02-21 21:09:23.361 INFO  org.apache.catalina.core.StandardService          :173  [32m                  [0;39m Starting service [Tomcat]
2025-02-21 21:09:23.361 INFO  org.apache.catalina.core.StandardEngine           :173  [32m                  [0;39m Starting Servlet engine: [Apache Tomcat/10.1.1]
2025-02-21 21:09:23.419 INFO  o.a.c.c.C.[Tomcat].[localhost].[/member]          :173  [32m                  [0;39m Initializing Spring embedded WebApplicationContext
2025-02-21 21:09:23.420 INFO  o.s.b.w.s.c.ServletWebServerApplicationContext    :291  [32m                  [0;39m Root WebApplicationContext: initialization completed in 1768 ms
2025-02-21 21:09:24.381 WARN  o.s.b.d.autoconfigure.OptionalLiveReloadServer    :62   [32m                  [0;39m Unable to start LiveReload server
2025-02-21 21:09:24.635 INFO  org.apache.coyote.http11.Http11NioProtocol        :173  [32m                  [0;39m Starting ProtocolHandler ["http-nio-8001"]
2025-02-21 21:09:24.662 INFO  o.s.boot.web.embedded.tomcat.TomcatWebServer      :226  [32m                  [0;39m Tomcat started on port(s): 8001 (http) with context path '/member'
2025-02-21 21:09:24.857 INFO  com.xboss.train.member.config.MemberApplication   :57   [32m                  [0;39m Started MemberApplication in 4.043 seconds (process running for 4.841)
2025-02-21 21:09:24.860 INFO  com.xboss.train.member.config.MemberApplication   :24   [32m                  [0;39m å¯åŠ¨æˆåŠŸï¼ï¼
2025-02-21 21:09:24.860 INFO  com.xboss.train.member.config.MemberApplication   :25   [32m                  [0;39m æµ‹è¯•åœ°å€: 	http://127.0.0.1:8001/member/hello
2025-02-21 21:09:42.495 INFO  o.a.c.c.C.[Tomcat].[localhost].[/member]          :173  [32m                  [0;39m Initializing Spring DispatcherServlet 'dispatcherServlet'
2025-02-21 21:09:42.495 INFO  org.springframework.web.servlet.DispatcherServlet :525  [32m                  [0;39m Initializing Servlet 'dispatcherServlet'
2025-02-21 21:09:42.502 INFO  org.springframework.web.servlet.DispatcherServlet :547  [32m                  [0;39m Completed initialization in 1 ms
2025-02-21 21:09:42.592 INFO  com.xboss.train.common.aspect.LogAspect           :48   [32m1740143382510l86  [0;39m ------------- å¼€å§‹ -------------
2025-02-21 21:09:42.592 INFO  com.xboss.train.common.aspect.LogAspect           :49   [32m1740143382510l86  [0;39m è¯·æ±‚åœ°å€: http://127.0.0.1:8001/member/member/sendCode POST
2025-02-21 21:09:42.592 INFO  com.xboss.train.common.aspect.LogAspect           :50   [32m1740143382510l86  [0;39m ç±»åæ–¹æ³•: com.xboss.train.member.controller.memberController.sendCode
2025-02-21 21:09:42.607 INFO  com.xboss.train.common.aspect.LogAspect           :51   [32m1740143382510l86  [0;39m è¿œç¨‹åœ°å€: 127.0.0.1
2025-02-21 21:09:42.643 INFO  com.xboss.train.common.aspect.LogAspect           :72   [32m1740143382510l86  [0;39m è¯·æ±‚å‚æ•°: [{"mobile":"18318227810"}]
2025-02-21 21:09:42.693 INFO  com.zaxxer.hikari.HikariDataSource                :110  [32m1740143382510l86  [0;39m HikariPool-1 - Starting...
2025-02-21 21:09:42.880 INFO  com.zaxxer.hikari.pool.HikariPool                 :565  [32m1740143382510l86  [0;39m HikariPool-1 - Added connection com.mysql.cj.jdbc.ConnectionImpl@162235a9
2025-02-21 21:09:42.882 INFO  com.zaxxer.hikari.HikariDataSource                :123  [32m1740143382510l86  [0;39m HikariPool-1 - Start completed.
2025-02-21 21:09:42.888 DEBUG c.x.t.member.mapper.MemberMapper.selectByExample  :137  [32m1740143382510l86  [0;39m ==>  Preparing: select id, mobile from member WHERE ( mobile = ? )
2025-02-21 21:09:42.909 DEBUG c.x.t.member.mapper.MemberMapper.selectByExample  :137  [32m1740143382510l86  [0;39m ==> Parameters: 18318227810(String)
2025-02-21 21:09:42.924 TRACE c.x.t.member.mapper.MemberMapper.selectByExample  :143  [32m1740143382510l86  [0;39m <==    Columns: id, mobile
2025-02-21 21:09:42.924 TRACE c.x.t.member.mapper.MemberMapper.selectByExample  :143  [32m1740143382510l86  [0;39m <==        Row: 1709648918858, 18318227810
2025-02-21 21:09:42.927 DEBUG c.x.t.member.mapper.MemberMapper.selectByExample  :137  [32m1740143382510l86  [0;39m <==      Total: 1
2025-02-21 21:09:42.927 INFO  com.xboss.train.member.service.MemberService      :62   [32m1740143382510l86  [0;39m æ‰‹æœºå·å·²å­˜åœ¨ï¼Œä¸æ’å…¥è®°å½•
2025-02-21 21:09:42.927 INFO  com.xboss.train.member.service.MemberService      :67   [32m1740143382510l86  [0;39m ç”ŸæˆçŸ­ä¿¡éªŒè¯ç ï¼š8888
2025-02-21 21:09:42.927 INFO  com.xboss.train.member.service.MemberService      :70   [32m1740143382510l86  [0;39m ä¿å­˜çŸ­ä¿¡è®°å½•è¡¨
2025-02-21 21:09:42.927 INFO  com.xboss.train.member.service.MemberService      :73   [32m1740143382510l86  [0;39m å¯¹æŽ¥çŸ­ä¿¡é€šé“
2025-02-21 21:09:42.934 INFO  com.xboss.train.common.aspect.LogAspect           :84   [32m1740143382510l86  [0;39m è¿”å›žç»“æžœ: {"success":true}
2025-02-21 21:09:42.934 INFO  com.xboss.train.common.aspect.LogAspect           :85   [32m1740143382510l86  [0;39m ------------- ç»“æŸ è€—æ—¶ï¼š342 ms -------------
2025-02-21 21:09:44.370 INFO  com.xboss.train.common.aspect.LogAspect           :48   [32m1740143384366r2t  [0;39m ------------- å¼€å§‹ -------------
2025-02-21 21:09:44.371 INFO  com.xboss.train.common.aspect.LogAspect           :49   [32m1740143384366r2t  [0;39m è¯·æ±‚åœ°å€: http://127.0.0.1:8001/member/member/login POST
2025-02-21 21:09:44.371 INFO  com.xboss.train.common.aspect.LogAspect           :50   [32m1740143384366r2t  [0;39m ç±»åæ–¹æ³•: com.xboss.train.member.controller.memberController.login
2025-02-21 21:09:44.371 INFO  com.xboss.train.common.aspect.LogAspect           :51   [32m1740143384366r2t  [0;39m è¿œç¨‹åœ°å€: 127.0.0.1
2025-02-21 21:09:44.374 INFO  com.xboss.train.common.aspect.LogAspect           :72   [32m1740143384366r2t  [0;39m è¯·æ±‚å‚æ•°: [{"code":"8888","mobile":"18318227810"}]
2025-02-21 21:09:44.376 DEBUG c.x.t.member.mapper.MemberMapper.selectByExample  :137  [32m1740143384366r2t  [0;39m ==>  Preparing: select id, mobile from member WHERE ( mobile = ? )
2025-02-21 21:09:44.376 DEBUG c.x.t.member.mapper.MemberMapper.selectByExample  :137  [32m1740143384366r2t  [0;39m ==> Parameters: 18318227810(String)
2025-02-21 21:09:44.377 TRACE c.x.t.member.mapper.MemberMapper.selectByExample  :143  [32m1740143384366r2t  [0;39m <==    Columns: id, mobile
2025-02-21 21:09:44.377 TRACE c.x.t.member.mapper.MemberMapper.selectByExample  :143  [32m1740143384366r2t  [0;39m <==        Row: 1709648918858, 18318227810
2025-02-21 21:09:44.377 DEBUG c.x.t.member.mapper.MemberMapper.selectByExample  :137  [32m1740143384366r2t  [0;39m <==      Total: 1
2025-02-21 21:09:44.409 INFO  com.xboss.train.common.util.JwtUtil               :24   [32m1740143384366r2t  [0;39m å¼€å§‹ç”ŸæˆJWT tokenï¼Œidï¼š1709648918858ï¼Œmobileï¼š18318227810
2025-02-21 21:09:44.562 INFO  com.xboss.train.common.util.JwtUtil               :39   [32m1740143384366r2t  [0;39m ç”ŸæˆJWT tokenï¼šeyJ0eXAiOiJKV1QiLCJhbGciOiJIUzI1NiJ9.eyJuYmYiOjE3NDAxNDMzODQsIm1vYmlsZSI6IjE4MzE4MjI3ODEwIiwiaWQiOjE3MDk2NDg5MTg4NTgsImV4cCI6MTc0MDIyOTc4NCwiaWF0IjoxNzQwMTQzMzg0fQ.tSx7bL_FVk759G86qA2tLUHc-ganhNnYdpbZsiooY2I
2025-02-21 21:09:44.575 INFO  com.xboss.train.common.aspect.LogAspect           :84   [32m1740143384366r2t  [0;39m è¿”å›žç»“æžœ: {"content":{"id":1709648918858,"mobile":"18318227810","token":"eyJ0eXAiOiJKV1QiLCJhbGciOiJIUzI1NiJ9.eyJuYmYiOjE3NDAxNDMzODQsIm1vYmlsZSI6IjE4MzE4MjI3ODEwIiwiaWQiOjE3MDk2NDg5MTg4NTgsImV4cCI6MTc0MDIyOTc4NCwiaWF0IjoxNzQwMTQzMzg0fQ.tSx7bL_FVk759G86qA2tLUHc-ganhNnYdpbZsiooY2I"},"success":true}
2025-02-21 21:09:44.575 INFO  com.xboss.train.common.aspect.LogAspect           :85   [32m1740143384366r2t  [0;39m ------------- ç»“æŸ è€—æ—¶ï¼š205 ms -------------
2025-02-21 21:09:47.026 INFO  c.xboss.train.common.interceptor.MemberInterceptor:26   [32m1740143387026rlc  [0;39m MemberInterceptorå¼€å§‹
2025-02-21 21:09:47.026 INFO  c.xboss.train.common.interceptor.MemberInterceptor:30   [32m1740143387026rlc  [0;39m èŽ·å–ä¼šå‘˜ç™»å½•tokenï¼šeyJ0eXAiOiJKV1QiLCJhbGciOiJIUzI1NiJ9.eyJuYmYiOjE3NDAxNDMzODQsIm1vYmlsZSI6IjE4MzE4MjI3ODEwIiwiaWQiOjE3MDk2NDg5MTg4NTgsImV4cCI6MTc0MDIyOTc4NCwiaWF0IjoxNzQwMTQzMzg0fQ.tSx7bL_FVk759G86qA2tLUHc-ganhNnYdpbZsiooY2I
2025-02-21 21:09:47.033 INFO  com.xboss.train.common.util.JwtUtil               :60   [32m1740143387026rlc  [0;39m æ ¹æ®tokenèŽ·å–åŽŸå§‹å†…å®¹ï¼š{"mobile":"18318227810","id":1709648918858}
2025-02-21 21:09:47.033 INFO  c.xboss.train.common.interceptor.MemberInterceptor:32   [32m1740143387026rlc  [0;39m å½“å‰ç™»å½•ä¼šå‘˜ï¼š{"mobile":"18318227810","id":1709648918858}
2025-02-21 21:09:47.034 INFO  c.xboss.train.common.interceptor.MemberInterceptor:36   [32m1740143387026rlc  [0;39m MemberInterceptorç»“æŸ
2025-02-21 21:09:47.047 INFO  com.xboss.train.common.aspect.LogAspect           :48   [32m1740143387026rlc  [0;39m ------------- å¼€å§‹ -------------
2025-02-21 21:09:47.047 INFO  com.xboss.train.common.aspect.LogAspect           :49   [32m1740143387026rlc  [0;39m è¯·æ±‚åœ°å€: http://127.0.0.1:8001/member/passenger/selectByMemberId GET
2025-02-21 21:09:47.047 INFO  com.xboss.train.common.aspect.LogAspect           :50   [32m1740143387026rlc  [0;39m ç±»åæ–¹æ³•: com.xboss.train.member.controller.PassengerController.selectByMemberId
2025-02-21 21:09:47.047 INFO  com.xboss.train.common.aspect.LogAspect           :51   [32m1740143387026rlc  [0;39m è¿œç¨‹åœ°å€: 127.0.0.1
2025-02-21 21:09:47.049 INFO  com.xboss.train.common.aspect.LogAspect           :72   [32m1740143387026rlc  [0;39m è¯·æ±‚å‚æ•°: [{"page":1,"size":10}]
2025-02-21 21:09:47.049 INFO  com.xboss.train.member.service.PassengerService   :63   [32m1740143387026rlc  [0;39m æŸ¥è¯¢é¡µç ï¼š1
2025-02-21 21:09:47.050 INFO  com.xboss.train.member.service.PassengerService   :64   [32m1740143387026rlc  [0;39m æ¯é¡µæ¡æ•°ï¼š10
2025-02-21 21:09:47.053 DEBUG c.x.t.m.mapper.PassengerMapper.selectByExample    :137  [32m1740143387026rlc  [0;39m ==>  Preparing: select id, member_id, `name`, id_card, `type`, create_time, update_time from passenger order by id desc
2025-02-21 21:09:47.054 DEBUG c.x.t.m.mapper.PassengerMapper.selectByExample    :137  [32m1740143387026rlc  [0;39m ==> Parameters: 
2025-02-21 21:09:47.055 TRACE c.x.t.m.mapper.PassengerMapper.selectByExample    :143  [32m1740143387026rlc  [0;39m <==    Columns: id, member_id, name, id_card, type, create_time, update_time
2025-02-21 21:09:47.057 TRACE c.x.t.m.mapper.PassengerMapper.selectByExample    :143  [32m1740143387026rlc  [0;39m <==        Row: 1767825255628087296, 1709648918858, é…¸èåœ, 44180200, 2, 2024-03-13 16:09:20.203, null
2025-02-21 21:09:47.059 TRACE c.x.t.m.mapper.PassengerMapper.selectByExample    :143  [32m1740143387026rlc  [0;39m <==        Row: 1767825161738592256, 1709648918858, test, 441802, 1, 2024-03-13 16:08:57.819, null
2025-02-21 21:09:47.059 TRACE c.x.t.m.mapper.PassengerMapper.selectByExample    :143  [32m1740143387026rlc  [0;39m <==        Row: 1767456275600060416, 1709648918858, xboss, 12345, 3, 2024-03-12 15:43:08.510, null
2025-02-21 21:09:47.060 DEBUG c.x.t.m.mapper.PassengerMapper.selectByExample    :137  [32m1740143387026rlc  [0;39m <==      Total: 3
2025-02-21 21:09:47.061 INFO  com.xboss.train.member.service.PassengerService   :69   [32m1740143387026rlc  [0;39m æ€»è¡Œæ•°ï¼š3
2025-02-21 21:09:47.061 INFO  com.xboss.train.member.service.PassengerService   :70   [32m1740143387026rlc  [0;39m æ€»é¡µæ•°ï¼š1
2025-02-21 21:09:47.069 INFO  com.xboss.train.common.aspect.LogAspect           :84   [32m1740143387026rlc  [0;39m è¿”å›žç»“æžœ: {"content":{"list":[{"createTime":1710317360203,"id":1767825255628087296,"idCard":"44180200","memberId":1709648918858,"name":"é…¸èåœ","type":"2"},{"createTime":1710317337819,"id":1767825161738592256,"idCard":"441802","memberId":1709648918858,"name":"test","type":"1"},{"createTime":1710229388510,"id":1767456275600060416,"idCard":"12345","memberId":1709648918858,"name":"xboss","type":"3"}],"total":3},"success":true}
2025-02-21 21:09:47.069 INFO  com.xboss.train.common.aspect.LogAspect           :85   [32m1740143387026rlc  [0;39m ------------- ç»“æŸ è€—æ—¶ï¼š22 ms -------------
2025-02-21 21:10:24.210 INFO  c.xboss.train.common.interceptor.MemberInterceptor:26   [32m1740143424209kcl  [0;39m MemberInterceptorå¼€å§‹
2025-02-21 21:10:24.210 INFO  c.xboss.train.common.interceptor.MemberInterceptor:30   [32m1740143424209kcl  [0;39m èŽ·å–ä¼šå‘˜ç™»å½•tokenï¼šeyJ0eXAiOiJKV1QiLCJhbGciOiJIUzI1NiJ9.eyJuYmYiOjE3NDAxNDMzODQsIm1vYmlsZSI6IjE4MzE4MjI3ODEwIiwiaWQiOjE3MDk2NDg5MTg4NTgsImV4cCI6MTc0MDIyOTc4NCwiaWF0IjoxNzQwMTQzMzg0fQ.tSx7bL_FVk759G86qA2tLUHc-ganhNnYdpbZsiooY2I
2025-02-21 21:10:24.210 INFO  com.xboss.train.common.util.JwtUtil               :60   [32m1740143424209kcl  [0;39m æ ¹æ®tokenèŽ·å–åŽŸå§‹å†…å®¹ï¼š{"mobile":"18318227810","id":1709648918858}
2025-02-21 21:10:24.210 INFO  c.xboss.train.common.interceptor.MemberInterceptor:32   [32m1740143424209kcl  [0;39m å½“å‰ç™»å½•ä¼šå‘˜ï¼š{"mobile":"18318227810","id":1709648918858}
2025-02-21 21:10:24.210 INFO  c.xboss.train.common.interceptor.MemberInterceptor:36   [32m1740143424209kcl  [0;39m MemberInterceptorç»“æŸ
2025-02-21 21:10:24.210 INFO  com.xboss.train.common.aspect.LogAspect           :48   [32m1740143424209kcl  [0;39m ------------- å¼€å§‹ -------------
2025-02-21 21:10:24.210 INFO  com.xboss.train.common.aspect.LogAspect           :49   [32m1740143424209kcl  [0;39m è¯·æ±‚åœ°å€: http://127.0.0.1:8001/member/passenger/query-mine GET
2025-02-21 21:10:24.210 INFO  com.xboss.train.common.aspect.LogAspect           :50   [32m1740143424209kcl  [0;39m ç±»åæ–¹æ³•: com.xboss.train.member.controller.PassengerController.queryMine
2025-02-21 21:10:24.210 INFO  com.xboss.train.common.aspect.LogAspect           :51   [32m1740143424209kcl  [0;39m è¿œç¨‹åœ°å€: 127.0.0.1
2025-02-21 21:10:24.212 INFO  com.xboss.train.common.aspect.LogAspect           :72   [32m1740143424209kcl  [0;39m è¯·æ±‚å‚æ•°: []
2025-02-21 21:10:24.213 DEBUG c.x.t.m.mapper.PassengerMapper.selectByExample    :137  [32m1740143424209kcl  [0;39m ==>  Preparing: select id, member_id, `name`, id_card, `type`, create_time, update_time from passenger WHERE ( member_id = ? ) order by name asc
2025-02-21 21:10:24.215 DEBUG c.x.t.m.mapper.PassengerMapper.selectByExample    :137  [32m1740143424209kcl  [0;39m ==> Parameters: 1709648918858(Long)
2025-02-21 21:10:24.215 TRACE c.x.t.m.mapper.PassengerMapper.selectByExample    :143  [32m1740143424209kcl  [0;39m <==    Columns: id, member_id, name, id_card, type, create_time, update_time
2025-02-21 21:10:24.215 TRACE c.x.t.m.mapper.PassengerMapper.selectByExample    :143  [32m1740143424209kcl  [0;39m <==        Row: 1767825161738592256, 1709648918858, test, 441802, 1, 2024-03-13 16:08:57.819, null
2025-02-21 21:10:24.215 TRACE c.x.t.m.mapper.PassengerMapper.selectByExample    :143  [32m1740143424209kcl  [0;39m <==        Row: 1767456275600060416, 1709648918858, xboss, 12345, 3, 2024-03-12 15:43:08.510, null
2025-02-21 21:10:24.215 TRACE c.x.t.m.mapper.PassengerMapper.selectByExample    :143  [32m1740143424209kcl  [0;39m <==        Row: 1767825255628087296, 1709648918858, é…¸èåœ, 44180200, 2, 2024-03-13 16:09:20.203, null
2025-02-21 21:10:24.215 DEBUG c.x.t.m.mapper.PassengerMapper.selectByExample    :137  [32m1740143424209kcl  [0;39m <==      Total: 3
2025-02-21 21:10:24.215 INFO  com.xboss.train.common.aspect.LogAspect           :84   [32m1740143424209kcl  [0;39m è¿”å›žç»“æžœ: {"content":[{"createTime":1710317337819,"id":1767825161738592256,"idCard":"441802","memberId":1709648918858,"name":"test","type":"1"},{"createTime":1710229388510,"id":1767456275600060416,"idCard":"12345","memberId":1709648918858,"name":"xboss","type":"3"},{"createTime":1710317360203,"id":1767825255628087296,"idCard":"44180200","memberId":1709648918858,"name":"é…¸èåœ","type":"2"}],"success":true}
2025-02-21 21:10:24.215 INFO  com.xboss.train.common.aspect.LogAspect           :85   [32m1740143424209kcl  [0;39m ------------- ç»“æŸ è€—æ—¶ï¼š5 ms -------------
2025-02-21 23:09:55.207 INFO  com.zaxxer.hikari.HikariDataSource                :350  [32m                  [0;39m HikariPool-1 - Shutdown initiated...
2025-02-21 23:09:55.211 INFO  com.zaxxer.hikari.HikariDataSource                :352  [32m                  [0;39m HikariPool-1 - Shutdown completed.
