2024-03-04 18:13:35.224 INFO  config.member.train.com.xboss.train.generator.ftl.MemberApplication   :51   [32m                  [0;39m Starting MemberApplication using Java 18.0.1.1 with PID 12048 (D:\projectAndcode\train\member\target\classes started by 86183 in D:\projectAndcode\train)
2024-03-04 18:13:35.225 INFO  config.member.train.com.xboss.train.generator.ftl.MemberApplication   :630  [32m                  [0;39m No active profile set, falling back to 1 default profile: "default"
2024-03-04 18:13:35.329 INFO  o.springframework.cloud.context.scope.GenericScope:282  [32m                  [0;39m BeanFactory id=9bb3dc1e-c01b-3b01-a5d5-981d040bf2af
2024-03-04 18:13:35.382 INFO  o.s.boot.web.embedded.tomcat.TomcatWebServer      :114  [32m                  [0;39m Tomcat initialized with port(s): 8001 (http)
2024-03-04 18:13:35.382 INFO  org.apache.catalina.core.AprLifecycleListener     :173  [32m                  [0;39m An older version [1.2.35] of the Apache Tomcat Native library is installed, while Tomcat recommends a minimum version of [2.0.1]
2024-03-04 18:13:35.382 INFO  org.apache.catalina.core.AprLifecycleListener     :173  [32m                  [0;39m Loaded Apache Tomcat Native library [1.2.35] using APR version [1.7.0].
2024-03-04 18:13:35.382 INFO  org.apache.catalina.core.AprLifecycleListener     :173  [32m                  [0;39m OpenSSL successfully initialized [OpenSSL 1.1.1q  5 Jul 2022]
2024-03-04 18:13:35.383 INFO  org.apache.catalina.core.StandardService          :173  [32m                  [0;39m Starting service [Tomcat]
2024-03-04 18:13:35.383 INFO  org.apache.catalina.core.StandardEngine           :173  [32m                  [0;39m Starting Servlet engine: [Apache Tomcat/10.1.1]
2024-03-04 18:13:35.398 INFO  o.a.c.c.C.[Tomcat].[localhost].[/member]          :173  [32m                  [0;39m Initializing Spring embedded WebApplicationContext
2024-03-04 18:13:35.398 INFO  o.s.b.w.s.c.ServletWebServerApplicationContext    :291  [32m                  [0;39m Root WebApplicationContext: initialization completed in 172 ms
2024-03-04 18:13:35.522 INFO  o.s.b.d.autoconfigure.OptionalLiveReloadServer    :59   [32m                  [0;39m LiveReload server is running on port 35729
2024-03-04 18:13:35.627 INFO  o.s.boot.web.embedded.tomcat.TomcatWebServer      :226  [32m                  [0;39m Tomcat started on port(s): 8001 (http) with context path '/member'
2024-03-04 18:13:35.715 INFO  config.member.train.com.xboss.train.generator.ftl.MemberApplication   :57   [32m                  [0;39m Started MemberApplication in 0.681 seconds (process running for 306.597)
2024-03-04 18:13:35.716 INFO  o.s.b.d.a.ConditionEvaluationDeltaLoggingListener :63   [32m                  [0;39m Condition evaluation unchanged
2024-03-04 18:13:35.717 INFO  config.member.train.com.xboss.train.generator.ftl.MemberApplication   :22   [32m                  [0;39m 启动成功！！
2024-03-04 18:13:35.717 INFO  config.member.train.com.xboss.train.generator.ftl.MemberApplication   :23   [32m                  [0;39m 测试地址: 	http://127.0.0.1:8001/member/hello
2024-03-04 18:19:16.764 INFO  o.a.c.c.C.[Tomcat].[localhost].[/member]          :173  [32m                  [0;39m Initializing Spring DispatcherServlet 'dispatcherServlet'
2024-03-04 18:19:16.765 INFO  org.springframework.web.servlet.DispatcherServlet :525  [32m                  [0;39m Initializing Servlet 'dispatcherServlet'
2024-03-04 18:19:16.765 INFO  org.springframework.web.servlet.DispatcherServlet :547  [32m                  [0;39m Completed initialization in 0 ms
2024-03-04 18:19:16.766 INFO  aspect.common.train.com.xboss.train.generator.ftl.LogAspect           :48   [32m                  [0;39m ------------- 开始 -------------
2024-03-04 18:19:16.767 INFO  aspect.common.train.com.xboss.train.generator.ftl.LogAspect           :49   [32m                  [0;39m 请求地址: http://localhost:8001/member/hello GET
2024-03-04 18:19:16.767 INFO  aspect.common.train.com.xboss.train.generator.ftl.LogAspect           :50   [32m                  [0;39m 类名方法: controller.member.train.com.xboss.train.generator.ftl.memberController.hello
2024-03-04 18:19:16.767 INFO  aspect.common.train.com.xboss.train.generator.ftl.LogAspect           :51   [32m                  [0;39m 远程地址: 127.0.0.1
2024-03-04 18:19:16.767 INFO  aspect.common.train.com.xboss.train.generator.ftl.LogAspect           :72   [32m                  [0;39m 请求参数: []
2024-03-04 18:19:16.768 INFO  aspect.common.train.com.xboss.train.generator.ftl.LogAspect           :84   [32m                  [0;39m 返回结果: "hello"
2024-03-04 18:19:16.768 INFO  aspect.common.train.com.xboss.train.generator.ftl.LogAspect           :85   [32m                  [0;39m ------------- 结束 耗时：2 ms -------------
2024-03-04 18:20:53.755 INFO  config.member.train.com.xboss.train.generator.ftl.MemberApplication   :51   [32m                  [0;39m Starting MemberApplication using Java 18.0.1.1 with PID 21880 (D:\projectAndcode\train\member\target\classes started by 86183 in D:\projectAndcode\train)
2024-03-04 18:20:53.757 INFO  config.member.train.com.xboss.train.generator.ftl.MemberApplication   :630  [32m                  [0;39m No active profile set, falling back to 1 default profile: "default"
2024-03-04 18:20:53.785 INFO  o.s.b.d.env.DevToolsPropertyDefaultsPostProcessor :250  [32m                  [0;39m Devtools property defaults active! Set 'spring.devtools.add-properties' to 'false' to disable
2024-03-04 18:20:53.786 INFO  o.s.b.d.env.DevToolsPropertyDefaultsPostProcessor :250  [32m                  [0;39m For additional web related logging consider setting the 'logging.level.web' property to 'DEBUG'
2024-03-04 18:20:54.177 INFO  o.springframework.cloud.context.scope.GenericScope:282  [32m                  [0;39m BeanFactory id=9bb3dc1e-c01b-3b01-a5d5-981d040bf2af
2024-03-04 18:20:54.611 INFO  o.s.boot.web.embedded.tomcat.TomcatWebServer      :114  [32m                  [0;39m Tomcat initialized with port(s): 8001 (http)
2024-03-04 18:20:54.611 INFO  org.apache.catalina.core.AprLifecycleListener     :173  [32m                  [0;39m An older version [1.2.35] of the Apache Tomcat Native library is installed, while Tomcat recommends a minimum version of [2.0.1]
2024-03-04 18:20:54.611 INFO  org.apache.catalina.core.AprLifecycleListener     :173  [32m                  [0;39m Loaded Apache Tomcat Native library [1.2.35] using APR version [1.7.0].
2024-03-04 18:20:54.614 INFO  org.apache.catalina.core.AprLifecycleListener     :173  [32m                  [0;39m OpenSSL successfully initialized [OpenSSL 1.1.1q  5 Jul 2022]
2024-03-04 18:20:54.620 INFO  org.apache.coyote.http11.Http11NioProtocol        :173  [32m                  [0;39m Initializing ProtocolHandler ["http-nio-8001"]
2024-03-04 18:20:54.621 INFO  org.apache.catalina.core.StandardService          :173  [32m                  [0;39m Starting service [Tomcat]
2024-03-04 18:20:54.621 INFO  org.apache.catalina.core.StandardEngine           :173  [32m                  [0;39m Starting Servlet engine: [Apache Tomcat/10.1.1]
2024-03-04 18:20:54.664 INFO  o.a.c.c.C.[Tomcat].[localhost].[/member]          :173  [32m                  [0;39m Initializing Spring embedded WebApplicationContext
2024-03-04 18:20:54.664 INFO  o.s.b.w.s.c.ServletWebServerApplicationContext    :291  [32m                  [0;39m Root WebApplicationContext: initialization completed in 878 ms
2024-03-04 18:20:54.991 INFO  o.s.b.d.autoconfigure.OptionalLiveReloadServer    :59   [32m                  [0;39m LiveReload server is running on port 35729
2024-03-04 18:20:55.118 INFO  org.apache.coyote.http11.Http11NioProtocol        :173  [32m                  [0;39m Starting ProtocolHandler ["http-nio-8001"]
2024-03-04 18:20:55.134 INFO  o.s.boot.web.embedded.tomcat.TomcatWebServer      :226  [32m                  [0;39m Tomcat started on port(s): 8001 (http) with context path '/member'
2024-03-04 18:20:55.228 INFO  config.member.train.com.xboss.train.generator.ftl.MemberApplication   :57   [32m                  [0;39m Started MemberApplication in 1.897 seconds (process running for 2.364)
2024-03-04 18:20:55.230 INFO  config.member.train.com.xboss.train.generator.ftl.MemberApplication   :22   [32m                  [0;39m 启动成功！！
2024-03-04 18:20:55.231 INFO  config.member.train.com.xboss.train.generator.ftl.MemberApplication   :23   [32m                  [0;39m 测试地址: 	http://127.0.0.1:8001/member/hello
2024-03-04 18:21:50.687 INFO  o.a.c.c.C.[Tomcat].[localhost].[/member]          :173  [32m                  [0;39m Initializing Spring DispatcherServlet 'dispatcherServlet'
2024-03-04 18:21:50.687 INFO  org.springframework.web.servlet.DispatcherServlet :525  [32m                  [0;39m Initializing Servlet 'dispatcherServlet'
2024-03-04 18:21:50.688 INFO  org.springframework.web.servlet.DispatcherServlet :547  [32m                  [0;39m Completed initialization in 1 ms
2024-03-04 18:21:50.708 INFO  aspect.common.train.com.xboss.train.generator.ftl.LogAspect           :48   [32m                  [0;39m ------------- 开始 -------------
2024-03-04 18:21:50.709 INFO  aspect.common.train.com.xboss.train.generator.ftl.LogAspect           :49   [32m                  [0;39m 请求地址: http://127.0.0.1:8001/member/hello GET
2024-03-04 18:21:50.709 INFO  aspect.common.train.com.xboss.train.generator.ftl.LogAspect           :50   [32m                  [0;39m 类名方法: controller.member.train.com.xboss.train.generator.ftl.memberController.hello
2024-03-04 18:21:50.709 INFO  aspect.common.train.com.xboss.train.generator.ftl.LogAspect           :51   [32m                  [0;39m 远程地址: 127.0.0.1
2024-03-04 18:21:50.740 INFO  aspect.common.train.com.xboss.train.generator.ftl.LogAspect           :72   [32m                  [0;39m 请求参数: []
2024-03-04 18:21:50.741 INFO  aspect.common.train.com.xboss.train.generator.ftl.LogAspect           :84   [32m                  [0;39m 返回结果: "hello"
2024-03-04 18:21:50.741 INFO  aspect.common.train.com.xboss.train.generator.ftl.LogAspect           :85   [32m                  [0;39m ------------- 结束 耗时：34 ms -------------
2024-03-04 18:27:43.723 INFO  aspect.common.train.com.xboss.train.generator.ftl.LogAspect           :48   [32m                  [0;39m ------------- 开始 -------------
2024-03-04 18:27:43.724 INFO  aspect.common.train.com.xboss.train.generator.ftl.LogAspect           :49   [32m                  [0;39m 请求地址: http://127.0.0.1:8001/member/hello GET
2024-03-04 18:27:43.724 INFO  aspect.common.train.com.xboss.train.generator.ftl.LogAspect           :50   [32m                  [0;39m 类名方法: controller.member.train.com.xboss.train.generator.ftl.memberController.hello
2024-03-04 18:27:43.724 INFO  aspect.common.train.com.xboss.train.generator.ftl.LogAspect           :51   [32m                  [0;39m 远程地址: 127.0.0.1
2024-03-04 18:27:43.724 INFO  aspect.common.train.com.xboss.train.generator.ftl.LogAspect           :72   [32m                  [0;39m 请求参数: []
2024-03-04 18:27:43.724 INFO  aspect.common.train.com.xboss.train.generator.ftl.LogAspect           :84   [32m                  [0;39m 返回结果: "hello"
2024-03-04 18:27:43.724 INFO  aspect.common.train.com.xboss.train.generator.ftl.LogAspect           :85   [32m                  [0;39m ------------- 结束 耗时：1 ms -------------
2024-03-04 22:09:40.653 INFO  aspect.common.train.com.xboss.train.generator.ftl.LogAspect           :48   [32m                  [0;39m ------------- 开始 -------------
2024-03-04 22:09:40.654 INFO  aspect.common.train.com.xboss.train.generator.ftl.LogAspect           :49   [32m                  [0;39m 请求地址: http://127.0.0.1:8001/member/hello GET
2024-03-04 22:09:40.654 INFO  aspect.common.train.com.xboss.train.generator.ftl.LogAspect           :50   [32m                  [0;39m 类名方法: controller.member.train.com.xboss.train.generator.ftl.memberController.hello
2024-03-04 22:09:40.654 INFO  aspect.common.train.com.xboss.train.generator.ftl.LogAspect           :51   [32m                  [0;39m 远程地址: 127.0.0.1
2024-03-04 22:09:40.655 INFO  aspect.common.train.com.xboss.train.generator.ftl.LogAspect           :72   [32m                  [0;39m 请求参数: []
2024-03-04 22:09:40.655 INFO  aspect.common.train.com.xboss.train.generator.ftl.LogAspect           :84   [32m                  [0;39m 返回结果: "hello"
2024-03-04 22:09:40.655 INFO  aspect.common.train.com.xboss.train.generator.ftl.LogAspect           :85   [32m                  [0;39m ------------- 结束 耗时：2 ms -------------
2024-03-04 22:58:53.916 INFO  o.s.b.d.a.LocalDevToolsAutoConfiguration$RestartingClassPathChangeChangedEventListener:211  [32m                  [0;39m Restarting due to 1 class path change (0 additions, 0 deletions, 1 modification)
2024-03-04 22:58:53.940 INFO  org.apache.coyote.http11.Http11NioProtocol        :173  [32m                  [0;39m Pausing ProtocolHandler ["http-nio-8001"]
2024-03-04 22:58:53.940 INFO  org.apache.catalina.core.StandardService          :173  [32m                  [0;39m Stopping service [Tomcat]
2024-03-04 22:58:53.943 INFO  o.a.c.c.C.[Tomcat].[localhost].[/member]          :173  [32m                  [0;39m Destroying Spring FrameworkServlet 'dispatcherServlet'
2024-03-04 22:58:53.953 INFO  org.apache.coyote.http11.Http11NioProtocol        :173  [32m                  [0;39m Stopping ProtocolHandler ["http-nio-8001"]
2024-03-04 22:58:53.955 INFO  org.apache.coyote.http11.Http11NioProtocol        :173  [32m                  [0;39m Destroying ProtocolHandler ["http-nio-8001"]
2024-03-04 22:58:54.130 INFO  config.member.train.com.xboss.train.generator.ftl.MemberApplication   :51   [32m                  [0;39m Starting MemberApplication using Java 18.0.1.1 with PID 21880 (D:\projectAndcode\train\member\target\classes started by 86183 in D:\projectAndcode\train)
2024-03-04 22:58:54.130 INFO  config.member.train.com.xboss.train.generator.ftl.MemberApplication   :630  [32m                  [0;39m No active profile set, falling back to 1 default profile: "default"
2024-03-04 22:58:54.237 INFO  o.springframework.cloud.context.scope.GenericScope:282  [32m                  [0;39m BeanFactory id=9bb3dc1e-c01b-3b01-a5d5-981d040bf2af
2024-03-04 22:58:54.299 INFO  o.s.boot.web.embedded.tomcat.TomcatWebServer      :114  [32m                  [0;39m Tomcat initialized with port(s): 8001 (http)
2024-03-04 22:58:54.300 INFO  org.apache.catalina.core.AprLifecycleListener     :173  [32m                  [0;39m An older version [1.2.35] of the Apache Tomcat Native library is installed, while Tomcat recommends a minimum version of [2.0.1]
2024-03-04 22:58:54.300 INFO  org.apache.catalina.core.AprLifecycleListener     :173  [32m                  [0;39m Loaded Apache Tomcat Native library [1.2.35] using APR version [1.7.0].
2024-03-04 22:58:54.300 INFO  org.apache.catalina.core.AprLifecycleListener     :173  [32m                  [0;39m OpenSSL successfully initialized [OpenSSL 1.1.1q  5 Jul 2022]
2024-03-04 22:58:54.300 INFO  org.apache.coyote.http11.Http11NioProtocol        :173  [32m                  [0;39m Initializing ProtocolHandler ["http-nio-8001"]
2024-03-04 22:58:54.301 INFO  org.apache.catalina.core.StandardService          :173  [32m                  [0;39m Starting service [Tomcat]
2024-03-04 22:58:54.301 INFO  org.apache.catalina.core.StandardEngine           :173  [32m                  [0;39m Starting Servlet engine: [Apache Tomcat/10.1.1]
2024-03-04 22:58:54.315 INFO  o.a.c.c.C.[Tomcat].[localhost].[/member]          :173  [32m                  [0;39m Initializing Spring embedded WebApplicationContext
2024-03-04 22:58:54.315 INFO  o.s.b.w.s.c.ServletWebServerApplicationContext    :291  [32m                  [0;39m Root WebApplicationContext: initialization completed in 183 ms
2024-03-04 22:58:54.466 INFO  o.s.b.d.autoconfigure.OptionalLiveReloadServer    :59   [32m                  [0;39m LiveReload server is running on port 35729
2024-03-04 22:58:54.582 INFO  org.apache.coyote.http11.Http11NioProtocol        :173  [32m                  [0;39m Starting ProtocolHandler ["http-nio-8001"]
2024-03-04 22:58:54.585 INFO  o.s.boot.web.embedded.tomcat.TomcatWebServer      :226  [32m                  [0;39m Tomcat started on port(s): 8001 (http) with context path '/member'
2024-03-04 22:58:54.673 INFO  config.member.train.com.xboss.train.generator.ftl.MemberApplication   :57   [32m                  [0;39m Started MemberApplication in 0.663 seconds (process running for 16681.808)
2024-03-04 22:58:54.674 INFO  o.s.b.d.a.ConditionEvaluationDeltaLoggingListener :63   [32m                  [0;39m Condition evaluation unchanged
2024-03-04 22:58:54.674 INFO  config.member.train.com.xboss.train.generator.ftl.MemberApplication   :22   [32m                  [0;39m 启动成功！！
2024-03-04 22:58:54.674 INFO  config.member.train.com.xboss.train.generator.ftl.MemberApplication   :23   [32m                  [0;39m 测试地址: 	http://127.0.0.1:8001/member/hello
2024-03-04 23:01:58.240 INFO  o.s.b.d.a.LocalDevToolsAutoConfiguration$RestartingClassPathChangeChangedEventListener:211  [32m                  [0;39m Restarting due to 1 class path change (0 additions, 0 deletions, 1 modification)
2024-03-04 23:01:58.249 INFO  org.apache.coyote.http11.Http11NioProtocol        :173  [32m                  [0;39m Pausing ProtocolHandler ["http-nio-8001"]
2024-03-04 23:01:58.250 INFO  org.apache.catalina.core.StandardService          :173  [32m                  [0;39m Stopping service [Tomcat]
2024-03-04 23:01:58.251 INFO  org.apache.coyote.http11.Http11NioProtocol        :173  [32m                  [0;39m Stopping ProtocolHandler ["http-nio-8001"]
2024-03-04 23:01:58.252 INFO  org.apache.coyote.http11.Http11NioProtocol        :173  [32m                  [0;39m Destroying ProtocolHandler ["http-nio-8001"]
2024-03-04 23:01:58.412 INFO  config.member.train.com.xboss.train.generator.ftl.MemberApplication   :51   [32m                  [0;39m Starting MemberApplication using Java 18.0.1.1 with PID 21880 (D:\projectAndcode\train\member\target\classes started by 86183 in D:\projectAndcode\train)
2024-03-04 23:01:58.412 INFO  config.member.train.com.xboss.train.generator.ftl.MemberApplication   :630  [32m                  [0;39m No active profile set, falling back to 1 default profile: "default"
2024-03-04 23:01:58.532 INFO  o.springframework.cloud.context.scope.GenericScope:282  [32m                  [0;39m BeanFactory id=9bb3dc1e-c01b-3b01-a5d5-981d040bf2af
2024-03-04 23:01:58.594 INFO  o.s.boot.web.embedded.tomcat.TomcatWebServer      :114  [32m                  [0;39m Tomcat initialized with port(s): 8001 (http)
2024-03-04 23:01:58.595 INFO  org.apache.catalina.core.AprLifecycleListener     :173  [32m                  [0;39m An older version [1.2.35] of the Apache Tomcat Native library is installed, while Tomcat recommends a minimum version of [2.0.1]
2024-03-04 23:01:58.595 INFO  org.apache.catalina.core.AprLifecycleListener     :173  [32m                  [0;39m Loaded Apache Tomcat Native library [1.2.35] using APR version [1.7.0].
2024-03-04 23:01:58.596 INFO  org.apache.catalina.core.AprLifecycleListener     :173  [32m                  [0;39m OpenSSL successfully initialized [OpenSSL 1.1.1q  5 Jul 2022]
2024-03-04 23:01:58.596 INFO  org.apache.coyote.http11.Http11NioProtocol        :173  [32m                  [0;39m Initializing ProtocolHandler ["http-nio-8001"]
2024-03-04 23:01:58.596 INFO  org.apache.catalina.core.StandardService          :173  [32m                  [0;39m Starting service [Tomcat]
2024-03-04 23:01:58.596 INFO  org.apache.catalina.core.StandardEngine           :173  [32m                  [0;39m Starting Servlet engine: [Apache Tomcat/10.1.1]
2024-03-04 23:01:58.610 INFO  o.a.c.c.C.[Tomcat].[localhost].[/member]          :173  [32m                  [0;39m Initializing Spring embedded WebApplicationContext
2024-03-04 23:01:58.611 INFO  o.s.b.w.s.c.ServletWebServerApplicationContext    :291  [32m                  [0;39m Root WebApplicationContext: initialization completed in 197 ms
2024-03-04 23:01:58.738 INFO  o.s.b.d.autoconfigure.OptionalLiveReloadServer    :59   [32m                  [0;39m LiveReload server is running on port 35729
2024-03-04 23:01:58.842 INFO  org.apache.coyote.http11.Http11NioProtocol        :173  [32m                  [0;39m Starting ProtocolHandler ["http-nio-8001"]
2024-03-04 23:01:58.844 INFO  o.s.boot.web.embedded.tomcat.TomcatWebServer      :226  [32m                  [0;39m Tomcat started on port(s): 8001 (http) with context path '/member'
2024-03-04 23:01:58.930 INFO  config.member.train.com.xboss.train.generator.ftl.MemberApplication   :57   [32m                  [0;39m Started MemberApplication in 0.643 seconds (process running for 16866.067)
2024-03-04 23:01:58.931 INFO  o.s.b.d.a.ConditionEvaluationDeltaLoggingListener :63   [32m                  [0;39m Condition evaluation unchanged
2024-03-04 23:01:58.931 INFO  config.member.train.com.xboss.train.generator.ftl.MemberApplication   :22   [32m                  [0;39m 启动成功！！
2024-03-04 23:01:58.932 INFO  config.member.train.com.xboss.train.generator.ftl.MemberApplication   :23   [32m                  [0;39m 测试地址: 	http://127.0.0.1:8001/member/hello
2024-03-04 23:02:11.200 INFO  o.s.b.d.a.LocalDevToolsAutoConfiguration$RestartingClassPathChangeChangedEventListener:211  [32m                  [0;39m Restarting due to 3 class path changes (0 additions, 0 deletions, 3 modifications)
2024-03-04 23:02:11.209 INFO  org.apache.coyote.http11.Http11NioProtocol        :173  [32m                  [0;39m Pausing ProtocolHandler ["http-nio-8001"]
2024-03-04 23:02:11.209 INFO  org.apache.catalina.core.StandardService          :173  [32m                  [0;39m Stopping service [Tomcat]
2024-03-04 23:02:11.210 INFO  org.apache.coyote.http11.Http11NioProtocol        :173  [32m                  [0;39m Stopping ProtocolHandler ["http-nio-8001"]
2024-03-04 23:02:11.211 INFO  org.apache.coyote.http11.Http11NioProtocol        :173  [32m                  [0;39m Destroying ProtocolHandler ["http-nio-8001"]
2024-03-04 23:02:11.355 INFO  config.member.train.com.xboss.train.generator.ftl.MemberApplication   :51   [32m                  [0;39m Starting MemberApplication using Java 18.0.1.1 with PID 21880 (D:\projectAndcode\train\member\target\classes started by 86183 in D:\projectAndcode\train)
2024-03-04 23:02:11.355 INFO  config.member.train.com.xboss.train.generator.ftl.MemberApplication   :630  [32m                  [0;39m No active profile set, falling back to 1 default profile: "default"
2024-03-04 23:02:11.443 INFO  o.springframework.cloud.context.scope.GenericScope:282  [32m                  [0;39m BeanFactory id=9bb3dc1e-c01b-3b01-a5d5-981d040bf2af
2024-03-04 23:02:11.486 INFO  o.s.boot.web.embedded.tomcat.TomcatWebServer      :114  [32m                  [0;39m Tomcat initialized with port(s): 8001 (http)
2024-03-04 23:02:11.486 INFO  org.apache.catalina.core.AprLifecycleListener     :173  [32m                  [0;39m An older version [1.2.35] of the Apache Tomcat Native library is installed, while Tomcat recommends a minimum version of [2.0.1]
2024-03-04 23:02:11.487 INFO  org.apache.catalina.core.AprLifecycleListener     :173  [32m                  [0;39m Loaded Apache Tomcat Native library [1.2.35] using APR version [1.7.0].
2024-03-04 23:02:11.487 INFO  org.apache.catalina.core.AprLifecycleListener     :173  [32m                  [0;39m OpenSSL successfully initialized [OpenSSL 1.1.1q  5 Jul 2022]
2024-03-04 23:02:11.489 INFO  org.apache.coyote.http11.Http11NioProtocol        :173  [32m                  [0;39m Initializing ProtocolHandler ["http-nio-8001"]
2024-03-04 23:02:11.489 INFO  org.apache.catalina.core.StandardService          :173  [32m                  [0;39m Starting service [Tomcat]
2024-03-04 23:02:11.489 INFO  org.apache.catalina.core.StandardEngine           :173  [32m                  [0;39m Starting Servlet engine: [Apache Tomcat/10.1.1]
2024-03-04 23:02:11.500 INFO  o.a.c.c.C.[Tomcat].[localhost].[/member]          :173  [32m                  [0;39m Initializing Spring embedded WebApplicationContext
2024-03-04 23:02:11.501 INFO  o.s.b.w.s.c.ServletWebServerApplicationContext    :291  [32m                  [0;39m Root WebApplicationContext: initialization completed in 144 ms
2024-03-04 23:02:11.612 INFO  o.s.b.d.autoconfigure.OptionalLiveReloadServer    :59   [32m                  [0;39m LiveReload server is running on port 35729
2024-03-04 23:02:11.709 INFO  org.apache.coyote.http11.Http11NioProtocol        :173  [32m                  [0;39m Starting ProtocolHandler ["http-nio-8001"]
2024-03-04 23:02:11.711 INFO  o.s.boot.web.embedded.tomcat.TomcatWebServer      :226  [32m                  [0;39m Tomcat started on port(s): 8001 (http) with context path '/member'
2024-03-04 23:02:11.796 INFO  config.member.train.com.xboss.train.generator.ftl.MemberApplication   :57   [32m                  [0;39m Started MemberApplication in 0.554 seconds (process running for 16878.932)
2024-03-04 23:02:11.797 INFO  o.s.b.d.a.ConditionEvaluationDeltaLoggingListener :63   [32m                  [0;39m Condition evaluation unchanged
2024-03-04 23:02:11.797 INFO  config.member.train.com.xboss.train.generator.ftl.MemberApplication   :22   [32m                  [0;39m 启动成功！！
2024-03-04 23:02:11.797 INFO  config.member.train.com.xboss.train.generator.ftl.MemberApplication   :23   [32m                  [0;39m 测试地址: 	http://127.0.0.1:8001/member/hello
2024-03-04 23:02:55.222 INFO  config.member.train.com.xboss.train.generator.ftl.MemberApplication   :51   [32m                  [0;39m Starting MemberApplication using Java 18.0.1.1 with PID 15724 (D:\projectAndcode\train\member\target\classes started by 86183 in D:\projectAndcode\train)
2024-03-04 23:02:55.224 INFO  config.member.train.com.xboss.train.generator.ftl.MemberApplication   :630  [32m                  [0;39m No active profile set, falling back to 1 default profile: "default"
2024-03-04 23:02:55.253 INFO  o.s.b.d.env.DevToolsPropertyDefaultsPostProcessor :250  [32m                  [0;39m Devtools property defaults active! Set 'spring.devtools.add-properties' to 'false' to disable
2024-03-04 23:02:55.253 INFO  o.s.b.d.env.DevToolsPropertyDefaultsPostProcessor :250  [32m                  [0;39m For additional web related logging consider setting the 'logging.level.web' property to 'DEBUG'
2024-03-04 23:02:55.693 INFO  o.springframework.cloud.context.scope.GenericScope:282  [32m                  [0;39m BeanFactory id=11cf42d7-5a9e-3951-a63a-0f837810288b
2024-03-04 23:02:56.196 INFO  o.s.boot.web.embedded.tomcat.TomcatWebServer      :114  [32m                  [0;39m Tomcat initialized with port(s): 8001 (http)
2024-03-04 23:02:56.197 INFO  org.apache.catalina.core.AprLifecycleListener     :173  [32m                  [0;39m An older version [1.2.35] of the Apache Tomcat Native library is installed, while Tomcat recommends a minimum version of [2.0.1]
2024-03-04 23:02:56.197 INFO  org.apache.catalina.core.AprLifecycleListener     :173  [32m                  [0;39m Loaded Apache Tomcat Native library [1.2.35] using APR version [1.7.0].
2024-03-04 23:02:56.200 INFO  org.apache.catalina.core.AprLifecycleListener     :173  [32m                  [0;39m OpenSSL successfully initialized [OpenSSL 1.1.1q  5 Jul 2022]
2024-03-04 23:02:56.207 INFO  org.apache.coyote.http11.Http11NioProtocol        :173  [32m                  [0;39m Initializing ProtocolHandler ["http-nio-8001"]
2024-03-04 23:02:56.207 INFO  org.apache.catalina.core.StandardService          :173  [32m                  [0;39m Starting service [Tomcat]
2024-03-04 23:02:56.208 INFO  org.apache.catalina.core.StandardEngine           :173  [32m                  [0;39m Starting Servlet engine: [Apache Tomcat/10.1.1]
2024-03-04 23:02:56.254 INFO  o.a.c.c.C.[Tomcat].[localhost].[/member]          :173  [32m                  [0;39m Initializing Spring embedded WebApplicationContext
2024-03-04 23:02:56.255 INFO  o.s.b.w.s.c.ServletWebServerApplicationContext    :291  [32m                  [0;39m Root WebApplicationContext: initialization completed in 1002 ms
2024-03-04 23:02:56.711 INFO  o.s.b.d.autoconfigure.OptionalLiveReloadServer    :59   [32m                  [0;39m LiveReload server is running on port 35729
2024-03-04 23:02:56.843 INFO  org.apache.coyote.http11.Http11NioProtocol        :173  [32m                  [0;39m Starting ProtocolHandler ["http-nio-8001"]
2024-03-04 23:02:56.858 INFO  o.s.boot.web.embedded.tomcat.TomcatWebServer      :226  [32m                  [0;39m Tomcat started on port(s): 8001 (http) with context path '/member'
2024-03-04 23:02:56.953 INFO  config.member.train.com.xboss.train.generator.ftl.MemberApplication   :57   [32m                  [0;39m Started MemberApplication in 2.184 seconds (process running for 2.687)
2024-03-04 23:02:56.955 INFO  config.member.train.com.xboss.train.generator.ftl.MemberApplication   :22   [32m                  [0;39m 启动成功！！
2024-03-04 23:02:56.955 INFO  config.member.train.com.xboss.train.generator.ftl.MemberApplication   :23   [32m                  [0;39m 测试地址: 	http://127.0.0.1:8001/member/hello
2024-03-04 23:03:18.110 INFO  config.member.train.com.xboss.train.generator.ftl.MemberApplication   :51   [32m                  [0;39m Starting MemberApplication using Java 18.0.1.1 with PID 25848 (D:\projectAndcode\train\member\target\classes started by 86183 in D:\projectAndcode\train)
2024-03-04 23:03:18.112 INFO  config.member.train.com.xboss.train.generator.ftl.MemberApplication   :630  [32m                  [0;39m No active profile set, falling back to 1 default profile: "default"
2024-03-04 23:03:18.144 INFO  o.s.b.d.env.DevToolsPropertyDefaultsPostProcessor :250  [32m                  [0;39m Devtools property defaults active! Set 'spring.devtools.add-properties' to 'false' to disable
2024-03-04 23:03:18.144 INFO  o.s.b.d.env.DevToolsPropertyDefaultsPostProcessor :250  [32m                  [0;39m For additional web related logging consider setting the 'logging.level.web' property to 'DEBUG'
2024-03-04 23:03:18.606 INFO  o.springframework.cloud.context.scope.GenericScope:282  [32m                  [0;39m BeanFactory id=11cf42d7-5a9e-3951-a63a-0f837810288b
2024-03-04 23:03:19.077 INFO  o.s.boot.web.embedded.tomcat.TomcatWebServer      :114  [32m                  [0;39m Tomcat initialized with port(s): 8001 (http)
2024-03-04 23:03:19.078 INFO  org.apache.catalina.core.AprLifecycleListener     :173  [32m                  [0;39m An older version [1.2.35] of the Apache Tomcat Native library is installed, while Tomcat recommends a minimum version of [2.0.1]
2024-03-04 23:03:19.078 INFO  org.apache.catalina.core.AprLifecycleListener     :173  [32m                  [0;39m Loaded Apache Tomcat Native library [1.2.35] using APR version [1.7.0].
2024-03-04 23:03:19.081 INFO  org.apache.catalina.core.AprLifecycleListener     :173  [32m                  [0;39m OpenSSL successfully initialized [OpenSSL 1.1.1q  5 Jul 2022]
2024-03-04 23:03:19.087 INFO  org.apache.coyote.http11.Http11NioProtocol        :173  [32m                  [0;39m Initializing ProtocolHandler ["http-nio-8001"]
2024-03-04 23:03:19.088 INFO  org.apache.catalina.core.StandardService          :173  [32m                  [0;39m Starting service [Tomcat]
2024-03-04 23:03:19.088 INFO  org.apache.catalina.core.StandardEngine           :173  [32m                  [0;39m Starting Servlet engine: [Apache Tomcat/10.1.1]
2024-03-04 23:03:19.132 INFO  o.a.c.c.C.[Tomcat].[localhost].[/member]          :173  [32m                  [0;39m Initializing Spring embedded WebApplicationContext
2024-03-04 23:03:19.132 INFO  o.s.b.w.s.c.ServletWebServerApplicationContext    :291  [32m                  [0;39m Root WebApplicationContext: initialization completed in 987 ms
2024-03-04 23:03:19.535 INFO  o.s.b.d.autoconfigure.OptionalLiveReloadServer    :59   [32m                  [0;39m LiveReload server is running on port 35729
2024-03-04 23:03:19.661 INFO  org.apache.coyote.http11.Http11NioProtocol        :173  [32m                  [0;39m Starting ProtocolHandler ["http-nio-8001"]
2024-03-04 23:03:19.676 INFO  o.s.boot.web.embedded.tomcat.TomcatWebServer      :226  [32m                  [0;39m Tomcat started on port(s): 8001 (http) with context path '/member'
2024-03-04 23:03:19.773 INFO  config.member.train.com.xboss.train.generator.ftl.MemberApplication   :57   [32m                  [0;39m Started MemberApplication in 2.109 seconds (process running for 2.622)
2024-03-04 23:03:19.775 INFO  config.member.train.com.xboss.train.generator.ftl.MemberApplication   :22   [32m                  [0;39m 启动成功！！
2024-03-04 23:03:19.775 INFO  config.member.train.com.xboss.train.generator.ftl.MemberApplication   :23   [32m                  [0;39m 测试地址: 	http://127.0.0.1:8001/member/hello
2024-03-04 23:04:25.899 INFO  config.member.train.com.xboss.train.generator.ftl.MemberApplication   :51   [32m                  [0;39m Starting MemberApplication using Java 18.0.1.1 with PID 9028 (D:\projectAndcode\train\member\target\classes started by 86183 in D:\projectAndcode\train)
2024-03-04 23:04:25.902 INFO  config.member.train.com.xboss.train.generator.ftl.MemberApplication   :630  [32m                  [0;39m No active profile set, falling back to 1 default profile: "default"
2024-03-04 23:04:25.937 INFO  o.s.b.d.env.DevToolsPropertyDefaultsPostProcessor :250  [32m                  [0;39m Devtools property defaults active! Set 'spring.devtools.add-properties' to 'false' to disable
2024-03-04 23:04:25.937 INFO  o.s.b.d.env.DevToolsPropertyDefaultsPostProcessor :250  [32m                  [0;39m For additional web related logging consider setting the 'logging.level.web' property to 'DEBUG'
2024-03-04 23:04:26.384 INFO  o.springframework.cloud.context.scope.GenericScope:282  [32m                  [0;39m BeanFactory id=11cf42d7-5a9e-3951-a63a-0f837810288b
2024-03-04 23:04:26.850 INFO  o.s.boot.web.embedded.tomcat.TomcatWebServer      :114  [32m                  [0;39m Tomcat initialized with port(s): 8001 (http)
2024-03-04 23:04:26.851 INFO  org.apache.catalina.core.AprLifecycleListener     :173  [32m                  [0;39m An older version [1.2.35] of the Apache Tomcat Native library is installed, while Tomcat recommends a minimum version of [2.0.1]
2024-03-04 23:04:26.851 INFO  org.apache.catalina.core.AprLifecycleListener     :173  [32m                  [0;39m Loaded Apache Tomcat Native library [1.2.35] using APR version [1.7.0].
2024-03-04 23:04:26.854 INFO  org.apache.catalina.core.AprLifecycleListener     :173  [32m                  [0;39m OpenSSL successfully initialized [OpenSSL 1.1.1q  5 Jul 2022]
2024-03-04 23:04:26.861 INFO  org.apache.coyote.http11.Http11NioProtocol        :173  [32m                  [0;39m Initializing ProtocolHandler ["http-nio-8001"]
2024-03-04 23:04:26.862 INFO  org.apache.catalina.core.StandardService          :173  [32m                  [0;39m Starting service [Tomcat]
2024-03-04 23:04:26.862 INFO  org.apache.catalina.core.StandardEngine           :173  [32m                  [0;39m Starting Servlet engine: [Apache Tomcat/10.1.1]
2024-03-04 23:04:26.906 INFO  o.a.c.c.C.[Tomcat].[localhost].[/member]          :173  [32m                  [0;39m Initializing Spring embedded WebApplicationContext
2024-03-04 23:04:26.906 INFO  o.s.b.w.s.c.ServletWebServerApplicationContext    :291  [32m                  [0;39m Root WebApplicationContext: initialization completed in 969 ms
2024-03-04 23:04:27.319 INFO  o.s.b.d.autoconfigure.OptionalLiveReloadServer    :59   [32m                  [0;39m LiveReload server is running on port 35729
2024-03-04 23:04:27.451 INFO  org.apache.coyote.http11.Http11NioProtocol        :173  [32m                  [0;39m Starting ProtocolHandler ["http-nio-8001"]
2024-03-04 23:04:27.467 INFO  o.s.boot.web.embedded.tomcat.TomcatWebServer      :226  [32m                  [0;39m Tomcat started on port(s): 8001 (http) with context path '/member'
2024-03-04 23:04:27.560 INFO  config.member.train.com.xboss.train.generator.ftl.MemberApplication   :57   [32m                  [0;39m Started MemberApplication in 2.109 seconds (process running for 2.615)
2024-03-04 23:04:27.563 INFO  config.member.train.com.xboss.train.generator.ftl.MemberApplication   :22   [32m                  [0;39m 启动成功！！
2024-03-04 23:04:27.563 INFO  config.member.train.com.xboss.train.generator.ftl.MemberApplication   :23   [32m                  [0;39m 测试地址: 	http://127.0.0.1:8001/member/hello
2024-03-04 23:04:44.989 INFO  o.s.b.d.a.LocalDevToolsAutoConfiguration$RestartingClassPathChangeChangedEventListener:211  [32m                  [0;39m Restarting due to 1 class path change (0 additions, 0 deletions, 1 modification)
2024-03-04 23:04:44.999 INFO  org.apache.coyote.http11.Http11NioProtocol        :173  [32m                  [0;39m Pausing ProtocolHandler ["http-nio-8001"]
2024-03-04 23:04:45.000 INFO  org.apache.catalina.core.StandardService          :173  [32m                  [0;39m Stopping service [Tomcat]
2024-03-04 23:04:45.003 INFO  org.apache.coyote.http11.Http11NioProtocol        :173  [32m                  [0;39m Stopping ProtocolHandler ["http-nio-8001"]
2024-03-04 23:04:45.005 INFO  org.apache.coyote.http11.Http11NioProtocol        :173  [32m                  [0;39m Destroying ProtocolHandler ["http-nio-8001"]
2024-03-04 23:04:45.138 INFO  config.member.train.com.xboss.train.generator.ftl.MemberApplication   :51   [32m                  [0;39m Starting MemberApplication using Java 18.0.1.1 with PID 9028 (D:\projectAndcode\train\member\target\classes started by 86183 in D:\projectAndcode\train)
2024-03-04 23:04:45.139 INFO  config.member.train.com.xboss.train.generator.ftl.MemberApplication   :630  [32m                  [0;39m No active profile set, falling back to 1 default profile: "default"
2024-03-04 23:04:45.260 INFO  o.springframework.cloud.context.scope.GenericScope:282  [32m                  [0;39m BeanFactory id=11cf42d7-5a9e-3951-a63a-0f837810288b
2024-03-04 23:04:45.324 INFO  o.s.boot.web.embedded.tomcat.TomcatWebServer      :114  [32m                  [0;39m Tomcat initialized with port(s): 8001 (http)
2024-03-04 23:04:45.324 INFO  org.apache.catalina.core.AprLifecycleListener     :173  [32m                  [0;39m An older version [1.2.35] of the Apache Tomcat Native library is installed, while Tomcat recommends a minimum version of [2.0.1]
2024-03-04 23:04:45.324 INFO  org.apache.catalina.core.AprLifecycleListener     :173  [32m                  [0;39m Loaded Apache Tomcat Native library [1.2.35] using APR version [1.7.0].
2024-03-04 23:04:45.325 INFO  org.apache.catalina.core.AprLifecycleListener     :173  [32m                  [0;39m OpenSSL successfully initialized [OpenSSL 1.1.1q  5 Jul 2022]
2024-03-04 23:04:45.325 INFO  org.apache.coyote.http11.Http11NioProtocol        :173  [32m                  [0;39m Initializing ProtocolHandler ["http-nio-8001"]
2024-03-04 23:04:45.326 INFO  org.apache.catalina.core.StandardService          :173  [32m                  [0;39m Starting service [Tomcat]
2024-03-04 23:04:45.326 INFO  org.apache.catalina.core.StandardEngine           :173  [32m                  [0;39m Starting Servlet engine: [Apache Tomcat/10.1.1]
2024-03-04 23:04:45.338 INFO  o.a.c.c.C.[Tomcat].[localhost].[/member]          :173  [32m                  [0;39m Initializing Spring embedded WebApplicationContext
2024-03-04 23:04:45.339 INFO  o.s.b.w.s.c.ServletWebServerApplicationContext    :291  [32m                  [0;39m Root WebApplicationContext: initialization completed in 199 ms
2024-03-04 23:04:45.508 INFO  o.s.b.d.autoconfigure.OptionalLiveReloadServer    :59   [32m                  [0;39m LiveReload server is running on port 35729
2024-03-04 23:04:45.616 INFO  org.apache.coyote.http11.Http11NioProtocol        :173  [32m                  [0;39m Starting ProtocolHandler ["http-nio-8001"]
2024-03-04 23:04:45.619 INFO  o.s.boot.web.embedded.tomcat.TomcatWebServer      :226  [32m                  [0;39m Tomcat started on port(s): 8001 (http) with context path '/member'
2024-03-04 23:04:45.705 INFO  config.member.train.com.xboss.train.generator.ftl.MemberApplication   :57   [32m                  [0;39m Started MemberApplication in 0.676 seconds (process running for 20.759)
2024-03-04 23:04:45.706 INFO  o.s.b.d.a.ConditionEvaluationDeltaLoggingListener :63   [32m                  [0;39m Condition evaluation unchanged
2024-03-04 23:04:45.706 INFO  config.member.train.com.xboss.train.generator.ftl.MemberApplication   :22   [32m                  [0;39m 启动成功！！
2024-03-04 23:04:45.707 INFO  config.member.train.com.xboss.train.generator.ftl.MemberApplication   :23   [32m                  [0;39m 测试地址: 	http://127.0.0.1:8001/member/hello
2024-03-04 23:05:59.687 INFO  config.member.train.com.xboss.train.generator.ftl.MemberApplication   :51   [32m                  [0;39m Starting MemberApplication using Java 18.0.1.1 with PID 10996 (D:\projectAndcode\train\member\target\classes started by 86183 in D:\projectAndcode\train)
2024-03-04 23:05:59.689 INFO  config.member.train.com.xboss.train.generator.ftl.MemberApplication   :630  [32m                  [0;39m No active profile set, falling back to 1 default profile: "default"
2024-03-04 23:05:59.719 INFO  o.s.b.d.env.DevToolsPropertyDefaultsPostProcessor :250  [32m                  [0;39m Devtools property defaults active! Set 'spring.devtools.add-properties' to 'false' to disable
2024-03-04 23:05:59.719 INFO  o.s.b.d.env.DevToolsPropertyDefaultsPostProcessor :250  [32m                  [0;39m For additional web related logging consider setting the 'logging.level.web' property to 'DEBUG'
2024-03-04 23:06:00.161 INFO  o.springframework.cloud.context.scope.GenericScope:282  [32m                  [0;39m BeanFactory id=11cf42d7-5a9e-3951-a63a-0f837810288b
2024-03-04 23:06:00.612 INFO  o.s.boot.web.embedded.tomcat.TomcatWebServer      :114  [32m                  [0;39m Tomcat initialized with port(s): 8001 (http)
2024-03-04 23:06:00.613 INFO  org.apache.catalina.core.AprLifecycleListener     :173  [32m                  [0;39m An older version [1.2.35] of the Apache Tomcat Native library is installed, while Tomcat recommends a minimum version of [2.0.1]
2024-03-04 23:06:00.613 INFO  org.apache.catalina.core.AprLifecycleListener     :173  [32m                  [0;39m Loaded Apache Tomcat Native library [1.2.35] using APR version [1.7.0].
2024-03-04 23:06:00.616 INFO  org.apache.catalina.core.AprLifecycleListener     :173  [32m                  [0;39m OpenSSL successfully initialized [OpenSSL 1.1.1q  5 Jul 2022]
2024-03-04 23:06:00.621 INFO  org.apache.coyote.http11.Http11NioProtocol        :173  [32m                  [0;39m Initializing ProtocolHandler ["http-nio-8001"]
2024-03-04 23:06:00.622 INFO  org.apache.catalina.core.StandardService          :173  [32m                  [0;39m Starting service [Tomcat]
2024-03-04 23:06:00.622 INFO  org.apache.catalina.core.StandardEngine           :173  [32m                  [0;39m Starting Servlet engine: [Apache Tomcat/10.1.1]
2024-03-04 23:06:00.666 INFO  o.a.c.c.C.[Tomcat].[localhost].[/member]          :173  [32m                  [0;39m Initializing Spring embedded WebApplicationContext
2024-03-04 23:06:00.666 INFO  o.s.b.w.s.c.ServletWebServerApplicationContext    :291  [32m                  [0;39m Root WebApplicationContext: initialization completed in 947 ms
2024-03-04 23:06:00.966 WARN  o.s.b.w.s.c.AnnotationConfigServletWebServerApplicationContext:592  [32m                  [0;39m Exception encountered during context initialization - cancelling refresh attempt: org.springframework.beans.factory.BeanCreationException: Error creating bean with name 'dataSource' defined in class path resource [org/springframework/boot/autoconfigure/jdbc/DataSourceConfiguration$Hikari.class]: Failed to instantiate [com.zaxxer.hikari.HikariDataSource]: Factory method 'dataSource' threw exception with message: Failed to determine a suitable driver class
2024-03-04 23:06:00.968 INFO  org.apache.catalina.core.StandardService          :173  [32m                  [0;39m Stopping service [Tomcat]
2024-03-04 23:06:00.980 INFO  o.s.b.a.logging.ConditionEvaluationReportLogger   :82   [32m                  [0;39m 

Error starting ApplicationContext. To display the condition evaluation report re-run your application with 'debug' enabled.
2024-03-04 23:06:00.993 ERROR o.s.b.diagnostics.LoggingFailureAnalysisReporter  :40   [32m                  [0;39m 

***************************
APPLICATION FAILED TO START
***************************

Description:

Failed to configure a DataSource: 'url' attribute is not specified and no embedded datasource could be configured.

Reason: Failed to determine a suitable driver class


Action:

Consider the following:
	If you want an embedded database (H2, HSQL or Derby), please put it on the classpath.
	If you have database settings to be loaded from a particular profile you may need to activate it (no profiles are currently active).

2024-03-04 23:06:18.048 INFO  config.member.train.com.xboss.train.generator.ftl.MemberApplication   :51   [32m                  [0;39m Starting MemberApplication using Java 18.0.1.1 with PID 34944 (D:\projectAndcode\train\member\target\classes started by 86183 in D:\projectAndcode\train)
2024-03-04 23:06:18.050 INFO  config.member.train.com.xboss.train.generator.ftl.MemberApplication   :630  [32m                  [0;39m No active profile set, falling back to 1 default profile: "default"
2024-03-04 23:06:18.079 INFO  o.s.b.d.env.DevToolsPropertyDefaultsPostProcessor :250  [32m                  [0;39m Devtools property defaults active! Set 'spring.devtools.add-properties' to 'false' to disable
2024-03-04 23:06:18.079 INFO  o.s.b.d.env.DevToolsPropertyDefaultsPostProcessor :250  [32m                  [0;39m For additional web related logging consider setting the 'logging.level.web' property to 'DEBUG'
2024-03-04 23:06:18.528 INFO  o.springframework.cloud.context.scope.GenericScope:282  [32m                  [0;39m BeanFactory id=11cf42d7-5a9e-3951-a63a-0f837810288b
2024-03-04 23:06:18.991 INFO  o.s.boot.web.embedded.tomcat.TomcatWebServer      :114  [32m                  [0;39m Tomcat initialized with port(s): 8001 (http)
2024-03-04 23:06:18.992 INFO  org.apache.catalina.core.AprLifecycleListener     :173  [32m                  [0;39m An older version [1.2.35] of the Apache Tomcat Native library is installed, while Tomcat recommends a minimum version of [2.0.1]
2024-03-04 23:06:18.992 INFO  org.apache.catalina.core.AprLifecycleListener     :173  [32m                  [0;39m Loaded Apache Tomcat Native library [1.2.35] using APR version [1.7.0].
2024-03-04 23:06:18.995 INFO  org.apache.catalina.core.AprLifecycleListener     :173  [32m                  [0;39m OpenSSL successfully initialized [OpenSSL 1.1.1q  5 Jul 2022]
2024-03-04 23:06:19.002 INFO  org.apache.coyote.http11.Http11NioProtocol        :173  [32m                  [0;39m Initializing ProtocolHandler ["http-nio-8001"]
2024-03-04 23:06:19.002 INFO  org.apache.catalina.core.StandardService          :173  [32m                  [0;39m Starting service [Tomcat]
2024-03-04 23:06:19.003 INFO  org.apache.catalina.core.StandardEngine           :173  [32m                  [0;39m Starting Servlet engine: [Apache Tomcat/10.1.1]
2024-03-04 23:06:19.049 INFO  o.a.c.c.C.[Tomcat].[localhost].[/member]          :173  [32m                  [0;39m Initializing Spring embedded WebApplicationContext
2024-03-04 23:06:19.049 INFO  o.s.b.w.s.c.ServletWebServerApplicationContext    :291  [32m                  [0;39m Root WebApplicationContext: initialization completed in 969 ms
2024-03-04 23:06:19.451 INFO  o.s.b.d.autoconfigure.OptionalLiveReloadServer    :59   [32m                  [0;39m LiveReload server is running on port 35729
2024-03-04 23:06:19.582 INFO  org.apache.coyote.http11.Http11NioProtocol        :173  [32m                  [0;39m Starting ProtocolHandler ["http-nio-8001"]
2024-03-04 23:06:19.597 INFO  o.s.boot.web.embedded.tomcat.TomcatWebServer      :226  [32m                  [0;39m Tomcat started on port(s): 8001 (http) with context path '/member'
2024-03-04 23:06:19.693 INFO  config.member.train.com.xboss.train.generator.ftl.MemberApplication   :57   [32m                  [0;39m Started MemberApplication in 2.083 seconds (process running for 2.567)
2024-03-04 23:06:19.696 INFO  config.member.train.com.xboss.train.generator.ftl.MemberApplication   :22   [32m                  [0;39m 启动成功！！
2024-03-04 23:06:19.696 INFO  config.member.train.com.xboss.train.generator.ftl.MemberApplication   :23   [32m                  [0;39m 测试地址: 	http://127.0.0.1:8001/member/hello
2024-03-04 23:07:01.017 INFO  config.member.train.com.xboss.train.generator.ftl.MemberApplication   :51   [32m                  [0;39m Starting MemberApplication using Java 18.0.1.1 with PID 21416 (D:\projectAndcode\train\member\target\classes started by 86183 in D:\projectAndcode\train)
2024-03-04 23:07:01.019 INFO  config.member.train.com.xboss.train.generator.ftl.MemberApplication   :630  [32m                  [0;39m No active profile set, falling back to 1 default profile: "default"
2024-03-04 23:07:01.053 INFO  o.s.b.d.env.DevToolsPropertyDefaultsPostProcessor :250  [32m                  [0;39m Devtools property defaults active! Set 'spring.devtools.add-properties' to 'false' to disable
2024-03-04 23:07:01.053 INFO  o.s.b.d.env.DevToolsPropertyDefaultsPostProcessor :250  [32m                  [0;39m For additional web related logging consider setting the 'logging.level.web' property to 'DEBUG'
2024-03-04 23:07:01.492 INFO  o.springframework.cloud.context.scope.GenericScope:282  [32m                  [0;39m BeanFactory id=11cf42d7-5a9e-3951-a63a-0f837810288b
2024-03-04 23:07:01.945 INFO  o.s.boot.web.embedded.tomcat.TomcatWebServer      :114  [32m                  [0;39m Tomcat initialized with port(s): 8001 (http)
2024-03-04 23:07:01.946 INFO  org.apache.catalina.core.AprLifecycleListener     :173  [32m                  [0;39m An older version [1.2.35] of the Apache Tomcat Native library is installed, while Tomcat recommends a minimum version of [2.0.1]
2024-03-04 23:07:01.946 INFO  org.apache.catalina.core.AprLifecycleListener     :173  [32m                  [0;39m Loaded Apache Tomcat Native library [1.2.35] using APR version [1.7.0].
2024-03-04 23:07:01.948 INFO  org.apache.catalina.core.AprLifecycleListener     :173  [32m                  [0;39m OpenSSL successfully initialized [OpenSSL 1.1.1q  5 Jul 2022]
2024-03-04 23:07:01.955 INFO  org.apache.coyote.http11.Http11NioProtocol        :173  [32m                  [0;39m Initializing ProtocolHandler ["http-nio-8001"]
2024-03-04 23:07:01.955 INFO  org.apache.catalina.core.StandardService          :173  [32m                  [0;39m Starting service [Tomcat]
2024-03-04 23:07:01.955 INFO  org.apache.catalina.core.StandardEngine           :173  [32m                  [0;39m Starting Servlet engine: [Apache Tomcat/10.1.1]
2024-03-04 23:07:01.998 INFO  o.a.c.c.C.[Tomcat].[localhost].[/member]          :173  [32m                  [0;39m Initializing Spring embedded WebApplicationContext
2024-03-04 23:07:01.998 INFO  o.s.b.w.s.c.ServletWebServerApplicationContext    :291  [32m                  [0;39m Root WebApplicationContext: initialization completed in 944 ms
2024-03-04 23:07:02.413 INFO  o.s.b.d.autoconfigure.OptionalLiveReloadServer    :59   [32m                  [0;39m LiveReload server is running on port 35729
2024-03-04 23:07:02.549 INFO  org.apache.coyote.http11.Http11NioProtocol        :173  [32m                  [0;39m Starting ProtocolHandler ["http-nio-8001"]
2024-03-04 23:07:02.565 INFO  o.s.boot.web.embedded.tomcat.TomcatWebServer      :226  [32m                  [0;39m Tomcat started on port(s): 8001 (http) with context path '/member'
2024-03-04 23:07:02.660 INFO  config.member.train.com.xboss.train.generator.ftl.MemberApplication   :57   [32m                  [0;39m Started MemberApplication in 2.094 seconds (process running for 2.586)
2024-03-04 23:07:02.662 INFO  config.member.train.com.xboss.train.generator.ftl.MemberApplication   :22   [32m                  [0;39m 启动成功！！
2024-03-04 23:07:02.662 INFO  config.member.train.com.xboss.train.generator.ftl.MemberApplication   :23   [32m                  [0;39m 测试地址: 	http://127.0.0.1:8001/member/hello
2024-03-04 23:26:28.765 INFO  config.member.train.com.xboss.train.generator.ftl.MemberApplication   :51   [32m                  [0;39m Starting MemberApplication using Java 18.0.1.1 with PID 30684 (D:\projectAndcode\train\member\target\classes started by 86183 in D:\projectAndcode\train)
2024-03-04 23:26:28.767 INFO  config.member.train.com.xboss.train.generator.ftl.MemberApplication   :630  [32m                  [0;39m No active profile set, falling back to 1 default profile: "default"
2024-03-04 23:26:28.799 INFO  o.s.b.d.env.DevToolsPropertyDefaultsPostProcessor :250  [32m                  [0;39m Devtools property defaults active! Set 'spring.devtools.add-properties' to 'false' to disable
2024-03-04 23:26:28.799 INFO  o.s.b.d.env.DevToolsPropertyDefaultsPostProcessor :250  [32m                  [0;39m For additional web related logging consider setting the 'logging.level.web' property to 'DEBUG'
2024-03-04 23:26:29.250 INFO  o.springframework.cloud.context.scope.GenericScope:282  [32m                  [0;39m BeanFactory id=5484aee1-a7e7-3e52-a3b2-5f349c609923
2024-03-04 23:26:29.287 WARN  o.s.core.LocalVariableTableParameterNameDiscoverer:123  [32m                  [0;39m Using deprecated '-debug' fallback for parameter name resolution. Compile the affected code with '-parameters' instead or avoid its introspection: org.mybatis.spring.mapper.MapperFactoryBean
2024-03-04 23:26:29.707 INFO  o.s.boot.web.embedded.tomcat.TomcatWebServer      :114  [32m                  [0;39m Tomcat initialized with port(s): 8001 (http)
2024-03-04 23:26:29.708 INFO  org.apache.catalina.core.AprLifecycleListener     :173  [32m                  [0;39m An older version [1.2.35] of the Apache Tomcat Native library is installed, while Tomcat recommends a minimum version of [2.0.1]
2024-03-04 23:26:29.708 INFO  org.apache.catalina.core.AprLifecycleListener     :173  [32m                  [0;39m Loaded Apache Tomcat Native library [1.2.35] using APR version [1.7.0].
2024-03-04 23:26:29.711 INFO  org.apache.catalina.core.AprLifecycleListener     :173  [32m                  [0;39m OpenSSL successfully initialized [OpenSSL 1.1.1q  5 Jul 2022]
2024-03-04 23:26:29.717 INFO  org.apache.coyote.http11.Http11NioProtocol        :173  [32m                  [0;39m Initializing ProtocolHandler ["http-nio-8001"]
2024-03-04 23:26:29.718 INFO  org.apache.catalina.core.StandardService          :173  [32m                  [0;39m Starting service [Tomcat]
2024-03-04 23:26:29.718 INFO  org.apache.catalina.core.StandardEngine           :173  [32m                  [0;39m Starting Servlet engine: [Apache Tomcat/10.1.1]
2024-03-04 23:26:29.761 INFO  o.a.c.c.C.[Tomcat].[localhost].[/member]          :173  [32m                  [0;39m Initializing Spring embedded WebApplicationContext
2024-03-04 23:26:29.761 INFO  o.s.b.w.s.c.ServletWebServerApplicationContext    :291  [32m                  [0;39m Root WebApplicationContext: initialization completed in 962 ms
2024-03-04 23:26:29.801 WARN  o.s.b.w.s.c.AnnotationConfigServletWebServerApplicationContext:592  [32m                  [0;39m Exception encountered during context initialization - cancelling refresh attempt: org.springframework.beans.factory.BeanCreationException: Error creating bean with name 'memberController': Injection of resource dependencies failed
2024-03-04 23:26:29.803 INFO  org.apache.catalina.core.StandardService          :173  [32m                  [0;39m Stopping service [Tomcat]
2024-03-04 23:26:29.814 INFO  o.s.b.a.logging.ConditionEvaluationReportLogger   :82   [32m                  [0;39m 

Error starting ApplicationContext. To display the condition evaluation report re-run your application with 'debug' enabled.
2024-03-04 23:26:29.829 ERROR org.springframework.boot.SpringApplication        :820  [32m                  [0;39m Application run failed
org.springframework.beans.factory.BeanCreationException: Error creating bean with name 'memberController': Injection of resource dependencies failed
	at org.springframework.context.annotation.CommonAnnotationBeanPostProcessor.postProcessProperties(CommonAnnotationBeanPostProcessor.java:303)
	at org.springframework.beans.factory.support.AbstractAutowireCapableBeanFactory.populateBean(AbstractAutowireCapableBeanFactory.java:1397)
	at org.springframework.beans.factory.support.AbstractAutowireCapableBeanFactory.doCreateBean(AbstractAutowireCapableBeanFactory.java:598)
	at org.springframework.beans.factory.support.AbstractAutowireCapableBeanFactory.createBean(AbstractAutowireCapableBeanFactory.java:521)
	at org.springframework.beans.factory.support.AbstractBeanFactory.lambda$doGetBean$0(AbstractBeanFactory.java:326)
	at org.springframework.beans.factory.support.DefaultSingletonBeanRegistry.getSingleton(DefaultSingletonBeanRegistry.java:234)
	at org.springframework.beans.factory.support.AbstractBeanFactory.doGetBean(AbstractBeanFactory.java:324)
	at org.springframework.beans.factory.support.AbstractBeanFactory.getBean(AbstractBeanFactory.java:200)
	at org.springframework.beans.factory.support.DefaultListableBeanFactory.preInstantiateSingletons(DefaultListableBeanFactory.java:961)
	at org.springframework.context.support.AbstractApplicationContext.finishBeanFactoryInitialization(AbstractApplicationContext.java:915)
	at org.springframework.context.support.AbstractApplicationContext.refresh(AbstractApplicationContext.java:584)
	at org.springframework.boot.web.servlet.context.ServletWebServerApplicationContext.refresh(ServletWebServerApplicationContext.java:146)
	at org.springframework.boot.SpringApplication.refresh(SpringApplication.java:730)
	at org.springframework.boot.SpringApplication.refreshContext(SpringApplication.java:432)
	at org.springframework.boot.SpringApplication.run(SpringApplication.java:308)
	at config.member.train.com.xboss.train.generator.ftl.MemberApplication.main(MemberApplication.java:23)
	at java.base/jdk.internal.reflect.DirectMethodHandleAccessor.invoke(DirectMethodHandleAccessor.java:104)
	at java.base/java.lang.reflect.Method.invoke(Method.java:577)
	at org.springframework.boot.devtools.restart.RestartLauncher.run(RestartLauncher.java:49)
Caused by: org.springframework.beans.factory.BeanCreationException: Error creating bean with name 'memberService': Injection of resource dependencies failed
	at org.springframework.context.annotation.CommonAnnotationBeanPostProcessor.postProcessProperties(CommonAnnotationBeanPostProcessor.java:303)
	at org.springframework.beans.factory.support.AbstractAutowireCapableBeanFactory.populateBean(AbstractAutowireCapableBeanFactory.java:1397)
	at org.springframework.beans.factory.support.AbstractAutowireCapableBeanFactory.doCreateBean(AbstractAutowireCapableBeanFactory.java:598)
	at org.springframework.beans.factory.support.AbstractAutowireCapableBeanFactory.createBean(AbstractAutowireCapableBeanFactory.java:521)
	at org.springframework.beans.factory.support.AbstractBeanFactory.lambda$doGetBean$0(AbstractBeanFactory.java:326)
	at org.springframework.beans.factory.support.DefaultSingletonBeanRegistry.getSingleton(DefaultSingletonBeanRegistry.java:234)
	at org.springframework.beans.factory.support.AbstractBeanFactory.doGetBean(AbstractBeanFactory.java:324)
	at org.springframework.beans.factory.support.AbstractBeanFactory.getBean(AbstractBeanFactory.java:205)
	at org.springframework.beans.factory.support.AbstractAutowireCapableBeanFactory.resolveBeanByName(AbstractAutowireCapableBeanFactory.java:458)
	at org.springframework.context.annotation.CommonAnnotationBeanPostProcessor.autowireResource(CommonAnnotationBeanPostProcessor.java:496)
	at org.springframework.context.annotation.CommonAnnotationBeanPostProcessor.getResource(CommonAnnotationBeanPostProcessor.java:467)
	at org.springframework.context.annotation.CommonAnnotationBeanPostProcessor$ResourceElement.getResourceToInject(CommonAnnotationBeanPostProcessor.java:618)
	at org.springframework.beans.factory.annotation.InjectionMetadata$InjectedElement.inject(InjectionMetadata.java:236)
	at org.springframework.beans.factory.annotation.InjectionMetadata.inject(InjectionMetadata.java:127)
	at org.springframework.context.annotation.CommonAnnotationBeanPostProcessor.postProcessProperties(CommonAnnotationBeanPostProcessor.java:300)
	... 18 common frames omitted
Caused by: org.springframework.beans.factory.BeanCreationException: Error creating bean with name 'memberMapper' defined in file [D:\projectAndcode\train\member\target\classes\com\xboss\train\member\mapper\MemberMapper.class]: Property 'sqlSessionFactory' or 'sqlSessionTemplate' are required
	at org.springframework.beans.factory.support.AbstractAutowireCapableBeanFactory.initializeBean(AbstractAutowireCapableBeanFactory.java:1751)
	at org.springframework.beans.factory.support.AbstractAutowireCapableBeanFactory.doCreateBean(AbstractAutowireCapableBeanFactory.java:599)
	at org.springframework.beans.factory.support.AbstractAutowireCapableBeanFactory.createBean(AbstractAutowireCapableBeanFactory.java:521)
	at org.springframework.beans.factory.support.AbstractBeanFactory.lambda$doGetBean$0(AbstractBeanFactory.java:326)
	at org.springframework.beans.factory.support.DefaultSingletonBeanRegistry.getSingleton(DefaultSingletonBeanRegistry.java:234)
	at org.springframework.beans.factory.support.AbstractBeanFactory.doGetBean(AbstractBeanFactory.java:324)
	at org.springframework.beans.factory.support.AbstractBeanFactory.getBean(AbstractBeanFactory.java:205)
	at org.springframework.beans.factory.support.AbstractAutowireCapableBeanFactory.resolveBeanByName(AbstractAutowireCapableBeanFactory.java:458)
	at org.springframework.context.annotation.CommonAnnotationBeanPostProcessor.autowireResource(CommonAnnotationBeanPostProcessor.java:496)
	at org.springframework.context.annotation.CommonAnnotationBeanPostProcessor.getResource(CommonAnnotationBeanPostProcessor.java:467)
	at org.springframework.context.annotation.CommonAnnotationBeanPostProcessor$ResourceElement.getResourceToInject(CommonAnnotationBeanPostProcessor.java:618)
	at org.springframework.beans.factory.annotation.InjectionMetadata$InjectedElement.inject(InjectionMetadata.java:236)
	at org.springframework.beans.factory.annotation.InjectionMetadata.inject(InjectionMetadata.java:127)
	at org.springframework.context.annotation.CommonAnnotationBeanPostProcessor.postProcessProperties(CommonAnnotationBeanPostProcessor.java:300)
	... 32 common frames omitted
Caused by: java.lang.IllegalArgumentException: Property 'sqlSessionFactory' or 'sqlSessionTemplate' are required
	at org.springframework.util.Assert.notNull(Assert.java:204)
	at org.mybatis.spring.support.SqlSessionDaoSupport.checkDaoConfig(SqlSessionDaoSupport.java:122)
	at org.mybatis.spring.mapper.MapperFactoryBean.checkDaoConfig(MapperFactoryBean.java:73)
	at org.springframework.dao.support.DaoSupport.afterPropertiesSet(DaoSupport.java:44)
	at org.springframework.beans.factory.support.AbstractAutowireCapableBeanFactory.invokeInitMethods(AbstractAutowireCapableBeanFactory.java:1797)
	at org.springframework.beans.factory.support.AbstractAutowireCapableBeanFactory.initializeBean(AbstractAutowireCapableBeanFactory.java:1747)
	... 45 common frames omitted
2024-03-04 23:27:32.353 INFO  config.member.train.com.xboss.train.generator.ftl.MemberApplication   :51   [32m                  [0;39m Starting MemberApplication using Java 18.0.1.1 with PID 24844 (D:\projectAndcode\train\member\target\classes started by 86183 in D:\projectAndcode\train)
2024-03-04 23:27:32.355 INFO  config.member.train.com.xboss.train.generator.ftl.MemberApplication   :630  [32m                  [0;39m No active profile set, falling back to 1 default profile: "default"
2024-03-04 23:27:32.391 INFO  o.s.b.d.env.DevToolsPropertyDefaultsPostProcessor :250  [32m                  [0;39m Devtools property defaults active! Set 'spring.devtools.add-properties' to 'false' to disable
2024-03-04 23:27:32.392 INFO  o.s.b.d.env.DevToolsPropertyDefaultsPostProcessor :250  [32m                  [0;39m For additional web related logging consider setting the 'logging.level.web' property to 'DEBUG'
2024-03-04 23:27:32.915 INFO  o.springframework.cloud.context.scope.GenericScope:282  [32m                  [0;39m BeanFactory id=78f7dad7-711c-34f0-85b3-953b6fe546bb
2024-03-04 23:27:33.443 INFO  o.s.boot.web.embedded.tomcat.TomcatWebServer      :114  [32m                  [0;39m Tomcat initialized with port(s): 8001 (http)
2024-03-04 23:27:33.444 INFO  org.apache.catalina.core.AprLifecycleListener     :173  [32m                  [0;39m An older version [1.2.35] of the Apache Tomcat Native library is installed, while Tomcat recommends a minimum version of [2.0.1]
2024-03-04 23:27:33.445 INFO  org.apache.catalina.core.AprLifecycleListener     :173  [32m                  [0;39m Loaded Apache Tomcat Native library [1.2.35] using APR version [1.7.0].
2024-03-04 23:27:33.448 INFO  org.apache.catalina.core.AprLifecycleListener     :173  [32m                  [0;39m OpenSSL successfully initialized [OpenSSL 1.1.1q  5 Jul 2022]
2024-03-04 23:27:33.455 INFO  org.apache.coyote.http11.Http11NioProtocol        :173  [32m                  [0;39m Initializing ProtocolHandler ["http-nio-8001"]
2024-03-04 23:27:33.455 INFO  org.apache.catalina.core.StandardService          :173  [32m                  [0;39m Starting service [Tomcat]
2024-03-04 23:27:33.455 INFO  org.apache.catalina.core.StandardEngine           :173  [32m                  [0;39m Starting Servlet engine: [Apache Tomcat/10.1.1]
2024-03-04 23:27:33.503 INFO  o.a.c.c.C.[Tomcat].[localhost].[/member]          :173  [32m                  [0;39m Initializing Spring embedded WebApplicationContext
2024-03-04 23:27:33.504 INFO  o.s.b.w.s.c.ServletWebServerApplicationContext    :291  [32m                  [0;39m Root WebApplicationContext: initialization completed in 1112 ms
2024-03-04 23:27:34.112 INFO  o.s.b.d.autoconfigure.OptionalLiveReloadServer    :59   [32m                  [0;39m LiveReload server is running on port 35729
2024-03-04 23:27:34.244 INFO  org.apache.coyote.http11.Http11NioProtocol        :173  [32m                  [0;39m Starting ProtocolHandler ["http-nio-8001"]
2024-03-04 23:27:34.260 INFO  o.s.boot.web.embedded.tomcat.TomcatWebServer      :226  [32m                  [0;39m Tomcat started on port(s): 8001 (http) with context path '/member'
2024-03-04 23:27:34.356 INFO  config.member.train.com.xboss.train.generator.ftl.MemberApplication   :57   [32m                  [0;39m Started MemberApplication in 2.47 seconds (process running for 2.966)
2024-03-04 23:27:34.358 INFO  config.member.train.com.xboss.train.generator.ftl.MemberApplication   :24   [32m                  [0;39m 启动成功！！
2024-03-04 23:27:34.359 INFO  config.member.train.com.xboss.train.generator.ftl.MemberApplication   :25   [32m                  [0;39m 测试地址: 	http://127.0.0.1:8001/member/hello
2024-03-04 23:27:49.560 INFO  o.a.c.c.C.[Tomcat].[localhost].[/member]          :173  [32m                  [0;39m Initializing Spring DispatcherServlet 'dispatcherServlet'
2024-03-04 23:27:49.560 INFO  org.springframework.web.servlet.DispatcherServlet :525  [32m                  [0;39m Initializing Servlet 'dispatcherServlet'
2024-03-04 23:27:49.561 INFO  org.springframework.web.servlet.DispatcherServlet :547  [32m                  [0;39m Completed initialization in 1 ms
2024-03-04 23:29:47.437 INFO  config.member.train.com.xboss.train.generator.ftl.MemberApplication   :51   [32m                  [0;39m Starting MemberApplication using Java 18.0.1.1 with PID 28112 (D:\projectAndcode\train\member\target\classes started by 86183 in D:\projectAndcode\train)
2024-03-04 23:29:47.440 INFO  config.member.train.com.xboss.train.generator.ftl.MemberApplication   :630  [32m                  [0;39m No active profile set, falling back to 1 default profile: "default"
2024-03-04 23:29:47.471 INFO  o.s.b.d.env.DevToolsPropertyDefaultsPostProcessor :250  [32m                  [0;39m Devtools property defaults active! Set 'spring.devtools.add-properties' to 'false' to disable
2024-03-04 23:29:47.471 INFO  o.s.b.d.env.DevToolsPropertyDefaultsPostProcessor :250  [32m                  [0;39m For additional web related logging consider setting the 'logging.level.web' property to 'DEBUG'
2024-03-04 23:29:47.938 INFO  o.springframework.cloud.context.scope.GenericScope:282  [32m                  [0;39m BeanFactory id=78f7dad7-711c-34f0-85b3-953b6fe546bb
2024-03-04 23:29:48.398 INFO  o.s.boot.web.embedded.tomcat.TomcatWebServer      :114  [32m                  [0;39m Tomcat initialized with port(s): 8001 (http)
2024-03-04 23:29:48.399 INFO  org.apache.catalina.core.AprLifecycleListener     :173  [32m                  [0;39m An older version [1.2.35] of the Apache Tomcat Native library is installed, while Tomcat recommends a minimum version of [2.0.1]
2024-03-04 23:29:48.399 INFO  org.apache.catalina.core.AprLifecycleListener     :173  [32m                  [0;39m Loaded Apache Tomcat Native library [1.2.35] using APR version [1.7.0].
2024-03-04 23:29:48.402 INFO  org.apache.catalina.core.AprLifecycleListener     :173  [32m                  [0;39m OpenSSL successfully initialized [OpenSSL 1.1.1q  5 Jul 2022]
2024-03-04 23:29:48.408 INFO  org.apache.coyote.http11.Http11NioProtocol        :173  [32m                  [0;39m Initializing ProtocolHandler ["http-nio-8001"]
2024-03-04 23:29:48.409 INFO  org.apache.catalina.core.StandardService          :173  [32m                  [0;39m Starting service [Tomcat]
2024-03-04 23:29:48.409 INFO  org.apache.catalina.core.StandardEngine           :173  [32m                  [0;39m Starting Servlet engine: [Apache Tomcat/10.1.1]
2024-03-04 23:29:48.457 INFO  o.a.c.c.C.[Tomcat].[localhost].[/member]          :173  [32m                  [0;39m Initializing Spring embedded WebApplicationContext
2024-03-04 23:29:48.457 INFO  o.s.b.w.s.c.ServletWebServerApplicationContext    :291  [32m                  [0;39m Root WebApplicationContext: initialization completed in 986 ms
2024-03-04 23:29:48.999 INFO  o.s.b.d.autoconfigure.OptionalLiveReloadServer    :59   [32m                  [0;39m LiveReload server is running on port 35729
2024-03-04 23:29:49.136 INFO  org.apache.coyote.http11.Http11NioProtocol        :173  [32m                  [0;39m Starting ProtocolHandler ["http-nio-8001"]
2024-03-04 23:29:49.152 INFO  o.s.boot.web.embedded.tomcat.TomcatWebServer      :226  [32m                  [0;39m Tomcat started on port(s): 8001 (http) with context path '/member'
2024-03-04 23:29:49.250 INFO  config.member.train.com.xboss.train.generator.ftl.MemberApplication   :57   [32m                  [0;39m Started MemberApplication in 2.258 seconds (process running for 2.737)
2024-03-04 23:29:49.252 INFO  config.member.train.com.xboss.train.generator.ftl.MemberApplication   :24   [32m                  [0;39m 启动成功！！
2024-03-04 23:29:49.253 INFO  config.member.train.com.xboss.train.generator.ftl.MemberApplication   :25   [32m                  [0;39m 测试地址: 	http://127.0.0.1:8001/member/hello
2024-03-04 23:30:06.768 INFO  o.a.c.c.C.[Tomcat].[localhost].[/member]          :173  [32m                  [0;39m Initializing Spring DispatcherServlet 'dispatcherServlet'
2024-03-04 23:30:06.768 INFO  org.springframework.web.servlet.DispatcherServlet :525  [32m                  [0;39m Initializing Servlet 'dispatcherServlet'
2024-03-04 23:30:06.769 INFO  org.springframework.web.servlet.DispatcherServlet :547  [32m                  [0;39m Completed initialization in 1 ms
2024-03-04 23:32:36.406 INFO  aspect.common.train.com.xboss.train.generator.ftl.LogAspect           :48   [32m                  [0;39m ------------- 开始 -------------
2024-03-04 23:32:36.407 INFO  aspect.common.train.com.xboss.train.generator.ftl.LogAspect           :49   [32m                  [0;39m 请求地址: http://localhost:8001/member/member/count GET
2024-03-04 23:32:36.407 INFO  aspect.common.train.com.xboss.train.generator.ftl.LogAspect           :50   [32m                  [0;39m 类名方法: controller.member.train.com.xboss.train.generator.ftl.memberController.count
2024-03-04 23:32:36.407 INFO  aspect.common.train.com.xboss.train.generator.ftl.LogAspect           :51   [32m                  [0;39m 远程地址: 0:0:0:0:0:0:0:1
2024-03-04 23:32:36.434 INFO  aspect.common.train.com.xboss.train.generator.ftl.LogAspect           :72   [32m                  [0;39m 请求参数: []
2024-03-04 23:32:36.446 INFO  com.zaxxer.hikari.HikariDataSource                :110  [32m                  [0;39m HikariPool-1 - Starting...
2024-03-04 23:32:36.674 INFO  com.zaxxer.hikari.pool.HikariPool                 :565  [32m                  [0;39m HikariPool-1 - Added connection com.mysql.cj.jdbc.ConnectionImpl@20fbf61f
2024-03-04 23:32:36.676 INFO  com.zaxxer.hikari.HikariDataSource                :123  [32m                  [0;39m HikariPool-1 - Start completed.
2024-03-04 23:32:36.681 DEBUG mapper.member.train.com.xboss.train.generator.ftl.MemberMapper.count  :137  [32m                  [0;39m ==>  Preparing: select count(1) from member
2024-03-04 23:32:36.698 DEBUG mapper.member.train.com.xboss.train.generator.ftl.MemberMapper.count  :137  [32m                  [0;39m ==> Parameters:
2024-03-04 23:32:36.714 TRACE mapper.member.train.com.xboss.train.generator.ftl.MemberMapper.count  :143  [32m                  [0;39m <==    Columns: count(1)
2024-03-04 23:32:36.714 TRACE mapper.member.train.com.xboss.train.generator.ftl.MemberMapper.count  :143  [32m                  [0;39m <==        Row: 0
2024-03-04 23:32:36.719 DEBUG mapper.member.train.com.xboss.train.generator.ftl.MemberMapper.count  :137  [32m                  [0;39m <==      Total: 1
2024-03-04 23:32:36.723 INFO  aspect.common.train.com.xboss.train.generator.ftl.LogAspect           :84   [32m                  [0;39m 返回结果: 0
2024-03-04 23:32:36.723 INFO  aspect.common.train.com.xboss.train.generator.ftl.LogAspect           :85   [32m                  [0;39m ------------- 结束 耗时：317 ms -------------
