2024-03-15 17:29:03.769 INFO  org.hibernate.validator.internal.util.Version     :21   [32m                  [0;39m HV000001: Hibernate Validator 8.0.0.Final
2024-03-15 17:29:03.794 INFO  com.xboss.train.member.config.MemberApplication   :51   [32m                  [0;39m Starting MemberApplication using Java 18.0.1.1 with PID 28924 (D:\projectAndcode\train\member\target\classes started by 86183 in D:\projectAndcode\train)
2024-03-15 17:29:03.795 INFO  com.xboss.train.member.config.MemberApplication   :630  [32m                  [0;39m No active profile set, falling back to 1 default profile: "default"
2024-03-15 17:29:03.830 INFO  o.s.b.d.env.DevToolsPropertyDefaultsPostProcessor :250  [32m                  [0;39m Devtools property defaults active! Set 'spring.devtools.add-properties' to 'false' to disable
2024-03-15 17:29:03.831 INFO  o.s.b.d.env.DevToolsPropertyDefaultsPostProcessor :250  [32m                  [0;39m For additional web related logging consider setting the 'logging.level.web' property to 'DEBUG'
2024-03-15 17:29:04.335 INFO  o.springframework.cloud.context.scope.GenericScope:282  [32m                  [0;39m BeanFactory id=a03d1ca8-ea66-3a43-beaa-9f211e589365
2024-03-15 17:29:04.798 INFO  o.s.boot.web.embedded.tomcat.TomcatWebServer      :114  [32m                  [0;39m Tomcat initialized with port(s): 8001 (http)
2024-03-15 17:29:04.799 INFO  org.apache.catalina.core.AprLifecycleListener     :173  [32m                  [0;39m An older version [1.2.35] of the Apache Tomcat Native library is installed, while Tomcat recommends a minimum version of [2.0.1]
2024-03-15 17:29:04.800 INFO  org.apache.catalina.core.AprLifecycleListener     :173  [32m                  [0;39m Loaded Apache Tomcat Native library [1.2.35] using APR version [1.7.0].
2024-03-15 17:29:04.802 INFO  org.apache.catalina.core.AprLifecycleListener     :173  [32m                  [0;39m OpenSSL successfully initialized [OpenSSL 1.1.1q  5 Jul 2022]
2024-03-15 17:29:04.810 INFO  org.apache.coyote.http11.Http11NioProtocol        :173  [32m                  [0;39m Initializing ProtocolHandler ["http-nio-8001"]
2024-03-15 17:29:04.810 INFO  org.apache.catalina.core.StandardService          :173  [32m                  [0;39m Starting service [Tomcat]
2024-03-15 17:29:04.811 INFO  org.apache.catalina.core.StandardEngine           :173  [32m                  [0;39m Starting Servlet engine: [Apache Tomcat/10.1.1]
2024-03-15 17:29:04.858 INFO  o.a.c.c.C.[Tomcat].[localhost].[/member]          :173  [32m                  [0;39m Initializing Spring embedded WebApplicationContext
2024-03-15 17:29:04.858 INFO  o.s.b.w.s.c.ServletWebServerApplicationContext    :291  [32m                  [0;39m Root WebApplicationContext: initialization completed in 1027 ms
2024-03-15 17:29:05.599 INFO  o.s.b.d.autoconfigure.OptionalLiveReloadServer    :59   [32m                  [0;39m LiveReload server is running on port 35729
2024-03-15 17:29:05.746 INFO  org.apache.coyote.http11.Http11NioProtocol        :173  [32m                  [0;39m Starting ProtocolHandler ["http-nio-8001"]
2024-03-15 17:29:05.765 INFO  o.s.boot.web.embedded.tomcat.TomcatWebServer      :226  [32m                  [0;39m Tomcat started on port(s): 8001 (http) with context path '/member'
2024-03-15 17:29:05.864 INFO  com.xboss.train.member.config.MemberApplication   :57   [32m                  [0;39m Started MemberApplication in 2.518 seconds (process running for 3.088)
2024-03-15 17:29:05.867 INFO  com.xboss.train.member.config.MemberApplication   :24   [32m                  [0;39m 启动成功！！
2024-03-15 17:29:05.867 INFO  com.xboss.train.member.config.MemberApplication   :25   [32m                  [0;39m 测试地址: 	http://127.0.0.1:8001/member/hello
2024-03-15 17:29:16.840 INFO  org.hibernate.validator.internal.util.Version     :21   [32m                  [0;39m HV000001: Hibernate Validator 8.0.0.Final
2024-03-15 17:29:16.864 INFO  com.xboss.train.member.config.MemberApplication   :51   [32m                  [0;39m Starting MemberApplication using Java 18.0.1.1 with PID 944 (D:\projectAndcode\train\member\target\classes started by 86183 in D:\projectAndcode\train)
2024-03-15 17:29:16.865 INFO  com.xboss.train.member.config.MemberApplication   :630  [32m                  [0;39m No active profile set, falling back to 1 default profile: "default"
2024-03-15 17:29:16.898 INFO  o.s.b.d.env.DevToolsPropertyDefaultsPostProcessor :250  [32m                  [0;39m Devtools property defaults active! Set 'spring.devtools.add-properties' to 'false' to disable
2024-03-15 17:29:16.898 INFO  o.s.b.d.env.DevToolsPropertyDefaultsPostProcessor :250  [32m                  [0;39m For additional web related logging consider setting the 'logging.level.web' property to 'DEBUG'
2024-03-15 17:29:17.398 INFO  o.springframework.cloud.context.scope.GenericScope:282  [32m                  [0;39m BeanFactory id=a03d1ca8-ea66-3a43-beaa-9f211e589365
2024-03-15 17:29:17.841 INFO  o.s.boot.web.embedded.tomcat.TomcatWebServer      :114  [32m                  [0;39m Tomcat initialized with port(s): 8001 (http)
2024-03-15 17:29:17.842 INFO  org.apache.catalina.core.AprLifecycleListener     :173  [32m                  [0;39m An older version [1.2.35] of the Apache Tomcat Native library is installed, while Tomcat recommends a minimum version of [2.0.1]
2024-03-15 17:29:17.842 INFO  org.apache.catalina.core.AprLifecycleListener     :173  [32m                  [0;39m Loaded Apache Tomcat Native library [1.2.35] using APR version [1.7.0].
2024-03-15 17:29:17.845 INFO  org.apache.catalina.core.AprLifecycleListener     :173  [32m                  [0;39m OpenSSL successfully initialized [OpenSSL 1.1.1q  5 Jul 2022]
2024-03-15 17:29:17.853 INFO  org.apache.coyote.http11.Http11NioProtocol        :173  [32m                  [0;39m Initializing ProtocolHandler ["http-nio-8001"]
2024-03-15 17:29:17.854 INFO  org.apache.catalina.core.StandardService          :173  [32m                  [0;39m Starting service [Tomcat]
2024-03-15 17:29:17.854 INFO  org.apache.catalina.core.StandardEngine           :173  [32m                  [0;39m Starting Servlet engine: [Apache Tomcat/10.1.1]
2024-03-15 17:29:17.901 INFO  o.a.c.c.C.[Tomcat].[localhost].[/member]          :173  [32m                  [0;39m Initializing Spring embedded WebApplicationContext
2024-03-15 17:29:17.901 INFO  o.s.b.w.s.c.ServletWebServerApplicationContext    :291  [32m                  [0;39m Root WebApplicationContext: initialization completed in 1002 ms
2024-03-15 17:29:18.546 INFO  o.s.b.d.autoconfigure.OptionalLiveReloadServer    :59   [32m                  [0;39m LiveReload server is running on port 35729
2024-03-15 17:29:18.685 INFO  org.apache.coyote.http11.Http11NioProtocol        :173  [32m                  [0;39m Starting ProtocolHandler ["http-nio-8001"]
2024-03-15 17:29:18.705 INFO  o.s.boot.web.embedded.tomcat.TomcatWebServer      :226  [32m                  [0;39m Tomcat started on port(s): 8001 (http) with context path '/member'
2024-03-15 17:29:18.808 INFO  com.xboss.train.member.config.MemberApplication   :57   [32m                  [0;39m Started MemberApplication in 2.563 seconds (process running for 3.363)
2024-03-15 17:29:18.810 INFO  com.xboss.train.member.config.MemberApplication   :24   [32m                  [0;39m 启动成功！！
2024-03-15 17:29:18.811 INFO  com.xboss.train.member.config.MemberApplication   :25   [32m                  [0;39m 测试地址: 	http://127.0.0.1:8001/member/hello
