2025-02-21 21:09:12.570 INFO  org.hibernate.validator.internal.util.Version     :21   [32m                  [0;39m HV000001: Hibernate Validator 8.0.0.Final
2025-02-21 21:09:12.611 INFO  c.xboss.train.business.config.BusinessApplication :51   [32m                  [0;39m Starting BusinessApplication using Java 18.0.1.1 with PID 12076 (D:\projectAndcode\train\business\target\classes started by 86183 in D:\projectAndcode\train)
2025-02-21 21:09:12.612 INFO  c.xboss.train.business.config.BusinessApplication :630  [32m                  [0;39m No active profile set, falling back to 1 default profile: "default"
2025-02-21 21:09:12.662 INFO  o.s.b.d.env.DevToolsPropertyDefaultsPostProcessor :250  [32m                  [0;39m Devtools property defaults active! Set 'spring.devtools.add-properties' to 'false' to disable
2025-02-21 21:09:12.663 INFO  o.s.b.d.env.DevToolsPropertyDefaultsPostProcessor :250  [32m                  [0;39m For additional web related logging consider setting the 'logging.level.web' property to 'DEBUG'
2025-02-21 21:09:13.753 INFO  o.s.d.r.config.RepositoryConfigurationDelegate    :294  [32m                  [0;39m Multiple Spring Data modules found, entering strict repository configuration mode
2025-02-21 21:09:13.756 INFO  o.s.d.r.config.RepositoryConfigurationDelegate    :138  [32m                  [0;39m Bootstrapping Spring Data Redis repositories in DEFAULT mode.
2025-02-21 21:09:13.791 INFO  o.s.d.r.config.RepositoryConfigurationDelegate    :208  [32m                  [0;39m Finished Spring Data repository scanning in 14 ms. Found 0 Redis repository interfaces.
2025-02-21 21:09:14.078 INFO  o.springframework.cloud.context.scope.GenericScope:282  [32m                  [0;39m BeanFactory id=b899719b-221b-3238-a471-34875363a9de
2025-02-21 21:09:15.236 INFO  o.s.boot.web.embedded.tomcat.TomcatWebServer      :114  [32m                  [0;39m Tomcat initialized with port(s): 8002 (http)
2025-02-21 21:09:15.238 INFO  org.apache.catalina.core.AprLifecycleListener     :173  [32m                  [0;39m An older version [1.2.35] of the Apache Tomcat Native library is installed, while Tomcat recommends a minimum version of [2.0.1]
2025-02-21 21:09:15.238 INFO  org.apache.catalina.core.AprLifecycleListener     :173  [32m                  [0;39m Loaded Apache Tomcat Native library [1.2.35] using APR version [1.7.0].
2025-02-21 21:09:15.244 INFO  org.apache.catalina.core.AprLifecycleListener     :173  [32m                  [0;39m OpenSSL successfully initialized [OpenSSL 1.1.1q  5 Jul 2022]
2025-02-21 21:09:15.260 INFO  org.apache.coyote.http11.Http11NioProtocol        :173  [32m                  [0;39m Initializing ProtocolHandler ["http-nio-8002"]
2025-02-21 21:09:15.270 INFO  org.apache.catalina.core.StandardService          :173  [32m                  [0;39m Starting service [Tomcat]
2025-02-21 21:09:15.270 INFO  org.apache.catalina.core.StandardEngine           :173  [32m                  [0;39m Starting Servlet engine: [Apache Tomcat/10.1.1]
2025-02-21 21:09:15.366 INFO  o.a.c.c.C.[Tomcat].[localhost].[/business]        :173  [32m                  [0;39m Initializing Spring embedded WebApplicationContext
2025-02-21 21:09:15.367 INFO  o.s.b.w.s.c.ServletWebServerApplicationContext    :291  [32m                  [0;39m Root WebApplicationContext: initialization completed in 2703 ms
2025-02-21 21:09:16.773 INFO  c.alibaba.cloud.sentinel.SentinelWebMvcConfigurer :52   [32m                  [0;39m [Sentinel Starter] register SentinelWebInterceptor with urlPatterns: [/**].
2025-02-21 21:09:17.742 WARN  o.s.b.d.autoconfigure.OptionalLiveReloadServer    :62   [32m                  [0;39m Unable to start LiveReload server
2025-02-21 21:09:18.406 WARN  o.s.c.l.c.LoadBalancerCacheAutoConfiguration$LoadBalancerCaffeineWarnLogger:81   [32m                  [0;39m Spring Cloud LoadBalancer is currently working with the default cache. While this cache implementation is useful for development and tests, it's recommended to use Caffeine cache in production.You can switch to using Caffeine cache, by adding it and org.springframework.cache.caffeine.CaffeineCacheManager to the classpath.
2025-02-21 21:09:18.664 INFO  org.apache.coyote.http11.Http11NioProtocol        :173  [32m                  [0;39m Starting ProtocolHandler ["http-nio-8002"]
2025-02-21 21:09:18.770 INFO  o.s.boot.web.embedded.tomcat.TomcatWebServer      :226  [32m                  [0;39m Tomcat started on port(s): 8002 (http) with context path '/business'
2025-02-21 21:09:19.280 INFO  c.xboss.train.business.config.BusinessApplication :57   [32m                  [0;39m Started BusinessApplication in 7.391 seconds (process running for 8.279)
2025-02-21 21:09:19.284 INFO  c.xboss.train.business.config.BusinessApplication :24   [32m                  [0;39m å¯åŠ¨æˆåŠŸï¼ï¼
2025-02-21 21:09:19.284 INFO  c.xboss.train.business.config.BusinessApplication :25   [32m                  [0;39m ç½‘å…³åœ°å€: 	http://127.0.0.1:8002
2025-02-21 21:09:47.927 INFO  o.a.c.c.C.[Tomcat].[localhost].[/business]        :173  [32m                  [0;39m Initializing Spring DispatcherServlet 'dispatcherServlet'
2025-02-21 21:09:47.927 INFO  org.springframework.web.servlet.DispatcherServlet :525  [32m                  [0;39m Initializing Servlet 'dispatcherServlet'
2025-02-21 21:09:47.940 INFO  org.springframework.web.servlet.DispatcherServlet :547  [32m                  [0;39m Completed initialization in 13 ms
2025-02-21 21:09:48.057 INFO  com.xboss.train.common.aspect.LogAspect           :48   [32m1740143388044gkf  [0;39m ------------- å¼€å§‹ -------------
2025-02-21 21:09:48.058 INFO  com.xboss.train.common.aspect.LogAspect           :49   [32m1740143388044gkf  [0;39m è¯·æ±‚åœ°å€: http://127.0.0.1:8002/business/station/query-all GET
2025-02-21 21:09:48.058 INFO  com.xboss.train.common.aspect.LogAspect           :50   [32m1740143388044gkf  [0;39m ç±»åæ–¹æ³•: com.xboss.train.business.controller.StationController.queryList
2025-02-21 21:09:48.058 INFO  com.xboss.train.common.aspect.LogAspect           :51   [32m1740143388044gkf  [0;39m è¿œç¨‹åœ°å€: 127.0.0.1
2025-02-21 21:09:48.091 INFO  com.xboss.train.common.aspect.LogAspect           :72   [32m1740143388044gkf  [0;39m è¯·æ±‚å‚æ•°: []
2025-02-21 21:09:48.112 INFO  com.zaxxer.hikari.HikariDataSource                :110  [32m1740143388044gkf  [0;39m HikariPool-1 - Starting...
2025-02-21 21:09:48.329 INFO  com.zaxxer.hikari.pool.HikariPool                 :565  [32m1740143388044gkf  [0;39m HikariPool-1 - Added connection com.mysql.cj.jdbc.ConnectionImpl@50eb8958
2025-02-21 21:09:48.329 INFO  com.zaxxer.hikari.HikariDataSource                :123  [32m1740143388044gkf  [0;39m HikariPool-1 - Start completed.
2025-02-21 21:09:48.341 DEBUG c.x.t.b.mapper.StationMapper.selectByExample      :137  [32m1740143388044gkf  [0;39m ==>  Preparing: select id, `name`, name_pinyin, name_py, create_time, update_time from station order by name_pinyin asc
2025-02-21 21:09:48.359 DEBUG c.x.t.b.mapper.StationMapper.selectByExample      :137  [32m1740143388044gkf  [0;39m ==> Parameters: 
2025-02-21 21:09:48.378 TRACE c.x.t.b.mapper.StationMapper.selectByExample      :143  [32m1740143388044gkf  [0;39m <==    Columns: id, name, name_pinyin, name_py, create_time, update_time
2025-02-21 21:09:48.378 TRACE c.x.t.b.mapper.StationMapper.selectByExample      :143  [32m1740143388044gkf  [0;39m <==        Row: 1805167556999385088, åŒ—äº¬, beijing, bj, 2024-06-24 17:14:18.633, 2024-06-24 17:14:18.633
2025-02-21 21:09:48.378 TRACE c.x.t.b.mapper.StationMapper.selectByExample      :143  [32m1740143388044gkf  [0;39m <==        Row: 1769710631356862464, å¹¿å·ž, guangzhou, gz, 2024-03-18 21:01:08.805, 2024-03-18 21:01:08.805
2025-02-21 21:09:48.378 TRACE c.x.t.b.mapper.StationMapper.selectByExample      :143  [32m1740143388044gkf  [0;39m <==        Row: 1805167966099214336, é¾™å¡˜, longtang, lt, 2024-06-24 17:15:56.172, 2024-06-24 17:15:56.172
2025-02-21 21:09:48.378 TRACE c.x.t.b.mapper.StationMapper.selectByExample      :143  [32m1740143388044gkf  [0;39m <==        Row: 1769710694200119296, æ¸…è¿œ, qingyuan, qy, 2024-03-18 21:01:23.789, 2024-03-18 21:01:23.789
2025-02-21 21:09:48.378 TRACE c.x.t.b.mapper.StationMapper.selectByExample      :143  [32m1740143388044gkf  [0;39m <==        Row: 1769710670430998528, ä¸Šæµ·, shanghai, sh, 2024-03-18 21:01:18.122, 2024-03-18 21:01:18.122
2025-02-21 21:09:48.378 DEBUG c.x.t.b.mapper.StationMapper.selectByExample      :137  [32m1740143388044gkf  [0;39m <==      Total: 5
2025-02-21 21:09:48.424 INFO  com.xboss.train.common.aspect.LogAspect           :84   [32m1740143388044gkf  [0;39m è¿”å›žç»“æžœ: {"content":[{"createTime":1719220458633,"id":1805167556999385088,"name":"åŒ—äº¬","namePinyin":"beijing","namePy":"bj","updateTime":1719220458633},{"createTime":1710766868805,"id":1769710631356862464,"name":"å¹¿å·ž","namePinyin":"guangzhou","namePy":"gz","updateTime":1710766868805},{"createTime":1719220556172,"id":1805167966099214336,"name":"é¾™å¡˜","namePinyin":"longtang","namePy":"lt","updateTime":1719220556172},{"createTime":1710766883789,"id":1769710694200119296,"name":"æ¸…è¿œ","namePinyin":"qingyuan","namePy":"qy","updateTime":1710766883789},{"createTime":1710766878122,"id":1769710670430998528,"name":"ä¸Šæµ·","namePinyin":"shanghai","namePy":"sh","updateTime":1710766878122}],"success":true}
2025-02-21 21:09:48.440 INFO  com.xboss.train.common.aspect.LogAspect           :85   [32m1740143388044gkf  [0;39m ------------- ç»“æŸ è€—æ—¶ï¼š391 ms -------------
2025-02-21 21:09:48.481 INFO  com.xboss.train.common.aspect.LogAspect           :48   [32m1740143388481753  [0;39m ------------- å¼€å§‹ -------------
2025-02-21 21:09:48.483 INFO  com.xboss.train.common.aspect.LogAspect           :49   [32m1740143388481753  [0;39m è¯·æ±‚åœ°å€: http://127.0.0.1:8002/business/station/query-all GET
2025-02-21 21:09:48.483 INFO  com.xboss.train.common.aspect.LogAspect           :50   [32m1740143388481753  [0;39m ç±»åæ–¹æ³•: com.xboss.train.business.controller.StationController.queryList
2025-02-21 21:09:48.483 INFO  com.xboss.train.common.aspect.LogAspect           :51   [32m1740143388481753  [0;39m è¿œç¨‹åœ°å€: 127.0.0.1
2025-02-21 21:09:48.483 INFO  com.xboss.train.common.aspect.LogAspect           :72   [32m1740143388481753  [0;39m è¯·æ±‚å‚æ•°: []
2025-02-21 21:09:48.483 DEBUG c.x.t.b.mapper.StationMapper.selectByExample      :137  [32m1740143388481753  [0;39m ==>  Preparing: select id, `name`, name_pinyin, name_py, create_time, update_time from station order by name_pinyin asc
2025-02-21 21:09:48.483 DEBUG c.x.t.b.mapper.StationMapper.selectByExample      :137  [32m1740143388481753  [0;39m ==> Parameters: 
2025-02-21 21:09:48.483 TRACE c.x.t.b.mapper.StationMapper.selectByExample      :143  [32m1740143388481753  [0;39m <==    Columns: id, name, name_pinyin, name_py, create_time, update_time
2025-02-21 21:09:48.483 TRACE c.x.t.b.mapper.StationMapper.selectByExample      :143  [32m1740143388481753  [0;39m <==        Row: 1805167556999385088, åŒ—äº¬, beijing, bj, 2024-06-24 17:14:18.633, 2024-06-24 17:14:18.633
2025-02-21 21:09:48.483 TRACE c.x.t.b.mapper.StationMapper.selectByExample      :143  [32m1740143388481753  [0;39m <==        Row: 1769710631356862464, å¹¿å·ž, guangzhou, gz, 2024-03-18 21:01:08.805, 2024-03-18 21:01:08.805
2025-02-21 21:09:48.483 TRACE c.x.t.b.mapper.StationMapper.selectByExample      :143  [32m1740143388481753  [0;39m <==        Row: 1805167966099214336, é¾™å¡˜, longtang, lt, 2024-06-24 17:15:56.172, 2024-06-24 17:15:56.172
2025-02-21 21:09:48.483 TRACE c.x.t.b.mapper.StationMapper.selectByExample      :143  [32m1740143388481753  [0;39m <==        Row: 1769710694200119296, æ¸…è¿œ, qingyuan, qy, 2024-03-18 21:01:23.789, 2024-03-18 21:01:23.789
2025-02-21 21:09:48.483 TRACE c.x.t.b.mapper.StationMapper.selectByExample      :143  [32m1740143388481753  [0;39m <==        Row: 1769710670430998528, ä¸Šæµ·, shanghai, sh, 2024-03-18 21:01:18.122, 2024-03-18 21:01:18.122
2025-02-21 21:09:48.490 DEBUG c.x.t.b.mapper.StationMapper.selectByExample      :137  [32m1740143388481753  [0;39m <==      Total: 5
2025-02-21 21:09:48.491 INFO  com.xboss.train.common.aspect.LogAspect           :84   [32m1740143388481753  [0;39m è¿”å›žç»“æžœ: {"content":[{"createTime":1719220458633,"id":1805167556999385088,"name":"åŒ—äº¬","namePinyin":"beijing","namePy":"bj","updateTime":1719220458633},{"createTime":1710766868805,"id":1769710631356862464,"name":"å¹¿å·ž","namePinyin":"guangzhou","namePy":"gz","updateTime":1710766868805},{"createTime":1719220556172,"id":1805167966099214336,"name":"é¾™å¡˜","namePinyin":"longtang","namePy":"lt","updateTime":1719220556172},{"createTime":1710766883789,"id":1769710694200119296,"name":"æ¸…è¿œ","namePinyin":"qingyuan","namePy":"qy","updateTime":1710766883789},{"createTime":1710766878122,"id":1769710670430998528,"name":"ä¸Šæµ·","namePinyin":"shanghai","namePy":"sh","updateTime":1710766878122}],"success":true}
2025-02-21 21:09:48.491 INFO  com.xboss.train.common.aspect.LogAspect           :85   [32m1740143388481753  [0;39m ------------- ç»“æŸ è€—æ—¶ï¼š10 ms -------------
2025-02-21 21:10:14.809 INFO  com.xboss.train.common.aspect.LogAspect           :48   [32m17401434147736u3  [0;39m ------------- å¼€å§‹ -------------
2025-02-21 21:10:14.809 INFO  com.xboss.train.common.aspect.LogAspect           :49   [32m17401434147736u3  [0;39m è¯·æ±‚åœ°å€: http://127.0.0.1:8002/business/daily-train-ticket/query-list GET
2025-02-21 21:10:14.809 INFO  com.xboss.train.common.aspect.LogAspect           :50   [32m17401434147736u3  [0;39m ç±»åæ–¹æ³•: com.xboss.train.business.controller.DailyTrainTicketController.queryList
2025-02-21 21:10:14.809 INFO  com.xboss.train.common.aspect.LogAspect           :51   [32m17401434147736u3  [0;39m è¿œç¨‹åœ°å€: 127.0.0.1
2025-02-21 21:10:14.809 INFO  com.xboss.train.common.aspect.LogAspect           :72   [32m17401434147736u3  [0;39m è¯·æ±‚å‚æ•°: [{"date":1719244800000,"end":"å¹¿å·ž","page":1,"size":10,"start":"æ¸…è¿œ"}]
2025-02-21 21:10:14.809 INFO  c.x.train.business.service.DailyTrainTicketService:79   [32m17401434147736u3  [0;39m æŸ¥è¯¢é¡µç ï¼š1
2025-02-21 21:10:14.809 INFO  c.x.train.business.service.DailyTrainTicketService:80   [32m17401434147736u3  [0;39m æ¯é¡µæ¡æ•°ï¼š10
2025-02-21 21:10:14.828 DEBUG c.x.t.b.m.DailyTrainTicketMapper.selectByExample  :137  [32m17401434147736u3  [0;39m ==>  Preparing: select id, `date`, train_code, `start`, start_pinyin, start_time, start_index, `end`, end_pinyin, end_time, end_index, ydz, ydz_price, edz, edz_price, rw, rw_price, yw, yw_price, create_time, update_time from daily_train_ticket WHERE ( `date` = ? and `start` = ? and `end` = ? ) order by id desc
2025-02-21 21:10:14.828 DEBUG c.x.t.b.m.DailyTrainTicketMapper.selectByExample  :137  [32m17401434147736u3  [0;39m ==> Parameters: 2024-06-25(Date), æ¸…è¿œ(String), å¹¿å·ž(String)
2025-02-21 21:10:14.828 DEBUG c.x.t.b.m.DailyTrainTicketMapper.selectByExample  :137  [32m17401434147736u3  [0;39m <==      Total: 0
2025-02-21 21:10:14.828 INFO  c.x.train.business.service.DailyTrainTicketService:85   [32m17401434147736u3  [0;39m æ€»è¡Œæ•°ï¼š0
2025-02-21 21:10:14.828 INFO  c.x.train.business.service.DailyTrainTicketService:86   [32m17401434147736u3  [0;39m æ€»é¡µæ•°ï¼š0
2025-02-21 21:10:14.828 INFO  com.xboss.train.common.aspect.LogAspect           :84   [32m17401434147736u3  [0;39m è¿”å›žç»“æžœ: {"content":{"list":[],"total":0},"success":true}
2025-02-21 21:10:14.828 INFO  com.xboss.train.common.aspect.LogAspect           :85   [32m17401434147736u3  [0;39m ------------- ç»“æŸ è€—æ—¶ï¼š19 ms -------------
2025-02-21 21:10:15.585 INFO  com.xboss.train.common.aspect.LogAspect           :48   [32m1740143415584j70  [0;39m ------------- å¼€å§‹ -------------
2025-02-21 21:10:15.586 INFO  com.xboss.train.common.aspect.LogAspect           :49   [32m1740143415584j70  [0;39m è¯·æ±‚åœ°å€: http://127.0.0.1:8002/business/daily-train-ticket/query-list GET
2025-02-21 21:10:15.586 INFO  com.xboss.train.common.aspect.LogAspect           :50   [32m1740143415584j70  [0;39m ç±»åæ–¹æ³•: com.xboss.train.business.controller.DailyTrainTicketController.queryList
2025-02-21 21:10:15.586 INFO  com.xboss.train.common.aspect.LogAspect           :51   [32m1740143415584j70  [0;39m è¿œç¨‹åœ°å€: 127.0.0.1
2025-02-21 21:10:15.587 INFO  com.xboss.train.common.aspect.LogAspect           :72   [32m1740143415584j70  [0;39m è¯·æ±‚å‚æ•°: [{"date":1719244800000,"end":"å¹¿å·ž","page":1,"size":10,"start":"æ¸…è¿œ"}]
2025-02-21 21:10:15.587 INFO  c.x.train.business.service.DailyTrainTicketService:79   [32m1740143415584j70  [0;39m æŸ¥è¯¢é¡µç ï¼š1
2025-02-21 21:10:15.587 INFO  c.x.train.business.service.DailyTrainTicketService:80   [32m1740143415584j70  [0;39m æ¯é¡µæ¡æ•°ï¼š10
2025-02-21 21:10:15.589 DEBUG c.x.t.b.m.DailyTrainTicketMapper.selectByExample  :137  [32m1740143415584j70  [0;39m ==>  Preparing: select id, `date`, train_code, `start`, start_pinyin, start_time, start_index, `end`, end_pinyin, end_time, end_index, ydz, ydz_price, edz, edz_price, rw, rw_price, yw, yw_price, create_time, update_time from daily_train_ticket WHERE ( `date` = ? and `start` = ? and `end` = ? ) order by id desc
2025-02-21 21:10:15.589 DEBUG c.x.t.b.m.DailyTrainTicketMapper.selectByExample  :137  [32m1740143415584j70  [0;39m ==> Parameters: 2024-06-25(Date), æ¸…è¿œ(String), å¹¿å·ž(String)
2025-02-21 21:10:15.590 DEBUG c.x.t.b.m.DailyTrainTicketMapper.selectByExample  :137  [32m1740143415584j70  [0;39m <==      Total: 0
2025-02-21 21:10:15.592 INFO  c.x.train.business.service.DailyTrainTicketService:85   [32m1740143415584j70  [0;39m æ€»è¡Œæ•°ï¼š0
2025-02-21 21:10:15.592 INFO  c.x.train.business.service.DailyTrainTicketService:86   [32m1740143415584j70  [0;39m æ€»é¡µæ•°ï¼š0
2025-02-21 21:10:15.592 INFO  com.xboss.train.common.aspect.LogAspect           :84   [32m1740143415584j70  [0;39m è¿”å›žç»“æžœ: {"content":{"list":[],"total":0},"success":true}
2025-02-21 21:10:15.592 INFO  com.xboss.train.common.aspect.LogAspect           :85   [32m1740143415584j70  [0;39m ------------- ç»“æŸ è€—æ—¶ï¼š7 ms -------------
2025-02-21 21:10:22.385 INFO  com.xboss.train.common.aspect.LogAspect           :48   [32m1740143422385pds  [0;39m ------------- å¼€å§‹ -------------
2025-02-21 21:10:22.385 INFO  com.xboss.train.common.aspect.LogAspect           :49   [32m1740143422385pds  [0;39m è¯·æ±‚åœ°å€: http://127.0.0.1:8002/business/daily-train-ticket/query-list GET
2025-02-21 21:10:22.385 INFO  com.xboss.train.common.aspect.LogAspect           :50   [32m1740143422385pds  [0;39m ç±»åæ–¹æ³•: com.xboss.train.business.controller.DailyTrainTicketController.queryList
2025-02-21 21:10:22.385 INFO  com.xboss.train.common.aspect.LogAspect           :51   [32m1740143422385pds  [0;39m è¿œç¨‹åœ°å€: 127.0.0.1
2025-02-21 21:10:22.385 INFO  com.xboss.train.common.aspect.LogAspect           :72   [32m1740143422385pds  [0;39m è¯·æ±‚å‚æ•°: [{"date":1719244800000,"end":"æ¸…è¿œ","page":1,"size":10,"start":"å¹¿å·ž"}]
2025-02-21 21:10:22.385 INFO  c.x.train.business.service.DailyTrainTicketService:79   [32m1740143422385pds  [0;39m æŸ¥è¯¢é¡µç ï¼š1
2025-02-21 21:10:22.385 INFO  c.x.train.business.service.DailyTrainTicketService:80   [32m1740143422385pds  [0;39m æ¯é¡µæ¡æ•°ï¼š10
2025-02-21 21:10:22.390 DEBUG c.x.t.b.m.DailyTrainTicketMapper.selectByExample  :137  [32m1740143422385pds  [0;39m ==>  Preparing: select id, `date`, train_code, `start`, start_pinyin, start_time, start_index, `end`, end_pinyin, end_time, end_index, ydz, ydz_price, edz, edz_price, rw, rw_price, yw, yw_price, create_time, update_time from daily_train_ticket WHERE ( `date` = ? and `start` = ? and `end` = ? ) order by id desc
2025-02-21 21:10:22.392 DEBUG c.x.t.b.m.DailyTrainTicketMapper.selectByExample  :137  [32m1740143422385pds  [0;39m ==> Parameters: 2024-06-25(Date), å¹¿å·ž(String), æ¸…è¿œ(String)
2025-02-21 21:10:22.393 TRACE c.x.t.b.m.DailyTrainTicketMapper.selectByExample  :143  [32m1740143422385pds  [0;39m <==    Columns: id, date, train_code, start, start_pinyin, start_time, start_index, end, end_pinyin, end_time, end_index, ydz, ydz_price, edz, edz_price, rw, rw_price, yw, yw_price, create_time, update_time
2025-02-21 21:10:22.395 TRACE c.x.t.b.m.DailyTrainTicketMapper.selectByExample  :143  [32m1740143422385pds  [0;39m <==        Row: 1805435715887173632, 2024-06-25, G1, å¹¿å·ž, guangzhou, 23:09:00, 0, æ¸…è¿œ, qingyuan, 23:45:00, 2, 20, 29.76, -1, 22.32, -1, 44.64, -1, 37.20, 2024-06-25 10:59:52.691, 2024-06-25 10:59:52.691
2025-02-21 21:10:22.398 DEBUG c.x.t.b.m.DailyTrainTicketMapper.selectByExample  :137  [32m1740143422385pds  [0;39m <==      Total: 1
2025-02-21 21:10:22.398 INFO  c.x.train.business.service.DailyTrainTicketService:85   [32m1740143422385pds  [0;39m æ€»è¡Œæ•°ï¼š1
2025-02-21 21:10:22.398 INFO  c.x.train.business.service.DailyTrainTicketService:86   [32m1740143422385pds  [0;39m æ€»é¡µæ•°ï¼š1
2025-02-21 21:10:22.407 INFO  com.xboss.train.common.aspect.LogAspect           :84   [32m1740143422385pds  [0;39m è¿”å›žç»“æžœ: {"content":{"list":[{"createTime":1719284392691,"date":1719244800000,"edz":-1,"edzPrice":22.32,"end":"æ¸…è¿œ","endIndex":2,"endPinyin":"qingyuan","endTime":56700000,"id":1805435715887173632,"rw":-1,"rwPrice":44.64,"start":"å¹¿å·ž","startIndex":0,"startPinyin":"guangzhou","startTime":54540000,"trainCode":"G1","updateTime":1719284392691,"ydz":20,"ydzPrice":29.76,"yw":-1,"ywPrice":37.20}],"total":1},"success":true}
2025-02-21 21:10:22.408 INFO  com.xboss.train.common.aspect.LogAspect           :85   [32m1740143422385pds  [0;39m ------------- ç»“æŸ è€—æ—¶ï¼š23 ms -------------
2025-02-21 23:09:55.153 INFO  com.zaxxer.hikari.HikariDataSource                :350  [32m                  [0;39m HikariPool-1 - Shutdown initiated...
2025-02-21 23:09:55.153 INFO  com.zaxxer.hikari.HikariDataSource                :352  [32m                  [0;39m HikariPool-1 - Shutdown completed.
