2024-03-15 15:51:10.647 INFO  org.hibernate.validator.internal.util.Version     :21   [32m                  [0;39m HV000001: Hibernate Validator 8.0.0.Final
2024-03-15 15:51:10.685 INFO  c.xboss.train.business.config.BusinessApplication :51   [32m                  [0;39m Starting BusinessApplication using Java 18.0.1.1 with PID 18112 (D:\projectAndcode\train\business\target\classes started by 86183 in D:\projectAndcode\train)
2024-03-15 15:51:10.686 INFO  c.xboss.train.business.config.BusinessApplication :630  [32m                  [0;39m No active profile set, falling back to 1 default profile: "default"
2024-03-15 15:51:10.706 INFO  o.s.b.d.env.DevToolsPropertyDefaultsPostProcessor :250  [32m                  [0;39m Devtools property defaults active! Set 'spring.devtools.add-properties' to 'false' to disable
2024-03-15 15:51:10.706 INFO  o.s.b.d.env.DevToolsPropertyDefaultsPostProcessor :250  [32m                  [0;39m For additional web related logging consider setting the 'logging.level.web' property to 'DEBUG'
2024-03-15 15:51:10.772 WARN  o.s.b.w.s.c.AnnotationConfigServletWebServerApplicationContext:592  [32m                  [0;39m Exception encountered during context initialization - cancelling refresh attempt: org.springframework.context.ApplicationContextException: Unable to start web server
2024-03-15 15:51:10.996 ERROR o.s.b.diagnostics.LoggingFailureAnalysisReporter  :40   [32m                  [0;39m 

***************************
APPLICATION FAILED TO START
***************************

Description:

Web application could not be started as there was no org.springframework.boot.web.servlet.server.ServletWebServerFactory bean defined in the context.

Action:

Check your application's dependencies for a supported servlet web server.
Check the configured web application type.

2024-03-15 15:51:54.263 INFO  org.hibernate.validator.internal.util.Version     :21   [32m                  [0;39m HV000001: Hibernate Validator 8.0.0.Final
2024-03-15 15:51:54.296 INFO  c.xboss.train.business.config.BusinessApplication :51   [32m                  [0;39m Starting BusinessApplication using Java 18.0.1.1 with PID 5360 (D:\projectAndcode\train\business\target\classes started by 86183 in D:\projectAndcode\train)
2024-03-15 15:51:54.297 INFO  c.xboss.train.business.config.BusinessApplication :630  [32m                  [0;39m No active profile set, falling back to 1 default profile: "default"
2024-03-15 15:51:54.338 INFO  o.s.b.d.env.DevToolsPropertyDefaultsPostProcessor :250  [32m                  [0;39m Devtools property defaults active! Set 'spring.devtools.add-properties' to 'false' to disable
2024-03-15 15:51:54.338 INFO  o.s.b.d.env.DevToolsPropertyDefaultsPostProcessor :250  [32m                  [0;39m For additional web related logging consider setting the 'logging.level.web' property to 'DEBUG'
2024-03-15 15:51:54.960 INFO  o.s.d.r.config.RepositoryConfigurationDelegate    :294  [32m                  [0;39m Multiple Spring Data modules found, entering strict repository configuration mode
2024-03-15 15:51:54.963 INFO  o.s.d.r.config.RepositoryConfigurationDelegate    :138  [32m                  [0;39m Bootstrapping Spring Data Redis repositories in DEFAULT mode.
2024-03-15 15:51:54.985 INFO  o.s.d.r.config.RepositoryConfigurationDelegate    :208  [32m                  [0;39m Finished Spring Data repository scanning in 4 ms. Found 0 Redis repository interfaces.
2024-03-15 15:51:55.133 WARN  org.mybatis.spring.mapper.ClassPathMapperScanner  :44   [32m                  [0;39m No MyBatis mapper was found in '[com.xboss.train.business.config]' package. Please check your configuration.
2024-03-15 15:51:55.215 INFO  o.springframework.cloud.context.scope.GenericScope:282  [32m                  [0;39m BeanFactory id=e2ffffe5-aedd-3c47-b67b-1753f4636f5e
2024-03-15 15:51:56.477 INFO  o.s.boot.web.embedded.tomcat.TomcatWebServer      :114  [32m                  [0;39m Tomcat initialized with port(s): 8002 (http)
2024-03-15 15:51:56.478 INFO  org.apache.catalina.core.AprLifecycleListener     :173  [32m                  [0;39m An older version [1.2.35] of the Apache Tomcat Native library is installed, while Tomcat recommends a minimum version of [2.0.1]
2024-03-15 15:51:56.478 INFO  org.apache.catalina.core.AprLifecycleListener     :173  [32m                  [0;39m Loaded Apache Tomcat Native library [1.2.35] using APR version [1.7.0].
2024-03-15 15:51:56.489 INFO  org.apache.catalina.core.AprLifecycleListener     :173  [32m                  [0;39m OpenSSL successfully initialized [OpenSSL 1.1.1q  5 Jul 2022]
2024-03-15 15:51:56.498 INFO  org.apache.coyote.http11.Http11NioProtocol        :173  [32m                  [0;39m Initializing ProtocolHandler ["http-nio-8002"]
2024-03-15 15:51:56.498 INFO  org.apache.catalina.core.StandardService          :173  [32m                  [0;39m Starting service [Tomcat]
2024-03-15 15:51:56.499 INFO  org.apache.catalina.core.StandardEngine           :173  [32m                  [0;39m Starting Servlet engine: [Apache Tomcat/10.1.1]
2024-03-15 15:51:56.552 INFO  o.a.c.c.C.[Tomcat].[localhost].[/business]        :173  [32m                  [0;39m Initializing Spring embedded WebApplicationContext
2024-03-15 15:51:56.553 INFO  o.s.b.w.s.c.ServletWebServerApplicationContext    :291  [32m                  [0;39m Root WebApplicationContext: initialization completed in 2214 ms
2024-03-15 15:51:56.950 INFO  c.alibaba.cloud.sentinel.SentinelWebMvcConfigurer :52   [32m                  [0;39m [Sentinel Starter] register SentinelWebInterceptor with urlPatterns: [/**].
2024-03-15 15:51:57.641 INFO  o.s.b.d.autoconfigure.OptionalLiveReloadServer    :59   [32m                  [0;39m LiveReload server is running on port 35729
2024-03-15 15:51:57.792 WARN  o.s.c.l.c.LoadBalancerCacheAutoConfiguration$LoadBalancerCaffeineWarnLogger:81   [32m                  [0;39m Spring Cloud LoadBalancer is currently working with the default cache. While this cache implementation is useful for development and tests, it's recommended to use Caffeine cache in production.You can switch to using Caffeine cache, by adding it and org.springframework.cache.caffeine.CaffeineCacheManager to the classpath.
2024-03-15 15:51:57.879 INFO  org.apache.coyote.http11.Http11NioProtocol        :173  [32m                  [0;39m Starting ProtocolHandler ["http-nio-8002"]
2024-03-15 15:51:57.904 INFO  o.s.boot.web.embedded.tomcat.TomcatWebServer      :226  [32m                  [0;39m Tomcat started on port(s): 8002 (http) with context path '/business'
2024-03-15 15:51:58.001 INFO  c.xboss.train.business.config.BusinessApplication :57   [32m                  [0;39m Started BusinessApplication in 4.252 seconds (process running for 4.728)
2024-03-15 15:51:58.005 INFO  c.xboss.train.business.config.BusinessApplication :22   [32m                  [0;39m 启动成功！！
2024-03-15 15:51:58.005 INFO  c.xboss.train.business.config.BusinessApplication :23   [32m                  [0;39m 网关地址: 	http://127.0.0.1:8002
2024-03-15 15:53:15.189 INFO  org.hibernate.validator.internal.util.Version     :21   [32m                  [0;39m HV000001: Hibernate Validator 8.0.0.Final
2024-03-15 15:53:15.216 INFO  c.xboss.train.business.config.BusinessApplication :51   [32m                  [0;39m Starting BusinessApplication using Java 18.0.1.1 with PID 17320 (D:\projectAndcode\train\business\target\classes started by 86183 in D:\projectAndcode\train)
2024-03-15 15:53:15.216 INFO  c.xboss.train.business.config.BusinessApplication :630  [32m                  [0;39m No active profile set, falling back to 1 default profile: "default"
2024-03-15 15:53:15.249 INFO  o.s.b.d.env.DevToolsPropertyDefaultsPostProcessor :250  [32m                  [0;39m Devtools property defaults active! Set 'spring.devtools.add-properties' to 'false' to disable
2024-03-15 15:53:15.250 INFO  o.s.b.d.env.DevToolsPropertyDefaultsPostProcessor :250  [32m                  [0;39m For additional web related logging consider setting the 'logging.level.web' property to 'DEBUG'
2024-03-15 15:53:15.735 INFO  o.s.d.r.config.RepositoryConfigurationDelegate    :294  [32m                  [0;39m Multiple Spring Data modules found, entering strict repository configuration mode
2024-03-15 15:53:15.737 INFO  o.s.d.r.config.RepositoryConfigurationDelegate    :138  [32m                  [0;39m Bootstrapping Spring Data Redis repositories in DEFAULT mode.
2024-03-15 15:53:15.750 INFO  o.s.d.r.config.RepositoryConfigurationDelegate    :208  [32m                  [0;39m Finished Spring Data repository scanning in 3 ms. Found 0 Redis repository interfaces.
2024-03-15 15:53:15.845 WARN  org.mybatis.spring.mapper.ClassPathMapperScanner  :44   [32m                  [0;39m No MyBatis mapper was found in '[com.xboss.train.business.config]' package. Please check your configuration.
2024-03-15 15:53:15.901 INFO  o.springframework.cloud.context.scope.GenericScope:282  [32m                  [0;39m BeanFactory id=bcc53387-3f4c-3d2f-81b8-620f0476ded8
2024-03-15 15:53:16.483 INFO  o.s.boot.web.embedded.tomcat.TomcatWebServer      :114  [32m                  [0;39m Tomcat initialized with port(s): 8002 (http)
2024-03-15 15:53:16.484 INFO  org.apache.catalina.core.AprLifecycleListener     :173  [32m                  [0;39m An older version [1.2.35] of the Apache Tomcat Native library is installed, while Tomcat recommends a minimum version of [2.0.1]
2024-03-15 15:53:16.484 INFO  org.apache.catalina.core.AprLifecycleListener     :173  [32m                  [0;39m Loaded Apache Tomcat Native library [1.2.35] using APR version [1.7.0].
2024-03-15 15:53:16.487 INFO  org.apache.catalina.core.AprLifecycleListener     :173  [32m                  [0;39m OpenSSL successfully initialized [OpenSSL 1.1.1q  5 Jul 2022]
2024-03-15 15:53:16.494 INFO  org.apache.coyote.http11.Http11NioProtocol        :173  [32m                  [0;39m Initializing ProtocolHandler ["http-nio-8002"]
2024-03-15 15:53:16.494 INFO  org.apache.catalina.core.StandardService          :173  [32m                  [0;39m Starting service [Tomcat]
2024-03-15 15:53:16.494 INFO  org.apache.catalina.core.StandardEngine           :173  [32m                  [0;39m Starting Servlet engine: [Apache Tomcat/10.1.1]
2024-03-15 15:53:16.539 INFO  o.a.c.c.C.[Tomcat].[localhost].[/business]        :173  [32m                  [0;39m Initializing Spring embedded WebApplicationContext
2024-03-15 15:53:16.540 INFO  o.s.b.w.s.c.ServletWebServerApplicationContext    :291  [32m                  [0;39m Root WebApplicationContext: initialization completed in 1290 ms
2024-03-15 15:53:16.848 INFO  c.alibaba.cloud.sentinel.SentinelWebMvcConfigurer :52   [32m                  [0;39m [Sentinel Starter] register SentinelWebInterceptor with urlPatterns: [/**].
2024-03-15 15:53:17.395 WARN  o.s.b.d.autoconfigure.OptionalLiveReloadServer    :62   [32m                  [0;39m Unable to start LiveReload server
2024-03-15 15:53:17.522 WARN  o.s.c.l.c.LoadBalancerCacheAutoConfiguration$LoadBalancerCaffeineWarnLogger:81   [32m                  [0;39m Spring Cloud LoadBalancer is currently working with the default cache. While this cache implementation is useful for development and tests, it's recommended to use Caffeine cache in production.You can switch to using Caffeine cache, by adding it and org.springframework.cache.caffeine.CaffeineCacheManager to the classpath.
2024-03-15 15:53:17.617 INFO  org.apache.coyote.http11.Http11NioProtocol        :173  [32m                  [0;39m Starting ProtocolHandler ["http-nio-8002"]
2024-03-15 15:53:17.620 WARN  o.s.b.w.s.c.AnnotationConfigServletWebServerApplicationContext:592  [32m                  [0;39m Exception encountered during context initialization - cancelling refresh attempt: org.springframework.context.ApplicationContextException: Failed to start bean 'webServerStartStop'
2024-03-15 15:53:17.633 INFO  org.apache.coyote.http11.Http11NioProtocol        :173  [32m                  [0;39m Pausing ProtocolHandler ["http-nio-8002"]
2024-03-15 15:53:17.634 INFO  org.apache.catalina.core.StandardService          :173  [32m                  [0;39m Stopping service [Tomcat]
2024-03-15 15:53:17.638 INFO  org.apache.coyote.http11.Http11NioProtocol        :173  [32m                  [0;39m Stopping ProtocolHandler ["http-nio-8002"]
2024-03-15 15:53:17.638 INFO  org.apache.coyote.http11.Http11NioProtocol        :173  [32m                  [0;39m Destroying ProtocolHandler ["http-nio-8002"]
2024-03-15 15:53:17.644 INFO  o.s.b.a.logging.ConditionEvaluationReportLogger   :82   [32m                  [0;39m 

Error starting ApplicationContext. To display the condition evaluation report re-run your application with 'debug' enabled.
2024-03-15 15:53:17.657 ERROR o.s.b.diagnostics.LoggingFailureAnalysisReporter  :40   [32m                  [0;39m 

***************************
APPLICATION FAILED TO START
***************************

Description:

Web server failed to start. Port 8002 was already in use.

Action:

Identify and stop the process that's listening on port 8002 or configure this application to listen on another port.

2024-03-15 15:53:43.327 INFO  org.hibernate.validator.internal.util.Version     :21   [32m                  [0;39m HV000001: Hibernate Validator 8.0.0.Final
2024-03-15 15:53:43.352 INFO  c.xboss.train.business.config.BusinessApplication :51   [32m                  [0;39m Starting BusinessApplication using Java 18.0.1.1 with PID 5992 (D:\projectAndcode\train\business\target\classes started by 86183 in D:\projectAndcode\train)
2024-03-15 15:53:43.353 INFO  c.xboss.train.business.config.BusinessApplication :630  [32m                  [0;39m No active profile set, falling back to 1 default profile: "default"
2024-03-15 15:53:43.384 INFO  o.s.b.d.env.DevToolsPropertyDefaultsPostProcessor :250  [32m                  [0;39m Devtools property defaults active! Set 'spring.devtools.add-properties' to 'false' to disable
2024-03-15 15:53:43.384 INFO  o.s.b.d.env.DevToolsPropertyDefaultsPostProcessor :250  [32m                  [0;39m For additional web related logging consider setting the 'logging.level.web' property to 'DEBUG'
2024-03-15 15:53:43.852 INFO  o.s.d.r.config.RepositoryConfigurationDelegate    :294  [32m                  [0;39m Multiple Spring Data modules found, entering strict repository configuration mode
2024-03-15 15:53:43.853 INFO  o.s.d.r.config.RepositoryConfigurationDelegate    :138  [32m                  [0;39m Bootstrapping Spring Data Redis repositories in DEFAULT mode.
2024-03-15 15:53:43.869 INFO  o.s.d.r.config.RepositoryConfigurationDelegate    :208  [32m                  [0;39m Finished Spring Data repository scanning in 3 ms. Found 0 Redis repository interfaces.
2024-03-15 15:53:43.961 WARN  org.mybatis.spring.mapper.ClassPathMapperScanner  :44   [32m                  [0;39m No MyBatis mapper was found in '[com.xboss.train.business.config]' package. Please check your configuration.
2024-03-15 15:53:44.017 INFO  o.springframework.cloud.context.scope.GenericScope:282  [32m                  [0;39m BeanFactory id=bcc53387-3f4c-3d2f-81b8-620f0476ded8
2024-03-15 15:53:44.570 INFO  o.s.boot.web.embedded.tomcat.TomcatWebServer      :114  [32m                  [0;39m Tomcat initialized with port(s): 8002 (http)
2024-03-15 15:53:44.571 INFO  org.apache.catalina.core.AprLifecycleListener     :173  [32m                  [0;39m An older version [1.2.35] of the Apache Tomcat Native library is installed, while Tomcat recommends a minimum version of [2.0.1]
2024-03-15 15:53:44.571 INFO  org.apache.catalina.core.AprLifecycleListener     :173  [32m                  [0;39m Loaded Apache Tomcat Native library [1.2.35] using APR version [1.7.0].
2024-03-15 15:53:44.573 INFO  org.apache.catalina.core.AprLifecycleListener     :173  [32m                  [0;39m OpenSSL successfully initialized [OpenSSL 1.1.1q  5 Jul 2022]
2024-03-15 15:53:44.580 INFO  org.apache.coyote.http11.Http11NioProtocol        :173  [32m                  [0;39m Initializing ProtocolHandler ["http-nio-8002"]
2024-03-15 15:53:44.580 INFO  org.apache.catalina.core.StandardService          :173  [32m                  [0;39m Starting service [Tomcat]
2024-03-15 15:53:44.581 INFO  org.apache.catalina.core.StandardEngine           :173  [32m                  [0;39m Starting Servlet engine: [Apache Tomcat/10.1.1]
2024-03-15 15:53:44.624 INFO  o.a.c.c.C.[Tomcat].[localhost].[/business]        :173  [32m                  [0;39m Initializing Spring embedded WebApplicationContext
2024-03-15 15:53:44.625 INFO  o.s.b.w.s.c.ServletWebServerApplicationContext    :291  [32m                  [0;39m Root WebApplicationContext: initialization completed in 1241 ms
2024-03-15 15:53:44.899 INFO  c.alibaba.cloud.sentinel.SentinelWebMvcConfigurer :52   [32m                  [0;39m [Sentinel Starter] register SentinelWebInterceptor with urlPatterns: [/**].
2024-03-15 15:53:45.402 INFO  o.s.b.d.autoconfigure.OptionalLiveReloadServer    :59   [32m                  [0;39m LiveReload server is running on port 35729
2024-03-15 15:53:45.526 WARN  o.s.c.l.c.LoadBalancerCacheAutoConfiguration$LoadBalancerCaffeineWarnLogger:81   [32m                  [0;39m Spring Cloud LoadBalancer is currently working with the default cache. While this cache implementation is useful for development and tests, it's recommended to use Caffeine cache in production.You can switch to using Caffeine cache, by adding it and org.springframework.cache.caffeine.CaffeineCacheManager to the classpath.
2024-03-15 15:53:45.617 INFO  org.apache.coyote.http11.Http11NioProtocol        :173  [32m                  [0;39m Starting ProtocolHandler ["http-nio-8002"]
2024-03-15 15:53:45.633 INFO  o.s.boot.web.embedded.tomcat.TomcatWebServer      :226  [32m                  [0;39m Tomcat started on port(s): 8002 (http) with context path '/business'
2024-03-15 15:53:45.725 INFO  c.xboss.train.business.config.BusinessApplication :57   [32m                  [0;39m Started BusinessApplication in 2.807 seconds (process running for 3.458)
2024-03-15 15:53:45.727 INFO  c.xboss.train.business.config.BusinessApplication :22   [32m                  [0;39m 启动成功！！
2024-03-15 15:53:45.727 INFO  c.xboss.train.business.config.BusinessApplication :23   [32m                  [0;39m 网关地址: 	http://127.0.0.1:8002
2024-03-15 17:21:01.688 INFO  org.hibernate.validator.internal.util.Version     :21   [32m                  [0;39m HV000001: Hibernate Validator 8.0.0.Final
2024-03-15 17:21:01.722 INFO  c.xboss.train.business.config.BusinessApplication :51   [32m                  [0;39m Starting BusinessApplication using Java 18.0.1.1 with PID 27396 (D:\projectAndcode\train\business\target\classes started by 86183 in D:\projectAndcode\train)
2024-03-15 17:21:01.723 INFO  c.xboss.train.business.config.BusinessApplication :630  [32m                  [0;39m No active profile set, falling back to 1 default profile: "default"
2024-03-15 17:21:01.762 INFO  o.s.b.d.env.DevToolsPropertyDefaultsPostProcessor :250  [32m                  [0;39m Devtools property defaults active! Set 'spring.devtools.add-properties' to 'false' to disable
2024-03-15 17:21:01.762 INFO  o.s.b.d.env.DevToolsPropertyDefaultsPostProcessor :250  [32m                  [0;39m For additional web related logging consider setting the 'logging.level.web' property to 'DEBUG'
2024-03-15 17:21:02.310 INFO  o.s.d.r.config.RepositoryConfigurationDelegate    :294  [32m                  [0;39m Multiple Spring Data modules found, entering strict repository configuration mode
2024-03-15 17:21:02.312 INFO  o.s.d.r.config.RepositoryConfigurationDelegate    :138  [32m                  [0;39m Bootstrapping Spring Data Redis repositories in DEFAULT mode.
2024-03-15 17:21:02.328 INFO  o.s.d.r.config.RepositoryConfigurationDelegate    :208  [32m                  [0;39m Finished Spring Data repository scanning in 4 ms. Found 0 Redis repository interfaces.
2024-03-15 17:21:02.447 WARN  org.mybatis.spring.mapper.ClassPathMapperScanner  :44   [32m                  [0;39m No MyBatis mapper was found in '[com.xboss.train.business.config]' package. Please check your configuration.
2024-03-15 17:21:02.508 INFO  o.springframework.cloud.context.scope.GenericScope:282  [32m                  [0;39m BeanFactory id=69b4ab3a-3c4d-3c50-a2cd-06ea0f0b1ae8
2024-03-15 17:21:03.172 INFO  o.s.boot.web.embedded.tomcat.TomcatWebServer      :114  [32m                  [0;39m Tomcat initialized with port(s): 8002 (http)
2024-03-15 17:21:03.172 INFO  org.apache.catalina.core.AprLifecycleListener     :173  [32m                  [0;39m An older version [1.2.35] of the Apache Tomcat Native library is installed, while Tomcat recommends a minimum version of [2.0.1]
2024-03-15 17:21:03.173 INFO  org.apache.catalina.core.AprLifecycleListener     :173  [32m                  [0;39m Loaded Apache Tomcat Native library [1.2.35] using APR version [1.7.0].
2024-03-15 17:21:03.183 INFO  org.apache.catalina.core.AprLifecycleListener     :173  [32m                  [0;39m OpenSSL successfully initialized [OpenSSL 1.1.1q  5 Jul 2022]
2024-03-15 17:21:03.191 INFO  org.apache.coyote.http11.Http11NioProtocol        :173  [32m                  [0;39m Initializing ProtocolHandler ["http-nio-8002"]
2024-03-15 17:21:03.191 INFO  org.apache.catalina.core.StandardService          :173  [32m                  [0;39m Starting service [Tomcat]
2024-03-15 17:21:03.192 INFO  org.apache.catalina.core.StandardEngine           :173  [32m                  [0;39m Starting Servlet engine: [Apache Tomcat/10.1.1]
2024-03-15 17:21:03.245 INFO  o.a.c.c.C.[Tomcat].[localhost].[/business]        :173  [32m                  [0;39m Initializing Spring embedded WebApplicationContext
2024-03-15 17:21:03.245 INFO  o.s.b.w.s.c.ServletWebServerApplicationContext    :291  [32m                  [0;39m Root WebApplicationContext: initialization completed in 1483 ms
2024-03-15 17:21:03.298 WARN  o.s.b.w.s.c.AnnotationConfigServletWebServerApplicationContext:592  [32m                  [0;39m Exception encountered during context initialization - cancelling refresh attempt: org.springframework.beans.factory.BeanCreationException: Error creating bean with name 'stationAdminController': Injection of resource dependencies failed
2024-03-15 17:21:03.300 INFO  org.apache.catalina.core.StandardService          :173  [32m                  [0;39m Stopping service [Tomcat]
2024-03-15 17:21:03.314 INFO  o.s.b.a.logging.ConditionEvaluationReportLogger   :82   [32m                  [0;39m 

Error starting ApplicationContext. To display the condition evaluation report re-run your application with 'debug' enabled.
2024-03-15 17:21:03.331 ERROR o.s.b.diagnostics.LoggingFailureAnalysisReporter  :40   [32m                  [0;39m 

***************************
APPLICATION FAILED TO START
***************************

Description:

A component required a bean of type 'com.xboss.train.business.mapper.StationMapper' that could not be found.


Action:

Consider defining a bean of type 'com.xboss.train.business.mapper.StationMapper' in your configuration.

2024-03-15 17:25:47.105 INFO  org.hibernate.validator.internal.util.Version     :21   [32m                  [0;39m HV000001: Hibernate Validator 8.0.0.Final
2024-03-15 17:25:47.131 INFO  c.xboss.train.business.config.BusinessApplication :51   [32m                  [0;39m Starting BusinessApplication using Java 18.0.1.1 with PID 13012 (D:\projectAndcode\train\business\target\classes started by 86183 in D:\projectAndcode\train)
2024-03-15 17:25:47.132 INFO  c.xboss.train.business.config.BusinessApplication :630  [32m                  [0;39m No active profile set, falling back to 1 default profile: "default"
2024-03-15 17:25:47.165 INFO  o.s.b.d.env.DevToolsPropertyDefaultsPostProcessor :250  [32m                  [0;39m Devtools property defaults active! Set 'spring.devtools.add-properties' to 'false' to disable
2024-03-15 17:25:47.165 INFO  o.s.b.d.env.DevToolsPropertyDefaultsPostProcessor :250  [32m                  [0;39m For additional web related logging consider setting the 'logging.level.web' property to 'DEBUG'
2024-03-15 17:25:47.696 INFO  o.s.d.r.config.RepositoryConfigurationDelegate    :294  [32m                  [0;39m Multiple Spring Data modules found, entering strict repository configuration mode
2024-03-15 17:25:47.699 INFO  o.s.d.r.config.RepositoryConfigurationDelegate    :138  [32m                  [0;39m Bootstrapping Spring Data Redis repositories in DEFAULT mode.
2024-03-15 17:25:47.712 INFO  o.s.d.r.config.RepositoryConfigurationDelegate    :208  [32m                  [0;39m Finished Spring Data repository scanning in 3 ms. Found 0 Redis repository interfaces.
2024-03-15 17:25:47.824 WARN  org.mybatis.spring.mapper.ClassPathMapperScanner  :44   [32m                  [0;39m No MyBatis mapper was found in '[com.xboss.train.business.config]' package. Please check your configuration.
2024-03-15 17:25:47.887 INFO  o.springframework.cloud.context.scope.GenericScope:282  [32m                  [0;39m BeanFactory id=69b4ab3a-3c4d-3c50-a2cd-06ea0f0b1ae8
2024-03-15 17:25:48.521 INFO  o.s.boot.web.embedded.tomcat.TomcatWebServer      :114  [32m                  [0;39m Tomcat initialized with port(s): 8002 (http)
2024-03-15 17:25:48.522 INFO  org.apache.catalina.core.AprLifecycleListener     :173  [32m                  [0;39m An older version [1.2.35] of the Apache Tomcat Native library is installed, while Tomcat recommends a minimum version of [2.0.1]
2024-03-15 17:25:48.522 INFO  org.apache.catalina.core.AprLifecycleListener     :173  [32m                  [0;39m Loaded Apache Tomcat Native library [1.2.35] using APR version [1.7.0].
2024-03-15 17:25:48.526 INFO  org.apache.catalina.core.AprLifecycleListener     :173  [32m                  [0;39m OpenSSL successfully initialized [OpenSSL 1.1.1q  5 Jul 2022]
2024-03-15 17:25:48.532 INFO  org.apache.coyote.http11.Http11NioProtocol        :173  [32m                  [0;39m Initializing ProtocolHandler ["http-nio-8002"]
2024-03-15 17:25:48.533 INFO  org.apache.catalina.core.StandardService          :173  [32m                  [0;39m Starting service [Tomcat]
2024-03-15 17:25:48.533 INFO  org.apache.catalina.core.StandardEngine           :173  [32m                  [0;39m Starting Servlet engine: [Apache Tomcat/10.1.1]
2024-03-15 17:25:48.579 INFO  o.a.c.c.C.[Tomcat].[localhost].[/business]        :173  [32m                  [0;39m Initializing Spring embedded WebApplicationContext
2024-03-15 17:25:48.580 INFO  o.s.b.w.s.c.ServletWebServerApplicationContext    :291  [32m                  [0;39m Root WebApplicationContext: initialization completed in 1414 ms
2024-03-15 17:25:48.631 WARN  o.s.b.w.s.c.AnnotationConfigServletWebServerApplicationContext:592  [32m                  [0;39m Exception encountered during context initialization - cancelling refresh attempt: org.springframework.beans.factory.BeanCreationException: Error creating bean with name 'stationAdminController': Injection of resource dependencies failed
2024-03-15 17:25:48.633 INFO  org.apache.catalina.core.StandardService          :173  [32m                  [0;39m Stopping service [Tomcat]
2024-03-15 17:25:48.645 INFO  o.s.b.a.logging.ConditionEvaluationReportLogger   :82   [32m                  [0;39m 

Error starting ApplicationContext. To display the condition evaluation report re-run your application with 'debug' enabled.
2024-03-15 17:25:48.661 ERROR o.s.b.diagnostics.LoggingFailureAnalysisReporter  :40   [32m                  [0;39m 

***************************
APPLICATION FAILED TO START
***************************

Description:

A component required a bean of type 'com.xboss.train.business.mapper.StationMapper' that could not be found.


Action:

Consider defining a bean of type 'com.xboss.train.business.mapper.StationMapper' in your configuration.

2024-03-15 17:27:00.577 INFO  org.hibernate.validator.internal.util.Version     :21   [32m                  [0;39m HV000001: Hibernate Validator 8.0.0.Final
2024-03-15 17:27:00.606 INFO  c.xboss.train.business.config.BusinessApplication :51   [32m                  [0;39m Starting BusinessApplication using Java 18.0.1.1 with PID 9604 (D:\projectAndcode\train\business\target\classes started by 86183 in D:\projectAndcode\train)
2024-03-15 17:27:00.607 INFO  c.xboss.train.business.config.BusinessApplication :630  [32m                  [0;39m No active profile set, falling back to 1 default profile: "default"
2024-03-15 17:27:00.641 INFO  o.s.b.d.env.DevToolsPropertyDefaultsPostProcessor :250  [32m                  [0;39m Devtools property defaults active! Set 'spring.devtools.add-properties' to 'false' to disable
2024-03-15 17:27:00.641 INFO  o.s.b.d.env.DevToolsPropertyDefaultsPostProcessor :250  [32m                  [0;39m For additional web related logging consider setting the 'logging.level.web' property to 'DEBUG'
2024-03-15 17:27:01.134 INFO  o.s.d.r.config.RepositoryConfigurationDelegate    :294  [32m                  [0;39m Multiple Spring Data modules found, entering strict repository configuration mode
2024-03-15 17:27:01.137 INFO  o.s.d.r.config.RepositoryConfigurationDelegate    :138  [32m                  [0;39m Bootstrapping Spring Data Redis repositories in DEFAULT mode.
2024-03-15 17:27:01.154 INFO  o.s.d.r.config.RepositoryConfigurationDelegate    :208  [32m                  [0;39m Finished Spring Data repository scanning in 4 ms. Found 0 Redis repository interfaces.
2024-03-15 17:27:01.271 WARN  org.mybatis.spring.mapper.ClassPathMapperScanner  :44   [32m                  [0;39m No MyBatis mapper was found in '[com.xboss.train.business.config]' package. Please check your configuration.
2024-03-15 17:27:01.328 INFO  o.springframework.cloud.context.scope.GenericScope:282  [32m                  [0;39m BeanFactory id=69b4ab3a-3c4d-3c50-a2cd-06ea0f0b1ae8
2024-03-15 17:27:01.962 INFO  o.s.boot.web.embedded.tomcat.TomcatWebServer      :114  [32m                  [0;39m Tomcat initialized with port(s): 8002 (http)
2024-03-15 17:27:01.963 INFO  org.apache.catalina.core.AprLifecycleListener     :173  [32m                  [0;39m An older version [1.2.35] of the Apache Tomcat Native library is installed, while Tomcat recommends a minimum version of [2.0.1]
2024-03-15 17:27:01.963 INFO  org.apache.catalina.core.AprLifecycleListener     :173  [32m                  [0;39m Loaded Apache Tomcat Native library [1.2.35] using APR version [1.7.0].
2024-03-15 17:27:01.965 INFO  org.apache.catalina.core.AprLifecycleListener     :173  [32m                  [0;39m OpenSSL successfully initialized [OpenSSL 1.1.1q  5 Jul 2022]
2024-03-15 17:27:01.972 INFO  org.apache.coyote.http11.Http11NioProtocol        :173  [32m                  [0;39m Initializing ProtocolHandler ["http-nio-8002"]
2024-03-15 17:27:01.973 INFO  org.apache.catalina.core.StandardService          :173  [32m                  [0;39m Starting service [Tomcat]
2024-03-15 17:27:01.973 INFO  org.apache.catalina.core.StandardEngine           :173  [32m                  [0;39m Starting Servlet engine: [Apache Tomcat/10.1.1]
2024-03-15 17:27:02.021 INFO  o.a.c.c.C.[Tomcat].[localhost].[/business]        :173  [32m                  [0;39m Initializing Spring embedded WebApplicationContext
2024-03-15 17:27:02.021 INFO  o.s.b.w.s.c.ServletWebServerApplicationContext    :291  [32m                  [0;39m Root WebApplicationContext: initialization completed in 1379 ms
2024-03-15 17:27:02.071 WARN  o.s.b.w.s.c.AnnotationConfigServletWebServerApplicationContext:592  [32m                  [0;39m Exception encountered during context initialization - cancelling refresh attempt: org.springframework.beans.factory.BeanCreationException: Error creating bean with name 'stationAdminController': Injection of resource dependencies failed
2024-03-15 17:27:02.073 INFO  org.apache.catalina.core.StandardService          :173  [32m                  [0;39m Stopping service [Tomcat]
2024-03-15 17:27:02.087 INFO  o.s.b.a.logging.ConditionEvaluationReportLogger   :82   [32m                  [0;39m 

Error starting ApplicationContext. To display the condition evaluation report re-run your application with 'debug' enabled.
2024-03-15 17:27:02.104 ERROR o.s.b.diagnostics.LoggingFailureAnalysisReporter  :40   [32m                  [0;39m 

***************************
APPLICATION FAILED TO START
***************************

Description:

A component required a bean of type 'com.xboss.train.business.mapper.StationMapper' that could not be found.


Action:

Consider defining a bean of type 'com.xboss.train.business.mapper.StationMapper' in your configuration.

2024-03-15 17:30:54.108 INFO  org.hibernate.validator.internal.util.Version     :21   [32m                  [0;39m HV000001: Hibernate Validator 8.0.0.Final
2024-03-15 17:30:54.136 INFO  c.xboss.train.business.config.BusinessApplication :51   [32m                  [0;39m Starting BusinessApplication using Java 18.0.1.1 with PID 4512 (D:\projectAndcode\train\business\target\classes started by 86183 in D:\projectAndcode\train)
2024-03-15 17:30:54.137 INFO  c.xboss.train.business.config.BusinessApplication :630  [32m                  [0;39m No active profile set, falling back to 1 default profile: "default"
2024-03-15 17:30:54.169 INFO  o.s.b.d.env.DevToolsPropertyDefaultsPostProcessor :250  [32m                  [0;39m Devtools property defaults active! Set 'spring.devtools.add-properties' to 'false' to disable
2024-03-15 17:30:54.169 INFO  o.s.b.d.env.DevToolsPropertyDefaultsPostProcessor :250  [32m                  [0;39m For additional web related logging consider setting the 'logging.level.web' property to 'DEBUG'
2024-03-15 17:30:54.673 INFO  o.s.d.r.config.RepositoryConfigurationDelegate    :294  [32m                  [0;39m Multiple Spring Data modules found, entering strict repository configuration mode
2024-03-15 17:30:54.675 INFO  o.s.d.r.config.RepositoryConfigurationDelegate    :138  [32m                  [0;39m Bootstrapping Spring Data Redis repositories in DEFAULT mode.
2024-03-15 17:30:54.688 INFO  o.s.d.r.config.RepositoryConfigurationDelegate    :208  [32m                  [0;39m Finished Spring Data repository scanning in 3 ms. Found 0 Redis repository interfaces.
2024-03-15 17:30:54.784 WARN  org.mybatis.spring.mapper.ClassPathMapperScanner  :44   [32m                  [0;39m No MyBatis mapper was found in '[com.xboss.train.business.config]' package. Please check your configuration.
2024-03-15 17:30:54.840 INFO  o.springframework.cloud.context.scope.GenericScope:282  [32m                  [0;39m BeanFactory id=69b4ab3a-3c4d-3c50-a2cd-06ea0f0b1ae8
2024-03-15 17:30:55.416 INFO  o.s.boot.web.embedded.tomcat.TomcatWebServer      :114  [32m                  [0;39m Tomcat initialized with port(s): 8002 (http)
2024-03-15 17:30:55.416 INFO  org.apache.catalina.core.AprLifecycleListener     :173  [32m                  [0;39m An older version [1.2.35] of the Apache Tomcat Native library is installed, while Tomcat recommends a minimum version of [2.0.1]
2024-03-15 17:30:55.417 INFO  org.apache.catalina.core.AprLifecycleListener     :173  [32m                  [0;39m Loaded Apache Tomcat Native library [1.2.35] using APR version [1.7.0].
2024-03-15 17:30:55.420 INFO  org.apache.catalina.core.AprLifecycleListener     :173  [32m                  [0;39m OpenSSL successfully initialized [OpenSSL 1.1.1q  5 Jul 2022]
2024-03-15 17:30:55.427 INFO  org.apache.coyote.http11.Http11NioProtocol        :173  [32m                  [0;39m Initializing ProtocolHandler ["http-nio-8002"]
2024-03-15 17:30:55.428 INFO  org.apache.catalina.core.StandardService          :173  [32m                  [0;39m Starting service [Tomcat]
2024-03-15 17:30:55.428 INFO  org.apache.catalina.core.StandardEngine           :173  [32m                  [0;39m Starting Servlet engine: [Apache Tomcat/10.1.1]
2024-03-15 17:30:55.474 INFO  o.a.c.c.C.[Tomcat].[localhost].[/business]        :173  [32m                  [0;39m Initializing Spring embedded WebApplicationContext
2024-03-15 17:30:55.474 INFO  o.s.b.w.s.c.ServletWebServerApplicationContext    :291  [32m                  [0;39m Root WebApplicationContext: initialization completed in 1304 ms
2024-03-15 17:30:55.519 WARN  o.s.b.w.s.c.AnnotationConfigServletWebServerApplicationContext:592  [32m                  [0;39m Exception encountered during context initialization - cancelling refresh attempt: org.springframework.beans.factory.BeanCreationException: Error creating bean with name 'stationAdminController': Injection of resource dependencies failed
2024-03-15 17:30:55.521 INFO  org.apache.catalina.core.StandardService          :173  [32m                  [0;39m Stopping service [Tomcat]
2024-03-15 17:30:55.534 INFO  o.s.b.a.logging.ConditionEvaluationReportLogger   :82   [32m                  [0;39m 

Error starting ApplicationContext. To display the condition evaluation report re-run your application with 'debug' enabled.
2024-03-15 17:30:55.550 ERROR o.s.b.diagnostics.LoggingFailureAnalysisReporter  :40   [32m                  [0;39m 

***************************
APPLICATION FAILED TO START
***************************

Description:

A component required a bean of type 'com.xboss.train.business.mapper.StationMapper' that could not be found.


Action:

Consider defining a bean of type 'com.xboss.train.business.mapper.StationMapper' in your configuration.

2024-03-15 17:34:52.229 INFO  org.hibernate.validator.internal.util.Version     :21   [32m                  [0;39m HV000001: Hibernate Validator 8.0.0.Final
2024-03-15 17:34:52.257 INFO  c.xboss.train.business.config.BusinessApplication :51   [32m                  [0;39m Starting BusinessApplication using Java 18.0.1.1 with PID 31552 (D:\projectAndcode\train\business\target\classes started by 86183 in D:\projectAndcode\train)
2024-03-15 17:34:52.258 INFO  c.xboss.train.business.config.BusinessApplication :630  [32m                  [0;39m No active profile set, falling back to 1 default profile: "default"
2024-03-15 17:34:52.295 INFO  o.s.b.d.env.DevToolsPropertyDefaultsPostProcessor :250  [32m                  [0;39m Devtools property defaults active! Set 'spring.devtools.add-properties' to 'false' to disable
2024-03-15 17:34:52.295 INFO  o.s.b.d.env.DevToolsPropertyDefaultsPostProcessor :250  [32m                  [0;39m For additional web related logging consider setting the 'logging.level.web' property to 'DEBUG'
2024-03-15 17:34:52.779 INFO  o.s.d.r.config.RepositoryConfigurationDelegate    :294  [32m                  [0;39m Multiple Spring Data modules found, entering strict repository configuration mode
2024-03-15 17:34:52.781 INFO  o.s.d.r.config.RepositoryConfigurationDelegate    :138  [32m                  [0;39m Bootstrapping Spring Data Redis repositories in DEFAULT mode.
2024-03-15 17:34:52.799 INFO  o.s.d.r.config.RepositoryConfigurationDelegate    :208  [32m                  [0;39m Finished Spring Data repository scanning in 8 ms. Found 0 Redis repository interfaces.
2024-03-15 17:34:52.962 INFO  o.springframework.cloud.context.scope.GenericScope:282  [32m                  [0;39m BeanFactory id=8fb5df28-09e6-363d-a146-5b4a465aa271
2024-03-15 17:34:53.570 INFO  o.s.boot.web.embedded.tomcat.TomcatWebServer      :114  [32m                  [0;39m Tomcat initialized with port(s): 8002 (http)
2024-03-15 17:34:53.571 INFO  org.apache.catalina.core.AprLifecycleListener     :173  [32m                  [0;39m An older version [1.2.35] of the Apache Tomcat Native library is installed, while Tomcat recommends a minimum version of [2.0.1]
2024-03-15 17:34:53.571 INFO  org.apache.catalina.core.AprLifecycleListener     :173  [32m                  [0;39m Loaded Apache Tomcat Native library [1.2.35] using APR version [1.7.0].
2024-03-15 17:34:53.574 INFO  org.apache.catalina.core.AprLifecycleListener     :173  [32m                  [0;39m OpenSSL successfully initialized [OpenSSL 1.1.1q  5 Jul 2022]
2024-03-15 17:34:53.582 INFO  org.apache.coyote.http11.Http11NioProtocol        :173  [32m                  [0;39m Initializing ProtocolHandler ["http-nio-8002"]
2024-03-15 17:34:53.583 INFO  org.apache.catalina.core.StandardService          :173  [32m                  [0;39m Starting service [Tomcat]
2024-03-15 17:34:53.583 INFO  org.apache.catalina.core.StandardEngine           :173  [32m                  [0;39m Starting Servlet engine: [Apache Tomcat/10.1.1]
2024-03-15 17:34:53.631 INFO  o.a.c.c.C.[Tomcat].[localhost].[/business]        :173  [32m                  [0;39m Initializing Spring embedded WebApplicationContext
2024-03-15 17:34:53.632 INFO  o.s.b.w.s.c.ServletWebServerApplicationContext    :291  [32m                  [0;39m Root WebApplicationContext: initialization completed in 1336 ms
2024-03-15 17:34:54.110 INFO  c.alibaba.cloud.sentinel.SentinelWebMvcConfigurer :52   [32m                  [0;39m [Sentinel Starter] register SentinelWebInterceptor with urlPatterns: [/**].
2024-03-15 17:34:54.601 WARN  o.s.b.d.autoconfigure.OptionalLiveReloadServer    :62   [32m                  [0;39m Unable to start LiveReload server
2024-03-15 17:34:54.726 WARN  o.s.c.l.c.LoadBalancerCacheAutoConfiguration$LoadBalancerCaffeineWarnLogger:81   [32m                  [0;39m Spring Cloud LoadBalancer is currently working with the default cache. While this cache implementation is useful for development and tests, it's recommended to use Caffeine cache in production.You can switch to using Caffeine cache, by adding it and org.springframework.cache.caffeine.CaffeineCacheManager to the classpath.
2024-03-15 17:34:54.827 INFO  org.apache.coyote.http11.Http11NioProtocol        :173  [32m                  [0;39m Starting ProtocolHandler ["http-nio-8002"]
2024-03-15 17:34:54.842 INFO  o.s.boot.web.embedded.tomcat.TomcatWebServer      :226  [32m                  [0;39m Tomcat started on port(s): 8002 (http) with context path '/business'
2024-03-15 17:34:54.934 INFO  c.xboss.train.business.config.BusinessApplication :57   [32m                  [0;39m Started BusinessApplication in 3.135 seconds (process running for 3.7)
2024-03-15 17:34:54.935 INFO  c.xboss.train.business.config.BusinessApplication :24   [32m                  [0;39m 启动成功！！
2024-03-15 17:34:54.935 INFO  c.xboss.train.business.config.BusinessApplication :25   [32m                  [0;39m 网关地址: 	http://127.0.0.1:8002
2024-03-15 17:49:14.866 INFO  o.a.c.c.C.[Tomcat].[localhost].[/business]        :173  [32m                  [0;39m Initializing Spring DispatcherServlet 'dispatcherServlet'
2024-03-15 17:49:14.866 INFO  org.springframework.web.servlet.DispatcherServlet :525  [32m                  [0;39m Initializing Servlet 'dispatcherServlet'
2024-03-15 17:49:14.867 INFO  org.springframework.web.servlet.DispatcherServlet :547  [32m                  [0;39m Completed initialization in 1 ms
2024-03-15 17:49:15.006 ERROR c.x.t.common.controller.ControllerExceptionHandler:65   [32m                  [0;39m 校验异常：【每页条数】不能为空
2024-03-15 17:49:15.022 WARN  o.s.w.s.m.m.a.ExceptionHandlerExceptionResolver   :207  [32m                  [0;39m Resolved [org.springframework.validation.BindException: org.springframework.validation.BeanPropertyBindingResult: 2 errors<EOL>Field error in object 'stationQueryReq' on field 'size': rejected value [null]; codes [NotNull.stationQueryReq.size,NotNull.size,NotNull.java.lang.Integer,NotNull]; arguments [org.springframework.context.support.DefaultMessageSourceResolvable: codes [stationQueryReq.size,size]; arguments []; default message [size]]; default message [【每页条数】不能为空]<EOL>Field error in object 'stationQueryReq' on field 'page': rejected value [null]; codes [NotNull.stationQueryReq.page,NotNull.page,NotNull.java.lang.Integer,NotNull]; arguments [org.springframework.context.support.DefaultMessageSourceResolvable: codes [stationQueryReq.page,page]; arguments []; default message [page]]; default message [【页码】不能为空]]
2024-03-15 17:49:53.196 INFO  com.xboss.train.common.aspect.LogAspect           :48   [32m                  [0;39m ------------- 开始 -------------
2024-03-15 17:49:53.197 INFO  com.xboss.train.common.aspect.LogAspect           :49   [32m                  [0;39m 请求地址: http://127.0.0.1:8002/business/admin/station/query-list GET
2024-03-15 17:49:53.197 INFO  com.xboss.train.common.aspect.LogAspect           :50   [32m                  [0;39m 类名方法: com.xboss.train.business.controller.admin.StationAdminController.queryList
2024-03-15 17:49:53.197 INFO  com.xboss.train.common.aspect.LogAspect           :51   [32m                  [0;39m 远程地址: 127.0.0.1
2024-03-15 17:49:53.246 INFO  com.xboss.train.common.aspect.LogAspect           :72   [32m                  [0;39m 请求参数: [{"page":1,"size":10}]
2024-03-15 17:49:53.247 INFO  com.xboss.train.business.service.StationService   :50   [32m                  [0;39m 查询页码：1
2024-03-15 17:49:53.248 INFO  com.xboss.train.business.service.StationService   :51   [32m                  [0;39m 每页条数：10
2024-03-15 17:49:53.285 INFO  com.zaxxer.hikari.HikariDataSource                :110  [32m                  [0;39m HikariPool-1 - Starting...
2024-03-15 17:49:53.523 INFO  com.zaxxer.hikari.pool.HikariPool                 :565  [32m                  [0;39m HikariPool-1 - Added connection com.mysql.cj.jdbc.ConnectionImpl@640e146
2024-03-15 17:49:53.525 INFO  com.zaxxer.hikari.HikariDataSource                :123  [32m                  [0;39m HikariPool-1 - Start completed.
2024-03-15 17:49:53.553 INFO  com.xboss.train.business.service.StationService   :56   [32m                  [0;39m 总行数：0
2024-03-15 17:49:53.553 INFO  com.xboss.train.business.service.StationService   :57   [32m                  [0;39m 总页数：0
2024-03-15 17:49:53.560 INFO  com.xboss.train.common.aspect.LogAspect           :84   [32m                  [0;39m 返回结果: {"content":{"list":[],"total":0},"success":true}
2024-03-15 17:49:53.560 INFO  com.xboss.train.common.aspect.LogAspect           :85   [32m                  [0;39m ------------- 结束 耗时：365 ms -------------
2024-03-15 17:51:05.063 INFO  com.xboss.train.common.aspect.LogAspect           :48   [32m                  [0;39m ------------- 开始 -------------
2024-03-15 17:51:05.063 INFO  com.xboss.train.common.aspect.LogAspect           :49   [32m                  [0;39m 请求地址: http://127.0.0.1:8002/business/admin/station/query-list GET
2024-03-15 17:51:05.063 INFO  com.xboss.train.common.aspect.LogAspect           :50   [32m                  [0;39m 类名方法: com.xboss.train.business.controller.admin.StationAdminController.queryList
2024-03-15 17:51:05.063 INFO  com.xboss.train.common.aspect.LogAspect           :51   [32m                  [0;39m 远程地址: 127.0.0.1
2024-03-15 17:51:05.064 INFO  com.xboss.train.common.aspect.LogAspect           :72   [32m                  [0;39m 请求参数: [{"page":1,"size":10}]
2024-03-15 17:51:05.064 INFO  com.xboss.train.business.service.StationService   :50   [32m                  [0;39m 查询页码：1
2024-03-15 17:51:05.064 INFO  com.xboss.train.business.service.StationService   :51   [32m                  [0;39m 每页条数：10
2024-03-15 17:51:05.068 INFO  com.xboss.train.business.service.StationService   :56   [32m                  [0;39m 总行数：1
2024-03-15 17:51:05.068 INFO  com.xboss.train.business.service.StationService   :57   [32m                  [0;39m 总页数：1
2024-03-15 17:51:05.109 INFO  com.xboss.train.common.aspect.LogAspect           :84   [32m                  [0;39m 返回结果: {"content":{"list":[{"createTime":1710496258000,"id":1,"name":"xxx","namePinyin":"xxx","namePy":"xxx"}],"total":1},"success":true}
2024-03-15 17:51:05.109 INFO  com.xboss.train.common.aspect.LogAspect           :85   [32m                  [0;39m ------------- 结束 耗时：46 ms -------------
2024-03-15 17:56:24.400 INFO  com.zaxxer.hikari.HikariDataSource                :350  [32m                  [0;39m HikariPool-1 - Shutdown initiated...
2024-03-15 17:56:24.405 INFO  com.zaxxer.hikari.HikariDataSource                :352  [32m                  [0;39m HikariPool-1 - Shutdown completed.
