2025-02-16 15:00:28.969 INFO  org.hibernate.validator.internal.util.Version     :21   [32m                  [0;39m HV000001: Hibernate Validator 8.0.0.Final
2025-02-16 15:00:29.020 INFO  c.xboss.train.business.config.BusinessApplication :51   [32m                  [0;39m Starting BusinessApplication using Java 18.0.1.1 with PID 18636 (D:\projectAndcode\train\business\target\classes started by 86183 in D:\projectAndcode\train)
2025-02-16 15:00:29.022 INFO  c.xboss.train.business.config.BusinessApplication :630  [32m                  [0;39m No active profile set, falling back to 1 default profile: "default"
2025-02-16 15:00:29.091 INFO  o.s.b.d.env.DevToolsPropertyDefaultsPostProcessor :250  [32m                  [0;39m Devtools property defaults active! Set 'spring.devtools.add-properties' to 'false' to disable
2025-02-16 15:00:29.092 INFO  o.s.b.d.env.DevToolsPropertyDefaultsPostProcessor :250  [32m                  [0;39m For additional web related logging consider setting the 'logging.level.web' property to 'DEBUG'
2025-02-16 15:00:29.822 INFO  o.s.d.r.config.RepositoryConfigurationDelegate    :294  [32m                  [0;39m Multiple Spring Data modules found, entering strict repository configuration mode
2025-02-16 15:00:29.825 INFO  o.s.d.r.config.RepositoryConfigurationDelegate    :138  [32m                  [0;39m Bootstrapping Spring Data Redis repositories in DEFAULT mode.
2025-02-16 15:00:29.852 INFO  o.s.d.r.config.RepositoryConfigurationDelegate    :208  [32m                  [0;39m Finished Spring Data repository scanning in 11 ms. Found 0 Redis repository interfaces.
2025-02-16 15:00:30.082 INFO  o.springframework.cloud.context.scope.GenericScope:282  [32m                  [0;39m BeanFactory id=db6aa578-5ebe-358d-8f9c-34068b585662
2025-02-16 15:00:30.809 INFO  o.s.boot.web.embedded.tomcat.TomcatWebServer      :114  [32m                  [0;39m Tomcat initialized with port(s): 8002 (http)
2025-02-16 15:00:30.810 INFO  org.apache.catalina.core.AprLifecycleListener     :173  [32m                  [0;39m An older version [1.2.35] of the Apache Tomcat Native library is installed, while Tomcat recommends a minimum version of [2.0.1]
2025-02-16 15:00:30.810 INFO  org.apache.catalina.core.AprLifecycleListener     :173  [32m                  [0;39m Loaded Apache Tomcat Native library [1.2.35] using APR version [1.7.0].
2025-02-16 15:00:30.813 INFO  org.apache.catalina.core.AprLifecycleListener     :173  [32m                  [0;39m OpenSSL successfully initialized [OpenSSL 1.1.1q  5 Jul 2022]
2025-02-16 15:00:30.823 INFO  org.apache.coyote.http11.Http11NioProtocol        :173  [32m                  [0;39m Initializing ProtocolHandler ["http-nio-8002"]
2025-02-16 15:00:30.824 INFO  org.apache.catalina.core.StandardService          :173  [32m                  [0;39m Starting service [Tomcat]
2025-02-16 15:00:30.824 INFO  org.apache.catalina.core.StandardEngine           :173  [32m                  [0;39m Starting Servlet engine: [Apache Tomcat/10.1.1]
2025-02-16 15:00:30.887 INFO  o.a.c.c.C.[Tomcat].[localhost].[/business]        :173  [32m                  [0;39m Initializing Spring embedded WebApplicationContext
2025-02-16 15:00:30.887 INFO  o.s.b.w.s.c.ServletWebServerApplicationContext    :291  [32m                  [0;39m Root WebApplicationContext: initialization completed in 1794 ms
2025-02-16 15:00:31.830 INFO  c.alibaba.cloud.sentinel.SentinelWebMvcConfigurer :52   [32m                  [0;39m [Sentinel Starter] register SentinelWebInterceptor with urlPatterns: [/**].
2025-02-16 15:00:32.547 WARN  o.s.b.d.autoconfigure.OptionalLiveReloadServer    :62   [32m                  [0;39m Unable to start LiveReload server
2025-02-16 15:00:32.869 WARN  o.s.c.l.c.LoadBalancerCacheAutoConfiguration$LoadBalancerCaffeineWarnLogger:81   [32m                  [0;39m Spring Cloud LoadBalancer is currently working with the default cache. While this cache implementation is useful for development and tests, it's recommended to use Caffeine cache in production.You can switch to using Caffeine cache, by adding it and org.springframework.cache.caffeine.CaffeineCacheManager to the classpath.
2025-02-16 15:00:33.026 INFO  org.apache.coyote.http11.Http11NioProtocol        :173  [32m                  [0;39m Starting ProtocolHandler ["http-nio-8002"]
2025-02-16 15:00:33.054 INFO  o.s.boot.web.embedded.tomcat.TomcatWebServer      :226  [32m                  [0;39m Tomcat started on port(s): 8002 (http) with context path '/business'
2025-02-16 15:00:33.326 INFO  c.xboss.train.business.config.BusinessApplication :57   [32m                  [0;39m Started BusinessApplication in 5.165 seconds (process running for 5.893)
2025-02-16 15:00:33.330 INFO  c.xboss.train.business.config.BusinessApplication :24   [32m                  [0;39m 启动成功！！
2025-02-16 15:00:33.330 INFO  c.xboss.train.business.config.BusinessApplication :25   [32m                  [0;39m 网关地址: 	http://127.0.0.1:8002
2025-02-16 15:02:40.723 INFO  o.a.c.c.C.[Tomcat].[localhost].[/business]        :173  [32m                  [0;39m Initializing Spring DispatcherServlet 'dispatcherServlet'
2025-02-16 15:02:40.723 INFO  org.springframework.web.servlet.DispatcherServlet :525  [32m                  [0;39m Initializing Servlet 'dispatcherServlet'
2025-02-16 15:02:40.728 INFO  org.springframework.web.servlet.DispatcherServlet :547  [32m                  [0;39m Completed initialization in 5 ms
2025-02-16 15:02:40.880 INFO  com.xboss.train.common.aspect.LogAspect           :48   [32m1739689360836b16  [0;39m ------------- 开始 -------------
2025-02-16 15:02:40.881 INFO  com.xboss.train.common.aspect.LogAspect           :49   [32m1739689360836b16  [0;39m 请求地址: http://127.0.0.1:8002/business/admin/station/query-list GET
2025-02-16 15:02:40.881 INFO  com.xboss.train.common.aspect.LogAspect           :50   [32m1739689360836b16  [0;39m 类名方法: com.xboss.train.business.controller.admin.StationAdminController.queryList
2025-02-16 15:02:40.882 INFO  com.xboss.train.common.aspect.LogAspect           :51   [32m1739689360836b16  [0;39m 远程地址: 127.0.0.1
2025-02-16 15:02:40.930 INFO  com.xboss.train.common.aspect.LogAspect           :72   [32m1739689360836b16  [0;39m 请求参数: [{"page":1,"size":10}]
2025-02-16 15:02:40.930 INFO  com.xboss.train.business.service.StationService   :70   [32m1739689360836b16  [0;39m 查询页码：1
2025-02-16 15:02:40.930 INFO  com.xboss.train.business.service.StationService   :71   [32m1739689360836b16  [0;39m 每页条数：10
2025-02-16 15:02:40.970 INFO  com.zaxxer.hikari.HikariDataSource                :110  [32m1739689360836b16  [0;39m HikariPool-1 - Starting...
2025-02-16 15:02:41.187 INFO  com.zaxxer.hikari.pool.HikariPool                 :565  [32m1739689360836b16  [0;39m HikariPool-1 - Added connection com.mysql.cj.jdbc.ConnectionImpl@3af1eaf3
2025-02-16 15:02:41.187 INFO  com.zaxxer.hikari.HikariDataSource                :123  [32m1739689360836b16  [0;39m HikariPool-1 - Start completed.
2025-02-16 15:02:41.196 DEBUG c.x.t.b.mapper.StationMapper.selectByExample      :137  [32m1739689360836b16  [0;39m ==>  Preparing: select id, `name`, name_pinyin, name_py, create_time, update_time from station order by id desc
2025-02-16 15:02:41.216 DEBUG c.x.t.b.mapper.StationMapper.selectByExample      :137  [32m1739689360836b16  [0;39m ==> Parameters: 
2025-02-16 15:02:41.235 TRACE c.x.t.b.mapper.StationMapper.selectByExample      :143  [32m1739689360836b16  [0;39m <==    Columns: id, name, name_pinyin, name_py, create_time, update_time
2025-02-16 15:02:41.237 TRACE c.x.t.b.mapper.StationMapper.selectByExample      :143  [32m1739689360836b16  [0;39m <==        Row: 1805167966099214336, 龙塘, longtang, lt, 2024-06-24 17:15:56.172, 2024-06-24 17:15:56.172
2025-02-16 15:02:41.237 TRACE c.x.t.b.mapper.StationMapper.selectByExample      :143  [32m1739689360836b16  [0;39m <==        Row: 1805167556999385088, 北京, beijing, bj, 2024-06-24 17:14:18.633, 2024-06-24 17:14:18.633
2025-02-16 15:02:41.237 TRACE c.x.t.b.mapper.StationMapper.selectByExample      :143  [32m1739689360836b16  [0;39m <==        Row: 1769710694200119296, 清远, qingyuan, qy, 2024-03-18 21:01:23.789, 2024-03-18 21:01:23.789
2025-02-16 15:02:41.237 TRACE c.x.t.b.mapper.StationMapper.selectByExample      :143  [32m1739689360836b16  [0;39m <==        Row: 1769710670430998528, 上海, shanghai, sh, 2024-03-18 21:01:18.122, 2024-03-18 21:01:18.122
2025-02-16 15:02:41.237 TRACE c.x.t.b.mapper.StationMapper.selectByExample      :143  [32m1739689360836b16  [0;39m <==        Row: 1769710631356862464, 广州, guangzhou, gz, 2024-03-18 21:01:08.805, 2024-03-18 21:01:08.805
2025-02-16 15:02:41.237 DEBUG c.x.t.b.mapper.StationMapper.selectByExample      :137  [32m1739689360836b16  [0;39m <==      Total: 5
2025-02-16 15:02:41.237 INFO  com.xboss.train.business.service.StationService   :76   [32m1739689360836b16  [0;39m 总行数：5
2025-02-16 15:02:41.237 INFO  com.xboss.train.business.service.StationService   :77   [32m1739689360836b16  [0;39m 总页数：1
2025-02-16 15:02:41.286 INFO  com.xboss.train.common.aspect.LogAspect           :84   [32m1739689360836b16  [0;39m 返回结果: {"content":{"list":[{"createTime":1719220556172,"id":1805167966099214336,"name":"龙塘","namePinyin":"longtang","namePy":"lt","updateTime":1719220556172},{"createTime":1719220458633,"id":1805167556999385088,"name":"北京","namePinyin":"beijing","namePy":"bj","updateTime":1719220458633},{"createTime":1710766883789,"id":1769710694200119296,"name":"清远","namePinyin":"qingyuan","namePy":"qy","updateTime":1710766883789},{"createTime":1710766878122,"id":1769710670430998528,"name":"上海","namePinyin":"shanghai","namePy":"sh","updateTime":1710766878122},{"createTime":1710766868805,"id":1769710631356862464,"name":"广州","namePinyin":"guangzhou","namePy":"gz","updateTime":1710766868805}],"total":5},"success":true}
2025-02-16 15:02:41.287 INFO  com.xboss.train.common.aspect.LogAspect           :85   [32m1739689360836b16  [0;39m ------------- 结束 耗时：407 ms -------------
2025-02-16 15:02:42.907 INFO  com.xboss.train.common.aspect.LogAspect           :48   [32m1739689362903x3a  [0;39m ------------- 开始 -------------
2025-02-16 15:02:42.907 INFO  com.xboss.train.common.aspect.LogAspect           :49   [32m1739689362903x3a  [0;39m 请求地址: http://127.0.0.1:8002/business/admin/train/query-list GET
2025-02-16 15:02:42.907 INFO  com.xboss.train.common.aspect.LogAspect           :50   [32m1739689362903x3a  [0;39m 类名方法: com.xboss.train.business.controller.admin.TrainAdminController.queryList
2025-02-16 15:02:42.908 INFO  com.xboss.train.common.aspect.LogAspect           :51   [32m1739689362903x3a  [0;39m 远程地址: 127.0.0.1
2025-02-16 15:02:42.909 INFO  com.xboss.train.common.aspect.LogAspect           :72   [32m1739689362903x3a  [0;39m 请求参数: [{"page":1,"size":10}]
2025-02-16 15:02:42.911 INFO  com.xboss.train.business.service.TrainService     :73   [32m1739689362903x3a  [0;39m 查询页码：1
2025-02-16 15:02:42.912 INFO  com.xboss.train.business.service.TrainService     :74   [32m1739689362903x3a  [0;39m 每页条数：10
2025-02-16 15:02:42.913 DEBUG c.x.t.business.mapper.TrainMapper.selectByExample :137  [32m1739689362903x3a  [0;39m ==>  Preparing: select id, code, `type`, `start`, start_pinyin, start_time, `end`, end_pinyin, end_time, create_time, update_time from train order by id desc
2025-02-16 15:02:42.914 DEBUG c.x.t.business.mapper.TrainMapper.selectByExample :137  [32m1739689362903x3a  [0;39m ==> Parameters: 
2025-02-16 15:02:42.917 TRACE c.x.t.business.mapper.TrainMapper.selectByExample :143  [32m1739689362903x3a  [0;39m <==    Columns: id, code, type, start, start_pinyin, start_time, end, end_pinyin, end_time, create_time, update_time
2025-02-16 15:02:42.920 TRACE c.x.t.business.mapper.TrainMapper.selectByExample :143  [32m1739689362903x3a  [0;39m <==        Row: 1805434792007831552, G1, G, 广州, guangzhou, 23:00:00, 清远, qingyuan, 23:59:00, 2024-06-25 10:56:12.426, 2024-06-25 10:56:12.426
2025-02-16 15:02:42.920 DEBUG c.x.t.business.mapper.TrainMapper.selectByExample :137  [32m1739689362903x3a  [0;39m <==      Total: 1
2025-02-16 15:02:42.920 INFO  com.xboss.train.business.service.TrainService     :79   [32m1739689362903x3a  [0;39m 总行数：1
2025-02-16 15:02:42.920 INFO  com.xboss.train.business.service.TrainService     :80   [32m1739689362903x3a  [0;39m 总页数：1
2025-02-16 15:02:42.925 INFO  com.xboss.train.common.aspect.LogAspect           :84   [32m1739689362903x3a  [0;39m 返回结果: {"content":{"list":[{"code":"G1","createTime":1719284172426,"end":"清远","endPinyin":"qingyuan","endTime":57540000,"id":1805434792007831552,"start":"广州","startPinyin":"guangzhou","startTime":54000000,"type":"G","updateTime":1719284172426}],"total":1},"success":true}
2025-02-16 15:02:42.925 INFO  com.xboss.train.common.aspect.LogAspect           :85   [32m1739689362903x3a  [0;39m ------------- 结束 耗时：18 ms -------------
2025-02-16 15:02:43.810 INFO  com.xboss.train.common.aspect.LogAspect           :48   [32m1739689363808tbj  [0;39m ------------- 开始 -------------
2025-02-16 15:02:43.810 INFO  com.xboss.train.common.aspect.LogAspect           :49   [32m1739689363808tbj  [0;39m 请求地址: http://127.0.0.1:8002/business/admin/train/query-all GET
2025-02-16 15:02:43.810 INFO  com.xboss.train.common.aspect.LogAspect           :50   [32m1739689363808tbj  [0;39m 类名方法: com.xboss.train.business.controller.admin.TrainAdminController.queryList
2025-02-16 15:02:43.810 INFO  com.xboss.train.common.aspect.LogAspect           :51   [32m1739689363808tbj  [0;39m 远程地址: 127.0.0.1
2025-02-16 15:02:43.811 INFO  com.xboss.train.common.aspect.LogAspect           :72   [32m1739689363808tbj  [0;39m 请求参数: []
2025-02-16 15:02:43.815 INFO  com.xboss.train.common.aspect.LogAspect           :48   [32m1739689363813ozp  [0;39m ------------- 开始 -------------
2025-02-16 15:02:43.815 INFO  com.xboss.train.common.aspect.LogAspect           :49   [32m1739689363813ozp  [0;39m 请求地址: http://127.0.0.1:8002/business/admin/train-station/query-list GET
2025-02-16 15:02:43.815 INFO  com.xboss.train.common.aspect.LogAspect           :50   [32m1739689363813ozp  [0;39m 类名方法: com.xboss.train.business.controller.admin.TrainStationAdminController.queryList
2025-02-16 15:02:43.816 INFO  com.xboss.train.common.aspect.LogAspect           :51   [32m1739689363813ozp  [0;39m 远程地址: 127.0.0.1
2025-02-16 15:02:43.817 DEBUG c.x.t.business.mapper.TrainMapper.selectByExample :137  [32m1739689363808tbj  [0;39m ==>  Preparing: select id, code, `type`, `start`, start_pinyin, start_time, `end`, end_pinyin, end_time, create_time, update_time from train order by code asc
2025-02-16 15:02:43.817 DEBUG c.x.t.business.mapper.TrainMapper.selectByExample :137  [32m1739689363808tbj  [0;39m ==> Parameters: 
2025-02-16 15:02:43.817 INFO  com.xboss.train.common.aspect.LogAspect           :72   [32m1739689363813ozp  [0;39m 请求参数: [{"page":1,"size":10}]
2025-02-16 15:02:43.819 TRACE c.x.t.business.mapper.TrainMapper.selectByExample :143  [32m1739689363808tbj  [0;39m <==    Columns: id, code, type, start, start_pinyin, start_time, end, end_pinyin, end_time, create_time, update_time
2025-02-16 15:02:43.819 TRACE c.x.t.business.mapper.TrainMapper.selectByExample :143  [32m1739689363808tbj  [0;39m <==        Row: 1805434792007831552, G1, G, 广州, guangzhou, 23:00:00, 清远, qingyuan, 23:59:00, 2024-06-25 10:56:12.426, 2024-06-25 10:56:12.426
2025-02-16 15:02:43.820 DEBUG c.x.t.business.mapper.TrainMapper.selectByExample :137  [32m1739689363808tbj  [0;39m <==      Total: 1
2025-02-16 15:02:43.820 INFO  c.xboss.train.business.service.TrainStationService:94   [32m1739689363813ozp  [0;39m 查询页码：1
2025-02-16 15:02:43.820 INFO  c.xboss.train.business.service.TrainStationService:95   [32m1739689363813ozp  [0;39m 每页条数：10
2025-02-16 15:02:43.822 DEBUG c.x.t.b.mapper.TrainStationMapper.selectByExample :137  [32m1739689363813ozp  [0;39m ==>  Preparing: select id, train_code, `index`, `name`, name_pinyin, in_time, out_time, stop_time, km, create_time, update_time from train_station order by train_code asc, `index` asc
2025-02-16 15:02:43.822 DEBUG c.x.t.b.mapper.TrainStationMapper.selectByExample :137  [32m1739689363813ozp  [0;39m ==> Parameters: 
2025-02-16 15:02:43.823 INFO  com.xboss.train.common.aspect.LogAspect           :84   [32m1739689363808tbj  [0;39m 返回结果: {"content":[{"code":"G1","createTime":1719284172426,"end":"清远","endPinyin":"qingyuan","endTime":57540000,"id":1805434792007831552,"start":"广州","startPinyin":"guangzhou","startTime":54000000,"type":"G","updateTime":1719284172426}],"success":true}
2025-02-16 15:02:43.823 INFO  com.xboss.train.common.aspect.LogAspect           :85   [32m1739689363808tbj  [0;39m ------------- 结束 耗时：13 ms -------------
2025-02-16 15:02:43.823 TRACE c.x.t.b.mapper.TrainStationMapper.selectByExample :143  [32m1739689363813ozp  [0;39m <==    Columns: id, train_code, index, name, name_pinyin, in_time, out_time, stop_time, km, create_time, update_time
2025-02-16 15:02:43.829 TRACE c.x.t.b.mapper.TrainStationMapper.selectByExample :143  [32m1739689363813ozp  [0;39m <==        Row: 1770009971019354112, G1, 0, 广州, guangzhou, 23:00:00, 23:09:00, 00:09:00, 0.00, 2024-03-19 16:50:36, 2024-06-25 10:58:37.057
2025-02-16 15:02:43.829 TRACE c.x.t.b.mapper.TrainStationMapper.selectByExample :143  [32m1739689363813ozp  [0;39m <==        Row: 1805168226179616768, G1, 1, 龙塘, longtang, 23:30:00, 23:31:00, 00:01:00, 2.00, 2024-06-24 17:16:58, 2024-06-25 10:50:21.544
2025-02-16 15:02:43.829 TRACE c.x.t.b.mapper.TrainStationMapper.selectByExample :143  [32m1739689363813ozp  [0;39m <==        Row: 1770010163042979840, G1, 2, 清远, qingyuan, 23:45:00, 23:46:00, 00:01:00, 60.00, 2024-03-19 16:51:22, 2024-06-25 10:50:46.359
2025-02-16 15:02:43.829 DEBUG c.x.t.b.mapper.TrainStationMapper.selectByExample :137  [32m1739689363813ozp  [0;39m <==      Total: 3
2025-02-16 15:02:43.833 INFO  c.xboss.train.business.service.TrainStationService:100  [32m1739689363813ozp  [0;39m 总行数：3
2025-02-16 15:02:43.833 INFO  c.xboss.train.business.service.TrainStationService:101  [32m1739689363813ozp  [0;39m 总页数：1
2025-02-16 15:02:43.837 INFO  com.xboss.train.common.aspect.LogAspect           :84   [32m1739689363813ozp  [0;39m 返回结果: {"content":{"list":[{"createTime":1710838236000,"id":1770009971019354112,"inTime":54000000,"index":0,"km":0.00,"name":"广州","namePinyin":"guangzhou","outTime":54540000,"stopTime":-28260000,"trainCode":"G1","updateTime":1719284317057},{"createTime":1719220618000,"id":1805168226179616768,"inTime":55800000,"index":1,"km":2.00,"name":"龙塘","namePinyin":"longtang","outTime":55860000,"stopTime":-28740000,"trainCode":"G1","updateTime":1719283821544},{"createTime":1710838282000,"id":1770010163042979840,"inTime":56700000,"index":2,"km":60.00,"name":"清远","namePinyin":"qingyuan","outTime":56760000,"stopTime":-28740000,"trainCode":"G1","updateTime":1719283846359}],"total":3},"success":true}
2025-02-16 15:02:43.840 INFO  com.xboss.train.common.aspect.LogAspect           :85   [32m1739689363813ozp  [0;39m ------------- 结束 耗时：25 ms -------------
2025-02-16 15:02:45.544 INFO  com.xboss.train.common.aspect.LogAspect           :48   [32m1739689365541ypz  [0;39m ------------- 开始 -------------
2025-02-16 15:02:45.545 INFO  com.xboss.train.common.aspect.LogAspect           :49   [32m1739689365541ypz  [0;39m 请求地址: http://127.0.0.1:8002/business/admin/train-carriage/query-list GET
2025-02-16 15:02:45.545 INFO  com.xboss.train.common.aspect.LogAspect           :50   [32m1739689365541ypz  [0;39m 类名方法: com.xboss.train.business.controller.admin.TrainCarriageAdminController.queryList
2025-02-16 15:02:45.545 INFO  com.xboss.train.common.aspect.LogAspect           :51   [32m1739689365541ypz  [0;39m 远程地址: 127.0.0.1
2025-02-16 15:02:45.547 INFO  com.xboss.train.common.aspect.LogAspect           :72   [32m1739689365541ypz  [0;39m 请求参数: [{"page":1,"size":10}]
2025-02-16 15:02:45.549 INFO  c.x.train.business.service.TrainCarriageService   :83   [32m1739689365541ypz  [0;39m 查询页码：1
2025-02-16 15:02:45.549 INFO  c.x.train.business.service.TrainCarriageService   :84   [32m1739689365541ypz  [0;39m 每页条数：10
2025-02-16 15:02:45.550 DEBUG c.x.t.b.mapper.TrainCarriageMapper.selectByExample:137  [32m1739689365541ypz  [0;39m ==>  Preparing: select id, train_code, `index`, seat_type, seat_count, `row_count`, col_count, create_time, update_time from train_carriage order by train_code asc, `index` asc
2025-02-16 15:02:45.551 DEBUG c.x.t.b.mapper.TrainCarriageMapper.selectByExample:137  [32m1739689365541ypz  [0;39m ==> Parameters: 
2025-02-16 15:02:45.554 TRACE c.x.t.b.mapper.TrainCarriageMapper.selectByExample:143  [32m1739689365541ypz  [0;39m <==    Columns: id, train_code, index, seat_type, seat_count, row_count, col_count, create_time, update_time
2025-02-16 15:02:45.554 TRACE c.x.t.b.mapper.TrainCarriageMapper.selectByExample:143  [32m1739689365541ypz  [0;39m <==        Row: 1770010675805032448, G1, 1, 1, 12, 3, 4, 2024-03-19 16:53:24, 2024-03-19 18:48:33.105
2025-02-16 15:02:45.556 TRACE c.x.t.b.mapper.TrainCarriageMapper.selectByExample:143  [32m1739689365541ypz  [0;39m <==        Row: 1770039256782344192, G2, 1, 2, 10, 2, 5, 2024-03-19 18:46:59.203, 2024-03-19 18:46:59.203
2025-02-16 15:02:45.556 DEBUG c.x.t.b.mapper.TrainCarriageMapper.selectByExample:137  [32m1739689365541ypz  [0;39m <==      Total: 2
2025-02-16 15:02:45.556 INFO  c.x.train.business.service.TrainCarriageService   :89   [32m1739689365541ypz  [0;39m 总行数：2
2025-02-16 15:02:45.556 INFO  c.x.train.business.service.TrainCarriageService   :90   [32m1739689365541ypz  [0;39m 总页数：1
2025-02-16 15:02:45.561 INFO  com.xboss.train.common.aspect.LogAspect           :84   [32m1739689365541ypz  [0;39m 返回结果: {"content":{"list":[{"colCount":4,"createTime":1710838404000,"id":1770010675805032448,"index":1,"rowCount":3,"seatCount":12,"seatType":"1","trainCode":"G1","updateTime":1710845313105},{"colCount":5,"createTime":1710845219203,"id":1770039256782344192,"index":1,"rowCount":2,"seatCount":10,"seatType":"2","trainCode":"G2","updateTime":1710845219203}],"total":2},"success":true}
2025-02-16 15:02:45.561 INFO  com.xboss.train.common.aspect.LogAspect           :85   [32m1739689365541ypz  [0;39m ------------- 结束 耗时：17 ms -------------
2025-02-16 15:02:46.456 INFO  com.xboss.train.common.aspect.LogAspect           :48   [32m1739689366455r6n  [0;39m ------------- 开始 -------------
2025-02-16 15:02:46.456 INFO  com.xboss.train.common.aspect.LogAspect           :49   [32m1739689366455r6n  [0;39m 请求地址: http://127.0.0.1:8002/business/admin/train-seat/query-list GET
2025-02-16 15:02:46.456 INFO  com.xboss.train.common.aspect.LogAspect           :50   [32m1739689366455r6n  [0;39m 类名方法: com.xboss.train.business.controller.admin.TrainSeatAdminController.queryList
2025-02-16 15:02:46.456 INFO  com.xboss.train.common.aspect.LogAspect           :51   [32m1739689366455r6n  [0;39m 远程地址: 127.0.0.1
2025-02-16 15:02:46.456 INFO  com.xboss.train.common.aspect.LogAspect           :72   [32m1739689366455r6n  [0;39m 请求参数: [{"page":1,"size":10}]
2025-02-16 15:02:46.462 INFO  com.xboss.train.business.service.TrainSeatService :59   [32m1739689366455r6n  [0;39m 查询页码：1
2025-02-16 15:02:46.462 INFO  com.xboss.train.business.service.TrainSeatService :60   [32m1739689366455r6n  [0;39m 每页条数：10
2025-02-16 15:02:46.463 DEBUG c.x.t.b.mapper.TrainSeatMapper.selectByExample    :137  [32m1739689366455r6n  [0;39m ==>  Preparing: select id, train_code, carriage_index, `row`, col, seat_type, carriage_seat_index, create_time, update_time from train_seat order by train_code asc, carriage_index asc, carriage_seat_index asc
2025-02-16 15:02:46.464 DEBUG c.x.t.b.mapper.TrainSeatMapper.selectByExample    :137  [32m1739689366455r6n  [0;39m ==> Parameters: 
2025-02-16 15:02:46.467 TRACE c.x.t.b.mapper.TrainSeatMapper.selectByExample    :143  [32m1739689366455r6n  [0;39m <==    Columns: id, train_code, carriage_index, row, col, seat_type, carriage_seat_index, create_time, update_time
2025-02-16 15:02:46.468 TRACE c.x.t.b.mapper.TrainSeatMapper.selectByExample    :143  [32m1739689366455r6n  [0;39m <==        Row: 1770020575281025024, G1, 1, 01, A, 1, 1, 2024-03-19 17:32:45.186, 2024-03-19 17:32:45.186
2025-02-16 15:02:46.469 TRACE c.x.t.b.mapper.TrainSeatMapper.selectByExample    :143  [32m1739689366455r6n  [0;39m <==        Row: 1770020575289413632, G1, 1, 01, C, 1, 2, 2024-03-19 17:32:45.186, 2024-03-19 17:32:45.186
2025-02-16 15:02:46.470 TRACE c.x.t.b.mapper.TrainSeatMapper.selectByExample    :143  [32m1739689366455r6n  [0;39m <==        Row: 1770020575289413633, G1, 1, 01, D, 1, 3, 2024-03-19 17:32:45.186, 2024-03-19 17:32:45.186
2025-02-16 15:02:46.470 TRACE c.x.t.b.mapper.TrainSeatMapper.selectByExample    :143  [32m1739689366455r6n  [0;39m <==        Row: 1770020575293607936, G1, 1, 01, F, 1, 4, 2024-03-19 17:32:45.186, 2024-03-19 17:32:45.186
2025-02-16 15:02:46.471 TRACE c.x.t.b.mapper.TrainSeatMapper.selectByExample    :143  [32m1739689366455r6n  [0;39m <==        Row: 1770020575297802240, G1, 1, 02, A, 1, 5, 2024-03-19 17:32:45.186, 2024-03-19 17:32:45.186
2025-02-16 15:02:46.471 TRACE c.x.t.b.mapper.TrainSeatMapper.selectByExample    :143  [32m1739689366455r6n  [0;39m <==        Row: 1770020575297802241, G1, 1, 02, C, 1, 6, 2024-03-19 17:32:45.186, 2024-03-19 17:32:45.186
2025-02-16 15:02:46.472 TRACE c.x.t.b.mapper.TrainSeatMapper.selectByExample    :143  [32m1739689366455r6n  [0;39m <==        Row: 1770020575301996544, G1, 1, 02, D, 1, 7, 2024-03-19 17:32:45.186, 2024-03-19 17:32:45.186
2025-02-16 15:02:46.472 TRACE c.x.t.b.mapper.TrainSeatMapper.selectByExample    :143  [32m1739689366455r6n  [0;39m <==        Row: 1770020575306190848, G1, 1, 02, F, 1, 8, 2024-03-19 17:32:45.186, 2024-03-19 17:32:45.186
2025-02-16 15:02:46.472 TRACE c.x.t.b.mapper.TrainSeatMapper.selectByExample    :143  [32m1739689366455r6n  [0;39m <==        Row: 1770020575306190849, G1, 1, 03, A, 1, 9, 2024-03-19 17:32:45.186, 2024-03-19 17:32:45.186
2025-02-16 15:02:46.474 TRACE c.x.t.b.mapper.TrainSeatMapper.selectByExample    :143  [32m1739689366455r6n  [0;39m <==        Row: 1770020575310385152, G1, 1, 03, C, 1, 10, 2024-03-19 17:32:45.186, 2024-03-19 17:32:45.186
2025-02-16 15:02:46.474 TRACE c.x.t.b.mapper.TrainSeatMapper.selectByExample    :143  [32m1739689366455r6n  [0;39m <==        Row: 1770020575314579456, G1, 1, 03, D, 1, 11, 2024-03-19 17:32:45.186, 2024-03-19 17:32:45.186
2025-02-16 15:02:46.475 TRACE c.x.t.b.mapper.TrainSeatMapper.selectByExample    :143  [32m1739689366455r6n  [0;39m <==        Row: 1770020575314579457, G1, 1, 03, F, 1, 12, 2024-03-19 17:32:45.186, 2024-03-19 17:32:45.186
2025-02-16 15:02:46.475 TRACE c.x.t.b.mapper.TrainSeatMapper.selectByExample    :143  [32m1739689366455r6n  [0;39m <==        Row: 1770020575318773760, G1, 1, 04, A, 1, 13, 2024-03-19 17:32:45.186, 2024-03-19 17:32:45.186
2025-02-16 15:02:46.475 TRACE c.x.t.b.mapper.TrainSeatMapper.selectByExample    :143  [32m1739689366455r6n  [0;39m <==        Row: 1770020575318773761, G1, 1, 04, C, 1, 14, 2024-03-19 17:32:45.186, 2024-03-19 17:32:45.186
2025-02-16 15:02:46.475 TRACE c.x.t.b.mapper.TrainSeatMapper.selectByExample    :143  [32m1739689366455r6n  [0;39m <==        Row: 1770020575318773762, G1, 1, 04, D, 1, 15, 2024-03-19 17:32:45.186, 2024-03-19 17:32:45.186
2025-02-16 15:02:46.476 TRACE c.x.t.b.mapper.TrainSeatMapper.selectByExample    :143  [32m1739689366455r6n  [0;39m <==        Row: 1770020575322968064, G1, 1, 04, F, 1, 16, 2024-03-19 17:32:45.186, 2024-03-19 17:32:45.186
2025-02-16 15:02:46.476 TRACE c.x.t.b.mapper.TrainSeatMapper.selectByExample    :143  [32m1739689366455r6n  [0;39m <==        Row: 1770020575327162368, G1, 1, 05, A, 1, 17, 2024-03-19 17:32:45.186, 2024-03-19 17:32:45.186
2025-02-16 15:02:46.476 TRACE c.x.t.b.mapper.TrainSeatMapper.selectByExample    :143  [32m1739689366455r6n  [0;39m <==        Row: 1770020575327162369, G1, 1, 05, C, 1, 18, 2024-03-19 17:32:45.186, 2024-03-19 17:32:45.186
2025-02-16 15:02:46.478 TRACE c.x.t.b.mapper.TrainSeatMapper.selectByExample    :143  [32m1739689366455r6n  [0;39m <==        Row: 1770020575331356672, G1, 1, 05, D, 1, 19, 2024-03-19 17:32:45.186, 2024-03-19 17:32:45.186
2025-02-16 15:02:46.478 TRACE c.x.t.b.mapper.TrainSeatMapper.selectByExample    :143  [32m1739689366455r6n  [0;39m <==        Row: 1770020575331356673, G1, 1, 05, F, 1, 20, 2024-03-19 17:32:45.186, 2024-03-19 17:32:45.186
2025-02-16 15:02:46.478 DEBUG c.x.t.b.mapper.TrainSeatMapper.selectByExample    :137  [32m1739689366455r6n  [0;39m <==      Total: 20
2025-02-16 15:02:46.478 INFO  com.xboss.train.business.service.TrainSeatService :65   [32m1739689366455r6n  [0;39m 总行数：20
2025-02-16 15:02:46.479 INFO  com.xboss.train.business.service.TrainSeatService :66   [32m1739689366455r6n  [0;39m 总页数：1
2025-02-16 15:02:46.486 INFO  com.xboss.train.common.aspect.LogAspect           :84   [32m1739689366455r6n  [0;39m 返回结果: {"content":{"list":[{"carriageIndex":1,"carriageSeatIndex":1,"col":"A","createTime":1710840765186,"id":1770020575281025024,"row":"01","seatType":"1","trainCode":"G1","updateTime":1710840765186},{"carriageIndex":1,"carriageSeatIndex":2,"col":"C","createTime":1710840765186,"id":1770020575289413632,"row":"01","seatType":"1","trainCode":"G1","updateTime":1710840765186},{"carriageIndex":1,"carriageSeatIndex":3,"col":"D","createTime":1710840765186,"id":1770020575289413633,"row":"01","seatType":"1","trainCode":"G1","updateTime":1710840765186},{"carriageIndex":1,"carriageSeatIndex":4,"col":"F","createTime":1710840765186,"id":1770020575293607936,"row":"01","seatType":"1","trainCode":"G1","updateTime":1710840765186},{"carriageIndex":1,"carriageSeatIndex":5,"col":"A","createTime":1710840765186,"id":1770020575297802240,"row":"02","seatType":"1","trainCode":"G1","updateTime":1710840765186},{"carriageIndex":1,"carriageSeatIndex":6,"col":"C","createTime":1710840765186,"id":1770020575297802241,"row":"02","seatType":"1","trainCode":"G1","updateTime":1710840765186},{"carriageIndex":1,"carriageSeatIndex":7,"col":"D","createTime":1710840765186,"id":1770020575301996544,"row":"02","seatType":"1","trainCode":"G1","updateTime":1710840765186},{"carriageIndex":1,"carriageSeatIndex":8,"col":"F","createTime":1710840765186,"id":1770020575306190848,"row":"02","seatType":"1","trainCode":"G1","updateTime":1710840765186},{"carriageIndex":1,"carriageSeatIndex":9,"col":"A","createTime":1710840765186,"id":1770020575306190849,"row":"03","seatType":"1","trainCode":"G1","updateTime":1710840765186},{"carriageIndex":1,"carriageSeatIndex":10,"col":"C","createTime":1710840765186,"id":1770020575310385152,"row":"03","seatType":"1","trainCode":"G1","updateTime":1710840765186},{"carriageIndex":1,"carriageSeatIndex":11,"col":"D","createTime":1710840765186,"id":1770020575314579456,"row":"03","seatType":"1","trainCode":"G1","updateTime":1710840765186},{"carriageIndex":1,"carriageSeatIndex":12,"col":"F","createTime":1710840765186,"id":1770020575314579457,"row":"03","seatType":"1","trainCode":"G1","updateTime":1710840765186},{"carriageIndex":1,"carriageSeatIndex":13,"col":"A","createTime":1710840765186,"id":1770020575318773760,"row":"04","seatType":"1","trainCode":"G1","updateTime":1710840765186},{"carriageIndex":1,"carriageSeatIndex":14,"col":"C","createTime":1710840765186,"id":1770020575318773761,"row":"04","seatType":"1","trainCode":"G1","updateTime":1710840765186},{"carriageIndex":1,"carriageSeatIndex":15,"col":"D","createTime":1710840765186,"id":1770020575318773762,"row":"04","seatType":"1","trainCode":"G1","updateTime":1710840765186},{"carriageIndex":1,"carriageSeatIndex":16,"col":"F","createTime":1710840765186,"id":1770020575322968064,"row":"04","seatType":"1","trainCode":"G1","updateTime":1710840765186},{"carriageIndex":1,"carriageSeatIndex":17,"col":"A","createTime":1710840765186,"id":1770020575327162368,"row":"05","seatType":"1","trainCode":"G1","updateTime":1710840765186},{"carriageIndex":1,"carriageSeatIndex":18,"col":"C","createTime":1710840765186,"id":1770020575327162369,"row":"05","seatType":"1","trainCode":"G1","updateTime":1710840765186},{"carriageIndex":1,"carriageSeatIndex":19,"col":"D","createTime":1710840765186,"id":1770020575331356672,"row":"05","seatType":"1","trainCode":"G1","updateTime":1710840765186},{"carriageIndex":1,"carriageSeatIndex":20,"col":"F","createTime":1710840765186,"id":1770020575331356673,"row":"05","seatType":"1","trainCode":"G1","updateTime":1710840765186}],"total":20},"success":true}
2025-02-16 15:02:46.486 INFO  com.xboss.train.common.aspect.LogAspect           :85   [32m1739689366455r6n  [0;39m ------------- 结束 耗时：30 ms -------------
2025-02-16 15:02:53.029 INFO  com.xboss.train.common.aspect.LogAspect           :48   [32m1739689373025g3j  [0;39m ------------- 开始 -------------
2025-02-16 15:02:53.029 INFO  com.xboss.train.common.aspect.LogAspect           :49   [32m1739689373025g3j  [0;39m 请求地址: http://127.0.0.1:8002/business/admin/daily-train/query-list GET
2025-02-16 15:02:53.029 INFO  com.xboss.train.common.aspect.LogAspect           :50   [32m1739689373025g3j  [0;39m 类名方法: com.xboss.train.business.controller.admin.DailyTrainAdminController.queryList
2025-02-16 15:02:53.029 INFO  com.xboss.train.common.aspect.LogAspect           :51   [32m1739689373025g3j  [0;39m 远程地址: 127.0.0.1
2025-02-16 15:02:53.031 INFO  com.xboss.train.common.aspect.LogAspect           :72   [32m1739689373025g3j  [0;39m 请求参数: [{"page":1,"size":10}]
2025-02-16 15:02:53.034 INFO  c.xboss.train.business.service.DailyTrainService  :77   [32m1739689373025g3j  [0;39m 查询页码：1
2025-02-16 15:02:53.034 INFO  c.xboss.train.business.service.DailyTrainService  :78   [32m1739689373025g3j  [0;39m 每页条数：10
2025-02-16 15:02:53.035 DEBUG c.x.t.b.mapper.DailyTrainMapper.selectByExample   :137  [32m1739689373025g3j  [0;39m ==>  Preparing: select id, `date`, code, `type`, `start`, start_pinyin, start_time, `end`, end_pinyin, end_time, create_time, update_time from daily_train order by date desc, code asc
2025-02-16 15:02:53.035 DEBUG c.x.t.b.mapper.DailyTrainMapper.selectByExample   :137  [32m1739689373025g3j  [0;39m ==> Parameters: 
2025-02-16 15:02:53.040 TRACE c.x.t.b.mapper.DailyTrainMapper.selectByExample   :143  [32m1739689373025g3j  [0;39m <==    Columns: id, date, code, type, start, start_pinyin, start_time, end, end_pinyin, end_time, create_time, update_time
2025-02-16 15:02:53.040 TRACE c.x.t.b.mapper.DailyTrainMapper.selectByExample   :143  [32m1739689373025g3j  [0;39m <==        Row: 1805435715664875520, 2024-06-25, G1, G, 广州, guangzhou, 23:00:00, 清远, qingyuan, 23:59:00, 2024-06-25 10:59:52.645, 2024-06-25 10:59:52.645
2025-02-16 15:02:53.041 DEBUG c.x.t.b.mapper.DailyTrainMapper.selectByExample   :137  [32m1739689373025g3j  [0;39m <==      Total: 1
2025-02-16 15:02:53.041 INFO  c.xboss.train.business.service.DailyTrainService  :83   [32m1739689373025g3j  [0;39m 总行数：1
2025-02-16 15:02:53.041 INFO  c.xboss.train.business.service.DailyTrainService  :84   [32m1739689373025g3j  [0;39m 总页数：1
2025-02-16 15:02:53.043 INFO  com.xboss.train.common.aspect.LogAspect           :84   [32m1739689373025g3j  [0;39m 返回结果: {"content":{"list":[{"code":"G1","createTime":1719284392645,"date":1719244800000,"end":"清远","endPinyin":"qingyuan","endTime":57540000,"id":1805435715664875520,"start":"广州","startPinyin":"guangzhou","startTime":54000000,"type":"G","updateTime":1719284392645}],"total":1},"success":true}
2025-02-16 15:02:53.043 INFO  com.xboss.train.common.aspect.LogAspect           :85   [32m1739689373025g3j  [0;39m ------------- 结束 耗时：15 ms -------------
2025-02-16 15:02:58.174 INFO  com.xboss.train.common.aspect.LogAspect           :48   [32m1739689378171xkg  [0;39m ------------- 开始 -------------
2025-02-16 15:02:58.175 INFO  com.xboss.train.common.aspect.LogAspect           :49   [32m1739689378171xkg  [0;39m 请求地址: http://127.0.0.1:8002/business/admin/daily-train-station/query-list GET
2025-02-16 15:02:58.175 INFO  com.xboss.train.common.aspect.LogAspect           :50   [32m1739689378171xkg  [0;39m 类名方法: com.xboss.train.business.controller.admin.DailyTrainStationAdminController.queryList
2025-02-16 15:02:58.175 INFO  com.xboss.train.common.aspect.LogAspect           :51   [32m1739689378171xkg  [0;39m 远程地址: 127.0.0.1
2025-02-16 15:02:58.176 INFO  com.xboss.train.common.aspect.LogAspect           :72   [32m1739689378171xkg  [0;39m 请求参数: [{"page":1,"size":10}]
2025-02-16 15:02:58.178 INFO  c.x.t.business.service.DailyTrainStationService   :58   [32m1739689378171xkg  [0;39m 查询页码：1
2025-02-16 15:02:58.178 INFO  c.x.t.business.service.DailyTrainStationService   :59   [32m1739689378171xkg  [0;39m 每页条数：10
2025-02-16 15:02:58.180 DEBUG c.x.t.b.m.DailyTrainStationMapper.selectByExample :137  [32m1739689378171xkg  [0;39m ==>  Preparing: select id, `date`, train_code, `index`, `name`, name_pinyin, in_time, out_time, stop_time, km, create_time, update_time from daily_train_station order by id desc
2025-02-16 15:02:58.180 DEBUG c.x.t.b.m.DailyTrainStationMapper.selectByExample :137  [32m1739689378171xkg  [0;39m ==> Parameters: 
2025-02-16 15:02:58.185 TRACE c.x.t.b.m.DailyTrainStationMapper.selectByExample :143  [32m1739689378171xkg  [0;39m <==    Columns: id, date, train_code, index, name, name_pinyin, in_time, out_time, stop_time, km, create_time, update_time
2025-02-16 15:02:58.185 TRACE c.x.t.b.m.DailyTrainStationMapper.selectByExample :143  [32m1739689378171xkg  [0;39m <==        Row: 1805435715698429952, 2024-06-25, G1, 2, 清远, qingyuan, 23:45:00, 23:46:00, 00:01:00, 60.00, 2024-06-25 10:59:52.652, 2024-06-25 10:59:52.652
2025-02-16 15:02:58.185 TRACE c.x.t.b.m.DailyTrainStationMapper.selectByExample :143  [32m1739689378171xkg  [0;39m <==        Row: 1805435715694235648, 2024-06-25, G1, 1, 龙塘, longtang, 23:30:00, 23:31:00, 00:01:00, 2.00, 2024-06-25 10:59:52.652, 2024-06-25 10:59:52.652
2025-02-16 15:02:58.185 TRACE c.x.t.b.m.DailyTrainStationMapper.selectByExample :143  [32m1739689378171xkg  [0;39m <==        Row: 1805435715690041344, 2024-06-25, G1, 0, 广州, guangzhou, 23:00:00, 23:09:00, 00:09:00, 0.00, 2024-06-25 10:59:52.651, 2024-06-25 10:59:52.651
2025-02-16 15:02:58.185 DEBUG c.x.t.b.m.DailyTrainStationMapper.selectByExample :137  [32m1739689378171xkg  [0;39m <==      Total: 3
2025-02-16 15:02:58.185 INFO  c.x.t.business.service.DailyTrainStationService   :64   [32m1739689378171xkg  [0;39m 总行数：3
2025-02-16 15:02:58.185 INFO  c.x.t.business.service.DailyTrainStationService   :65   [32m1739689378171xkg  [0;39m 总页数：1
2025-02-16 15:02:58.192 INFO  com.xboss.train.common.aspect.LogAspect           :84   [32m1739689378171xkg  [0;39m 返回结果: {"content":{"list":[{"createTime":1719284392652,"date":1719244800000,"id":1805435715698429952,"inTime":56700000,"index":2,"km":60.00,"name":"清远","namePinyin":"qingyuan","outTime":56760000,"stopTime":-28740000,"trainCode":"G1","updateTime":1719284392652},{"createTime":1719284392652,"date":1719244800000,"id":1805435715694235648,"inTime":55800000,"index":1,"km":2.00,"name":"龙塘","namePinyin":"longtang","outTime":55860000,"stopTime":-28740000,"trainCode":"G1","updateTime":1719284392652},{"createTime":1719284392651,"date":1719244800000,"id":1805435715690041344,"inTime":54000000,"index":0,"km":0.00,"name":"广州","namePinyin":"guangzhou","outTime":54540000,"stopTime":-28260000,"trainCode":"G1","updateTime":1719284392651}],"total":3},"success":true}
2025-02-16 15:02:58.192 INFO  com.xboss.train.common.aspect.LogAspect           :85   [32m1739689378171xkg  [0;39m ------------- 结束 耗时：18 ms -------------
2025-02-16 15:02:59.838 INFO  com.xboss.train.common.aspect.LogAspect           :48   [32m1739689379834r4e  [0;39m ------------- 开始 -------------
2025-02-16 15:02:59.838 INFO  com.xboss.train.common.aspect.LogAspect           :49   [32m1739689379834r4e  [0;39m 请求地址: http://127.0.0.1:8002/business/admin/daily-train-carriage/query-list GET
2025-02-16 15:02:59.838 INFO  com.xboss.train.common.aspect.LogAspect           :50   [32m1739689379834r4e  [0;39m 类名方法: com.xboss.train.business.controller.admin.DailyTrainCarriageAdminController.queryList
2025-02-16 15:02:59.838 INFO  com.xboss.train.common.aspect.LogAspect           :51   [32m1739689379834r4e  [0;39m 远程地址: 127.0.0.1
2025-02-16 15:02:59.841 INFO  com.xboss.train.common.aspect.LogAspect           :72   [32m1739689379834r4e  [0;39m 请求参数: [{"page":1,"size":10}]
2025-02-16 15:02:59.843 INFO  c.x.t.business.service.DailyTrainCarriageService  :57   [32m1739689379834r4e  [0;39m 查询页码：1
2025-02-16 15:02:59.843 INFO  c.x.t.business.service.DailyTrainCarriageService  :58   [32m1739689379834r4e  [0;39m 每页条数：10
2025-02-16 15:02:59.844 DEBUG c.x.t.b.m.DailyTrainCarriageMapper.selectByExample:137  [32m1739689379834r4e  [0;39m ==>  Preparing: select id, `date`, train_code, `index`, seat_type, seat_count, `row_count`, col_count, create_time, update_time from daily_train_carriage order by id desc
2025-02-16 15:02:59.846 DEBUG c.x.t.b.m.DailyTrainCarriageMapper.selectByExample:137  [32m1739689379834r4e  [0;39m ==> Parameters: 
2025-02-16 15:02:59.850 TRACE c.x.t.b.m.DailyTrainCarriageMapper.selectByExample:143  [32m1739689379834r4e  [0;39m <==    Columns: id, date, train_code, index, seat_type, seat_count, row_count, col_count, create_time, update_time
2025-02-16 15:02:59.852 TRACE c.x.t.b.m.DailyTrainCarriageMapper.selectByExample:143  [32m1739689379834r4e  [0;39m <==        Row: 1805435715715207168, 2024-06-25, G1, 1, 1, 12, 3, 4, 2024-06-25 10:59:52.657, 2024-06-25 10:59:52.657
2025-02-16 15:02:59.853 DEBUG c.x.t.b.m.DailyTrainCarriageMapper.selectByExample:137  [32m1739689379834r4e  [0;39m <==      Total: 1
2025-02-16 15:02:59.853 INFO  c.x.t.business.service.DailyTrainCarriageService  :63   [32m1739689379834r4e  [0;39m 总行数：1
2025-02-16 15:02:59.853 INFO  c.x.t.business.service.DailyTrainCarriageService  :64   [32m1739689379834r4e  [0;39m 总页数：1
2025-02-16 15:02:59.857 INFO  com.xboss.train.common.aspect.LogAspect           :84   [32m1739689379834r4e  [0;39m 返回结果: {"content":{"list":[{"colCount":4,"createTime":1719284392657,"date":1719244800000,"id":1805435715715207168,"index":1,"rowCount":3,"seatCount":12,"seatType":"1","trainCode":"G1","updateTime":1719284392657}],"total":1},"success":true}
2025-02-16 15:02:59.857 INFO  com.xboss.train.common.aspect.LogAspect           :85   [32m1739689379834r4e  [0;39m ------------- 结束 耗时：19 ms -------------
2025-02-16 15:03:00.370 INFO  com.xboss.train.common.aspect.LogAspect           :48   [32m17396893803672k9  [0;39m ------------- 开始 -------------
2025-02-16 15:03:00.370 INFO  com.xboss.train.common.aspect.LogAspect           :49   [32m17396893803672k9  [0;39m 请求地址: http://127.0.0.1:8002/business/admin/daily-train-seat/query-list GET
2025-02-16 15:03:00.370 INFO  com.xboss.train.common.aspect.LogAspect           :50   [32m17396893803672k9  [0;39m 类名方法: com.xboss.train.business.controller.admin.DailyTrainSeatAdminController.queryList
2025-02-16 15:03:00.370 INFO  com.xboss.train.common.aspect.LogAspect           :51   [32m17396893803672k9  [0;39m 远程地址: 127.0.0.1
2025-02-16 15:03:00.372 INFO  com.xboss.train.common.aspect.LogAspect           :72   [32m17396893803672k9  [0;39m 请求参数: [{"page":1,"size":10}]
2025-02-16 15:03:00.374 INFO  c.x.train.business.service.DailyTrainSeatService  :61   [32m17396893803672k9  [0;39m 查询页码：1
2025-02-16 15:03:00.374 INFO  c.x.train.business.service.DailyTrainSeatService  :62   [32m17396893803672k9  [0;39m 每页条数：10
2025-02-16 15:03:00.375 DEBUG c.x.t.b.m.DailyTrainSeatMapper.selectByExample    :137  [32m17396893803672k9  [0;39m ==>  Preparing: select id, `date`, train_code, carriage_index, `row`, col, seat_type, carriage_seat_index, sell, create_time, update_time from daily_train_seat order by id desc
2025-02-16 15:03:00.376 DEBUG c.x.t.b.m.DailyTrainSeatMapper.selectByExample    :137  [32m17396893803672k9  [0;39m ==> Parameters: 
2025-02-16 15:03:00.379 TRACE c.x.t.b.m.DailyTrainSeatMapper.selectByExample    :143  [32m17396893803672k9  [0;39m <==    Columns: id, date, train_code, carriage_index, row, col, seat_type, carriage_seat_index, sell, create_time, update_time
2025-02-16 15:03:00.379 TRACE c.x.t.b.m.DailyTrainSeatMapper.selectByExample    :143  [32m17396893803672k9  [0;39m <==        Row: 1805435715836841984, 2024-06-25, G1, 1, 05, F, 1, 20, 00, 2024-06-25 10:59:52.686, 2024-06-25 10:59:52.686
2025-02-16 15:03:00.380 TRACE c.x.t.b.m.DailyTrainSeatMapper.selectByExample    :143  [32m17396893803672k9  [0;39m <==        Row: 1805435715832647680, 2024-06-25, G1, 1, 05, D, 1, 19, 00, 2024-06-25 10:59:52.685, 2024-06-25 10:59:52.685
2025-02-16 15:03:00.380 TRACE c.x.t.b.m.DailyTrainSeatMapper.selectByExample    :143  [32m17396893803672k9  [0;39m <==        Row: 1805435715828453376, 2024-06-25, G1, 1, 05, C, 1, 18, 00, 2024-06-25 10:59:52.684, 2024-06-25 10:59:52.684
2025-02-16 15:03:00.381 TRACE c.x.t.b.m.DailyTrainSeatMapper.selectByExample    :143  [32m17396893803672k9  [0;39m <==        Row: 1805435715824259073, 2024-06-25, G1, 1, 05, A, 1, 17, 00, 2024-06-25 10:59:52.683, 2024-06-25 10:59:52.683
2025-02-16 15:03:00.381 TRACE c.x.t.b.m.DailyTrainSeatMapper.selectByExample    :143  [32m17396893803672k9  [0;39m <==        Row: 1805435715824259072, 2024-06-25, G1, 1, 04, F, 1, 16, 00, 2024-06-25 10:59:52.683, 2024-06-25 10:59:52.683
2025-02-16 15:03:00.381 TRACE c.x.t.b.m.DailyTrainSeatMapper.selectByExample    :143  [32m17396893803672k9  [0;39m <==        Row: 1805435715820064768, 2024-06-25, G1, 1, 04, D, 1, 15, 00, 2024-06-25 10:59:52.682, 2024-06-25 10:59:52.682
2025-02-16 15:03:00.382 TRACE c.x.t.b.m.DailyTrainSeatMapper.selectByExample    :143  [32m17396893803672k9  [0;39m <==        Row: 1805435715815870464, 2024-06-25, G1, 1, 04, C, 1, 14, 00, 2024-06-25 10:59:52.681, 2024-06-25 10:59:52.681
2025-02-16 15:03:00.383 TRACE c.x.t.b.m.DailyTrainSeatMapper.selectByExample    :143  [32m17396893803672k9  [0;39m <==        Row: 1805435715811676160, 2024-06-25, G1, 1, 04, A, 1, 13, 00, 2024-06-25 10:59:52.680, 2024-06-25 10:59:52.680
2025-02-16 15:03:00.383 TRACE c.x.t.b.m.DailyTrainSeatMapper.selectByExample    :143  [32m17396893803672k9  [0;39m <==        Row: 1805435715807481857, 2024-06-25, G1, 1, 03, F, 1, 12, 00, 2024-06-25 10:59:52.679, 2024-06-25 10:59:52.679
2025-02-16 15:03:00.383 TRACE c.x.t.b.m.DailyTrainSeatMapper.selectByExample    :143  [32m17396893803672k9  [0;39m <==        Row: 1805435715807481856, 2024-06-25, G1, 1, 03, D, 1, 11, 00, 2024-06-25 10:59:52.679, 2024-06-25 10:59:52.679
2025-02-16 15:03:00.384 TRACE c.x.t.b.m.DailyTrainSeatMapper.selectByExample    :143  [32m17396893803672k9  [0;39m <==        Row: 1805435715803287552, 2024-06-25, G1, 1, 03, C, 1, 10, 00, 2024-06-25 10:59:52.678, 2024-06-25 10:59:52.678
2025-02-16 15:03:00.384 TRACE c.x.t.b.m.DailyTrainSeatMapper.selectByExample    :143  [32m17396893803672k9  [0;39m <==        Row: 1805435715799093248, 2024-06-25, G1, 1, 03, A, 1, 9, 00, 2024-06-25 10:59:52.677, 2024-06-25 10:59:52.677
2025-02-16 15:03:00.384 TRACE c.x.t.b.m.DailyTrainSeatMapper.selectByExample    :143  [32m17396893803672k9  [0;39m <==        Row: 1805435715790704640, 2024-06-25, G1, 1, 02, F, 1, 8, 00, 2024-06-25 10:59:52.674, 2024-06-25 10:59:52.674
2025-02-16 15:03:00.385 TRACE c.x.t.b.m.DailyTrainSeatMapper.selectByExample    :143  [32m17396893803672k9  [0;39m <==        Row: 1805435715782316032, 2024-06-25, G1, 1, 02, D, 1, 7, 00, 2024-06-25 10:59:52.673, 2024-06-25 10:59:52.673
2025-02-16 15:03:00.385 TRACE c.x.t.b.m.DailyTrainSeatMapper.selectByExample    :143  [32m17396893803672k9  [0;39m <==        Row: 1805435715778121729, 2024-06-25, G1, 1, 02, C, 1, 6, 00, 2024-06-25 10:59:52.672, 2024-06-25 10:59:52.672
2025-02-16 15:03:00.385 TRACE c.x.t.b.m.DailyTrainSeatMapper.selectByExample    :143  [32m17396893803672k9  [0;39m <==        Row: 1805435715778121728, 2024-06-25, G1, 1, 02, A, 1, 5, 00, 2024-06-25 10:59:52.672, 2024-06-25 10:59:52.672
2025-02-16 15:03:00.386 TRACE c.x.t.b.m.DailyTrainSeatMapper.selectByExample    :143  [32m17396893803672k9  [0;39m <==        Row: 1805435715773927424, 2024-06-25, G1, 1, 01, F, 1, 4, 00, 2024-06-25 10:59:52.671, 2024-06-25 10:59:52.671
2025-02-16 15:03:00.386 TRACE c.x.t.b.m.DailyTrainSeatMapper.selectByExample    :143  [32m17396893803672k9  [0;39m <==        Row: 1805435715769733120, 2024-06-25, G1, 1, 01, D, 1, 3, 00, 2024-06-25 10:59:52.670, 2024-06-25 10:59:52.670
2025-02-16 15:03:00.386 TRACE c.x.t.b.m.DailyTrainSeatMapper.selectByExample    :143  [32m17396893803672k9  [0;39m <==        Row: 1805435715765538816, 2024-06-25, G1, 1, 01, C, 1, 2, 00, 2024-06-25 10:59:52.669, 2024-06-25 10:59:52.669
2025-02-16 15:03:00.387 TRACE c.x.t.b.m.DailyTrainSeatMapper.selectByExample    :143  [32m17396893803672k9  [0;39m <==        Row: 1805435715761344512, 2024-06-25, G1, 1, 01, A, 1, 1, 00, 2024-06-25 10:59:52.668, 2024-06-25 10:59:52.668
2025-02-16 15:03:00.387 DEBUG c.x.t.b.m.DailyTrainSeatMapper.selectByExample    :137  [32m17396893803672k9  [0;39m <==      Total: 20
2025-02-16 15:03:00.387 INFO  c.x.train.business.service.DailyTrainSeatService  :67   [32m17396893803672k9  [0;39m 总行数：20
2025-02-16 15:03:00.387 INFO  c.x.train.business.service.DailyTrainSeatService  :68   [32m17396893803672k9  [0;39m 总页数：1
2025-02-16 15:03:00.393 INFO  com.xboss.train.common.aspect.LogAspect           :84   [32m17396893803672k9  [0;39m 返回结果: {"content":{"list":[{"carriageIndex":1,"carriageSeatIndex":20,"col":"F","createTime":1719284392686,"date":1719244800000,"id":1805435715836841984,"row":"05","seatType":"1","sell":"00","trainCode":"G1","updateTime":1719284392686},{"carriageIndex":1,"carriageSeatIndex":19,"col":"D","createTime":1719284392685,"date":1719244800000,"id":1805435715832647680,"row":"05","seatType":"1","sell":"00","trainCode":"G1","updateTime":1719284392685},{"carriageIndex":1,"carriageSeatIndex":18,"col":"C","createTime":1719284392684,"date":1719244800000,"id":1805435715828453376,"row":"05","seatType":"1","sell":"00","trainCode":"G1","updateTime":1719284392684},{"carriageIndex":1,"carriageSeatIndex":17,"col":"A","createTime":1719284392683,"date":1719244800000,"id":1805435715824259073,"row":"05","seatType":"1","sell":"00","trainCode":"G1","updateTime":1719284392683},{"carriageIndex":1,"carriageSeatIndex":16,"col":"F","createTime":1719284392683,"date":1719244800000,"id":1805435715824259072,"row":"04","seatType":"1","sell":"00","trainCode":"G1","updateTime":1719284392683},{"carriageIndex":1,"carriageSeatIndex":15,"col":"D","createTime":1719284392682,"date":1719244800000,"id":1805435715820064768,"row":"04","seatType":"1","sell":"00","trainCode":"G1","updateTime":1719284392682},{"carriageIndex":1,"carriageSeatIndex":14,"col":"C","createTime":1719284392681,"date":1719244800000,"id":1805435715815870464,"row":"04","seatType":"1","sell":"00","trainCode":"G1","updateTime":1719284392681},{"carriageIndex":1,"carriageSeatIndex":13,"col":"A","createTime":1719284392680,"date":1719244800000,"id":1805435715811676160,"row":"04","seatType":"1","sell":"00","trainCode":"G1","updateTime":1719284392680},{"carriageIndex":1,"carriageSeatIndex":12,"col":"F","createTime":1719284392679,"date":1719244800000,"id":1805435715807481857,"row":"03","seatType":"1","sell":"00","trainCode":"G1","updateTime":1719284392679},{"carriageIndex":1,"carriageSeatIndex":11,"col":"D","createTime":1719284392679,"date":1719244800000,"id":1805435715807481856,"row":"03","seatType":"1","sell":"00","trainCode":"G1","updateTime":1719284392679},{"carriageIndex":1,"carriageSeatIndex":10,"col":"C","createTime":1719284392678,"date":1719244800000,"id":1805435715803287552,"row":"03","seatType":"1","sell":"00","trainCode":"G1","updateTime":1719284392678},{"carriageIndex":1,"carriageSeatIndex":9,"col":"A","createTime":1719284392677,"date":1719244800000,"id":1805435715799093248,"row":"03","seatType":"1","sell":"00","trainCode":"G1","updateTime":1719284392677},{"carriageIndex":1,"carriageSeatIndex":8,"col":"F","createTime":1719284392674,"date":1719244800000,"id":1805435715790704640,"row":"02","seatType":"1","sell":"00","trainCode":"G1","updateTime":1719284392674},{"carriageIndex":1,"carriageSeatIndex":7,"col":"D","createTime":1719284392673,"date":1719244800000,"id":1805435715782316032,"row":"02","seatType":"1","sell":"00","trainCode":"G1","updateTime":1719284392673},{"carriageIndex":1,"carriageSeatIndex":6,"col":"C","createTime":1719284392672,"date":1719244800000,"id":1805435715778121729,"row":"02","seatType":"1","sell":"00","trainCode":"G1","updateTime":1719284392672},{"carriageIndex":1,"carriageSeatIndex":5,"col":"A","createTime":1719284392672,"date":1719244800000,"id":1805435715778121728,"row":"02","seatType":"1","sell":"00","trainCode":"G1","updateTime":1719284392672},{"carriageIndex":1,"carriageSeatIndex":4,"col":"F","createTime":1719284392671,"date":1719244800000,"id":1805435715773927424,"row":"01","seatType":"1","sell":"00","trainCode":"G1","updateTime":1719284392671},{"carriageIndex":1,"carriageSeatIndex":3,"col":"D","createTime":1719284392670,"date":1719244800000,"id":1805435715769733120,"row":"01","seatType":"1","sell":"00","trainCode":"G1","updateTime":1719284392670},{"carriageIndex":1,"carriageSeatIndex":2,"col":"C","createTime":1719284392669,"date":1719244800000,"id":1805435715765538816,"row":"01","seatType":"1","sell":"00","trainCode":"G1","updateTime":1719284392669},{"carriageIndex":1,"carriageSeatIndex":1,"col":"A","createTime":1719284392668,"date":1719244800000,"id":1805435715761344512,"row":"01","seatType":"1","sell":"00","trainCode":"G1","updateTime":1719284392668}],"total":20},"success":true}
2025-02-16 15:03:00.394 INFO  com.xboss.train.common.aspect.LogAspect           :85   [32m17396893803672k9  [0;39m ------------- 结束 耗时：24 ms -------------
2025-02-16 15:03:01.991 INFO  com.xboss.train.common.aspect.LogAspect           :48   [32m1739689381991h3s  [0;39m ------------- 开始 -------------
2025-02-16 15:03:01.991 INFO  com.xboss.train.common.aspect.LogAspect           :49   [32m1739689381991h3s  [0;39m 请求地址: http://127.0.0.1:8002/business/admin/daily-train-carriage/query-list GET
2025-02-16 15:03:01.991 INFO  com.xboss.train.common.aspect.LogAspect           :50   [32m1739689381991h3s  [0;39m 类名方法: com.xboss.train.business.controller.admin.DailyTrainCarriageAdminController.queryList
2025-02-16 15:03:01.992 INFO  com.xboss.train.common.aspect.LogAspect           :51   [32m1739689381991h3s  [0;39m 远程地址: 127.0.0.1
2025-02-16 15:03:01.992 INFO  com.xboss.train.common.aspect.LogAspect           :72   [32m1739689381991h3s  [0;39m 请求参数: [{"page":1,"size":10}]
2025-02-16 15:03:01.992 INFO  c.x.t.business.service.DailyTrainCarriageService  :57   [32m1739689381991h3s  [0;39m 查询页码：1
2025-02-16 15:03:01.992 INFO  c.x.t.business.service.DailyTrainCarriageService  :58   [32m1739689381991h3s  [0;39m 每页条数：10
2025-02-16 15:03:01.992 DEBUG c.x.t.b.m.DailyTrainCarriageMapper.selectByExample:137  [32m1739689381991h3s  [0;39m ==>  Preparing: select id, `date`, train_code, `index`, seat_type, seat_count, `row_count`, col_count, create_time, update_time from daily_train_carriage order by id desc
2025-02-16 15:03:01.993 DEBUG c.x.t.b.m.DailyTrainCarriageMapper.selectByExample:137  [32m1739689381991h3s  [0;39m ==> Parameters: 
2025-02-16 15:03:01.993 TRACE c.x.t.b.m.DailyTrainCarriageMapper.selectByExample:143  [32m1739689381991h3s  [0;39m <==    Columns: id, date, train_code, index, seat_type, seat_count, row_count, col_count, create_time, update_time
2025-02-16 15:03:01.994 TRACE c.x.t.b.m.DailyTrainCarriageMapper.selectByExample:143  [32m1739689381991h3s  [0;39m <==        Row: 1805435715715207168, 2024-06-25, G1, 1, 1, 12, 3, 4, 2024-06-25 10:59:52.657, 2024-06-25 10:59:52.657
2025-02-16 15:03:01.994 DEBUG c.x.t.b.m.DailyTrainCarriageMapper.selectByExample:137  [32m1739689381991h3s  [0;39m <==      Total: 1
2025-02-16 15:03:01.994 INFO  c.x.t.business.service.DailyTrainCarriageService  :63   [32m1739689381991h3s  [0;39m 总行数：1
2025-02-16 15:03:01.994 INFO  c.x.t.business.service.DailyTrainCarriageService  :64   [32m1739689381991h3s  [0;39m 总页数：1
2025-02-16 15:03:01.995 INFO  com.xboss.train.common.aspect.LogAspect           :84   [32m1739689381991h3s  [0;39m 返回结果: {"content":{"list":[{"colCount":4,"createTime":1719284392657,"date":1719244800000,"id":1805435715715207168,"index":1,"rowCount":3,"seatCount":12,"seatType":"1","trainCode":"G1","updateTime":1719284392657}],"total":1},"success":true}
2025-02-16 15:03:01.996 INFO  com.xboss.train.common.aspect.LogAspect           :85   [32m1739689381991h3s  [0;39m ------------- 结束 耗时：5 ms -------------
2025-02-16 15:03:05.519 INFO  com.xboss.train.common.aspect.LogAspect           :48   [32m1739689385518xcc  [0;39m ------------- 开始 -------------
2025-02-16 15:03:05.519 INFO  com.xboss.train.common.aspect.LogAspect           :49   [32m1739689385518xcc  [0;39m 请求地址: http://127.0.0.1:8002/business/admin/daily-train-seat/query-list GET
2025-02-16 15:03:05.520 INFO  com.xboss.train.common.aspect.LogAspect           :50   [32m1739689385518xcc  [0;39m 类名方法: com.xboss.train.business.controller.admin.DailyTrainSeatAdminController.queryList
2025-02-16 15:03:05.520 INFO  com.xboss.train.common.aspect.LogAspect           :51   [32m1739689385518xcc  [0;39m 远程地址: 127.0.0.1
2025-02-16 15:03:05.521 INFO  com.xboss.train.common.aspect.LogAspect           :72   [32m1739689385518xcc  [0;39m 请求参数: [{"page":1,"size":10}]
2025-02-16 15:03:05.521 INFO  c.x.train.business.service.DailyTrainSeatService  :61   [32m1739689385518xcc  [0;39m 查询页码：1
2025-02-16 15:03:05.521 INFO  c.x.train.business.service.DailyTrainSeatService  :62   [32m1739689385518xcc  [0;39m 每页条数：10
2025-02-16 15:03:05.522 DEBUG c.x.t.b.m.DailyTrainSeatMapper.selectByExample    :137  [32m1739689385518xcc  [0;39m ==>  Preparing: select id, `date`, train_code, carriage_index, `row`, col, seat_type, carriage_seat_index, sell, create_time, update_time from daily_train_seat order by id desc
2025-02-16 15:03:05.523 DEBUG c.x.t.b.m.DailyTrainSeatMapper.selectByExample    :137  [32m1739689385518xcc  [0;39m ==> Parameters: 
2025-02-16 15:03:05.523 TRACE c.x.t.b.m.DailyTrainSeatMapper.selectByExample    :143  [32m1739689385518xcc  [0;39m <==    Columns: id, date, train_code, carriage_index, row, col, seat_type, carriage_seat_index, sell, create_time, update_time
2025-02-16 15:03:05.524 TRACE c.x.t.b.m.DailyTrainSeatMapper.selectByExample    :143  [32m1739689385518xcc  [0;39m <==        Row: 1805435715836841984, 2024-06-25, G1, 1, 05, F, 1, 20, 00, 2024-06-25 10:59:52.686, 2024-06-25 10:59:52.686
2025-02-16 15:03:05.524 TRACE c.x.t.b.m.DailyTrainSeatMapper.selectByExample    :143  [32m1739689385518xcc  [0;39m <==        Row: 1805435715832647680, 2024-06-25, G1, 1, 05, D, 1, 19, 00, 2024-06-25 10:59:52.685, 2024-06-25 10:59:52.685
2025-02-16 15:03:05.524 TRACE c.x.t.b.m.DailyTrainSeatMapper.selectByExample    :143  [32m1739689385518xcc  [0;39m <==        Row: 1805435715828453376, 2024-06-25, G1, 1, 05, C, 1, 18, 00, 2024-06-25 10:59:52.684, 2024-06-25 10:59:52.684
2025-02-16 15:03:05.525 TRACE c.x.t.b.m.DailyTrainSeatMapper.selectByExample    :143  [32m1739689385518xcc  [0;39m <==        Row: 1805435715824259073, 2024-06-25, G1, 1, 05, A, 1, 17, 00, 2024-06-25 10:59:52.683, 2024-06-25 10:59:52.683
2025-02-16 15:03:05.525 TRACE c.x.t.b.m.DailyTrainSeatMapper.selectByExample    :143  [32m1739689385518xcc  [0;39m <==        Row: 1805435715824259072, 2024-06-25, G1, 1, 04, F, 1, 16, 00, 2024-06-25 10:59:52.683, 2024-06-25 10:59:52.683
2025-02-16 15:03:05.525 TRACE c.x.t.b.m.DailyTrainSeatMapper.selectByExample    :143  [32m1739689385518xcc  [0;39m <==        Row: 1805435715820064768, 2024-06-25, G1, 1, 04, D, 1, 15, 00, 2024-06-25 10:59:52.682, 2024-06-25 10:59:52.682
2025-02-16 15:03:05.526 TRACE c.x.t.b.m.DailyTrainSeatMapper.selectByExample    :143  [32m1739689385518xcc  [0;39m <==        Row: 1805435715815870464, 2024-06-25, G1, 1, 04, C, 1, 14, 00, 2024-06-25 10:59:52.681, 2024-06-25 10:59:52.681
2025-02-16 15:03:05.526 TRACE c.x.t.b.m.DailyTrainSeatMapper.selectByExample    :143  [32m1739689385518xcc  [0;39m <==        Row: 1805435715811676160, 2024-06-25, G1, 1, 04, A, 1, 13, 00, 2024-06-25 10:59:52.680, 2024-06-25 10:59:52.680
2025-02-16 15:03:05.526 TRACE c.x.t.b.m.DailyTrainSeatMapper.selectByExample    :143  [32m1739689385518xcc  [0;39m <==        Row: 1805435715807481857, 2024-06-25, G1, 1, 03, F, 1, 12, 00, 2024-06-25 10:59:52.679, 2024-06-25 10:59:52.679
2025-02-16 15:03:05.527 TRACE c.x.t.b.m.DailyTrainSeatMapper.selectByExample    :143  [32m1739689385518xcc  [0;39m <==        Row: 1805435715807481856, 2024-06-25, G1, 1, 03, D, 1, 11, 00, 2024-06-25 10:59:52.679, 2024-06-25 10:59:52.679
2025-02-16 15:03:05.527 TRACE c.x.t.b.m.DailyTrainSeatMapper.selectByExample    :143  [32m1739689385518xcc  [0;39m <==        Row: 1805435715803287552, 2024-06-25, G1, 1, 03, C, 1, 10, 00, 2024-06-25 10:59:52.678, 2024-06-25 10:59:52.678
2025-02-16 15:03:05.527 TRACE c.x.t.b.m.DailyTrainSeatMapper.selectByExample    :143  [32m1739689385518xcc  [0;39m <==        Row: 1805435715799093248, 2024-06-25, G1, 1, 03, A, 1, 9, 00, 2024-06-25 10:59:52.677, 2024-06-25 10:59:52.677
2025-02-16 15:03:05.527 TRACE c.x.t.b.m.DailyTrainSeatMapper.selectByExample    :143  [32m1739689385518xcc  [0;39m <==        Row: 1805435715790704640, 2024-06-25, G1, 1, 02, F, 1, 8, 00, 2024-06-25 10:59:52.674, 2024-06-25 10:59:52.674
2025-02-16 15:03:05.527 TRACE c.x.t.b.m.DailyTrainSeatMapper.selectByExample    :143  [32m1739689385518xcc  [0;39m <==        Row: 1805435715782316032, 2024-06-25, G1, 1, 02, D, 1, 7, 00, 2024-06-25 10:59:52.673, 2024-06-25 10:59:52.673
2025-02-16 15:03:05.528 TRACE c.x.t.b.m.DailyTrainSeatMapper.selectByExample    :143  [32m1739689385518xcc  [0;39m <==        Row: 1805435715778121729, 2024-06-25, G1, 1, 02, C, 1, 6, 00, 2024-06-25 10:59:52.672, 2024-06-25 10:59:52.672
2025-02-16 15:03:05.529 TRACE c.x.t.b.m.DailyTrainSeatMapper.selectByExample    :143  [32m1739689385518xcc  [0;39m <==        Row: 1805435715778121728, 2024-06-25, G1, 1, 02, A, 1, 5, 00, 2024-06-25 10:59:52.672, 2024-06-25 10:59:52.672
2025-02-16 15:03:05.529 TRACE c.x.t.b.m.DailyTrainSeatMapper.selectByExample    :143  [32m1739689385518xcc  [0;39m <==        Row: 1805435715773927424, 2024-06-25, G1, 1, 01, F, 1, 4, 00, 2024-06-25 10:59:52.671, 2024-06-25 10:59:52.671
2025-02-16 15:03:05.529 TRACE c.x.t.b.m.DailyTrainSeatMapper.selectByExample    :143  [32m1739689385518xcc  [0;39m <==        Row: 1805435715769733120, 2024-06-25, G1, 1, 01, D, 1, 3, 00, 2024-06-25 10:59:52.670, 2024-06-25 10:59:52.670
2025-02-16 15:03:05.529 TRACE c.x.t.b.m.DailyTrainSeatMapper.selectByExample    :143  [32m1739689385518xcc  [0;39m <==        Row: 1805435715765538816, 2024-06-25, G1, 1, 01, C, 1, 2, 00, 2024-06-25 10:59:52.669, 2024-06-25 10:59:52.669
2025-02-16 15:03:05.530 TRACE c.x.t.b.m.DailyTrainSeatMapper.selectByExample    :143  [32m1739689385518xcc  [0;39m <==        Row: 1805435715761344512, 2024-06-25, G1, 1, 01, A, 1, 1, 00, 2024-06-25 10:59:52.668, 2024-06-25 10:59:52.668
2025-02-16 15:03:05.530 DEBUG c.x.t.b.m.DailyTrainSeatMapper.selectByExample    :137  [32m1739689385518xcc  [0;39m <==      Total: 20
2025-02-16 15:03:05.530 INFO  c.x.train.business.service.DailyTrainSeatService  :67   [32m1739689385518xcc  [0;39m 总行数：20
2025-02-16 15:03:05.530 INFO  c.x.train.business.service.DailyTrainSeatService  :68   [32m1739689385518xcc  [0;39m 总页数：1
2025-02-16 15:03:05.532 INFO  com.xboss.train.common.aspect.LogAspect           :84   [32m1739689385518xcc  [0;39m 返回结果: {"content":{"list":[{"carriageIndex":1,"carriageSeatIndex":20,"col":"F","createTime":1719284392686,"date":1719244800000,"id":1805435715836841984,"row":"05","seatType":"1","sell":"00","trainCode":"G1","updateTime":1719284392686},{"carriageIndex":1,"carriageSeatIndex":19,"col":"D","createTime":1719284392685,"date":1719244800000,"id":1805435715832647680,"row":"05","seatType":"1","sell":"00","trainCode":"G1","updateTime":1719284392685},{"carriageIndex":1,"carriageSeatIndex":18,"col":"C","createTime":1719284392684,"date":1719244800000,"id":1805435715828453376,"row":"05","seatType":"1","sell":"00","trainCode":"G1","updateTime":1719284392684},{"carriageIndex":1,"carriageSeatIndex":17,"col":"A","createTime":1719284392683,"date":1719244800000,"id":1805435715824259073,"row":"05","seatType":"1","sell":"00","trainCode":"G1","updateTime":1719284392683},{"carriageIndex":1,"carriageSeatIndex":16,"col":"F","createTime":1719284392683,"date":1719244800000,"id":1805435715824259072,"row":"04","seatType":"1","sell":"00","trainCode":"G1","updateTime":1719284392683},{"carriageIndex":1,"carriageSeatIndex":15,"col":"D","createTime":1719284392682,"date":1719244800000,"id":1805435715820064768,"row":"04","seatType":"1","sell":"00","trainCode":"G1","updateTime":1719284392682},{"carriageIndex":1,"carriageSeatIndex":14,"col":"C","createTime":1719284392681,"date":1719244800000,"id":1805435715815870464,"row":"04","seatType":"1","sell":"00","trainCode":"G1","updateTime":1719284392681},{"carriageIndex":1,"carriageSeatIndex":13,"col":"A","createTime":1719284392680,"date":1719244800000,"id":1805435715811676160,"row":"04","seatType":"1","sell":"00","trainCode":"G1","updateTime":1719284392680},{"carriageIndex":1,"carriageSeatIndex":12,"col":"F","createTime":1719284392679,"date":1719244800000,"id":1805435715807481857,"row":"03","seatType":"1","sell":"00","trainCode":"G1","updateTime":1719284392679},{"carriageIndex":1,"carriageSeatIndex":11,"col":"D","createTime":1719284392679,"date":1719244800000,"id":1805435715807481856,"row":"03","seatType":"1","sell":"00","trainCode":"G1","updateTime":1719284392679},{"carriageIndex":1,"carriageSeatIndex":10,"col":"C","createTime":1719284392678,"date":1719244800000,"id":1805435715803287552,"row":"03","seatType":"1","sell":"00","trainCode":"G1","updateTime":1719284392678},{"carriageIndex":1,"carriageSeatIndex":9,"col":"A","createTime":1719284392677,"date":1719244800000,"id":1805435715799093248,"row":"03","seatType":"1","sell":"00","trainCode":"G1","updateTime":1719284392677},{"carriageIndex":1,"carriageSeatIndex":8,"col":"F","createTime":1719284392674,"date":1719244800000,"id":1805435715790704640,"row":"02","seatType":"1","sell":"00","trainCode":"G1","updateTime":1719284392674},{"carriageIndex":1,"carriageSeatIndex":7,"col":"D","createTime":1719284392673,"date":1719244800000,"id":1805435715782316032,"row":"02","seatType":"1","sell":"00","trainCode":"G1","updateTime":1719284392673},{"carriageIndex":1,"carriageSeatIndex":6,"col":"C","createTime":1719284392672,"date":1719244800000,"id":1805435715778121729,"row":"02","seatType":"1","sell":"00","trainCode":"G1","updateTime":1719284392672},{"carriageIndex":1,"carriageSeatIndex":5,"col":"A","createTime":1719284392672,"date":1719244800000,"id":1805435715778121728,"row":"02","seatType":"1","sell":"00","trainCode":"G1","updateTime":1719284392672},{"carriageIndex":1,"carriageSeatIndex":4,"col":"F","createTime":1719284392671,"date":1719244800000,"id":1805435715773927424,"row":"01","seatType":"1","sell":"00","trainCode":"G1","updateTime":1719284392671},{"carriageIndex":1,"carriageSeatIndex":3,"col":"D","createTime":1719284392670,"date":1719244800000,"id":1805435715769733120,"row":"01","seatType":"1","sell":"00","trainCode":"G1","updateTime":1719284392670},{"carriageIndex":1,"carriageSeatIndex":2,"col":"C","createTime":1719284392669,"date":1719244800000,"id":1805435715765538816,"row":"01","seatType":"1","sell":"00","trainCode":"G1","updateTime":1719284392669},{"carriageIndex":1,"carriageSeatIndex":1,"col":"A","createTime":1719284392668,"date":1719244800000,"id":1805435715761344512,"row":"01","seatType":"1","sell":"00","trainCode":"G1","updateTime":1719284392668}],"total":20},"success":true}
2025-02-16 15:03:05.532 INFO  com.xboss.train.common.aspect.LogAspect           :85   [32m1739689385518xcc  [0;39m ------------- 结束 耗时：13 ms -------------
2025-02-16 15:03:06.954 INFO  com.xboss.train.common.aspect.LogAspect           :48   [32m1739689386953l0s  [0;39m ------------- 开始 -------------
2025-02-16 15:03:06.954 INFO  com.xboss.train.common.aspect.LogAspect           :49   [32m1739689386953l0s  [0;39m 请求地址: http://127.0.0.1:8002/business/admin/station/query-all GET
2025-02-16 15:03:06.954 INFO  com.xboss.train.common.aspect.LogAspect           :50   [32m1739689386953l0s  [0;39m 类名方法: com.xboss.train.business.controller.admin.StationAdminController.queryList
2025-02-16 15:03:06.954 INFO  com.xboss.train.common.aspect.LogAspect           :51   [32m1739689386953l0s  [0;39m 远程地址: 127.0.0.1
2025-02-16 15:03:06.954 INFO  com.xboss.train.common.aspect.LogAspect           :72   [32m1739689386953l0s  [0;39m 请求参数: []
2025-02-16 15:03:06.956 DEBUG c.x.t.b.mapper.StationMapper.selectByExample      :137  [32m1739689386953l0s  [0;39m ==>  Preparing: select id, `name`, name_pinyin, name_py, create_time, update_time from station order by name_pinyin asc
2025-02-16 15:03:06.956 DEBUG c.x.t.b.mapper.StationMapper.selectByExample      :137  [32m1739689386953l0s  [0;39m ==> Parameters: 
2025-02-16 15:03:06.956 TRACE c.x.t.b.mapper.StationMapper.selectByExample      :143  [32m1739689386953l0s  [0;39m <==    Columns: id, name, name_pinyin, name_py, create_time, update_time
2025-02-16 15:03:06.957 TRACE c.x.t.b.mapper.StationMapper.selectByExample      :143  [32m1739689386953l0s  [0;39m <==        Row: 1805167556999385088, 北京, beijing, bj, 2024-06-24 17:14:18.633, 2024-06-24 17:14:18.633
2025-02-16 15:03:06.958 TRACE c.x.t.b.mapper.StationMapper.selectByExample      :143  [32m1739689386953l0s  [0;39m <==        Row: 1769710631356862464, 广州, guangzhou, gz, 2024-03-18 21:01:08.805, 2024-03-18 21:01:08.805
2025-02-16 15:03:06.958 TRACE c.x.t.b.mapper.StationMapper.selectByExample      :143  [32m1739689386953l0s  [0;39m <==        Row: 1805167966099214336, 龙塘, longtang, lt, 2024-06-24 17:15:56.172, 2024-06-24 17:15:56.172
2025-02-16 15:03:06.958 TRACE c.x.t.b.mapper.StationMapper.selectByExample      :143  [32m1739689386953l0s  [0;39m <==        Row: 1769710694200119296, 清远, qingyuan, qy, 2024-03-18 21:01:23.789, 2024-03-18 21:01:23.789
2025-02-16 15:03:06.958 TRACE c.x.t.b.mapper.StationMapper.selectByExample      :143  [32m1739689386953l0s  [0;39m <==        Row: 1769710670430998528, 上海, shanghai, sh, 2024-03-18 21:01:18.122, 2024-03-18 21:01:18.122
2025-02-16 15:03:06.958 INFO  com.xboss.train.common.aspect.LogAspect           :48   [32m1739689386955fz7  [0;39m ------------- 开始 -------------
2025-02-16 15:03:06.958 DEBUG c.x.t.b.mapper.StationMapper.selectByExample      :137  [32m1739689386953l0s  [0;39m <==      Total: 5
2025-02-16 15:03:06.958 INFO  com.xboss.train.common.aspect.LogAspect           :49   [32m1739689386955fz7  [0;39m 请求地址: http://127.0.0.1:8002/business/admin/daily-train-ticket/query-list GET
2025-02-16 15:03:06.958 INFO  com.xboss.train.common.aspect.LogAspect           :50   [32m1739689386955fz7  [0;39m 类名方法: com.xboss.train.business.controller.admin.DailyTrainTicketAdminController.queryList
2025-02-16 15:03:06.959 INFO  com.xboss.train.common.aspect.LogAspect           :51   [32m1739689386955fz7  [0;39m 远程地址: 127.0.0.1
2025-02-16 15:03:06.959 INFO  com.xboss.train.common.aspect.LogAspect           :84   [32m1739689386953l0s  [0;39m 返回结果: {"content":[{"createTime":1719220458633,"id":1805167556999385088,"name":"北京","namePinyin":"beijing","namePy":"bj","updateTime":1719220458633},{"createTime":1710766868805,"id":1769710631356862464,"name":"广州","namePinyin":"guangzhou","namePy":"gz","updateTime":1710766868805},{"createTime":1719220556172,"id":1805167966099214336,"name":"龙塘","namePinyin":"longtang","namePy":"lt","updateTime":1719220556172},{"createTime":1710766883789,"id":1769710694200119296,"name":"清远","namePinyin":"qingyuan","namePy":"qy","updateTime":1710766883789},{"createTime":1710766878122,"id":1769710670430998528,"name":"上海","namePinyin":"shanghai","namePy":"sh","updateTime":1710766878122}],"success":true}
2025-02-16 15:03:06.959 INFO  com.xboss.train.common.aspect.LogAspect           :85   [32m1739689386953l0s  [0;39m ------------- 结束 耗时：5 ms -------------
2025-02-16 15:03:06.960 INFO  com.xboss.train.common.aspect.LogAspect           :72   [32m1739689386955fz7  [0;39m 请求参数: [{"page":1,"size":10}]
2025-02-16 15:03:06.964 INFO  c.x.train.business.service.DailyTrainTicketService:79   [32m1739689386955fz7  [0;39m 查询页码：1
2025-02-16 15:03:06.964 INFO  c.x.train.business.service.DailyTrainTicketService:80   [32m1739689386955fz7  [0;39m 每页条数：10
2025-02-16 15:03:06.965 INFO  com.xboss.train.common.aspect.LogAspect           :48   [32m1739689386965b5z  [0;39m ------------- 开始 -------------
2025-02-16 15:03:06.965 INFO  com.xboss.train.common.aspect.LogAspect           :49   [32m1739689386965b5z  [0;39m 请求地址: http://127.0.0.1:8002/business/admin/station/query-all GET
2025-02-16 15:03:06.965 INFO  com.xboss.train.common.aspect.LogAspect           :50   [32m1739689386965b5z  [0;39m 类名方法: com.xboss.train.business.controller.admin.StationAdminController.queryList
2025-02-16 15:03:06.965 INFO  com.xboss.train.common.aspect.LogAspect           :51   [32m1739689386965b5z  [0;39m 远程地址: 127.0.0.1
2025-02-16 15:03:06.966 INFO  com.xboss.train.common.aspect.LogAspect           :72   [32m1739689386965b5z  [0;39m 请求参数: []
2025-02-16 15:03:06.966 DEBUG c.x.t.b.mapper.StationMapper.selectByExample      :137  [32m1739689386965b5z  [0;39m ==>  Preparing: select id, `name`, name_pinyin, name_py, create_time, update_time from station order by name_pinyin asc
2025-02-16 15:03:06.966 DEBUG c.x.t.b.m.DailyTrainTicketMapper.selectByExample  :137  [32m1739689386955fz7  [0;39m ==>  Preparing: select id, `date`, train_code, `start`, start_pinyin, start_time, start_index, `end`, end_pinyin, end_time, end_index, ydz, ydz_price, edz, edz_price, rw, rw_price, yw, yw_price, create_time, update_time from daily_train_ticket order by id desc
2025-02-16 15:03:06.966 DEBUG c.x.t.b.mapper.StationMapper.selectByExample      :137  [32m1739689386965b5z  [0;39m ==> Parameters: 
2025-02-16 15:03:06.966 DEBUG c.x.t.b.m.DailyTrainTicketMapper.selectByExample  :137  [32m1739689386955fz7  [0;39m ==> Parameters: 
2025-02-16 15:03:06.968 TRACE c.x.t.b.mapper.StationMapper.selectByExample      :143  [32m1739689386965b5z  [0;39m <==    Columns: id, name, name_pinyin, name_py, create_time, update_time
2025-02-16 15:03:06.968 TRACE c.x.t.b.mapper.StationMapper.selectByExample      :143  [32m1739689386965b5z  [0;39m <==        Row: 1805167556999385088, 北京, beijing, bj, 2024-06-24 17:14:18.633, 2024-06-24 17:14:18.633
2025-02-16 15:03:06.968 TRACE c.x.t.b.mapper.StationMapper.selectByExample      :143  [32m1739689386965b5z  [0;39m <==        Row: 1769710631356862464, 广州, guangzhou, gz, 2024-03-18 21:01:08.805, 2024-03-18 21:01:08.805
2025-02-16 15:03:06.969 TRACE c.x.t.b.mapper.StationMapper.selectByExample      :143  [32m1739689386965b5z  [0;39m <==        Row: 1805167966099214336, 龙塘, longtang, lt, 2024-06-24 17:15:56.172, 2024-06-24 17:15:56.172
2025-02-16 15:03:06.969 TRACE c.x.t.b.mapper.StationMapper.selectByExample      :143  [32m1739689386965b5z  [0;39m <==        Row: 1769710694200119296, 清远, qingyuan, qy, 2024-03-18 21:01:23.789, 2024-03-18 21:01:23.789
2025-02-16 15:03:06.969 TRACE c.x.t.b.mapper.StationMapper.selectByExample      :143  [32m1739689386965b5z  [0;39m <==        Row: 1769710670430998528, 上海, shanghai, sh, 2024-03-18 21:01:18.122, 2024-03-18 21:01:18.122
2025-02-16 15:03:06.969 DEBUG c.x.t.b.mapper.StationMapper.selectByExample      :137  [32m1739689386965b5z  [0;39m <==      Total: 5
2025-02-16 15:03:06.970 INFO  com.xboss.train.common.aspect.LogAspect           :84   [32m1739689386965b5z  [0;39m 返回结果: {"content":[{"createTime":1719220458633,"id":1805167556999385088,"name":"北京","namePinyin":"beijing","namePy":"bj","updateTime":1719220458633},{"createTime":1710766868805,"id":1769710631356862464,"name":"广州","namePinyin":"guangzhou","namePy":"gz","updateTime":1710766868805},{"createTime":1719220556172,"id":1805167966099214336,"name":"龙塘","namePinyin":"longtang","namePy":"lt","updateTime":1719220556172},{"createTime":1710766883789,"id":1769710694200119296,"name":"清远","namePinyin":"qingyuan","namePy":"qy","updateTime":1710766883789},{"createTime":1710766878122,"id":1769710670430998528,"name":"上海","namePinyin":"shanghai","namePy":"sh","updateTime":1710766878122}],"success":true}
2025-02-16 15:03:06.970 INFO  com.xboss.train.common.aspect.LogAspect           :85   [32m1739689386965b5z  [0;39m ------------- 结束 耗时：5 ms -------------
2025-02-16 15:03:06.971 TRACE c.x.t.b.m.DailyTrainTicketMapper.selectByExample  :143  [32m1739689386955fz7  [0;39m <==    Columns: id, date, train_code, start, start_pinyin, start_time, start_index, end, end_pinyin, end_time, end_index, ydz, ydz_price, edz, edz_price, rw, rw_price, yw, yw_price, create_time, update_time
2025-02-16 15:03:06.971 TRACE c.x.t.b.m.DailyTrainTicketMapper.selectByExample  :143  [32m1739689386955fz7  [0;39m <==        Row: 1805435715908145152, 2024-06-25, G1, 龙塘, longtang, 23:31:00, 1, 清远, qingyuan, 23:45:00, 2, 20, 28.80, -1, 21.60, -1, 43.20, -1, 36.00, 2024-06-25 10:59:52.691, 2024-06-25 10:59:52.691
2025-02-16 15:03:06.972 TRACE c.x.t.b.m.DailyTrainTicketMapper.selectByExample  :143  [32m1739689386955fz7  [0;39m <==        Row: 1805435715887173632, 2024-06-25, G1, 广州, guangzhou, 23:09:00, 0, 清远, qingyuan, 23:45:00, 2, 20, 29.76, -1, 22.32, -1, 44.64, -1, 37.20, 2024-06-25 10:59:52.691, 2024-06-25 10:59:52.691
2025-02-16 15:03:06.972 TRACE c.x.t.b.m.DailyTrainTicketMapper.selectByExample  :143  [32m1739689386955fz7  [0;39m <==        Row: 1805435715857813504, 2024-06-25, G1, 广州, guangzhou, 23:09:00, 0, 龙塘, longtang, 23:30:00, 1, 20, 0.96, -1, 0.72, -1, 1.44, -1, 1.20, 2024-06-25 10:59:52.691, 2024-06-25 10:59:52.691
2025-02-16 15:03:06.973 DEBUG c.x.t.b.m.DailyTrainTicketMapper.selectByExample  :137  [32m1739689386955fz7  [0;39m <==      Total: 3
2025-02-16 15:03:06.973 INFO  c.x.train.business.service.DailyTrainTicketService:85   [32m1739689386955fz7  [0;39m 总行数：3
2025-02-16 15:03:06.973 INFO  c.x.train.business.service.DailyTrainTicketService:86   [32m1739689386955fz7  [0;39m 总页数：1
2025-02-16 15:03:06.981 INFO  com.xboss.train.common.aspect.LogAspect           :84   [32m1739689386955fz7  [0;39m 返回结果: {"content":{"list":[{"createTime":1719284392691,"date":1719244800000,"edz":-1,"edzPrice":21.60,"end":"清远","endIndex":2,"endPinyin":"qingyuan","endTime":56700000,"id":1805435715908145152,"rw":-1,"rwPrice":43.20,"start":"龙塘","startIndex":1,"startPinyin":"longtang","startTime":55860000,"trainCode":"G1","updateTime":1719284392691,"ydz":20,"ydzPrice":28.80,"yw":-1,"ywPrice":36.00},{"createTime":1719284392691,"date":1719244800000,"edz":-1,"edzPrice":22.32,"end":"清远","endIndex":2,"endPinyin":"qingyuan","endTime":56700000,"id":1805435715887173632,"rw":-1,"rwPrice":44.64,"start":"广州","startIndex":0,"startPinyin":"guangzhou","startTime":54540000,"trainCode":"G1","updateTime":1719284392691,"ydz":20,"ydzPrice":29.76,"yw":-1,"ywPrice":37.20},{"createTime":1719284392691,"date":1719244800000,"edz":-1,"edzPrice":0.72,"end":"龙塘","endIndex":1,"endPinyin":"longtang","endTime":55800000,"id":1805435715857813504,"rw":-1,"rwPrice":1.44,"start":"广州","startIndex":0,"startPinyin":"guangzhou","startTime":54540000,"trainCode":"G1","updateTime":1719284392691,"ydz":20,"ydzPrice":0.96,"yw":-1,"ywPrice":1.20}],"total":3},"success":true}
2025-02-16 15:03:06.981 INFO  com.xboss.train.common.aspect.LogAspect           :85   [32m1739689386955fz7  [0;39m ------------- 结束 耗时：23 ms -------------
