2025-02-27 13:09:37.168 INFO  org.hibernate.validator.internal.util.Version     :21   [32m                  [0;39m HV000001: Hibernate Validator 8.0.0.Final
2025-02-27 13:09:37.250 INFO  com.xboss.train.gateway.config.gatewayApplication :51   [32m                  [0;39m Starting gatewayApplication using Java 18.0.1.1 with PID 34168 (D:\projectAndcode\train\gateway\target\classes started by 86183 in D:\projectAndcode\train)
2025-02-27 13:09:37.252 INFO  com.xboss.train.gateway.config.gatewayApplication :630  [32m                  [0;39m No active profile set, falling back to 1 default profile: "default"
2025-02-27 13:09:37.355 INFO  o.s.b.d.env.DevToolsPropertyDefaultsPostProcessor :250  [32m                  [0;39m Devtools property defaults active! Set 'spring.devtools.add-properties' to 'false' to disable
2025-02-27 13:09:37.356 INFO  o.s.b.d.env.DevToolsPropertyDefaultsPostProcessor :250  [32m                  [0;39m For additional web related logging consider setting the 'logging.level.web' property to 'DEBUG'
2025-02-27 13:09:38.414 INFO  o.springframework.cloud.context.scope.GenericScope:282  [32m                  [0;39m BeanFactory id=324267dc-ff55-3f4c-bee8-5e2f01045e68
2025-02-27 13:09:39.475 INFO  o.s.c.gateway.route.RouteDefinitionRouteLocator   :88   [32m                  [0;39m Loaded RoutePredicateFactory [After]
2025-02-27 13:09:39.476 INFO  o.s.c.gateway.route.RouteDefinitionRouteLocator   :88   [32m                  [0;39m Loaded RoutePredicateFactory [Before]
2025-02-27 13:09:39.476 INFO  o.s.c.gateway.route.RouteDefinitionRouteLocator   :88   [32m                  [0;39m Loaded RoutePredicateFactory [Between]
2025-02-27 13:09:39.476 INFO  o.s.c.gateway.route.RouteDefinitionRouteLocator   :88   [32m                  [0;39m Loaded RoutePredicateFactory [Cookie]
2025-02-27 13:09:39.476 INFO  o.s.c.gateway.route.RouteDefinitionRouteLocator   :88   [32m                  [0;39m Loaded RoutePredicateFactory [Header]
2025-02-27 13:09:39.476 INFO  o.s.c.gateway.route.RouteDefinitionRouteLocator   :88   [32m                  [0;39m Loaded RoutePredicateFactory [Host]
2025-02-27 13:09:39.477 INFO  o.s.c.gateway.route.RouteDefinitionRouteLocator   :88   [32m                  [0;39m Loaded RoutePredicateFactory [Method]
2025-02-27 13:09:39.477 INFO  o.s.c.gateway.route.RouteDefinitionRouteLocator   :88   [32m                  [0;39m Loaded RoutePredicateFactory [Path]
2025-02-27 13:09:39.477 INFO  o.s.c.gateway.route.RouteDefinitionRouteLocator   :88   [32m                  [0;39m Loaded RoutePredicateFactory [Query]
2025-02-27 13:09:39.477 INFO  o.s.c.gateway.route.RouteDefinitionRouteLocator   :88   [32m                  [0;39m Loaded RoutePredicateFactory [ReadBody]
2025-02-27 13:09:39.477 INFO  o.s.c.gateway.route.RouteDefinitionRouteLocator   :88   [32m                  [0;39m Loaded RoutePredicateFactory [RemoteAddr]
2025-02-27 13:09:39.478 INFO  o.s.c.gateway.route.RouteDefinitionRouteLocator   :88   [32m                  [0;39m Loaded RoutePredicateFactory [XForwardedRemoteAddr]
2025-02-27 13:09:39.478 INFO  o.s.c.gateway.route.RouteDefinitionRouteLocator   :88   [32m                  [0;39m Loaded RoutePredicateFactory [Weight]
2025-02-27 13:09:39.478 INFO  o.s.c.gateway.route.RouteDefinitionRouteLocator   :88   [32m                  [0;39m Loaded RoutePredicateFactory [CloudFoundryRouteService]
2025-02-27 13:09:39.737 WARN  o.s.b.d.autoconfigure.OptionalLiveReloadServer    :62   [32m                  [0;39m Unable to start LiveReload server
2025-02-27 13:09:40.291 INFO  o.s.boot.web.embedded.netty.NettyWebServer        :111  [32m                  [0;39m Netty started on port 8000
2025-02-27 13:09:40.871 INFO  com.xboss.train.gateway.config.gatewayApplication :57   [32m                  [0;39m Started gatewayApplication in 4.88 seconds (process running for 6.048)
2025-02-27 13:09:40.875 INFO  com.xboss.train.gateway.config.gatewayApplication :23   [32m                  [0;39m å¯åŠ¨æˆåŠŸï¼ï¼
2025-02-27 13:09:40.876 INFO  com.xboss.train.gateway.config.gatewayApplication :24   [32m                  [0;39m ç½‘å…³åœ°å€: 	http://127.0.0.1:8000
2025-02-27 13:09:55.182 INFO  com.xboss.train.gateway.config.LoginMemberFilter  :29   [32m                  [0;39m ä¸éœ€è¦ç™»å½•éªŒè¯ï¼š/member/member/sendCode
2025-02-27 13:09:56.187 INFO  com.xboss.train.gateway.config.LoginMemberFilter  :29   [32m                  [0;39m ä¸éœ€è¦ç™»å½•éªŒè¯ï¼š/member/member/login
2025-02-27 13:09:58.572 INFO  com.xboss.train.gateway.config.LoginMemberFilter  :32   [32m                  [0;39m éœ€è¦ç™»å½•éªŒè¯ï¼š/business/station/query-all
2025-02-27 13:09:58.572 INFO  com.xboss.train.gateway.config.LoginMemberFilter  :36   [32m                  [0;39m ä¼šå‘˜ç™»å½•éªŒè¯å¼€å§‹ï¼Œtokenï¼šeyJ0eXAiOiJKV1QiLCJhbGciOiJIUzI1NiJ9.eyJuYmYiOjE3NDA2MzI5OTYsIm1vYmlsZSI6IjE4MzE4MjI3ODEwIiwiaWQiOjE3MDk2NDg5MTg4NTgsImV4cCI6MTc0MDcxOTM5NiwiaWF0IjoxNzQwNjMyOTk2fQ.XB-wvpwxWDb1jhWh2_SpDKL1JYZNujSYjEwmPsug2wE
2025-02-27 13:09:58.580 INFO  com.xboss.train.gateway.utils.JwtUtil             :45   [32m                  [0;39m å¼€å§‹JWT tokenæ ¡éªŒï¼Œtokenï¼šeyJ0eXAiOiJKV1QiLCJhbGciOiJIUzI1NiJ9.eyJuYmYiOjE3NDA2MzI5OTYsIm1vYmlsZSI6IjE4MzE4MjI3ODEwIiwiaWQiOjE3MDk2NDg5MTg4NTgsImV4cCI6MTc0MDcxOTM5NiwiaWF0IjoxNzQwNjMyOTk2fQ.XB-wvpwxWDb1jhWh2_SpDKL1JYZNujSYjEwmPsug2wE
2025-02-27 13:09:58.987 INFO  com.xboss.train.gateway.utils.JwtUtil             :50   [32m                  [0;39m JWT tokenæ ¡éªŒç»“æœï¼štrue
2025-02-27 13:09:58.987 INFO  com.xboss.train.gateway.config.LoginMemberFilter  :46   [32m                  [0;39m tokenæœ‰æ•ˆï¼Œæ”¾è¡Œè¯¥è¯·æ±‚
2025-02-27 13:10:00.176 INFO  com.xboss.train.gateway.config.LoginMemberFilter  :32   [32m                  [0;39m éœ€è¦ç™»å½•éªŒè¯ï¼š/business/station/query-all
2025-02-27 13:10:00.176 INFO  com.xboss.train.gateway.config.LoginMemberFilter  :36   [32m                  [0;39m ä¼šå‘˜ç™»å½•éªŒè¯å¼€å§‹ï¼Œtokenï¼šeyJ0eXAiOiJKV1QiLCJhbGciOiJIUzI1NiJ9.eyJuYmYiOjE3NDA2MzI5OTYsIm1vYmlsZSI6IjE4MzE4MjI3ODEwIiwiaWQiOjE3MDk2NDg5MTg4NTgsImV4cCI6MTc0MDcxOTM5NiwiaWF0IjoxNzQwNjMyOTk2fQ.XB-wvpwxWDb1jhWh2_SpDKL1JYZNujSYjEwmPsug2wE
2025-02-27 13:10:00.176 INFO  com.xboss.train.gateway.utils.JwtUtil             :45   [32m                  [0;39m å¼€å§‹JWT tokenæ ¡éªŒï¼Œtokenï¼šeyJ0eXAiOiJKV1QiLCJhbGciOiJIUzI1NiJ9.eyJuYmYiOjE3NDA2MzI5OTYsIm1vYmlsZSI6IjE4MzE4MjI3ODEwIiwiaWQiOjE3MDk2NDg5MTg4NTgsImV4cCI6MTc0MDcxOTM5NiwiaWF0IjoxNzQwNjMyOTk2fQ.XB-wvpwxWDb1jhWh2_SpDKL1JYZNujSYjEwmPsug2wE
2025-02-27 13:10:00.181 INFO  com.xboss.train.gateway.utils.JwtUtil             :50   [32m                  [0;39m JWT tokenæ ¡éªŒç»“æœï¼štrue
2025-02-27 13:10:00.181 INFO  com.xboss.train.gateway.config.LoginMemberFilter  :46   [32m                  [0;39m tokenæœ‰æ•ˆï¼Œæ”¾è¡Œè¯¥è¯·æ±‚
2025-02-27 13:10:15.947 INFO  com.xboss.train.gateway.config.LoginMemberFilter  :29   [32m                  [0;39m ä¸éœ€è¦ç™»å½•éªŒè¯ï¼š/business/admin/confirm-order/query-list
2025-02-27 13:10:23.444 INFO  com.xboss.train.gateway.config.LoginMemberFilter  :29   [32m                  [0;39m ä¸éœ€è¦ç™»å½•éªŒè¯ï¼š/business/admin/train/query-all
2025-02-27 13:10:23.444 INFO  com.xboss.train.gateway.config.LoginMemberFilter  :29   [32m                  [0;39m ä¸éœ€è¦ç™»å½•éªŒè¯ï¼š/business/admin/station/query-all
2025-02-27 13:10:23.446 INFO  com.xboss.train.gateway.config.LoginMemberFilter  :29   [32m                  [0;39m ä¸éœ€è¦ç™»å½•éªŒè¯ï¼š/business/admin/daily-train-ticket/query-list
2025-02-27 13:10:23.476 INFO  com.xboss.train.gateway.config.LoginMemberFilter  :29   [32m                  [0;39m ä¸éœ€è¦ç™»å½•éªŒè¯ï¼š/business/admin/station/query-all
2025-02-27 13:11:22.805 INFO  com.xboss.train.gateway.config.LoginMemberFilter  :29   [32m                  [0;39m ä¸éœ€è¦ç™»å½•éªŒè¯ï¼š/business/admin/daily-train-seat/query-list
2025-02-27 13:11:23.523 INFO  com.xboss.train.gateway.config.LoginMemberFilter  :29   [32m                  [0;39m ä¸éœ€è¦ç™»å½•éªŒè¯ï¼š/business/admin/station/query-all
2025-02-27 13:11:23.523 INFO  com.xboss.train.gateway.config.LoginMemberFilter  :29   [32m                  [0;39m ä¸éœ€è¦ç™»å½•éªŒè¯ï¼š/business/admin/daily-train-ticket/query-list
2025-02-27 13:11:23.547 INFO  com.xboss.train.gateway.config.LoginMemberFilter  :29   [32m                  [0;39m ä¸éœ€è¦ç™»å½•éªŒè¯ï¼š/business/admin/station/query-all
2025-02-27 13:42:41.705 INFO  com.xboss.train.gateway.config.LoginMemberFilter  :32   [32m                  [0;39m éœ€è¦ç™»å½•éªŒè¯ï¼š/business/daily-train-ticket/query-list
2025-02-27 13:42:41.712 INFO  com.xboss.train.gateway.config.LoginMemberFilter  :36   [32m                  [0;39m ä¼šå‘˜ç™»å½•éªŒè¯å¼€å§‹ï¼Œtokenï¼šeyJ0eXAiOiJKV1QiLCJhbGciOiJIUzI1NiJ9.eyJuYmYiOjE3NDA2MzI5OTYsIm1vYmlsZSI6IjE4MzE4MjI3ODEwIiwiaWQiOjE3MDk2NDg5MTg4NTgsImV4cCI6MTc0MDcxOTM5NiwiaWF0IjoxNzQwNjMyOTk2fQ.XB-wvpwxWDb1jhWh2_SpDKL1JYZNujSYjEwmPsug2wE
2025-02-27 13:42:41.712 INFO  com.xboss.train.gateway.utils.JwtUtil             :45   [32m                  [0;39m å¼€å§‹JWT tokenæ ¡éªŒï¼Œtokenï¼šeyJ0eXAiOiJKV1QiLCJhbGciOiJIUzI1NiJ9.eyJuYmYiOjE3NDA2MzI5OTYsIm1vYmlsZSI6IjE4MzE4MjI3ODEwIiwiaWQiOjE3MDk2NDg5MTg4NTgsImV4cCI6MTc0MDcxOTM5NiwiaWF0IjoxNzQwNjMyOTk2fQ.XB-wvpwxWDb1jhWh2_SpDKL1JYZNujSYjEwmPsug2wE
2025-02-27 13:42:41.713 INFO  com.xboss.train.gateway.utils.JwtUtil             :50   [32m                  [0;39m JWT tokenæ ¡éªŒç»“æœï¼štrue
2025-02-27 13:42:41.714 INFO  com.xboss.train.gateway.config.LoginMemberFilter  :46   [32m                  [0;39m tokenæœ‰æ•ˆï¼Œæ”¾è¡Œè¯¥è¯·æ±‚
2025-02-27 13:45:05.170 INFO  com.xboss.train.gateway.config.LoginMemberFilter  :29   [32m                  [0;39m ä¸éœ€è¦ç™»å½•éªŒè¯ï¼š/member/member/sendCode
2025-02-27 13:45:05.817 INFO  com.xboss.train.gateway.config.LoginMemberFilter  :29   [32m                  [0;39m ä¸éœ€è¦ç™»å½•éªŒè¯ï¼š/member/member/login
2025-02-27 13:45:07.058 INFO  com.xboss.train.gateway.config.LoginMemberFilter  :32   [32m                  [0;39m éœ€è¦ç™»å½•éªŒè¯ï¼š/member/passenger/selectByMemberId
2025-02-27 13:45:07.059 INFO  com.xboss.train.gateway.config.LoginMemberFilter  :36   [32m                  [0;39m ä¼šå‘˜ç™»å½•éªŒè¯å¼€å§‹ï¼Œtokenï¼šeyJ0eXAiOiJKV1QiLCJhbGciOiJIUzI1NiJ9.eyJuYmYiOjE3NDA2MzUxMDUsIm1vYmlsZSI6IjE4MzE4MjI3ODEwIiwiaWQiOjE3MDk2NDg5MTg4NTgsImV4cCI6MTc0MDcyMTUwNSwiaWF0IjoxNzQwNjM1MTA1fQ.VSXB4WQHmgx5QFccesXjZXRUmTmvqoz6SG0sQL-MUvQ
2025-02-27 13:45:07.059 INFO  com.xboss.train.gateway.utils.JwtUtil             :45   [32m                  [0;39m å¼€å§‹JWT tokenæ ¡éªŒï¼Œtokenï¼šeyJ0eXAiOiJKV1QiLCJhbGciOiJIUzI1NiJ9.eyJuYmYiOjE3NDA2MzUxMDUsIm1vYmlsZSI6IjE4MzE4MjI3ODEwIiwiaWQiOjE3MDk2NDg5MTg4NTgsImV4cCI6MTc0MDcyMTUwNSwiaWF0IjoxNzQwNjM1MTA1fQ.VSXB4WQHmgx5QFccesXjZXRUmTmvqoz6SG0sQL-MUvQ
2025-02-27 13:45:07.060 INFO  com.xboss.train.gateway.utils.JwtUtil             :50   [32m                  [0;39m JWT tokenæ ¡éªŒç»“æœï¼štrue
2025-02-27 13:45:07.061 INFO  com.xboss.train.gateway.config.LoginMemberFilter  :46   [32m                  [0;39m tokenæœ‰æ•ˆï¼Œæ”¾è¡Œè¯¥è¯·æ±‚
2025-02-27 13:45:07.835 INFO  com.xboss.train.gateway.config.LoginMemberFilter  :32   [32m                  [0;39m éœ€è¦ç™»å½•éªŒè¯ï¼š/business/station/query-all
2025-02-27 13:45:07.835 INFO  com.xboss.train.gateway.config.LoginMemberFilter  :36   [32m                  [0;39m ä¼šå‘˜ç™»å½•éªŒè¯å¼€å§‹ï¼Œtokenï¼šeyJ0eXAiOiJKV1QiLCJhbGciOiJIUzI1NiJ9.eyJuYmYiOjE3NDA2MzUxMDUsIm1vYmlsZSI6IjE4MzE4MjI3ODEwIiwiaWQiOjE3MDk2NDg5MTg4NTgsImV4cCI6MTc0MDcyMTUwNSwiaWF0IjoxNzQwNjM1MTA1fQ.VSXB4WQHmgx5QFccesXjZXRUmTmvqoz6SG0sQL-MUvQ
2025-02-27 13:45:07.837 INFO  com.xboss.train.gateway.utils.JwtUtil             :45   [32m                  [0;39m å¼€å§‹JWT tokenæ ¡éªŒï¼Œtokenï¼šeyJ0eXAiOiJKV1QiLCJhbGciOiJIUzI1NiJ9.eyJuYmYiOjE3NDA2MzUxMDUsIm1vYmlsZSI6IjE4MzE4MjI3ODEwIiwiaWQiOjE3MDk2NDg5MTg4NTgsImV4cCI6MTc0MDcyMTUwNSwiaWF0IjoxNzQwNjM1MTA1fQ.VSXB4WQHmgx5QFccesXjZXRUmTmvqoz6SG0sQL-MUvQ
2025-02-27 13:45:07.837 INFO  com.xboss.train.gateway.utils.JwtUtil             :50   [32m                  [0;39m JWT tokenæ ¡éªŒç»“æœï¼štrue
2025-02-27 13:45:07.838 INFO  com.xboss.train.gateway.config.LoginMemberFilter  :46   [32m                  [0;39m tokenæœ‰æ•ˆï¼Œæ”¾è¡Œè¯¥è¯·æ±‚
2025-02-27 13:45:07.884 INFO  com.xboss.train.gateway.config.LoginMemberFilter  :32   [32m                  [0;39m éœ€è¦ç™»å½•éªŒè¯ï¼š/business/station/query-all
2025-02-27 13:45:07.884 INFO  com.xboss.train.gateway.config.LoginMemberFilter  :36   [32m                  [0;39m ä¼šå‘˜ç™»å½•éªŒè¯å¼€å§‹ï¼Œtokenï¼šeyJ0eXAiOiJKV1QiLCJhbGciOiJIUzI1NiJ9.eyJuYmYiOjE3NDA2MzUxMDUsIm1vYmlsZSI6IjE4MzE4MjI3ODEwIiwiaWQiOjE3MDk2NDg5MTg4NTgsImV4cCI6MTc0MDcyMTUwNSwiaWF0IjoxNzQwNjM1MTA1fQ.VSXB4WQHmgx5QFccesXjZXRUmTmvqoz6SG0sQL-MUvQ
2025-02-27 13:45:07.886 INFO  com.xboss.train.gateway.utils.JwtUtil             :45   [32m                  [0;39m å¼€å§‹JWT tokenæ ¡éªŒï¼Œtokenï¼šeyJ0eXAiOiJKV1QiLCJhbGciOiJIUzI1NiJ9.eyJuYmYiOjE3NDA2MzUxMDUsIm1vYmlsZSI6IjE4MzE4MjI3ODEwIiwiaWQiOjE3MDk2NDg5MTg4NTgsImV4cCI6MTc0MDcyMTUwNSwiaWF0IjoxNzQwNjM1MTA1fQ.VSXB4WQHmgx5QFccesXjZXRUmTmvqoz6SG0sQL-MUvQ
2025-02-27 13:45:07.887 INFO  com.xboss.train.gateway.utils.JwtUtil             :50   [32m                  [0;39m JWT tokenæ ¡éªŒç»“æœï¼štrue
2025-02-27 13:45:07.887 INFO  com.xboss.train.gateway.config.LoginMemberFilter  :46   [32m                  [0;39m tokenæœ‰æ•ˆï¼Œæ”¾è¡Œè¯¥è¯·æ±‚
2025-02-27 13:45:17.751 INFO  com.xboss.train.gateway.config.LoginMemberFilter  :32   [32m                  [0;39m éœ€è¦ç™»å½•éªŒè¯ï¼š/business/daily-train-ticket/query-list
2025-02-27 13:45:17.752 INFO  com.xboss.train.gateway.config.LoginMemberFilter  :36   [32m                  [0;39m ä¼šå‘˜ç™»å½•éªŒè¯å¼€å§‹ï¼Œtokenï¼šeyJ0eXAiOiJKV1QiLCJhbGciOiJIUzI1NiJ9.eyJuYmYiOjE3NDA2MzUxMDUsIm1vYmlsZSI6IjE4MzE4MjI3ODEwIiwiaWQiOjE3MDk2NDg5MTg4NTgsImV4cCI6MTc0MDcyMTUwNSwiaWF0IjoxNzQwNjM1MTA1fQ.VSXB4WQHmgx5QFccesXjZXRUmTmvqoz6SG0sQL-MUvQ
2025-02-27 13:45:17.752 INFO  com.xboss.train.gateway.utils.JwtUtil             :45   [32m                  [0;39m å¼€å§‹JWT tokenæ ¡éªŒï¼Œtokenï¼šeyJ0eXAiOiJKV1QiLCJhbGciOiJIUzI1NiJ9.eyJuYmYiOjE3NDA2MzUxMDUsIm1vYmlsZSI6IjE4MzE4MjI3ODEwIiwiaWQiOjE3MDk2NDg5MTg4NTgsImV4cCI6MTc0MDcyMTUwNSwiaWF0IjoxNzQwNjM1MTA1fQ.VSXB4WQHmgx5QFccesXjZXRUmTmvqoz6SG0sQL-MUvQ
2025-02-27 13:45:17.753 INFO  com.xboss.train.gateway.utils.JwtUtil             :50   [32m                  [0;39m JWT tokenæ ¡éªŒç»“æœï¼štrue
2025-02-27 13:45:17.753 INFO  com.xboss.train.gateway.config.LoginMemberFilter  :46   [32m                  [0;39m tokenæœ‰æ•ˆï¼Œæ”¾è¡Œè¯¥è¯·æ±‚
2025-02-27 13:45:18.587 INFO  com.xboss.train.gateway.config.LoginMemberFilter  :32   [32m                  [0;39m éœ€è¦ç™»å½•éªŒè¯ï¼š/member/passenger/query-mine
2025-02-27 13:45:18.588 INFO  com.xboss.train.gateway.config.LoginMemberFilter  :36   [32m                  [0;39m ä¼šå‘˜ç™»å½•éªŒè¯å¼€å§‹ï¼Œtokenï¼šeyJ0eXAiOiJKV1QiLCJhbGciOiJIUzI1NiJ9.eyJuYmYiOjE3NDA2MzUxMDUsIm1vYmlsZSI6IjE4MzE4MjI3ODEwIiwiaWQiOjE3MDk2NDg5MTg4NTgsImV4cCI6MTc0MDcyMTUwNSwiaWF0IjoxNzQwNjM1MTA1fQ.VSXB4WQHmgx5QFccesXjZXRUmTmvqoz6SG0sQL-MUvQ
2025-02-27 13:45:18.588 INFO  com.xboss.train.gateway.utils.JwtUtil             :45   [32m                  [0;39m å¼€å§‹JWT tokenæ ¡éªŒï¼Œtokenï¼šeyJ0eXAiOiJKV1QiLCJhbGciOiJIUzI1NiJ9.eyJuYmYiOjE3NDA2MzUxMDUsIm1vYmlsZSI6IjE4MzE4MjI3ODEwIiwiaWQiOjE3MDk2NDg5MTg4NTgsImV4cCI6MTc0MDcyMTUwNSwiaWF0IjoxNzQwNjM1MTA1fQ.VSXB4WQHmgx5QFccesXjZXRUmTmvqoz6SG0sQL-MUvQ
2025-02-27 13:45:18.589 INFO  com.xboss.train.gateway.utils.JwtUtil             :50   [32m                  [0;39m JWT tokenæ ¡éªŒç»“æœï¼štrue
2025-02-27 13:45:18.589 INFO  com.xboss.train.gateway.config.LoginMemberFilter  :46   [32m                  [0;39m tokenæœ‰æ•ˆï¼Œæ”¾è¡Œè¯¥è¯·æ±‚
2025-02-27 13:45:29.390 INFO  com.xboss.train.gateway.config.LoginMemberFilter  :32   [32m                  [0;39m éœ€è¦ç™»å½•éªŒè¯ï¼š/business/confirm-order/do
2025-02-27 13:45:29.391 INFO  com.xboss.train.gateway.config.LoginMemberFilter  :36   [32m                  [0;39m ä¼šå‘˜ç™»å½•éªŒè¯å¼€å§‹ï¼Œtokenï¼šeyJ0eXAiOiJKV1QiLCJhbGciOiJIUzI1NiJ9.eyJuYmYiOjE3NDA2MzUxMDUsIm1vYmlsZSI6IjE4MzE4MjI3ODEwIiwiaWQiOjE3MDk2NDg5MTg4NTgsImV4cCI6MTc0MDcyMTUwNSwiaWF0IjoxNzQwNjM1MTA1fQ.VSXB4WQHmgx5QFccesXjZXRUmTmvqoz6SG0sQL-MUvQ
2025-02-27 13:45:29.391 INFO  com.xboss.train.gateway.utils.JwtUtil             :45   [32m                  [0;39m å¼€å§‹JWT tokenæ ¡éªŒï¼Œtokenï¼šeyJ0eXAiOiJKV1QiLCJhbGciOiJIUzI1NiJ9.eyJuYmYiOjE3NDA2MzUxMDUsIm1vYmlsZSI6IjE4MzE4MjI3ODEwIiwiaWQiOjE3MDk2NDg5MTg4NTgsImV4cCI6MTc0MDcyMTUwNSwiaWF0IjoxNzQwNjM1MTA1fQ.VSXB4WQHmgx5QFccesXjZXRUmTmvqoz6SG0sQL-MUvQ
2025-02-27 13:45:29.392 INFO  com.xboss.train.gateway.utils.JwtUtil             :50   [32m                  [0;39m JWT tokenæ ¡éªŒç»“æœï¼štrue
2025-02-27 13:45:29.392 INFO  com.xboss.train.gateway.config.LoginMemberFilter  :46   [32m                  [0;39m tokenæœ‰æ•ˆï¼Œæ”¾è¡Œè¯¥è¯·æ±‚
2025-02-27 13:50:03.657 INFO  com.xboss.train.gateway.config.LoginMemberFilter  :32   [32m                  [0;39m éœ€è¦ç™»å½•éªŒè¯ï¼š/business/station/query-all
2025-02-27 13:50:03.657 INFO  com.xboss.train.gateway.config.LoginMemberFilter  :36   [32m                  [0;39m ä¼šå‘˜ç™»å½•éªŒè¯å¼€å§‹ï¼Œtokenï¼šeyJ0eXAiOiJKV1QiLCJhbGciOiJIUzI1NiJ9.eyJuYmYiOjE3NDA2MzUxMDUsIm1vYmlsZSI6IjE4MzE4MjI3ODEwIiwiaWQiOjE3MDk2NDg5MTg4NTgsImV4cCI6MTc0MDcyMTUwNSwiaWF0IjoxNzQwNjM1MTA1fQ.VSXB4WQHmgx5QFccesXjZXRUmTmvqoz6SG0sQL-MUvQ
2025-02-27 13:50:03.657 INFO  com.xboss.train.gateway.utils.JwtUtil             :45   [32m                  [0;39m å¼€å§‹JWT tokenæ ¡éªŒï¼Œtokenï¼šeyJ0eXAiOiJKV1QiLCJhbGciOiJIUzI1NiJ9.eyJuYmYiOjE3NDA2MzUxMDUsIm1vYmlsZSI6IjE4MzE4MjI3ODEwIiwiaWQiOjE3MDk2NDg5MTg4NTgsImV4cCI6MTc0MDcyMTUwNSwiaWF0IjoxNzQwNjM1MTA1fQ.VSXB4WQHmgx5QFccesXjZXRUmTmvqoz6SG0sQL-MUvQ
2025-02-27 13:50:03.657 INFO  com.xboss.train.gateway.utils.JwtUtil             :50   [32m                  [0;39m JWT tokenæ ¡éªŒç»“æœï¼štrue
2025-02-27 13:50:03.657 INFO  com.xboss.train.gateway.config.LoginMemberFilter  :46   [32m                  [0;39m tokenæœ‰æ•ˆï¼Œæ”¾è¡Œè¯¥è¯·æ±‚
2025-02-27 13:50:03.663 INFO  com.xboss.train.gateway.config.LoginMemberFilter  :32   [32m                  [0;39m éœ€è¦ç™»å½•éªŒè¯ï¼š/business/daily-train-ticket/query-list
2025-02-27 13:50:03.663 INFO  com.xboss.train.gateway.config.LoginMemberFilter  :36   [32m                  [0;39m ä¼šå‘˜ç™»å½•éªŒè¯å¼€å§‹ï¼Œtokenï¼šeyJ0eXAiOiJKV1QiLCJhbGciOiJIUzI1NiJ9.eyJuYmYiOjE3NDA2MzUxMDUsIm1vYmlsZSI6IjE4MzE4MjI3ODEwIiwiaWQiOjE3MDk2NDg5MTg4NTgsImV4cCI6MTc0MDcyMTUwNSwiaWF0IjoxNzQwNjM1MTA1fQ.VSXB4WQHmgx5QFccesXjZXRUmTmvqoz6SG0sQL-MUvQ
2025-02-27 13:50:03.663 INFO  com.xboss.train.gateway.utils.JwtUtil             :45   [32m                  [0;39m å¼€å§‹JWT tokenæ ¡éªŒï¼Œtokenï¼šeyJ0eXAiOiJKV1QiLCJhbGciOiJIUzI1NiJ9.eyJuYmYiOjE3NDA2MzUxMDUsIm1vYmlsZSI6IjE4MzE4MjI3ODEwIiwiaWQiOjE3MDk2NDg5MTg4NTgsImV4cCI6MTc0MDcyMTUwNSwiaWF0IjoxNzQwNjM1MTA1fQ.VSXB4WQHmgx5QFccesXjZXRUmTmvqoz6SG0sQL-MUvQ
2025-02-27 13:50:03.664 INFO  com.xboss.train.gateway.utils.JwtUtil             :50   [32m                  [0;39m JWT tokenæ ¡éªŒç»“æœï¼štrue
2025-02-27 13:50:03.665 INFO  com.xboss.train.gateway.config.LoginMemberFilter  :46   [32m                  [0;39m tokenæœ‰æ•ˆï¼Œæ”¾è¡Œè¯¥è¯·æ±‚
2025-02-27 13:50:03.694 INFO  com.xboss.train.gateway.config.LoginMemberFilter  :32   [32m                  [0;39m éœ€è¦ç™»å½•éªŒè¯ï¼š/business/station/query-all
2025-02-27 13:50:03.694 INFO  com.xboss.train.gateway.config.LoginMemberFilter  :36   [32m                  [0;39m ä¼šå‘˜ç™»å½•éªŒè¯å¼€å§‹ï¼Œtokenï¼šeyJ0eXAiOiJKV1QiLCJhbGciOiJIUzI1NiJ9.eyJuYmYiOjE3NDA2MzUxMDUsIm1vYmlsZSI6IjE4MzE4MjI3ODEwIiwiaWQiOjE3MDk2NDg5MTg4NTgsImV4cCI6MTc0MDcyMTUwNSwiaWF0IjoxNzQwNjM1MTA1fQ.VSXB4WQHmgx5QFccesXjZXRUmTmvqoz6SG0sQL-MUvQ
2025-02-27 13:50:03.694 INFO  com.xboss.train.gateway.utils.JwtUtil             :45   [32m                  [0;39m å¼€å§‹JWT tokenæ ¡éªŒï¼Œtokenï¼šeyJ0eXAiOiJKV1QiLCJhbGciOiJIUzI1NiJ9.eyJuYmYiOjE3NDA2MzUxMDUsIm1vYmlsZSI6IjE4MzE4MjI3ODEwIiwiaWQiOjE3MDk2NDg5MTg4NTgsImV4cCI6MTc0MDcyMTUwNSwiaWF0IjoxNzQwNjM1MTA1fQ.VSXB4WQHmgx5QFccesXjZXRUmTmvqoz6SG0sQL-MUvQ
2025-02-27 13:50:03.695 INFO  com.xboss.train.gateway.utils.JwtUtil             :50   [32m                  [0;39m JWT tokenæ ¡éªŒç»“æœï¼štrue
2025-02-27 13:50:03.695 INFO  com.xboss.train.gateway.config.LoginMemberFilter  :46   [32m                  [0;39m tokenæœ‰æ•ˆï¼Œæ”¾è¡Œè¯¥è¯·æ±‚
2025-02-27 13:50:04.365 INFO  com.xboss.train.gateway.config.LoginMemberFilter  :32   [32m                  [0;39m éœ€è¦ç™»å½•éªŒè¯ï¼š/member/passenger/selectByMemberId
2025-02-27 13:50:04.368 INFO  com.xboss.train.gateway.config.LoginMemberFilter  :36   [32m                  [0;39m ä¼šå‘˜ç™»å½•éªŒè¯å¼€å§‹ï¼Œtokenï¼šeyJ0eXAiOiJKV1QiLCJhbGciOiJIUzI1NiJ9.eyJuYmYiOjE3NDA2MzUxMDUsIm1vYmlsZSI6IjE4MzE4MjI3ODEwIiwiaWQiOjE3MDk2NDg5MTg4NTgsImV4cCI6MTc0MDcyMTUwNSwiaWF0IjoxNzQwNjM1MTA1fQ.VSXB4WQHmgx5QFccesXjZXRUmTmvqoz6SG0sQL-MUvQ
2025-02-27 13:50:04.368 INFO  com.xboss.train.gateway.utils.JwtUtil             :45   [32m                  [0;39m å¼€å§‹JWT tokenæ ¡éªŒï¼Œtokenï¼šeyJ0eXAiOiJKV1QiLCJhbGciOiJIUzI1NiJ9.eyJuYmYiOjE3NDA2MzUxMDUsIm1vYmlsZSI6IjE4MzE4MjI3ODEwIiwiaWQiOjE3MDk2NDg5MTg4NTgsImV4cCI6MTc0MDcyMTUwNSwiaWF0IjoxNzQwNjM1MTA1fQ.VSXB4WQHmgx5QFccesXjZXRUmTmvqoz6SG0sQL-MUvQ
2025-02-27 13:50:04.368 INFO  com.xboss.train.gateway.utils.JwtUtil             :50   [32m                  [0;39m JWT tokenæ ¡éªŒç»“æœï¼štrue
2025-02-27 13:50:04.368 INFO  com.xboss.train.gateway.config.LoginMemberFilter  :46   [32m                  [0;39m tokenæœ‰æ•ˆï¼Œæ”¾è¡Œè¯¥è¯·æ±‚
2025-02-27 13:50:05.068 INFO  com.xboss.train.gateway.config.LoginMemberFilter  :32   [32m                  [0;39m éœ€è¦ç™»å½•éªŒè¯ï¼š/business/station/query-all
2025-02-27 13:50:05.068 INFO  com.xboss.train.gateway.config.LoginMemberFilter  :32   [32m                  [0;39m éœ€è¦ç™»å½•éªŒè¯ï¼š/business/daily-train-ticket/query-list
2025-02-27 13:50:05.068 INFO  com.xboss.train.gateway.config.LoginMemberFilter  :36   [32m                  [0;39m ä¼šå‘˜ç™»å½•éªŒè¯å¼€å§‹ï¼Œtokenï¼šeyJ0eXAiOiJKV1QiLCJhbGciOiJIUzI1NiJ9.eyJuYmYiOjE3NDA2MzUxMDUsIm1vYmlsZSI6IjE4MzE4MjI3ODEwIiwiaWQiOjE3MDk2NDg5MTg4NTgsImV4cCI6MTc0MDcyMTUwNSwiaWF0IjoxNzQwNjM1MTA1fQ.VSXB4WQHmgx5QFccesXjZXRUmTmvqoz6SG0sQL-MUvQ
2025-02-27 13:50:05.068 INFO  com.xboss.train.gateway.config.LoginMemberFilter  :36   [32m                  [0;39m ä¼šå‘˜ç™»å½•éªŒè¯å¼€å§‹ï¼Œtokenï¼šeyJ0eXAiOiJKV1QiLCJhbGciOiJIUzI1NiJ9.eyJuYmYiOjE3NDA2MzUxMDUsIm1vYmlsZSI6IjE4MzE4MjI3ODEwIiwiaWQiOjE3MDk2NDg5MTg4NTgsImV4cCI6MTc0MDcyMTUwNSwiaWF0IjoxNzQwNjM1MTA1fQ.VSXB4WQHmgx5QFccesXjZXRUmTmvqoz6SG0sQL-MUvQ
2025-02-27 13:50:05.068 INFO  com.xboss.train.gateway.utils.JwtUtil             :45   [32m                  [0;39m å¼€å§‹JWT tokenæ ¡éªŒï¼Œtokenï¼šeyJ0eXAiOiJKV1QiLCJhbGciOiJIUzI1NiJ9.eyJuYmYiOjE3NDA2MzUxMDUsIm1vYmlsZSI6IjE4MzE4MjI3ODEwIiwiaWQiOjE3MDk2NDg5MTg4NTgsImV4cCI6MTc0MDcyMTUwNSwiaWF0IjoxNzQwNjM1MTA1fQ.VSXB4WQHmgx5QFccesXjZXRUmTmvqoz6SG0sQL-MUvQ
2025-02-27 13:50:05.068 INFO  com.xboss.train.gateway.utils.JwtUtil             :45   [32m                  [0;39m å¼€å§‹JWT tokenæ ¡éªŒï¼Œtokenï¼šeyJ0eXAiOiJKV1QiLCJhbGciOiJIUzI1NiJ9.eyJuYmYiOjE3NDA2MzUxMDUsIm1vYmlsZSI6IjE4MzE4MjI3ODEwIiwiaWQiOjE3MDk2NDg5MTg4NTgsImV4cCI6MTc0MDcyMTUwNSwiaWF0IjoxNzQwNjM1MTA1fQ.VSXB4WQHmgx5QFccesXjZXRUmTmvqoz6SG0sQL-MUvQ
2025-02-27 13:50:05.068 INFO  com.xboss.train.gateway.utils.JwtUtil             :50   [32m                  [0;39m JWT tokenæ ¡éªŒç»“æœï¼štrue
2025-02-27 13:50:05.068 INFO  com.xboss.train.gateway.utils.JwtUtil             :50   [32m                  [0;39m JWT tokenæ ¡éªŒç»“æœï¼štrue
2025-02-27 13:50:05.068 INFO  com.xboss.train.gateway.config.LoginMemberFilter  :46   [32m                  [0;39m tokenæœ‰æ•ˆï¼Œæ”¾è¡Œè¯¥è¯·æ±‚
2025-02-27 13:50:05.072 INFO  com.xboss.train.gateway.config.LoginMemberFilter  :46   [32m                  [0;39m tokenæœ‰æ•ˆï¼Œæ”¾è¡Œè¯¥è¯·æ±‚
2025-02-27 13:50:05.094 INFO  com.xboss.train.gateway.config.LoginMemberFilter  :32   [32m                  [0;39m éœ€è¦ç™»å½•éªŒè¯ï¼š/business/station/query-all
2025-02-27 13:50:05.096 INFO  com.xboss.train.gateway.config.LoginMemberFilter  :36   [32m                  [0;39m ä¼šå‘˜ç™»å½•éªŒè¯å¼€å§‹ï¼Œtokenï¼šeyJ0eXAiOiJKV1QiLCJhbGciOiJIUzI1NiJ9.eyJuYmYiOjE3NDA2MzUxMDUsIm1vYmlsZSI6IjE4MzE4MjI3ODEwIiwiaWQiOjE3MDk2NDg5MTg4NTgsImV4cCI6MTc0MDcyMTUwNSwiaWF0IjoxNzQwNjM1MTA1fQ.VSXB4WQHmgx5QFccesXjZXRUmTmvqoz6SG0sQL-MUvQ
2025-02-27 13:50:05.096 INFO  com.xboss.train.gateway.utils.JwtUtil             :45   [32m                  [0;39m å¼€å§‹JWT tokenæ ¡éªŒï¼Œtokenï¼šeyJ0eXAiOiJKV1QiLCJhbGciOiJIUzI1NiJ9.eyJuYmYiOjE3NDA2MzUxMDUsIm1vYmlsZSI6IjE4MzE4MjI3ODEwIiwiaWQiOjE3MDk2NDg5MTg4NTgsImV4cCI6MTc0MDcyMTUwNSwiaWF0IjoxNzQwNjM1MTA1fQ.VSXB4WQHmgx5QFccesXjZXRUmTmvqoz6SG0sQL-MUvQ
2025-02-27 13:50:05.096 INFO  com.xboss.train.gateway.utils.JwtUtil             :50   [32m                  [0;39m JWT tokenæ ¡éªŒç»“æœï¼štrue
2025-02-27 13:50:05.096 INFO  com.xboss.train.gateway.config.LoginMemberFilter  :46   [32m                  [0;39m tokenæœ‰æ•ˆï¼Œæ”¾è¡Œè¯¥è¯·æ±‚
2025-02-27 13:50:07.044 INFO  com.xboss.train.gateway.config.LoginMemberFilter  :32   [32m                  [0;39m éœ€è¦ç™»å½•éªŒè¯ï¼š/member/passenger/query-mine
2025-02-27 13:50:07.044 INFO  com.xboss.train.gateway.config.LoginMemberFilter  :36   [32m                  [0;39m ä¼šå‘˜ç™»å½•éªŒè¯å¼€å§‹ï¼Œtokenï¼šeyJ0eXAiOiJKV1QiLCJhbGciOiJIUzI1NiJ9.eyJuYmYiOjE3NDA2MzUxMDUsIm1vYmlsZSI6IjE4MzE4MjI3ODEwIiwiaWQiOjE3MDk2NDg5MTg4NTgsImV4cCI6MTc0MDcyMTUwNSwiaWF0IjoxNzQwNjM1MTA1fQ.VSXB4WQHmgx5QFccesXjZXRUmTmvqoz6SG0sQL-MUvQ
2025-02-27 13:50:07.044 INFO  com.xboss.train.gateway.utils.JwtUtil             :45   [32m                  [0;39m å¼€å§‹JWT tokenæ ¡éªŒï¼Œtokenï¼šeyJ0eXAiOiJKV1QiLCJhbGciOiJIUzI1NiJ9.eyJuYmYiOjE3NDA2MzUxMDUsIm1vYmlsZSI6IjE4MzE4MjI3ODEwIiwiaWQiOjE3MDk2NDg5MTg4NTgsImV4cCI6MTc0MDcyMTUwNSwiaWF0IjoxNzQwNjM1MTA1fQ.VSXB4WQHmgx5QFccesXjZXRUmTmvqoz6SG0sQL-MUvQ
2025-02-27 13:50:07.046 INFO  com.xboss.train.gateway.utils.JwtUtil             :50   [32m                  [0;39m JWT tokenæ ¡éªŒç»“æœï¼štrue
2025-02-27 13:50:07.046 INFO  com.xboss.train.gateway.config.LoginMemberFilter  :46   [32m                  [0;39m tokenæœ‰æ•ˆï¼Œæ”¾è¡Œè¯¥è¯·æ±‚
2025-02-27 13:50:18.476 INFO  com.xboss.train.gateway.config.LoginMemberFilter  :32   [32m                  [0;39m éœ€è¦ç™»å½•éªŒè¯ï¼š/business/confirm-order/do
2025-02-27 13:50:18.476 INFO  com.xboss.train.gateway.config.LoginMemberFilter  :36   [32m                  [0;39m ä¼šå‘˜ç™»å½•éªŒè¯å¼€å§‹ï¼Œtokenï¼šeyJ0eXAiOiJKV1QiLCJhbGciOiJIUzI1NiJ9.eyJuYmYiOjE3NDA2MzUxMDUsIm1vYmlsZSI6IjE4MzE4MjI3ODEwIiwiaWQiOjE3MDk2NDg5MTg4NTgsImV4cCI6MTc0MDcyMTUwNSwiaWF0IjoxNzQwNjM1MTA1fQ.VSXB4WQHmgx5QFccesXjZXRUmTmvqoz6SG0sQL-MUvQ
2025-02-27 13:50:18.484 INFO  com.xboss.train.gateway.utils.JwtUtil             :45   [32m                  [0;39m å¼€å§‹JWT tokenæ ¡éªŒï¼Œtokenï¼šeyJ0eXAiOiJKV1QiLCJhbGciOiJIUzI1NiJ9.eyJuYmYiOjE3NDA2MzUxMDUsIm1vYmlsZSI6IjE4MzE4MjI3ODEwIiwiaWQiOjE3MDk2NDg5MTg4NTgsImV4cCI6MTc0MDcyMTUwNSwiaWF0IjoxNzQwNjM1MTA1fQ.VSXB4WQHmgx5QFccesXjZXRUmTmvqoz6SG0sQL-MUvQ
2025-02-27 13:50:18.484 INFO  com.xboss.train.gateway.utils.JwtUtil             :50   [32m                  [0;39m JWT tokenæ ¡éªŒç»“æœï¼štrue
2025-02-27 13:50:18.484 INFO  com.xboss.train.gateway.config.LoginMemberFilter  :46   [32m                  [0;39m tokenæœ‰æ•ˆï¼Œæ”¾è¡Œè¯¥è¯·æ±‚
2025-02-27 13:50:26.997 INFO  com.xboss.train.gateway.config.LoginMemberFilter  :32   [32m                  [0;39m éœ€è¦ç™»å½•éªŒè¯ï¼š/member/passenger/selectByMemberId
2025-02-27 13:50:26.997 INFO  com.xboss.train.gateway.config.LoginMemberFilter  :36   [32m                  [0;39m ä¼šå‘˜ç™»å½•éªŒè¯å¼€å§‹ï¼Œtokenï¼šeyJ0eXAiOiJKV1QiLCJhbGciOiJIUzI1NiJ9.eyJuYmYiOjE3NDA2MzUxMDUsIm1vYmlsZSI6IjE4MzE4MjI3ODEwIiwiaWQiOjE3MDk2NDg5MTg4NTgsImV4cCI6MTc0MDcyMTUwNSwiaWF0IjoxNzQwNjM1MTA1fQ.VSXB4WQHmgx5QFccesXjZXRUmTmvqoz6SG0sQL-MUvQ
2025-02-27 13:50:26.997 INFO  com.xboss.train.gateway.utils.JwtUtil             :45   [32m                  [0;39m å¼€å§‹JWT tokenæ ¡éªŒï¼Œtokenï¼šeyJ0eXAiOiJKV1QiLCJhbGciOiJIUzI1NiJ9.eyJuYmYiOjE3NDA2MzUxMDUsIm1vYmlsZSI6IjE4MzE4MjI3ODEwIiwiaWQiOjE3MDk2NDg5MTg4NTgsImV4cCI6MTc0MDcyMTUwNSwiaWF0IjoxNzQwNjM1MTA1fQ.VSXB4WQHmgx5QFccesXjZXRUmTmvqoz6SG0sQL-MUvQ
2025-02-27 13:50:26.997 INFO  com.xboss.train.gateway.utils.JwtUtil             :50   [32m                  [0;39m JWT tokenæ ¡éªŒç»“æœï¼štrue
2025-02-27 13:50:26.997 INFO  com.xboss.train.gateway.config.LoginMemberFilter  :46   [32m                  [0;39m tokenæœ‰æ•ˆï¼Œæ”¾è¡Œè¯¥è¯·æ±‚
2025-02-27 13:50:27.479 INFO  com.xboss.train.gateway.config.LoginMemberFilter  :32   [32m                  [0;39m éœ€è¦ç™»å½•éªŒè¯ï¼š/business/station/query-all
2025-02-27 13:50:27.479 INFO  com.xboss.train.gateway.config.LoginMemberFilter  :32   [32m                  [0;39m éœ€è¦ç™»å½•éªŒè¯ï¼š/business/daily-train-ticket/query-list
2025-02-27 13:50:27.480 INFO  com.xboss.train.gateway.config.LoginMemberFilter  :36   [32m                  [0;39m ä¼šå‘˜ç™»å½•éªŒè¯å¼€å§‹ï¼Œtokenï¼šeyJ0eXAiOiJKV1QiLCJhbGciOiJIUzI1NiJ9.eyJuYmYiOjE3NDA2MzUxMDUsIm1vYmlsZSI6IjE4MzE4MjI3ODEwIiwiaWQiOjE3MDk2NDg5MTg4NTgsImV4cCI6MTc0MDcyMTUwNSwiaWF0IjoxNzQwNjM1MTA1fQ.VSXB4WQHmgx5QFccesXjZXRUmTmvqoz6SG0sQL-MUvQ
2025-02-27 13:50:27.480 INFO  com.xboss.train.gateway.config.LoginMemberFilter  :36   [32m                  [0;39m ä¼šå‘˜ç™»å½•éªŒè¯å¼€å§‹ï¼Œtokenï¼šeyJ0eXAiOiJKV1QiLCJhbGciOiJIUzI1NiJ9.eyJuYmYiOjE3NDA2MzUxMDUsIm1vYmlsZSI6IjE4MzE4MjI3ODEwIiwiaWQiOjE3MDk2NDg5MTg4NTgsImV4cCI6MTc0MDcyMTUwNSwiaWF0IjoxNzQwNjM1MTA1fQ.VSXB4WQHmgx5QFccesXjZXRUmTmvqoz6SG0sQL-MUvQ
2025-02-27 13:50:27.483 INFO  com.xboss.train.gateway.utils.JwtUtil             :45   [32m                  [0;39m å¼€å§‹JWT tokenæ ¡éªŒï¼Œtokenï¼šeyJ0eXAiOiJKV1QiLCJhbGciOiJIUzI1NiJ9.eyJuYmYiOjE3NDA2MzUxMDUsIm1vYmlsZSI6IjE4MzE4MjI3ODEwIiwiaWQiOjE3MDk2NDg5MTg4NTgsImV4cCI6MTc0MDcyMTUwNSwiaWF0IjoxNzQwNjM1MTA1fQ.VSXB4WQHmgx5QFccesXjZXRUmTmvqoz6SG0sQL-MUvQ
2025-02-27 13:50:27.483 INFO  com.xboss.train.gateway.utils.JwtUtil             :45   [32m                  [0;39m å¼€å§‹JWT tokenæ ¡éªŒï¼Œtokenï¼šeyJ0eXAiOiJKV1QiLCJhbGciOiJIUzI1NiJ9.eyJuYmYiOjE3NDA2MzUxMDUsIm1vYmlsZSI6IjE4MzE4MjI3ODEwIiwiaWQiOjE3MDk2NDg5MTg4NTgsImV4cCI6MTc0MDcyMTUwNSwiaWF0IjoxNzQwNjM1MTA1fQ.VSXB4WQHmgx5QFccesXjZXRUmTmvqoz6SG0sQL-MUvQ
2025-02-27 13:50:27.484 INFO  com.xboss.train.gateway.utils.JwtUtil             :50   [32m                  [0;39m JWT tokenæ ¡éªŒç»“æœï¼štrue
2025-02-27 13:50:27.485 INFO  com.xboss.train.gateway.config.LoginMemberFilter  :46   [32m                  [0;39m tokenæœ‰æ•ˆï¼Œæ”¾è¡Œè¯¥è¯·æ±‚
2025-02-27 13:50:27.485 INFO  com.xboss.train.gateway.utils.JwtUtil             :50   [32m                  [0;39m JWT tokenæ ¡éªŒç»“æœï¼štrue
2025-02-27 13:50:27.485 INFO  com.xboss.train.gateway.config.LoginMemberFilter  :46   [32m                  [0;39m tokenæœ‰æ•ˆï¼Œæ”¾è¡Œè¯¥è¯·æ±‚
2025-02-27 13:50:27.566 INFO  com.xboss.train.gateway.config.LoginMemberFilter  :32   [32m                  [0;39m éœ€è¦ç™»å½•éªŒè¯ï¼š/business/station/query-all
2025-02-27 13:50:27.566 INFO  com.xboss.train.gateway.config.LoginMemberFilter  :36   [32m                  [0;39m ä¼šå‘˜ç™»å½•éªŒè¯å¼€å§‹ï¼Œtokenï¼šeyJ0eXAiOiJKV1QiLCJhbGciOiJIUzI1NiJ9.eyJuYmYiOjE3NDA2MzUxMDUsIm1vYmlsZSI6IjE4MzE4MjI3ODEwIiwiaWQiOjE3MDk2NDg5MTg4NTgsImV4cCI6MTc0MDcyMTUwNSwiaWF0IjoxNzQwNjM1MTA1fQ.VSXB4WQHmgx5QFccesXjZXRUmTmvqoz6SG0sQL-MUvQ
2025-02-27 13:50:27.566 INFO  com.xboss.train.gateway.utils.JwtUtil             :45   [32m                  [0;39m å¼€å§‹JWT tokenæ ¡éªŒï¼Œtokenï¼šeyJ0eXAiOiJKV1QiLCJhbGciOiJIUzI1NiJ9.eyJuYmYiOjE3NDA2MzUxMDUsIm1vYmlsZSI6IjE4MzE4MjI3ODEwIiwiaWQiOjE3MDk2NDg5MTg4NTgsImV4cCI6MTc0MDcyMTUwNSwiaWF0IjoxNzQwNjM1MTA1fQ.VSXB4WQHmgx5QFccesXjZXRUmTmvqoz6SG0sQL-MUvQ
2025-02-27 13:50:27.574 INFO  com.xboss.train.gateway.utils.JwtUtil             :50   [32m                  [0;39m JWT tokenæ ¡éªŒç»“æœï¼štrue
2025-02-27 13:50:27.574 INFO  com.xboss.train.gateway.config.LoginMemberFilter  :46   [32m                  [0;39m tokenæœ‰æ•ˆï¼Œæ”¾è¡Œè¯¥è¯·æ±‚
2025-02-27 15:40:20.997 INFO  com.xboss.train.gateway.config.LoginMemberFilter  :32   [32m                  [0;39m éœ€è¦ç™»å½•éªŒè¯ï¼š/business/station/query-all
2025-02-27 15:40:20.997 INFO  com.xboss.train.gateway.config.LoginMemberFilter  :32   [32m                  [0;39m éœ€è¦ç™»å½•éªŒè¯ï¼š/business/daily-train-ticket/query-list
2025-02-27 15:40:21.001 INFO  com.xboss.train.gateway.config.LoginMemberFilter  :36   [32m                  [0;39m ä¼šå‘˜ç™»å½•éªŒè¯å¼€å§‹ï¼Œtokenï¼šeyJ0eXAiOiJKV1QiLCJhbGciOiJIUzI1NiJ9.eyJuYmYiOjE3NDA2MzUxMDUsIm1vYmlsZSI6IjE4MzE4MjI3ODEwIiwiaWQiOjE3MDk2NDg5MTg4NTgsImV4cCI6MTc0MDcyMTUwNSwiaWF0IjoxNzQwNjM1MTA1fQ.VSXB4WQHmgx5QFccesXjZXRUmTmvqoz6SG0sQL-MUvQ
2025-02-27 15:40:21.001 INFO  com.xboss.train.gateway.config.LoginMemberFilter  :36   [32m                  [0;39m ä¼šå‘˜ç™»å½•éªŒè¯å¼€å§‹ï¼Œtokenï¼šeyJ0eXAiOiJKV1QiLCJhbGciOiJIUzI1NiJ9.eyJuYmYiOjE3NDA2MzUxMDUsIm1vYmlsZSI6IjE4MzE4MjI3ODEwIiwiaWQiOjE3MDk2NDg5MTg4NTgsImV4cCI6MTc0MDcyMTUwNSwiaWF0IjoxNzQwNjM1MTA1fQ.VSXB4WQHmgx5QFccesXjZXRUmTmvqoz6SG0sQL-MUvQ
2025-02-27 15:40:21.001 INFO  com.xboss.train.gateway.utils.JwtUtil             :45   [32m                  [0;39m å¼€å§‹JWT tokenæ ¡éªŒï¼Œtokenï¼šeyJ0eXAiOiJKV1QiLCJhbGciOiJIUzI1NiJ9.eyJuYmYiOjE3NDA2MzUxMDUsIm1vYmlsZSI6IjE4MzE4MjI3ODEwIiwiaWQiOjE3MDk2NDg5MTg4NTgsImV4cCI6MTc0MDcyMTUwNSwiaWF0IjoxNzQwNjM1MTA1fQ.VSXB4WQHmgx5QFccesXjZXRUmTmvqoz6SG0sQL-MUvQ
2025-02-27 15:40:21.001 INFO  com.xboss.train.gateway.utils.JwtUtil             :45   [32m                  [0;39m å¼€å§‹JWT tokenæ ¡éªŒï¼Œtokenï¼šeyJ0eXAiOiJKV1QiLCJhbGciOiJIUzI1NiJ9.eyJuYmYiOjE3NDA2MzUxMDUsIm1vYmlsZSI6IjE4MzE4MjI3ODEwIiwiaWQiOjE3MDk2NDg5MTg4NTgsImV4cCI6MTc0MDcyMTUwNSwiaWF0IjoxNzQwNjM1MTA1fQ.VSXB4WQHmgx5QFccesXjZXRUmTmvqoz6SG0sQL-MUvQ
2025-02-27 15:40:21.005 INFO  com.xboss.train.gateway.utils.JwtUtil             :50   [32m                  [0;39m JWT tokenæ ¡éªŒç»“æœï¼štrue
2025-02-27 15:40:21.005 INFO  com.xboss.train.gateway.utils.JwtUtil             :50   [32m                  [0;39m JWT tokenæ ¡éªŒç»“æœï¼štrue
2025-02-27 15:40:21.006 INFO  com.xboss.train.gateway.config.LoginMemberFilter  :46   [32m                  [0;39m tokenæœ‰æ•ˆï¼Œæ”¾è¡Œè¯¥è¯·æ±‚
2025-02-27 15:40:21.006 INFO  com.xboss.train.gateway.config.LoginMemberFilter  :46   [32m                  [0;39m tokenæœ‰æ•ˆï¼Œæ”¾è¡Œè¯¥è¯·æ±‚
2025-02-27 15:40:21.090 INFO  com.xboss.train.gateway.config.LoginMemberFilter  :32   [32m                  [0;39m éœ€è¦ç™»å½•éªŒè¯ï¼š/business/station/query-all
2025-02-27 15:40:21.090 INFO  com.xboss.train.gateway.config.LoginMemberFilter  :36   [32m                  [0;39m ä¼šå‘˜ç™»å½•éªŒè¯å¼€å§‹ï¼Œtokenï¼šeyJ0eXAiOiJKV1QiLCJhbGciOiJIUzI1NiJ9.eyJuYmYiOjE3NDA2MzUxMDUsIm1vYmlsZSI6IjE4MzE4MjI3ODEwIiwiaWQiOjE3MDk2NDg5MTg4NTgsImV4cCI6MTc0MDcyMTUwNSwiaWF0IjoxNzQwNjM1MTA1fQ.VSXB4WQHmgx5QFccesXjZXRUmTmvqoz6SG0sQL-MUvQ
2025-02-27 15:40:21.091 INFO  com.xboss.train.gateway.utils.JwtUtil             :45   [32m                  [0;39m å¼€å§‹JWT tokenæ ¡éªŒï¼Œtokenï¼šeyJ0eXAiOiJKV1QiLCJhbGciOiJIUzI1NiJ9.eyJuYmYiOjE3NDA2MzUxMDUsIm1vYmlsZSI6IjE4MzE4MjI3ODEwIiwiaWQiOjE3MDk2NDg5MTg4NTgsImV4cCI6MTc0MDcyMTUwNSwiaWF0IjoxNzQwNjM1MTA1fQ.VSXB4WQHmgx5QFccesXjZXRUmTmvqoz6SG0sQL-MUvQ
2025-02-27 15:40:21.091 INFO  com.xboss.train.gateway.utils.JwtUtil             :50   [32m                  [0;39m JWT tokenæ ¡éªŒç»“æœï¼štrue
2025-02-27 15:40:21.092 INFO  com.xboss.train.gateway.config.LoginMemberFilter  :46   [32m                  [0;39m tokenæœ‰æ•ˆï¼Œæ”¾è¡Œè¯¥è¯·æ±‚
2025-02-27 15:41:09.888 INFO  com.xboss.train.gateway.config.LoginMemberFilter  :29   [32m                  [0;39m ä¸éœ€è¦ç™»å½•éªŒè¯ï¼š/member/member/sendCode
2025-02-27 15:41:10.343 INFO  com.xboss.train.gateway.config.LoginMemberFilter  :29   [32m                  [0;39m ä¸éœ€è¦ç™»å½•éªŒè¯ï¼š/member/member/login
2025-02-27 15:41:11.397 INFO  com.xboss.train.gateway.config.LoginMemberFilter  :32   [32m                  [0;39m éœ€è¦ç™»å½•éªŒè¯ï¼š/business/station/query-all
2025-02-27 15:41:11.397 INFO  com.xboss.train.gateway.config.LoginMemberFilter  :36   [32m                  [0;39m ä¼šå‘˜ç™»å½•éªŒè¯å¼€å§‹ï¼Œtokenï¼šeyJ0eXAiOiJKV1QiLCJhbGciOiJIUzI1NiJ9.eyJuYmYiOjE3NDA2NDIwNzAsIm1vYmlsZSI6IjE4MzE4MjI3ODEwIiwiaWQiOjE3MDk2NDg5MTg4NTgsImV4cCI6MTc0MDcyODQ3MCwiaWF0IjoxNzQwNjQyMDcwfQ.azfSY9n6zs5FlmIDQfREBDQa7jctDVB6e6QLnlDdMJY
2025-02-27 15:41:11.397 INFO  com.xboss.train.gateway.utils.JwtUtil             :45   [32m                  [0;39m å¼€å§‹JWT tokenæ ¡éªŒï¼Œtokenï¼šeyJ0eXAiOiJKV1QiLCJhbGciOiJIUzI1NiJ9.eyJuYmYiOjE3NDA2NDIwNzAsIm1vYmlsZSI6IjE4MzE4MjI3ODEwIiwiaWQiOjE3MDk2NDg5MTg4NTgsImV4cCI6MTc0MDcyODQ3MCwiaWF0IjoxNzQwNjQyMDcwfQ.azfSY9n6zs5FlmIDQfREBDQa7jctDVB6e6QLnlDdMJY
2025-02-27 15:41:11.398 INFO  com.xboss.train.gateway.utils.JwtUtil             :50   [32m                  [0;39m JWT tokenæ ¡éªŒç»“æœï¼štrue
2025-02-27 15:41:11.398 INFO  com.xboss.train.gateway.config.LoginMemberFilter  :46   [32m                  [0;39m tokenæœ‰æ•ˆï¼Œæ”¾è¡Œè¯¥è¯·æ±‚
2025-02-27 15:41:11.900 INFO  com.xboss.train.gateway.config.LoginMemberFilter  :32   [32m                  [0;39m éœ€è¦ç™»å½•éªŒè¯ï¼š/member/passenger/selectByMemberId
2025-02-27 15:41:11.900 INFO  com.xboss.train.gateway.config.LoginMemberFilter  :36   [32m                  [0;39m ä¼šå‘˜ç™»å½•éªŒè¯å¼€å§‹ï¼Œtokenï¼šeyJ0eXAiOiJKV1QiLCJhbGciOiJIUzI1NiJ9.eyJuYmYiOjE3NDA2NDIwNzAsIm1vYmlsZSI6IjE4MzE4MjI3ODEwIiwiaWQiOjE3MDk2NDg5MTg4NTgsImV4cCI6MTc0MDcyODQ3MCwiaWF0IjoxNzQwNjQyMDcwfQ.azfSY9n6zs5FlmIDQfREBDQa7jctDVB6e6QLnlDdMJY
2025-02-27 15:41:11.900 INFO  com.xboss.train.gateway.utils.JwtUtil             :45   [32m                  [0;39m å¼€å§‹JWT tokenæ ¡éªŒï¼Œtokenï¼šeyJ0eXAiOiJKV1QiLCJhbGciOiJIUzI1NiJ9.eyJuYmYiOjE3NDA2NDIwNzAsIm1vYmlsZSI6IjE4MzE4MjI3ODEwIiwiaWQiOjE3MDk2NDg5MTg4NTgsImV4cCI6MTc0MDcyODQ3MCwiaWF0IjoxNzQwNjQyMDcwfQ.azfSY9n6zs5FlmIDQfREBDQa7jctDVB6e6QLnlDdMJY
2025-02-27 15:41:11.901 INFO  com.xboss.train.gateway.utils.JwtUtil             :50   [32m                  [0;39m JWT tokenæ ¡éªŒç»“æœï¼štrue
2025-02-27 15:41:11.901 INFO  com.xboss.train.gateway.config.LoginMemberFilter  :46   [32m                  [0;39m tokenæœ‰æ•ˆï¼Œæ”¾è¡Œè¯¥è¯·æ±‚
2025-02-27 15:41:12.240 INFO  com.xboss.train.gateway.config.LoginMemberFilter  :32   [32m                  [0;39m éœ€è¦ç™»å½•éªŒè¯ï¼š/business/station/query-all
2025-02-27 15:41:12.240 INFO  com.xboss.train.gateway.config.LoginMemberFilter  :36   [32m                  [0;39m ä¼šå‘˜ç™»å½•éªŒè¯å¼€å§‹ï¼Œtokenï¼šeyJ0eXAiOiJKV1QiLCJhbGciOiJIUzI1NiJ9.eyJuYmYiOjE3NDA2NDIwNzAsIm1vYmlsZSI6IjE4MzE4MjI3ODEwIiwiaWQiOjE3MDk2NDg5MTg4NTgsImV4cCI6MTc0MDcyODQ3MCwiaWF0IjoxNzQwNjQyMDcwfQ.azfSY9n6zs5FlmIDQfREBDQa7jctDVB6e6QLnlDdMJY
2025-02-27 15:41:12.240 INFO  com.xboss.train.gateway.utils.JwtUtil             :45   [32m                  [0;39m å¼€å§‹JWT tokenæ ¡éªŒï¼Œtokenï¼šeyJ0eXAiOiJKV1QiLCJhbGciOiJIUzI1NiJ9.eyJuYmYiOjE3NDA2NDIwNzAsIm1vYmlsZSI6IjE4MzE4MjI3ODEwIiwiaWQiOjE3MDk2NDg5MTg4NTgsImV4cCI6MTc0MDcyODQ3MCwiaWF0IjoxNzQwNjQyMDcwfQ.azfSY9n6zs5FlmIDQfREBDQa7jctDVB6e6QLnlDdMJY
2025-02-27 15:41:12.240 INFO  com.xboss.train.gateway.utils.JwtUtil             :50   [32m                  [0;39m JWT tokenæ ¡éªŒç»“æœï¼štrue
2025-02-27 15:41:12.241 INFO  com.xboss.train.gateway.config.LoginMemberFilter  :46   [32m                  [0;39m tokenæœ‰æ•ˆï¼Œæ”¾è¡Œè¯¥è¯·æ±‚
2025-02-27 15:41:12.641 INFO  com.xboss.train.gateway.config.LoginMemberFilter  :32   [32m                  [0;39m éœ€è¦ç™»å½•éªŒè¯ï¼š/business/station/query-all
2025-02-27 15:41:12.642 INFO  com.xboss.train.gateway.config.LoginMemberFilter  :36   [32m                  [0;39m ä¼šå‘˜ç™»å½•éªŒè¯å¼€å§‹ï¼Œtokenï¼šeyJ0eXAiOiJKV1QiLCJhbGciOiJIUzI1NiJ9.eyJuYmYiOjE3NDA2NDIwNzAsIm1vYmlsZSI6IjE4MzE4MjI3ODEwIiwiaWQiOjE3MDk2NDg5MTg4NTgsImV4cCI6MTc0MDcyODQ3MCwiaWF0IjoxNzQwNjQyMDcwfQ.azfSY9n6zs5FlmIDQfREBDQa7jctDVB6e6QLnlDdMJY
2025-02-27 15:41:12.642 INFO  com.xboss.train.gateway.utils.JwtUtil             :45   [32m                  [0;39m å¼€å§‹JWT tokenæ ¡éªŒï¼Œtokenï¼šeyJ0eXAiOiJKV1QiLCJhbGciOiJIUzI1NiJ9.eyJuYmYiOjE3NDA2NDIwNzAsIm1vYmlsZSI6IjE4MzE4MjI3ODEwIiwiaWQiOjE3MDk2NDg5MTg4NTgsImV4cCI6MTc0MDcyODQ3MCwiaWF0IjoxNzQwNjQyMDcwfQ.azfSY9n6zs5FlmIDQfREBDQa7jctDVB6e6QLnlDdMJY
2025-02-27 15:41:12.643 INFO  com.xboss.train.gateway.utils.JwtUtil             :50   [32m                  [0;39m JWT tokenæ ¡éªŒç»“æœï¼štrue
2025-02-27 15:41:12.643 INFO  com.xboss.train.gateway.config.LoginMemberFilter  :46   [32m                  [0;39m tokenæœ‰æ•ˆï¼Œæ”¾è¡Œè¯¥è¯·æ±‚
2025-02-27 15:41:12.661 INFO  com.xboss.train.gateway.config.LoginMemberFilter  :32   [32m                  [0;39m éœ€è¦ç™»å½•éªŒè¯ï¼š/business/station/query-all
2025-02-27 15:41:12.661 INFO  com.xboss.train.gateway.config.LoginMemberFilter  :36   [32m                  [0;39m ä¼šå‘˜ç™»å½•éªŒè¯å¼€å§‹ï¼Œtokenï¼šeyJ0eXAiOiJKV1QiLCJhbGciOiJIUzI1NiJ9.eyJuYmYiOjE3NDA2NDIwNzAsIm1vYmlsZSI6IjE4MzE4MjI3ODEwIiwiaWQiOjE3MDk2NDg5MTg4NTgsImV4cCI6MTc0MDcyODQ3MCwiaWF0IjoxNzQwNjQyMDcwfQ.azfSY9n6zs5FlmIDQfREBDQa7jctDVB6e6QLnlDdMJY
2025-02-27 15:41:12.661 INFO  com.xboss.train.gateway.utils.JwtUtil             :45   [32m                  [0;39m å¼€å§‹JWT tokenæ ¡éªŒï¼Œtokenï¼šeyJ0eXAiOiJKV1QiLCJhbGciOiJIUzI1NiJ9.eyJuYmYiOjE3NDA2NDIwNzAsIm1vYmlsZSI6IjE4MzE4MjI3ODEwIiwiaWQiOjE3MDk2NDg5MTg4NTgsImV4cCI6MTc0MDcyODQ3MCwiaWF0IjoxNzQwNjQyMDcwfQ.azfSY9n6zs5FlmIDQfREBDQa7jctDVB6e6QLnlDdMJY
2025-02-27 15:41:12.662 INFO  com.xboss.train.gateway.utils.JwtUtil             :50   [32m                  [0;39m JWT tokenæ ¡éªŒç»“æœï¼štrue
2025-02-27 15:41:12.662 INFO  com.xboss.train.gateway.config.LoginMemberFilter  :46   [32m                  [0;39m tokenæœ‰æ•ˆï¼Œæ”¾è¡Œè¯¥è¯·æ±‚
2025-02-27 15:41:25.967 INFO  com.xboss.train.gateway.config.LoginMemberFilter  :32   [32m                  [0;39m éœ€è¦ç™»å½•éªŒè¯ï¼š/business/daily-train-ticket/query-list
2025-02-27 15:41:25.967 INFO  com.xboss.train.gateway.config.LoginMemberFilter  :36   [32m                  [0;39m ä¼šå‘˜ç™»å½•éªŒè¯å¼€å§‹ï¼Œtokenï¼šeyJ0eXAiOiJKV1QiLCJhbGciOiJIUzI1NiJ9.eyJuYmYiOjE3NDA2NDIwNzAsIm1vYmlsZSI6IjE4MzE4MjI3ODEwIiwiaWQiOjE3MDk2NDg5MTg4NTgsImV4cCI6MTc0MDcyODQ3MCwiaWF0IjoxNzQwNjQyMDcwfQ.azfSY9n6zs5FlmIDQfREBDQa7jctDVB6e6QLnlDdMJY
2025-02-27 15:41:25.967 INFO  com.xboss.train.gateway.utils.JwtUtil             :45   [32m                  [0;39m å¼€å§‹JWT tokenæ ¡éªŒï¼Œtokenï¼šeyJ0eXAiOiJKV1QiLCJhbGciOiJIUzI1NiJ9.eyJuYmYiOjE3NDA2NDIwNzAsIm1vYmlsZSI6IjE4MzE4MjI3ODEwIiwiaWQiOjE3MDk2NDg5MTg4NTgsImV4cCI6MTc0MDcyODQ3MCwiaWF0IjoxNzQwNjQyMDcwfQ.azfSY9n6zs5FlmIDQfREBDQa7jctDVB6e6QLnlDdMJY
2025-02-27 15:41:25.968 INFO  com.xboss.train.gateway.utils.JwtUtil             :50   [32m                  [0;39m JWT tokenæ ¡éªŒç»“æœï¼štrue
2025-02-27 15:41:25.968 INFO  com.xboss.train.gateway.config.LoginMemberFilter  :46   [32m                  [0;39m tokenæœ‰æ•ˆï¼Œæ”¾è¡Œè¯¥è¯·æ±‚
2025-02-27 15:41:27.881 INFO  com.xboss.train.gateway.config.LoginMemberFilter  :32   [32m                  [0;39m éœ€è¦ç™»å½•éªŒè¯ï¼š/member/passenger/query-mine
2025-02-27 15:41:27.881 INFO  com.xboss.train.gateway.config.LoginMemberFilter  :36   [32m                  [0;39m ä¼šå‘˜ç™»å½•éªŒè¯å¼€å§‹ï¼Œtokenï¼šeyJ0eXAiOiJKV1QiLCJhbGciOiJIUzI1NiJ9.eyJuYmYiOjE3NDA2NDIwNzAsIm1vYmlsZSI6IjE4MzE4MjI3ODEwIiwiaWQiOjE3MDk2NDg5MTg4NTgsImV4cCI6MTc0MDcyODQ3MCwiaWF0IjoxNzQwNjQyMDcwfQ.azfSY9n6zs5FlmIDQfREBDQa7jctDVB6e6QLnlDdMJY
2025-02-27 15:41:27.883 INFO  com.xboss.train.gateway.utils.JwtUtil             :45   [32m                  [0;39m å¼€å§‹JWT tokenæ ¡éªŒï¼Œtokenï¼šeyJ0eXAiOiJKV1QiLCJhbGciOiJIUzI1NiJ9.eyJuYmYiOjE3NDA2NDIwNzAsIm1vYmlsZSI6IjE4MzE4MjI3ODEwIiwiaWQiOjE3MDk2NDg5MTg4NTgsImV4cCI6MTc0MDcyODQ3MCwiaWF0IjoxNzQwNjQyMDcwfQ.azfSY9n6zs5FlmIDQfREBDQa7jctDVB6e6QLnlDdMJY
2025-02-27 15:41:27.883 INFO  com.xboss.train.gateway.utils.JwtUtil             :50   [32m                  [0;39m JWT tokenæ ¡éªŒç»“æœï¼štrue
2025-02-27 15:41:27.883 INFO  com.xboss.train.gateway.config.LoginMemberFilter  :46   [32m                  [0;39m tokenæœ‰æ•ˆï¼Œæ”¾è¡Œè¯¥è¯·æ±‚
2025-02-27 15:41:33.391 INFO  com.xboss.train.gateway.config.LoginMemberFilter  :32   [32m                  [0;39m éœ€è¦ç™»å½•éªŒè¯ï¼š/business/confirm-order/do
2025-02-27 15:41:33.392 INFO  com.xboss.train.gateway.config.LoginMemberFilter  :36   [32m                  [0;39m ä¼šå‘˜ç™»å½•éªŒè¯å¼€å§‹ï¼Œtokenï¼šeyJ0eXAiOiJKV1QiLCJhbGciOiJIUzI1NiJ9.eyJuYmYiOjE3NDA2NDIwNzAsIm1vYmlsZSI6IjE4MzE4MjI3ODEwIiwiaWQiOjE3MDk2NDg5MTg4NTgsImV4cCI6MTc0MDcyODQ3MCwiaWF0IjoxNzQwNjQyMDcwfQ.azfSY9n6zs5FlmIDQfREBDQa7jctDVB6e6QLnlDdMJY
2025-02-27 15:41:33.392 INFO  com.xboss.train.gateway.utils.JwtUtil             :45   [32m                  [0;39m å¼€å§‹JWT tokenæ ¡éªŒï¼Œtokenï¼šeyJ0eXAiOiJKV1QiLCJhbGciOiJIUzI1NiJ9.eyJuYmYiOjE3NDA2NDIwNzAsIm1vYmlsZSI6IjE4MzE4MjI3ODEwIiwiaWQiOjE3MDk2NDg5MTg4NTgsImV4cCI6MTc0MDcyODQ3MCwiaWF0IjoxNzQwNjQyMDcwfQ.azfSY9n6zs5FlmIDQfREBDQa7jctDVB6e6QLnlDdMJY
2025-02-27 15:41:33.392 INFO  com.xboss.train.gateway.utils.JwtUtil             :50   [32m                  [0;39m JWT tokenæ ¡éªŒç»“æœï¼štrue
2025-02-27 15:41:33.393 INFO  com.xboss.train.gateway.config.LoginMemberFilter  :46   [32m                  [0;39m tokenæœ‰æ•ˆï¼Œæ”¾è¡Œè¯¥è¯·æ±‚
