2025-02-16 15:00:36.269 INFO  org.hibernate.validator.internal.util.Version     :21   [32m                  [0;39m HV000001: Hibernate Validator 8.0.0.Final
2025-02-16 15:00:36.295 INFO  com.xboss.train.gateway.config.gatewayApplication :51   [32m                  [0;39m Starting gatewayApplication using Java 18.0.1.1 with PID 12764 (D:\projectAndcode\train\gateway\target\classes started by 86183 in D:\projectAndcode\train)
2025-02-16 15:00:36.296 INFO  com.xboss.train.gateway.config.gatewayApplication :630  [32m                  [0;39m No active profile set, falling back to 1 default profile: "default"
2025-02-16 15:00:36.330 INFO  o.s.b.d.env.DevToolsPropertyDefaultsPostProcessor :250  [32m                  [0;39m Devtools property defaults active! Set 'spring.devtools.add-properties' to 'false' to disable
2025-02-16 15:00:36.330 INFO  o.s.b.d.env.DevToolsPropertyDefaultsPostProcessor :250  [32m                  [0;39m For additional web related logging consider setting the 'logging.level.web' property to 'DEBUG'
2025-02-16 15:00:36.793 INFO  o.springframework.cloud.context.scope.GenericScope:282  [32m                  [0;39m BeanFactory id=324267dc-ff55-3f4c-bee8-5e2f01045e68
2025-02-16 15:00:37.494 INFO  o.s.c.gateway.route.RouteDefinitionRouteLocator   :88   [32m                  [0;39m Loaded RoutePredicateFactory [After]
2025-02-16 15:00:37.495 INFO  o.s.c.gateway.route.RouteDefinitionRouteLocator   :88   [32m                  [0;39m Loaded RoutePredicateFactory [Before]
2025-02-16 15:00:37.495 INFO  o.s.c.gateway.route.RouteDefinitionRouteLocator   :88   [32m                  [0;39m Loaded RoutePredicateFactory [Between]
2025-02-16 15:00:37.495 INFO  o.s.c.gateway.route.RouteDefinitionRouteLocator   :88   [32m                  [0;39m Loaded RoutePredicateFactory [Cookie]
2025-02-16 15:00:37.495 INFO  o.s.c.gateway.route.RouteDefinitionRouteLocator   :88   [32m                  [0;39m Loaded RoutePredicateFactory [Header]
2025-02-16 15:00:37.495 INFO  o.s.c.gateway.route.RouteDefinitionRouteLocator   :88   [32m                  [0;39m Loaded RoutePredicateFactory [Host]
2025-02-16 15:00:37.495 INFO  o.s.c.gateway.route.RouteDefinitionRouteLocator   :88   [32m                  [0;39m Loaded RoutePredicateFactory [Method]
2025-02-16 15:00:37.495 INFO  o.s.c.gateway.route.RouteDefinitionRouteLocator   :88   [32m                  [0;39m Loaded RoutePredicateFactory [Path]
2025-02-16 15:00:37.495 INFO  o.s.c.gateway.route.RouteDefinitionRouteLocator   :88   [32m                  [0;39m Loaded RoutePredicateFactory [Query]
2025-02-16 15:00:37.495 INFO  o.s.c.gateway.route.RouteDefinitionRouteLocator   :88   [32m                  [0;39m Loaded RoutePredicateFactory [ReadBody]
2025-02-16 15:00:37.496 INFO  o.s.c.gateway.route.RouteDefinitionRouteLocator   :88   [32m                  [0;39m Loaded RoutePredicateFactory [RemoteAddr]
2025-02-16 15:00:37.496 INFO  o.s.c.gateway.route.RouteDefinitionRouteLocator   :88   [32m                  [0;39m Loaded RoutePredicateFactory [XForwardedRemoteAddr]
2025-02-16 15:00:37.496 INFO  o.s.c.gateway.route.RouteDefinitionRouteLocator   :88   [32m                  [0;39m Loaded RoutePredicateFactory [Weight]
2025-02-16 15:00:37.496 INFO  o.s.c.gateway.route.RouteDefinitionRouteLocator   :88   [32m                  [0;39m Loaded RoutePredicateFactory [CloudFoundryRouteService]
2025-02-16 15:00:37.626 WARN  o.s.b.d.autoconfigure.OptionalLiveReloadServer    :62   [32m                  [0;39m Unable to start LiveReload server
2025-02-16 15:00:37.943 INFO  o.s.boot.web.embedded.netty.NettyWebServer        :111  [32m                  [0;39m Netty started on port 8000
2025-02-16 15:00:38.265 INFO  com.xboss.train.gateway.config.gatewayApplication :57   [32m                  [0;39m Started gatewayApplication in 2.558 seconds (process running for 3.178)
2025-02-16 15:00:38.268 INFO  com.xboss.train.gateway.config.gatewayApplication :23   [32m                  [0;39m å¯åŠ¨æˆåŠŸï¼ï¼
2025-02-16 15:00:38.268 INFO  com.xboss.train.gateway.config.gatewayApplication :24   [32m                  [0;39m ç½‘å…³åœ°å€: 	http://127.0.0.1:8000
2025-02-16 15:01:07.840 INFO  com.xboss.train.gateway.config.LoginMemberFilter  :29   [32m                  [0;39m ä¸éœ€è¦ç™»å½•éªŒè¯ï¼š/member/member/sendCode
2025-02-16 15:01:10.254 INFO  com.xboss.train.gateway.config.LoginMemberFilter  :29   [32m                  [0;39m ä¸éœ€è¦ç™»å½•éªŒè¯ï¼š/member/member/login
2025-02-16 15:01:12.718 INFO  com.xboss.train.gateway.config.LoginMemberFilter  :32   [32m                  [0;39m éœ€è¦ç™»å½•éªŒè¯ï¼š/member/passenger/selectByMemberId
2025-02-16 15:01:12.719 INFO  com.xboss.train.gateway.config.LoginMemberFilter  :36   [32m                  [0;39m ä¼šå‘˜ç™»å½•éªŒè¯å¼€å§‹ï¼Œtokenï¼šeyJ0eXAiOiJKV1QiLCJhbGciOiJIUzI1NiJ9.eyJuYmYiOjE3Mzk2ODkyNzAsIm1vYmlsZSI6IjE4MzE4MjI3ODEwIiwiaWQiOjE3MDk2NDg5MTg4NTgsImV4cCI6MTczOTc3NTY3MCwiaWF0IjoxNzM5Njg5MjcwfQ.0hDANdxqWtyU0ZkvyA8zrOWXmOjmaowCXrSJWOqTz5M
2025-02-16 15:01:12.721 INFO  com.xboss.train.gateway.utils.JwtUtil             :45   [32m                  [0;39m å¼€å§‹JWT tokenæ ¡éªŒï¼Œtokenï¼šeyJ0eXAiOiJKV1QiLCJhbGciOiJIUzI1NiJ9.eyJuYmYiOjE3Mzk2ODkyNzAsIm1vYmlsZSI6IjE4MzE4MjI3ODEwIiwiaWQiOjE3MDk2NDg5MTg4NTgsImV4cCI6MTczOTc3NTY3MCwiaWF0IjoxNzM5Njg5MjcwfQ.0hDANdxqWtyU0ZkvyA8zrOWXmOjmaowCXrSJWOqTz5M
2025-02-16 15:01:12.958 INFO  com.xboss.train.gateway.utils.JwtUtil             :50   [32m                  [0;39m JWT tokenæ ¡éªŒç»“æœï¼štrue
2025-02-16 15:01:12.958 INFO  com.xboss.train.gateway.config.LoginMemberFilter  :46   [32m                  [0;39m tokenæœ‰æ•ˆï¼Œæ”¾è¡Œè¯¥è¯·æ±‚
2025-02-16 15:01:15.219 INFO  com.xboss.train.gateway.config.LoginMemberFilter  :32   [32m                  [0;39m éœ€è¦ç™»å½•éªŒè¯ï¼š/member/passenger/selectByMemberId
2025-02-16 15:01:15.220 INFO  com.xboss.train.gateway.config.LoginMemberFilter  :36   [32m                  [0;39m ä¼šå‘˜ç™»å½•éªŒè¯å¼€å§‹ï¼Œtokenï¼šeyJ0eXAiOiJKV1QiLCJhbGciOiJIUzI1NiJ9.eyJuYmYiOjE3Mzk2ODkyNzAsIm1vYmlsZSI6IjE4MzE4MjI3ODEwIiwiaWQiOjE3MDk2NDg5MTg4NTgsImV4cCI6MTczOTc3NTY3MCwiaWF0IjoxNzM5Njg5MjcwfQ.0hDANdxqWtyU0ZkvyA8zrOWXmOjmaowCXrSJWOqTz5M
2025-02-16 15:01:15.220 INFO  com.xboss.train.gateway.utils.JwtUtil             :45   [32m                  [0;39m å¼€å§‹JWT tokenæ ¡éªŒï¼Œtokenï¼šeyJ0eXAiOiJKV1QiLCJhbGciOiJIUzI1NiJ9.eyJuYmYiOjE3Mzk2ODkyNzAsIm1vYmlsZSI6IjE4MzE4MjI3ODEwIiwiaWQiOjE3MDk2NDg5MTg4NTgsImV4cCI6MTczOTc3NTY3MCwiaWF0IjoxNzM5Njg5MjcwfQ.0hDANdxqWtyU0ZkvyA8zrOWXmOjmaowCXrSJWOqTz5M
2025-02-16 15:01:15.220 INFO  com.xboss.train.gateway.utils.JwtUtil             :50   [32m                  [0;39m JWT tokenæ ¡éªŒç»“æœï¼štrue
2025-02-16 15:01:15.222 INFO  com.xboss.train.gateway.config.LoginMemberFilter  :46   [32m                  [0;39m tokenæœ‰æ•ˆï¼Œæ”¾è¡Œè¯¥è¯·æ±‚
2025-02-16 15:01:17.066 INFO  com.xboss.train.gateway.config.LoginMemberFilter  :32   [32m                  [0;39m éœ€è¦ç™»å½•éªŒè¯ï¼š/member/passenger/selectByMemberId
2025-02-16 15:01:17.066 INFO  com.xboss.train.gateway.config.LoginMemberFilter  :36   [32m                  [0;39m ä¼šå‘˜ç™»å½•éªŒè¯å¼€å§‹ï¼Œtokenï¼šeyJ0eXAiOiJKV1QiLCJhbGciOiJIUzI1NiJ9.eyJuYmYiOjE3Mzk2ODkyNzAsIm1vYmlsZSI6IjE4MzE4MjI3ODEwIiwiaWQiOjE3MDk2NDg5MTg4NTgsImV4cCI6MTczOTc3NTY3MCwiaWF0IjoxNzM5Njg5MjcwfQ.0hDANdxqWtyU0ZkvyA8zrOWXmOjmaowCXrSJWOqTz5M
2025-02-16 15:01:17.066 INFO  com.xboss.train.gateway.utils.JwtUtil             :45   [32m                  [0;39m å¼€å§‹JWT tokenæ ¡éªŒï¼Œtokenï¼šeyJ0eXAiOiJKV1QiLCJhbGciOiJIUzI1NiJ9.eyJuYmYiOjE3Mzk2ODkyNzAsIm1vYmlsZSI6IjE4MzE4MjI3ODEwIiwiaWQiOjE3MDk2NDg5MTg4NTgsImV4cCI6MTczOTc3NTY3MCwiaWF0IjoxNzM5Njg5MjcwfQ.0hDANdxqWtyU0ZkvyA8zrOWXmOjmaowCXrSJWOqTz5M
2025-02-16 15:01:17.067 INFO  com.xboss.train.gateway.utils.JwtUtil             :50   [32m                  [0;39m JWT tokenæ ¡éªŒç»“æœï¼štrue
2025-02-16 15:01:17.067 INFO  com.xboss.train.gateway.config.LoginMemberFilter  :46   [32m                  [0;39m tokenæœ‰æ•ˆï¼Œæ”¾è¡Œè¯¥è¯·æ±‚
2025-02-16 15:01:25.481 INFO  com.xboss.train.gateway.config.LoginMemberFilter  :32   [32m                  [0;39m éœ€è¦ç™»å½•éªŒè¯ï¼š/member/passenger/selectByMemberId
2025-02-16 15:01:25.482 INFO  com.xboss.train.gateway.config.LoginMemberFilter  :36   [32m                  [0;39m ä¼šå‘˜ç™»å½•éªŒè¯å¼€å§‹ï¼Œtokenï¼šeyJ0eXAiOiJKV1QiLCJhbGciOiJIUzI1NiJ9.eyJuYmYiOjE3Mzk2ODkyNzAsIm1vYmlsZSI6IjE4MzE4MjI3ODEwIiwiaWQiOjE3MDk2NDg5MTg4NTgsImV4cCI6MTczOTc3NTY3MCwiaWF0IjoxNzM5Njg5MjcwfQ.0hDANdxqWtyU0ZkvyA8zrOWXmOjmaowCXrSJWOqTz5M
2025-02-16 15:01:25.482 INFO  com.xboss.train.gateway.utils.JwtUtil             :45   [32m                  [0;39m å¼€å§‹JWT tokenæ ¡éªŒï¼Œtokenï¼šeyJ0eXAiOiJKV1QiLCJhbGciOiJIUzI1NiJ9.eyJuYmYiOjE3Mzk2ODkyNzAsIm1vYmlsZSI6IjE4MzE4MjI3ODEwIiwiaWQiOjE3MDk2NDg5MTg4NTgsImV4cCI6MTczOTc3NTY3MCwiaWF0IjoxNzM5Njg5MjcwfQ.0hDANdxqWtyU0ZkvyA8zrOWXmOjmaowCXrSJWOqTz5M
2025-02-16 15:01:25.482 INFO  com.xboss.train.gateway.utils.JwtUtil             :50   [32m                  [0;39m JWT tokenæ ¡éªŒç»“æœï¼štrue
2025-02-16 15:01:25.483 INFO  com.xboss.train.gateway.config.LoginMemberFilter  :46   [32m                  [0;39m tokenæœ‰æ•ˆï¼Œæ”¾è¡Œè¯¥è¯·æ±‚
2025-02-16 15:01:28.775 INFO  com.xboss.train.gateway.config.LoginMemberFilter  :32   [32m                  [0;39m éœ€è¦ç™»å½•éªŒè¯ï¼š/member/passenger/selectByMemberId
2025-02-16 15:01:28.776 INFO  com.xboss.train.gateway.config.LoginMemberFilter  :36   [32m                  [0;39m ä¼šå‘˜ç™»å½•éªŒè¯å¼€å§‹ï¼Œtokenï¼šeyJ0eXAiOiJKV1QiLCJhbGciOiJIUzI1NiJ9.eyJuYmYiOjE3Mzk2ODkyNzAsIm1vYmlsZSI6IjE4MzE4MjI3ODEwIiwiaWQiOjE3MDk2NDg5MTg4NTgsImV4cCI6MTczOTc3NTY3MCwiaWF0IjoxNzM5Njg5MjcwfQ.0hDANdxqWtyU0ZkvyA8zrOWXmOjmaowCXrSJWOqTz5M
2025-02-16 15:01:28.776 INFO  com.xboss.train.gateway.utils.JwtUtil             :45   [32m                  [0;39m å¼€å§‹JWT tokenæ ¡éªŒï¼Œtokenï¼šeyJ0eXAiOiJKV1QiLCJhbGciOiJIUzI1NiJ9.eyJuYmYiOjE3Mzk2ODkyNzAsIm1vYmlsZSI6IjE4MzE4MjI3ODEwIiwiaWQiOjE3MDk2NDg5MTg4NTgsImV4cCI6MTczOTc3NTY3MCwiaWF0IjoxNzM5Njg5MjcwfQ.0hDANdxqWtyU0ZkvyA8zrOWXmOjmaowCXrSJWOqTz5M
2025-02-16 15:01:28.776 INFO  com.xboss.train.gateway.utils.JwtUtil             :50   [32m                  [0;39m JWT tokenæ ¡éªŒç»“æœï¼štrue
2025-02-16 15:01:28.776 INFO  com.xboss.train.gateway.config.LoginMemberFilter  :46   [32m                  [0;39m tokenæœ‰æ•ˆï¼Œæ”¾è¡Œè¯¥è¯·æ±‚
2025-02-16 15:01:29.999 INFO  com.xboss.train.gateway.config.LoginMemberFilter  :32   [32m                  [0;39m éœ€è¦ç™»å½•éªŒè¯ï¼š/member/passenger/selectByMemberId
2025-02-16 15:01:29.999 INFO  com.xboss.train.gateway.config.LoginMemberFilter  :36   [32m                  [0;39m ä¼šå‘˜ç™»å½•éªŒè¯å¼€å§‹ï¼Œtokenï¼šeyJ0eXAiOiJKV1QiLCJhbGciOiJIUzI1NiJ9.eyJuYmYiOjE3Mzk2ODkyNzAsIm1vYmlsZSI6IjE4MzE4MjI3ODEwIiwiaWQiOjE3MDk2NDg5MTg4NTgsImV4cCI6MTczOTc3NTY3MCwiaWF0IjoxNzM5Njg5MjcwfQ.0hDANdxqWtyU0ZkvyA8zrOWXmOjmaowCXrSJWOqTz5M
2025-02-16 15:01:30.000 INFO  com.xboss.train.gateway.utils.JwtUtil             :45   [32m                  [0;39m å¼€å§‹JWT tokenæ ¡éªŒï¼Œtokenï¼šeyJ0eXAiOiJKV1QiLCJhbGciOiJIUzI1NiJ9.eyJuYmYiOjE3Mzk2ODkyNzAsIm1vYmlsZSI6IjE4MzE4MjI3ODEwIiwiaWQiOjE3MDk2NDg5MTg4NTgsImV4cCI6MTczOTc3NTY3MCwiaWF0IjoxNzM5Njg5MjcwfQ.0hDANdxqWtyU0ZkvyA8zrOWXmOjmaowCXrSJWOqTz5M
2025-02-16 15:01:30.000 INFO  com.xboss.train.gateway.utils.JwtUtil             :50   [32m                  [0;39m JWT tokenæ ¡éªŒç»“æœï¼štrue
2025-02-16 15:01:30.000 INFO  com.xboss.train.gateway.config.LoginMemberFilter  :46   [32m                  [0;39m tokenæœ‰æ•ˆï¼Œæ”¾è¡Œè¯¥è¯·æ±‚
2025-02-16 15:01:34.529 INFO  com.xboss.train.gateway.config.LoginMemberFilter  :32   [32m                  [0;39m éœ€è¦ç™»å½•éªŒè¯ï¼š/member/passenger/selectByMemberId
2025-02-16 15:01:34.530 INFO  com.xboss.train.gateway.config.LoginMemberFilter  :36   [32m                  [0;39m ä¼šå‘˜ç™»å½•éªŒè¯å¼€å§‹ï¼Œtokenï¼šeyJ0eXAiOiJKV1QiLCJhbGciOiJIUzI1NiJ9.eyJuYmYiOjE3Mzk2ODkyNzAsIm1vYmlsZSI6IjE4MzE4MjI3ODEwIiwiaWQiOjE3MDk2NDg5MTg4NTgsImV4cCI6MTczOTc3NTY3MCwiaWF0IjoxNzM5Njg5MjcwfQ.0hDANdxqWtyU0ZkvyA8zrOWXmOjmaowCXrSJWOqTz5M
2025-02-16 15:01:34.530 INFO  com.xboss.train.gateway.utils.JwtUtil             :45   [32m                  [0;39m å¼€å§‹JWT tokenæ ¡éªŒï¼Œtokenï¼šeyJ0eXAiOiJKV1QiLCJhbGciOiJIUzI1NiJ9.eyJuYmYiOjE3Mzk2ODkyNzAsIm1vYmlsZSI6IjE4MzE4MjI3ODEwIiwiaWQiOjE3MDk2NDg5MTg4NTgsImV4cCI6MTczOTc3NTY3MCwiaWF0IjoxNzM5Njg5MjcwfQ.0hDANdxqWtyU0ZkvyA8zrOWXmOjmaowCXrSJWOqTz5M
2025-02-16 15:01:34.530 INFO  com.xboss.train.gateway.utils.JwtUtil             :50   [32m                  [0;39m JWT tokenæ ¡éªŒç»“æœï¼štrue
2025-02-16 15:01:34.530 INFO  com.xboss.train.gateway.config.LoginMemberFilter  :46   [32m                  [0;39m tokenæœ‰æ•ˆï¼Œæ”¾è¡Œè¯¥è¯·æ±‚
2025-02-16 15:01:50.336 INFO  com.xboss.train.gateway.config.LoginMemberFilter  :32   [32m                  [0;39m éœ€è¦ç™»å½•éªŒè¯ï¼š/member/passenger/selectByMemberId
2025-02-16 15:01:50.336 INFO  com.xboss.train.gateway.config.LoginMemberFilter  :36   [32m                  [0;39m ä¼šå‘˜ç™»å½•éªŒè¯å¼€å§‹ï¼Œtokenï¼šeyJ0eXAiOiJKV1QiLCJhbGciOiJIUzI1NiJ9.eyJuYmYiOjE3Mzk2ODkyNzAsIm1vYmlsZSI6IjE4MzE4MjI3ODEwIiwiaWQiOjE3MDk2NDg5MTg4NTgsImV4cCI6MTczOTc3NTY3MCwiaWF0IjoxNzM5Njg5MjcwfQ.0hDANdxqWtyU0ZkvyA8zrOWXmOjmaowCXrSJWOqTz5M
2025-02-16 15:01:50.336 INFO  com.xboss.train.gateway.utils.JwtUtil             :45   [32m                  [0;39m å¼€å§‹JWT tokenæ ¡éªŒï¼Œtokenï¼šeyJ0eXAiOiJKV1QiLCJhbGciOiJIUzI1NiJ9.eyJuYmYiOjE3Mzk2ODkyNzAsIm1vYmlsZSI6IjE4MzE4MjI3ODEwIiwiaWQiOjE3MDk2NDg5MTg4NTgsImV4cCI6MTczOTc3NTY3MCwiaWF0IjoxNzM5Njg5MjcwfQ.0hDANdxqWtyU0ZkvyA8zrOWXmOjmaowCXrSJWOqTz5M
2025-02-16 15:01:50.337 INFO  com.xboss.train.gateway.utils.JwtUtil             :50   [32m                  [0;39m JWT tokenæ ¡éªŒç»“æœï¼štrue
2025-02-16 15:01:50.337 INFO  com.xboss.train.gateway.config.LoginMemberFilter  :46   [32m                  [0;39m tokenæœ‰æ•ˆï¼Œæ”¾è¡Œè¯¥è¯·æ±‚
2025-02-16 15:01:51.583 INFO  com.xboss.train.gateway.config.LoginMemberFilter  :32   [32m                  [0;39m éœ€è¦ç™»å½•éªŒè¯ï¼š/member/passenger/selectByMemberId
2025-02-16 15:01:51.584 INFO  com.xboss.train.gateway.config.LoginMemberFilter  :36   [32m                  [0;39m ä¼šå‘˜ç™»å½•éªŒè¯å¼€å§‹ï¼Œtokenï¼šeyJ0eXAiOiJKV1QiLCJhbGciOiJIUzI1NiJ9.eyJuYmYiOjE3Mzk2ODkyNzAsIm1vYmlsZSI6IjE4MzE4MjI3ODEwIiwiaWQiOjE3MDk2NDg5MTg4NTgsImV4cCI6MTczOTc3NTY3MCwiaWF0IjoxNzM5Njg5MjcwfQ.0hDANdxqWtyU0ZkvyA8zrOWXmOjmaowCXrSJWOqTz5M
2025-02-16 15:01:51.584 INFO  com.xboss.train.gateway.utils.JwtUtil             :45   [32m                  [0;39m å¼€å§‹JWT tokenæ ¡éªŒï¼Œtokenï¼šeyJ0eXAiOiJKV1QiLCJhbGciOiJIUzI1NiJ9.eyJuYmYiOjE3Mzk2ODkyNzAsIm1vYmlsZSI6IjE4MzE4MjI3ODEwIiwiaWQiOjE3MDk2NDg5MTg4NTgsImV4cCI6MTczOTc3NTY3MCwiaWF0IjoxNzM5Njg5MjcwfQ.0hDANdxqWtyU0ZkvyA8zrOWXmOjmaowCXrSJWOqTz5M
2025-02-16 15:01:51.584 INFO  com.xboss.train.gateway.utils.JwtUtil             :50   [32m                  [0;39m JWT tokenæ ¡éªŒç»“æœï¼štrue
2025-02-16 15:01:51.585 INFO  com.xboss.train.gateway.config.LoginMemberFilter  :46   [32m                  [0;39m tokenæœ‰æ•ˆï¼Œæ”¾è¡Œè¯¥è¯·æ±‚
2025-02-16 15:02:40.682 INFO  com.xboss.train.gateway.config.LoginMemberFilter  :29   [32m                  [0;39m ä¸éœ€è¦ç™»å½•éªŒè¯ï¼š/business/admin/station/query-list
2025-02-16 15:02:42.900 INFO  com.xboss.train.gateway.config.LoginMemberFilter  :29   [32m                  [0;39m ä¸éœ€è¦ç™»å½•éªŒè¯ï¼š/business/admin/train/query-list
2025-02-16 15:02:43.806 INFO  com.xboss.train.gateway.config.LoginMemberFilter  :29   [32m                  [0;39m ä¸éœ€è¦ç™»å½•éªŒè¯ï¼š/business/admin/train/query-all
2025-02-16 15:02:43.807 INFO  com.xboss.train.gateway.config.LoginMemberFilter  :29   [32m                  [0;39m ä¸éœ€è¦ç™»å½•éªŒè¯ï¼š/business/admin/train-station/query-list
2025-02-16 15:02:45.537 INFO  com.xboss.train.gateway.config.LoginMemberFilter  :29   [32m                  [0;39m ä¸éœ€è¦ç™»å½•éªŒè¯ï¼š/business/admin/train-carriage/query-list
2025-02-16 15:02:46.452 INFO  com.xboss.train.gateway.config.LoginMemberFilter  :29   [32m                  [0;39m ä¸éœ€è¦ç™»å½•éªŒè¯ï¼š/business/admin/train-seat/query-list
2025-02-16 15:02:48.380 INFO  com.xboss.train.gateway.config.LoginMemberFilter  :29   [32m                  [0;39m ä¸éœ€è¦ç™»å½•éªŒè¯ï¼š/batch/admin/job/query
2025-02-16 15:02:53.022 INFO  com.xboss.train.gateway.config.LoginMemberFilter  :29   [32m                  [0;39m ä¸éœ€è¦ç™»å½•éªŒè¯ï¼š/business/admin/daily-train/query-list
2025-02-16 15:02:58.168 INFO  com.xboss.train.gateway.config.LoginMemberFilter  :29   [32m                  [0;39m ä¸éœ€è¦ç™»å½•éªŒè¯ï¼š/business/admin/daily-train-station/query-list
2025-02-16 15:02:59.828 INFO  com.xboss.train.gateway.config.LoginMemberFilter  :29   [32m                  [0;39m ä¸éœ€è¦ç™»å½•éªŒè¯ï¼š/business/admin/daily-train-carriage/query-list
2025-02-16 15:03:00.364 INFO  com.xboss.train.gateway.config.LoginMemberFilter  :29   [32m                  [0;39m ä¸éœ€è¦ç™»å½•éªŒè¯ï¼š/business/admin/daily-train-seat/query-list
2025-02-16 15:03:01.988 INFO  com.xboss.train.gateway.config.LoginMemberFilter  :29   [32m                  [0;39m ä¸éœ€è¦ç™»å½•éªŒè¯ï¼š/business/admin/daily-train-carriage/query-list
2025-02-16 15:03:05.514 INFO  com.xboss.train.gateway.config.LoginMemberFilter  :29   [32m                  [0;39m ä¸éœ€è¦ç™»å½•éªŒè¯ï¼š/business/admin/daily-train-seat/query-list
2025-02-16 15:03:06.951 INFO  com.xboss.train.gateway.config.LoginMemberFilter  :29   [32m                  [0;39m ä¸éœ€è¦ç™»å½•éªŒè¯ï¼š/business/admin/station/query-all
2025-02-16 15:03:06.952 INFO  com.xboss.train.gateway.config.LoginMemberFilter  :29   [32m                  [0;39m ä¸éœ€è¦ç™»å½•éªŒè¯ï¼š/business/admin/daily-train-ticket/query-list
2025-02-16 15:03:06.963 INFO  com.xboss.train.gateway.config.LoginMemberFilter  :29   [32m                  [0;39m ä¸éœ€è¦ç™»å½•éªŒè¯ï¼š/business/admin/station/query-all
