2024-03-12 14:13:21.936 INFO  org.hibernate.validator.internal.util.Version     :21   [32m                  [0;39m HV000001: Hibernate Validator 8.0.0.Final
2024-03-12 14:13:21.978 INFO  com.xboss.train.gateway.config.gatewayApplication :51   [32m                  [0;39m Starting gatewayApplication using Java 18.0.1.1 with PID 14960 (D:\projectAndcode\train\gateway\target\classes started by 86183 in D:\projectAndcode\train)
2024-03-12 14:13:21.979 INFO  com.xboss.train.gateway.config.gatewayApplication :630  [32m                  [0;39m No active profile set, falling back to 1 default profile: "default"
2024-03-12 14:13:22.024 INFO  o.s.b.d.env.DevToolsPropertyDefaultsPostProcessor :250  [32m                  [0;39m Devtools property defaults active! Set 'spring.devtools.add-properties' to 'false' to disable
2024-03-12 14:13:22.024 INFO  o.s.b.d.env.DevToolsPropertyDefaultsPostProcessor :250  [32m                  [0;39m For additional web related logging consider setting the 'logging.level.web' property to 'DEBUG'
2024-03-12 14:13:22.581 INFO  o.springframework.cloud.context.scope.GenericScope:282  [32m                  [0;39m BeanFactory id=324267dc-ff55-3f4c-bee8-5e2f01045e68
2024-03-12 14:13:23.321 INFO  o.s.c.gateway.route.RouteDefinitionRouteLocator   :88   [32m                  [0;39m Loaded RoutePredicateFactory [After]
2024-03-12 14:13:23.321 INFO  o.s.c.gateway.route.RouteDefinitionRouteLocator   :88   [32m                  [0;39m Loaded RoutePredicateFactory [Before]
2024-03-12 14:13:23.321 INFO  o.s.c.gateway.route.RouteDefinitionRouteLocator   :88   [32m                  [0;39m Loaded RoutePredicateFactory [Between]
2024-03-12 14:13:23.321 INFO  o.s.c.gateway.route.RouteDefinitionRouteLocator   :88   [32m                  [0;39m Loaded RoutePredicateFactory [Cookie]
2024-03-12 14:13:23.321 INFO  o.s.c.gateway.route.RouteDefinitionRouteLocator   :88   [32m                  [0;39m Loaded RoutePredicateFactory [Header]
2024-03-12 14:13:23.322 INFO  o.s.c.gateway.route.RouteDefinitionRouteLocator   :88   [32m                  [0;39m Loaded RoutePredicateFactory [Host]
2024-03-12 14:13:23.322 INFO  o.s.c.gateway.route.RouteDefinitionRouteLocator   :88   [32m                  [0;39m Loaded RoutePredicateFactory [Method]
2024-03-12 14:13:23.322 INFO  o.s.c.gateway.route.RouteDefinitionRouteLocator   :88   [32m                  [0;39m Loaded RoutePredicateFactory [Path]
2024-03-12 14:13:23.322 INFO  o.s.c.gateway.route.RouteDefinitionRouteLocator   :88   [32m                  [0;39m Loaded RoutePredicateFactory [Query]
2024-03-12 14:13:23.322 INFO  o.s.c.gateway.route.RouteDefinitionRouteLocator   :88   [32m                  [0;39m Loaded RoutePredicateFactory [ReadBody]
2024-03-12 14:13:23.322 INFO  o.s.c.gateway.route.RouteDefinitionRouteLocator   :88   [32m                  [0;39m Loaded RoutePredicateFactory [RemoteAddr]
2024-03-12 14:13:23.322 INFO  o.s.c.gateway.route.RouteDefinitionRouteLocator   :88   [32m                  [0;39m Loaded RoutePredicateFactory [XForwardedRemoteAddr]
2024-03-12 14:13:23.323 INFO  o.s.c.gateway.route.RouteDefinitionRouteLocator   :88   [32m                  [0;39m Loaded RoutePredicateFactory [Weight]
2024-03-12 14:13:23.323 INFO  o.s.c.gateway.route.RouteDefinitionRouteLocator   :88   [32m                  [0;39m Loaded RoutePredicateFactory [CloudFoundryRouteService]
2024-03-12 14:13:23.530 INFO  o.s.b.d.autoconfigure.OptionalLiveReloadServer    :59   [32m                  [0;39m LiveReload server is running on port 35729
2024-03-12 14:13:23.877 INFO  o.s.boot.web.embedded.netty.NettyWebServer        :111  [32m                  [0;39m Netty started on port 8000
2024-03-12 14:13:24.292 INFO  com.xboss.train.gateway.config.gatewayApplication :57   [32m                  [0;39m Started gatewayApplication in 2.86 seconds (process running for 3.546)
2024-03-12 14:13:24.296 INFO  com.xboss.train.gateway.config.gatewayApplication :23   [32m                  [0;39m å¯åŠ¨æˆåŠŸï¼ï¼
2024-03-12 14:13:24.297 INFO  com.xboss.train.gateway.config.gatewayApplication :24   [32m                  [0;39m ç½‘å…³åœ°å€: 	http://127.0.0.1:8000
2024-03-12 14:35:33.139 INFO  com.xboss.train.gateway.config.LoginMemberFilter  :29   [32m                  [0;39m ä¸éœ€è¦ç™»å½•éªŒè¯ï¼š/member/member/login
2024-03-12 14:35:33.302 INFO  reactor.netty.http.server.AccessLog               :279  [32m                  [0;39m 0:0:0:0:0:0:0:1 - - [12/3æœˆ/2024:14:35:33 +0800] "POST /member/member/login HTTP/1.1" 200 72 198
2024-03-12 14:35:44.230 INFO  com.xboss.train.gateway.config.LoginMemberFilter  :29   [32m                  [0;39m ä¸éœ€è¦ç™»å½•éªŒè¯ï¼š/member/member/sendCode
2024-03-12 14:35:44.238 INFO  reactor.netty.http.server.AccessLog               :279  [32m                  [0;39m 0:0:0:0:0:0:0:1 - - [12/3æœˆ/2024:14:35:44 +0800] "POST /member/member/sendCode?mobile=18318227810 HTTP/1.1" 400 5625 9
2024-03-12 14:36:53.340 INFO  com.xboss.train.gateway.config.LoginMemberFilter  :29   [32m                  [0;39m ä¸éœ€è¦ç™»å½•éªŒè¯ï¼š/member/member/sendCode
2024-03-12 14:36:53.354 INFO  reactor.netty.http.server.AccessLog               :279  [32m                  [0;39m 0:0:0:0:0:0:0:1 - - [12/3æœˆ/2024:14:36:53 +0800] "POST /member/member/sendCode HTTP/1.1" 200 46 15
2024-03-12 14:37:18.284 INFO  com.xboss.train.gateway.config.LoginMemberFilter  :29   [32m                  [0;39m ä¸éœ€è¦ç™»å½•éªŒè¯ï¼š/member/member/login
2024-03-12 14:37:18.454 INFO  reactor.netty.http.server.AccessLog               :279  [32m                  [0;39m 0:0:0:0:0:0:0:1 - - [12/3æœˆ/2024:14:37:18 +0800] "POST /member/member/login HTTP/1.1" 200 303 170
2024-03-12 14:38:01.851 INFO  com.xboss.train.gateway.config.LoginMemberFilter  :32   [32m                  [0;39m éœ€è¦ç™»å½•éªŒè¯ï¼š/member/passenger/save
2024-03-12 14:38:01.852 INFO  com.xboss.train.gateway.config.LoginMemberFilter  :36   [32m                  [0;39m ä¼šå‘˜ç™»å½•éªŒè¯å¼€å§‹ï¼Œtokenï¼šeyJ0eXAiOiJKV1QiLCJhbGciOiJIUzI1NiJ9.eyJuYmYiOjE3MTAyMjU0MzgsIm1vYmlsZSI6IjE4MzE4MjI3ODEwIiwiaWQiOjE3MDk2NDg5MTg4NTgsImV4cCI6MTcxMDMxMTgzOCwiaWF0IjoxNzEwMjI1NDM4fQ.cR-Sk7GdDc6TkbR8nynQkPePZ3kx1-CNNculmc6PEnw
2024-03-12 14:38:01.852 INFO  com.xboss.train.gateway.utils.JwtUtil             :45   [32m                  [0;39m å¼€å§‹JWT tokenæ ¡éªŒï¼Œtokenï¼šeyJ0eXAiOiJKV1QiLCJhbGciOiJIUzI1NiJ9.eyJuYmYiOjE3MTAyMjU0MzgsIm1vYmlsZSI6IjE4MzE4MjI3ODEwIiwiaWQiOjE3MDk2NDg5MTg4NTgsImV4cCI6MTcxMDMxMTgzOCwiaWF0IjoxNzEwMjI1NDM4fQ.cR-Sk7GdDc6TkbR8nynQkPePZ3kx1-CNNculmc6PEnw
2024-03-12 14:38:02.056 INFO  com.xboss.train.gateway.utils.JwtUtil             :50   [32m                  [0;39m JWT tokenæ ¡éªŒç»“æœï¼štrue
2024-03-12 14:38:02.056 INFO  com.xboss.train.gateway.config.LoginMemberFilter  :46   [32m                  [0;39m tokenæœ‰æ•ˆï¼Œæ”¾è¡Œè¯¥è¯·æ±‚
2024-03-12 14:38:02.066 INFO  reactor.netty.http.server.AccessLog               :279  [32m                  [0;39m 0:0:0:0:0:0:0:1 - - [12/3æœˆ/2024:14:38:01 +0800] "POST /member/passenger/save HTTP/1.1" 200 202 215
2024-03-12 14:47:42.141 INFO  com.xboss.train.gateway.config.LoginMemberFilter  :29   [32m                  [0;39m ä¸éœ€è¦ç™»å½•éªŒè¯ï¼š/member/member/login
2024-03-12 14:47:42.154 INFO  reactor.netty.http.server.AccessLog               :279  [32m                  [0;39m 0:0:0:0:0:0:0:1 - - [12/3æœˆ/2024:14:47:42 +0800] "POST /member/member/login HTTP/1.1" 200 303 13
2024-03-12 14:48:06.869 INFO  com.xboss.train.gateway.config.LoginMemberFilter  :32   [32m                  [0;39m éœ€è¦ç™»å½•éªŒè¯ï¼š/member/passenger/save
2024-03-12 14:48:06.870 INFO  com.xboss.train.gateway.config.LoginMemberFilter  :36   [32m                  [0;39m ä¼šå‘˜ç™»å½•éªŒè¯å¼€å§‹ï¼Œtokenï¼šundefined
2024-03-12 14:48:06.870 INFO  com.xboss.train.gateway.utils.JwtUtil             :45   [32m                  [0;39m å¼€å§‹JWT tokenæ ¡éªŒï¼Œtokenï¼šundefined
2024-03-12 14:48:06.884 ERROR o.s.b.a.w.r.error.AbstractErrorWebExceptionHandler:102  [32m                  [0;39m [458b9584-7]  500 Server Error for HTTP POST "/member/passenger/save"
cn.hutool.jwt.JWTException: The token was expected 3 parts, but got 1.
	at cn.hutool.jwt.JWT.splitToken(JWT.java:404)
	Suppressed: reactor.core.publisher.FluxOnAssembly$OnAssemblyException: 
Error has been observed at the following site(s):
	*__checkpoint â‡¢ org.springframework.cloud.gateway.filter.WeightCalculatorWebFilter [DefaultWebFilterChain]
	*__checkpoint â‡¢ HTTP POST "/member/passenger/save" [ExceptionHandlingWebHandler]
Original Stack Trace:
		at cn.hutool.jwt.JWT.splitToken(JWT.java:404)
		at cn.hutool.jwt.JWT.parse(JWT.java:96)
		at cn.hutool.jwt.JWT.<init>(JWT.java:85)
		at cn.hutool.jwt.JWT.of(JWT.java:66)
		at cn.hutool.jwt.JWTUtil.parseToken(JWTUtil.java:73)
		at com.xboss.train.gateway.utils.JwtUtil.validate(JwtUtil.java:47)
		at com.xboss.train.gateway.config.LoginMemberFilter.filter(LoginMemberFilter.java:44)
		at org.springframework.cloud.gateway.handler.FilteringWebHandler$GatewayFilterAdapter.filter(FilteringWebHandler.java:137)
		at org.springframework.cloud.gateway.filter.OrderedGatewayFilter.filter(OrderedGatewayFilter.java:44)
		at org.springframework.cloud.gateway.handler.FilteringWebHandler$DefaultGatewayFilterChain.lambda$filter$0(FilteringWebHandler.java:117)
		at reactor.core.publisher.MonoDefer.subscribe(MonoDefer.java:44)
		at reactor.core.publisher.Mono.subscribe(Mono.java:4444)
		at reactor.core.publisher.MonoIgnoreThen$ThenIgnoreMain.subscribeNext(MonoIgnoreThen.java:263)
		at reactor.core.publisher.MonoIgnoreThen.subscribe(MonoIgnoreThen.java:51)
		at reactor.core.publisher.InternalMonoOperator.subscribe(InternalMonoOperator.java:64)
		at reactor.core.publisher.MonoDefer.subscribe(MonoDefer.java:52)
		at reactor.core.publisher.MonoDefer.subscribe(MonoDefer.java:52)
		at reactor.core.publisher.InternalMonoOperator.subscribe(InternalMonoOperator.java:64)
		at reactor.core.publisher.MonoDefer.subscribe(MonoDefer.java:52)
		at reactor.core.publisher.Mono.subscribe(Mono.java:4444)
		at reactor.core.publisher.MonoIgnoreThen$ThenIgnoreMain.subscribeNext(MonoIgnoreThen.java:263)
		at reactor.core.publisher.MonoIgnoreThen.subscribe(MonoIgnoreThen.java:51)
		at reactor.core.publisher.InternalMonoOperator.subscribe(InternalMonoOperator.java:64)
		at reactor.core.publisher.MonoFlatMap$FlatMapMain.onNext(MonoFlatMap.java:165)
		at reactor.core.publisher.FluxOnErrorResume$ResumeSubscriber.onNext(FluxOnErrorResume.java:79)
		at reactor.core.publisher.FluxSwitchIfEmpty$SwitchIfEmptySubscriber.onNext(FluxSwitchIfEmpty.java:74)
		at reactor.core.publisher.MonoNext$NextSubscriber.onNext(MonoNext.java:82)
		at reactor.core.publisher.FluxConcatMapNoPrefetch$FluxConcatMapNoPrefetchSubscriber.innerNext(FluxConcatMapNoPrefetch.java:258)
		at reactor.core.publisher.FluxConcatMap$ConcatMapInner.onNext(FluxConcatMap.java:863)
		at reactor.core.publisher.FluxMap$MapSubscriber.onNext(FluxMap.java:122)
		at reactor.core.publisher.FluxSwitchIfEmpty$SwitchIfEmptySubscriber.onNext(FluxSwitchIfEmpty.java:74)
		at reactor.core.publisher.MonoFlatMap$FlatMapMain.onNext(MonoFlatMap.java:158)
		at reactor.core.publisher.FluxMap$MapSubscriber.onNext(FluxMap.java:122)
		at reactor.core.publisher.MonoNext$NextSubscriber.onNext(MonoNext.java:82)
		at reactor.core.publisher.FluxConcatMapNoPrefetch$FluxConcatMapNoPrefetchSubscriber.innerNext(FluxConcatMapNoPrefetch.java:258)
		at reactor.core.publisher.FluxConcatMap$ConcatMapInner.onNext(FluxConcatMap.java:863)
		at reactor.core.publisher.FluxOnErrorResume$ResumeSubscriber.onNext(FluxOnErrorResume.java:79)
		at reactor.core.publisher.MonoPeekTerminal$MonoTerminalPeekSubscriber.onNext(MonoPeekTerminal.java:180)
		at reactor.core.publisher.MonoFilterWhen$MonoFilterWhenMain.onNext(MonoFilterWhen.java:136)
		at reactor.core.publisher.Operators$ScalarSubscription.request(Operators.java:2508)
		at reactor.core.publisher.MonoFilterWhen$MonoFilterWhenMain.request(MonoFilterWhen.java:182)
		at reactor.core.publisher.MonoPeekTerminal$MonoTerminalPeekSubscriber.request(MonoPeekTerminal.java:139)
		at reactor.core.publisher.Operators$MultiSubscriptionSubscriber.request(Operators.java:2268)
		at reactor.core.publisher.Operators$MultiSubscriptionSubscriber.request(Operators.java:2268)
		at reactor.core.publisher.FluxConcatMapNoPrefetch$FluxConcatMapNoPrefetchSubscriber.request(FluxConcatMapNoPrefetch.java:338)
		at reactor.core.publisher.MonoNext$NextSubscriber.request(MonoNext.java:108)
		at reactor.core.publisher.FluxMap$MapSubscriber.request(FluxMap.java:164)
		at reactor.core.publisher.MonoFlatMap$FlatMapMain.request(MonoFlatMap.java:194)
		at reactor.core.publisher.Operators$MultiSubscriptionSubscriber.request(Operators.java:2268)
		at reactor.core.publisher.FluxMap$MapSubscriber.request(FluxMap.java:164)
		at reactor.core.publisher.Operators$MultiSubscriptionSubscriber.request(Operators.java:2268)
		at reactor.core.publisher.FluxConcatMapNoPrefetch$FluxConcatMapNoPrefetchSubscriber.request(FluxConcatMapNoPrefetch.java:338)
		at reactor.core.publisher.MonoNext$NextSubscriber.request(MonoNext.java:108)
		at reactor.core.publisher.Operators$MultiSubscriptionSubscriber.set(Operators.java:2304)
		at reactor.core.publisher.Operators$MultiSubscriptionSubscriber.onSubscribe(Operators.java:2178)
		at reactor.core.publisher.MonoNext$NextSubscriber.onSubscribe(MonoNext.java:70)
		at reactor.core.publisher.FluxConcatMapNoPrefetch$FluxConcatMapNoPrefetchSubscriber.onSubscribe(FluxConcatMapNoPrefetch.java:164)
		at reactor.core.publisher.FluxIterable.subscribe(FluxIterable.java:165)
		at reactor.core.publisher.FluxIterable.subscribe(FluxIterable.java:87)
		at reactor.core.publisher.InternalMonoOperator.subscribe(InternalMonoOperator.java:64)
		at reactor.core.publisher.MonoDefer.subscribe(MonoDefer.java:52)
		at reactor.core.publisher.InternalMonoOperator.subscribe(InternalMonoOperator.java:64)
		at reactor.core.publisher.MonoDefer.subscribe(MonoDefer.java:52)
		at reactor.core.publisher.Mono.subscribe(Mono.java:4444)
		at reactor.core.publisher.MonoIgnoreThen$ThenIgnoreMain.subscribeNext(MonoIgnoreThen.java:263)
		at reactor.core.publisher.MonoIgnoreThen.subscribe(MonoIgnoreThen.java:51)
		at reactor.core.publisher.InternalMonoOperator.subscribe(InternalMonoOperator.java:64)
		at reactor.core.publisher.MonoDeferContextual.subscribe(MonoDeferContextual.java:55)
		at reactor.netty.http.server.HttpServer$HttpServerHandle.onStateChange(HttpServer.java:997)
		at reactor.netty.ReactorNetty$CompositeConnectionObserver.onStateChange(ReactorNetty.java:680)
		at reactor.netty.transport.ServerTransport$ChildObserver.onStateChange(ServerTransport.java:477)
		at reactor.netty.http.server.HttpServerOperations.onInboundNext(HttpServerOperations.java:573)
		at reactor.netty.channel.ChannelOperationsHandler.channelRead(ChannelOperationsHandler.java:113)
		at io.netty.channel.AbstractChannelHandlerContext.invokeChannelRead(AbstractChannelHandlerContext.java:444)
		at io.netty.channel.AbstractChannelHandlerContext.invokeChannelRead(AbstractChannelHandlerContext.java:420)
		at io.netty.channel.AbstractChannelHandlerContext.fireChannelRead(AbstractChannelHandlerContext.java:412)
		at reactor.netty.http.server.HttpTrafficHandler.channelRead(HttpTrafficHandler.java:220)
		at io.netty.channel.AbstractChannelHandlerContext.invokeChannelRead(AbstractChannelHandlerContext.java:442)
		at io.netty.channel.AbstractChannelHandlerContext.invokeChannelRead(AbstractChannelHandlerContext.java:420)
		at io.netty.channel.AbstractChannelHandlerContext.fireChannelRead(AbstractChannelHandlerContext.java:412)
		at reactor.netty.http.server.logging.AccessLogHandlerH1.channelRead(AccessLogHandlerH1.java:58)
		at io.netty.channel.AbstractChannelHandlerContext.invokeChannelRead(AbstractChannelHandlerContext.java:442)
		at io.netty.channel.AbstractChannelHandlerContext.invokeChannelRead(AbstractChannelHandlerContext.java:420)
		at io.netty.channel.AbstractChannelHandlerContext.fireChannelRead(AbstractChannelHandlerContext.java:412)
		at io.netty.channel.CombinedChannelDuplexHandler$DelegatingChannelHandlerContext.fireChannelRead(CombinedChannelDuplexHandler.java:436)
		at io.netty.handler.codec.ByteToMessageDecoder.fireChannelRead(ByteToMessageDecoder.java:346)
		at io.netty.handler.codec.ByteToMessageDecoder.fireChannelRead(ByteToMessageDecoder.java:333)
		at io.netty.handler.codec.ByteToMessageDecoder.callDecode(ByteToMessageDecoder.java:454)
		at io.netty.handler.codec.ByteToMessageDecoder.channelRead(ByteToMessageDecoder.java:290)
		at io.netty.channel.CombinedChannelDuplexHandler.channelRead(CombinedChannelDuplexHandler.java:251)
		at io.netty.channel.AbstractChannelHandlerContext.invokeChannelRead(AbstractChannelHandlerContext.java:442)
		at io.netty.channel.AbstractChannelHandlerContext.invokeChannelRead(AbstractChannelHandlerContext.java:420)
		at io.netty.channel.AbstractChannelHandlerContext.fireChannelRead(AbstractChannelHandlerContext.java:412)
		at io.netty.channel.DefaultChannelPipeline$HeadContext.channelRead(DefaultChannelPipeline.java:1410)
		at io.netty.channel.AbstractChannelHandlerContext.invokeChannelRead(AbstractChannelHandlerContext.java:440)
		at io.netty.channel.AbstractChannelHandlerContext.invokeChannelRead(AbstractChannelHandlerContext.java:420)
		at io.netty.channel.DefaultChannelPipeline.fireChannelRead(DefaultChannelPipeline.java:919)
		at io.netty.channel.nio.AbstractNioByteChannel$NioByteUnsafe.read(AbstractNioByteChannel.java:166)
		at io.netty.channel.nio.NioEventLoop.processSelectedKey(NioEventLoop.java:788)
		at io.netty.channel.nio.NioEventLoop.processSelectedKeysOptimized(NioEventLoop.java:724)
		at io.netty.channel.nio.NioEventLoop.processSelectedKeys(NioEventLoop.java:650)
		at io.netty.channel.nio.NioEventLoop.run(NioEventLoop.java:562)
		at io.netty.util.concurrent.SingleThreadEventExecutor$4.run(SingleThreadEventExecutor.java:997)
		at io.netty.util.internal.ThreadExecutorMap$2.run(ThreadExecutorMap.java:74)
		at io.netty.util.concurrent.FastThreadLocalRunnable.run(FastThreadLocalRunnable.java:30)
		at java.base/java.lang.Thread.run(Thread.java:833)
2024-03-12 14:48:06.928 INFO  reactor.netty.http.server.AccessLog               :279  [32m                  [0;39m 0:0:0:0:0:0:0:1 - - [12/3æœˆ/2024:14:48:06 +0800] "POST /member/passenger/save HTTP/1.1" 500 10858 59
2024-03-12 14:48:27.577 INFO  reactor.netty.http.server.AccessLog               :279  [32m                  [0;39m 0:0:0:0:0:0:0:1 - - [12/3æœˆ/2024:14:48:27 +0800] "GET / HTTP/1.1" 404 11897 27
2024-03-12 14:48:27.643 INFO  reactor.netty.http.server.AccessLog               :279  [32m                  [0;39m 0:0:0:0:0:0:0:1 - - [12/3æœˆ/2024:14:48:27 +0800] "GET /favicon.ico HTTP/1.1" 404 13552 5
2024-03-12 14:50:32.285 INFO  com.xboss.train.gateway.config.LoginMemberFilter  :29   [32m                  [0;39m ä¸éœ€è¦ç™»å½•éªŒè¯ï¼š/member/member/login
2024-03-12 14:50:32.295 INFO  reactor.netty.http.server.AccessLog               :279  [32m                  [0;39m 0:0:0:0:0:0:0:1 - - [12/3æœˆ/2024:14:50:32 +0800] "POST /member/member/login HTTP/1.1" 200 303 10
2024-03-12 14:50:40.328 INFO  com.xboss.train.gateway.config.LoginMemberFilter  :32   [32m                  [0;39m éœ€è¦ç™»å½•éªŒè¯ï¼š/member/passenger/save
2024-03-12 14:50:40.328 INFO  com.xboss.train.gateway.config.LoginMemberFilter  :36   [32m                  [0;39m ä¼šå‘˜ç™»å½•éªŒè¯å¼€å§‹ï¼Œtokenï¼šeyJ0eXAiOiJKV1QiLCJhbGciOiJIUzI1NiJ9.eyJuYmYiOjE3MTAyMjYyMzIsIm1vYmlsZSI6IjE4MzE4MjI3ODEwIiwiaWQiOjE3MDk2NDg5MTg4NTgsImV4cCI6MTcxMDMxMjYzMiwiaWF0IjoxNzEwMjI2MjMyfQ.CUE87y5XdAE5MCQQrg-wCNbbaL1GQX3qx_gJOmFjdzY
2024-03-12 14:50:40.329 INFO  com.xboss.train.gateway.utils.JwtUtil             :45   [32m                  [0;39m å¼€å§‹JWT tokenæ ¡éªŒï¼Œtokenï¼šeyJ0eXAiOiJKV1QiLCJhbGciOiJIUzI1NiJ9.eyJuYmYiOjE3MTAyMjYyMzIsIm1vYmlsZSI6IjE4MzE4MjI3ODEwIiwiaWQiOjE3MDk2NDg5MTg4NTgsImV4cCI6MTcxMDMxMjYzMiwiaWF0IjoxNzEwMjI2MjMyfQ.CUE87y5XdAE5MCQQrg-wCNbbaL1GQX3qx_gJOmFjdzY
2024-03-12 14:50:40.329 INFO  com.xboss.train.gateway.utils.JwtUtil             :50   [32m                  [0;39m JWT tokenæ ¡éªŒç»“æœï¼štrue
2024-03-12 14:50:40.329 INFO  com.xboss.train.gateway.config.LoginMemberFilter  :46   [32m                  [0;39m tokenæœ‰æ•ˆï¼Œæ”¾è¡Œè¯¥è¯·æ±‚
2024-03-12 14:50:40.341 INFO  reactor.netty.http.server.AccessLog               :279  [32m                  [0;39m 0:0:0:0:0:0:0:1 - - [12/3æœˆ/2024:14:50:40 +0800] "POST /member/passenger/save HTTP/1.1" 200 202 13
2024-03-12 15:31:22.813 INFO  org.hibernate.validator.internal.util.Version     :21   [32m                  [0;39m HV000001: Hibernate Validator 8.0.0.Final
2024-03-12 15:31:22.850 INFO  com.xboss.train.gateway.config.gatewayApplication :51   [32m                  [0;39m Starting gatewayApplication using Java 18.0.1.1 with PID 30092 (D:\projectAndcode\train\gateway\target\classes started by 86183 in D:\projectAndcode\train)
2024-03-12 15:31:22.851 INFO  com.xboss.train.gateway.config.gatewayApplication :630  [32m                  [0;39m No active profile set, falling back to 1 default profile: "default"
2024-03-12 15:31:22.887 INFO  o.s.b.d.env.DevToolsPropertyDefaultsPostProcessor :250  [32m                  [0;39m Devtools property defaults active! Set 'spring.devtools.add-properties' to 'false' to disable
2024-03-12 15:31:22.888 INFO  o.s.b.d.env.DevToolsPropertyDefaultsPostProcessor :250  [32m                  [0;39m For additional web related logging consider setting the 'logging.level.web' property to 'DEBUG'
2024-03-12 15:31:23.382 INFO  o.springframework.cloud.context.scope.GenericScope:282  [32m                  [0;39m BeanFactory id=324267dc-ff55-3f4c-bee8-5e2f01045e68
2024-03-12 15:31:24.030 INFO  o.s.c.gateway.route.RouteDefinitionRouteLocator   :88   [32m                  [0;39m Loaded RoutePredicateFactory [After]
2024-03-12 15:31:24.030 INFO  o.s.c.gateway.route.RouteDefinitionRouteLocator   :88   [32m                  [0;39m Loaded RoutePredicateFactory [Before]
2024-03-12 15:31:24.031 INFO  o.s.c.gateway.route.RouteDefinitionRouteLocator   :88   [32m                  [0;39m Loaded RoutePredicateFactory [Between]
2024-03-12 15:31:24.031 INFO  o.s.c.gateway.route.RouteDefinitionRouteLocator   :88   [32m                  [0;39m Loaded RoutePredicateFactory [Cookie]
2024-03-12 15:31:24.031 INFO  o.s.c.gateway.route.RouteDefinitionRouteLocator   :88   [32m                  [0;39m Loaded RoutePredicateFactory [Header]
2024-03-12 15:31:24.031 INFO  o.s.c.gateway.route.RouteDefinitionRouteLocator   :88   [32m                  [0;39m Loaded RoutePredicateFactory [Host]
2024-03-12 15:31:24.031 INFO  o.s.c.gateway.route.RouteDefinitionRouteLocator   :88   [32m                  [0;39m Loaded RoutePredicateFactory [Method]
2024-03-12 15:31:24.031 INFO  o.s.c.gateway.route.RouteDefinitionRouteLocator   :88   [32m                  [0;39m Loaded RoutePredicateFactory [Path]
2024-03-12 15:31:24.031 INFO  o.s.c.gateway.route.RouteDefinitionRouteLocator   :88   [32m                  [0;39m Loaded RoutePredicateFactory [Query]
2024-03-12 15:31:24.031 INFO  o.s.c.gateway.route.RouteDefinitionRouteLocator   :88   [32m                  [0;39m Loaded RoutePredicateFactory [ReadBody]
2024-03-12 15:31:24.031 INFO  o.s.c.gateway.route.RouteDefinitionRouteLocator   :88   [32m                  [0;39m Loaded RoutePredicateFactory [RemoteAddr]
2024-03-12 15:31:24.032 INFO  o.s.c.gateway.route.RouteDefinitionRouteLocator   :88   [32m                  [0;39m Loaded RoutePredicateFactory [XForwardedRemoteAddr]
2024-03-12 15:31:24.032 INFO  o.s.c.gateway.route.RouteDefinitionRouteLocator   :88   [32m                  [0;39m Loaded RoutePredicateFactory [Weight]
2024-03-12 15:31:24.032 INFO  o.s.c.gateway.route.RouteDefinitionRouteLocator   :88   [32m                  [0;39m Loaded RoutePredicateFactory [CloudFoundryRouteService]
2024-03-12 15:31:24.146 WARN  o.s.b.d.autoconfigure.OptionalLiveReloadServer    :62   [32m                  [0;39m Unable to start LiveReload server
2024-03-12 15:31:24.360 INFO  o.s.boot.web.embedded.netty.NettyWebServer        :111  [32m                  [0;39m Netty started on port 8000
2024-03-12 15:31:24.566 INFO  com.xboss.train.gateway.config.gatewayApplication :57   [32m                  [0;39m Started gatewayApplication in 2.159 seconds (process running for 2.721)
2024-03-12 15:31:24.569 INFO  com.xboss.train.gateway.config.gatewayApplication :23   [32m                  [0;39m å¯åŠ¨æˆåŠŸï¼ï¼
2024-03-12 15:31:24.569 INFO  com.xboss.train.gateway.config.gatewayApplication :24   [32m                  [0;39m ç½‘å…³åœ°å€: 	http://127.0.0.1:8000
2024-03-12 15:31:37.389 INFO  com.xboss.train.gateway.config.LoginMemberFilter  :29   [32m                  [0;39m ä¸éœ€è¦ç™»å½•éªŒè¯ï¼š/member/member/login
2024-03-12 15:31:38.106 INFO  reactor.netty.http.server.AccessLog               :279  [32m                  [0;39m 0:0:0:0:0:0:0:1 - - [12/3æœˆ/2024:15:31:37 +0800] "POST /member/member/login HTTP/1.1" 200 303 748
2024-03-12 15:31:58.783 INFO  com.xboss.train.gateway.config.LoginMemberFilter  :32   [32m                  [0;39m éœ€è¦ç™»å½•éªŒè¯ï¼š/member/passenger/save
2024-03-12 15:31:58.783 INFO  com.xboss.train.gateway.config.LoginMemberFilter  :36   [32m                  [0;39m ä¼šå‘˜ç™»å½•éªŒè¯å¼€å§‹ï¼Œtokenï¼šeyJ0eXAiOiJKV1QiLCJhbGciOiJIUzI1NiJ9.eyJuYmYiOjE3MTAyMjg2OTgsIm1vYmlsZSI6IjE4MzE4MjI3ODEwIiwiaWQiOjE3MDk2NDg5MTg4NTgsImV4cCI6MTcxMDMxNTA5OCwiaWF0IjoxNzEwMjI4Njk4fQ.wFnuzlRIghU33b0lJ9t8vrqkVlsY_BaLeZ4R_TzxZBw
2024-03-12 15:31:58.784 INFO  com.xboss.train.gateway.utils.JwtUtil             :45   [32m                  [0;39m å¼€å§‹JWT tokenæ ¡éªŒï¼Œtokenï¼šeyJ0eXAiOiJKV1QiLCJhbGciOiJIUzI1NiJ9.eyJuYmYiOjE3MTAyMjg2OTgsIm1vYmlsZSI6IjE4MzE4MjI3ODEwIiwiaWQiOjE3MDk2NDg5MTg4NTgsImV4cCI6MTcxMDMxNTA5OCwiaWF0IjoxNzEwMjI4Njk4fQ.wFnuzlRIghU33b0lJ9t8vrqkVlsY_BaLeZ4R_TzxZBw
2024-03-12 15:31:58.993 INFO  com.xboss.train.gateway.utils.JwtUtil             :50   [32m                  [0;39m JWT tokenæ ¡éªŒç»“æœï¼štrue
2024-03-12 15:31:58.993 INFO  com.xboss.train.gateway.config.LoginMemberFilter  :46   [32m                  [0;39m tokenæœ‰æ•ˆï¼Œæ”¾è¡Œè¯¥è¯·æ±‚
2024-03-12 15:31:59.031 INFO  reactor.netty.http.server.AccessLog               :279  [32m                  [0;39m 0:0:0:0:0:0:0:1 - - [12/3æœˆ/2024:15:31:58 +0800] "POST /member/passenger/save HTTP/1.1" 500 7903 249
2024-03-12 15:33:22.402 INFO  com.xboss.train.gateway.config.LoginMemberFilter  :32   [32m                  [0;39m éœ€è¦ç™»å½•éªŒè¯ï¼š/member/passenger/save
2024-03-12 15:33:22.403 INFO  com.xboss.train.gateway.config.LoginMemberFilter  :36   [32m                  [0;39m ä¼šå‘˜ç™»å½•éªŒè¯å¼€å§‹ï¼Œtokenï¼šeyJ0eXAiOiJKV1QiLCJhbGciOiJIUzI1NiJ9.eyJuYmYiOjE3MTAyMjg2OTgsIm1vYmlsZSI6IjE4MzE4MjI3ODEwIiwiaWQiOjE3MDk2NDg5MTg4NTgsImV4cCI6MTcxMDMxNTA5OCwiaWF0IjoxNzEwMjI4Njk4fQ.wFnuzlRIghU33b0lJ9t8vrqkVlsY_BaLeZ4R_TzxZBw
2024-03-12 15:33:22.403 INFO  com.xboss.train.gateway.utils.JwtUtil             :45   [32m                  [0;39m å¼€å§‹JWT tokenæ ¡éªŒï¼Œtokenï¼šeyJ0eXAiOiJKV1QiLCJhbGciOiJIUzI1NiJ9.eyJuYmYiOjE3MTAyMjg2OTgsIm1vYmlsZSI6IjE4MzE4MjI3ODEwIiwiaWQiOjE3MDk2NDg5MTg4NTgsImV4cCI6MTcxMDMxNTA5OCwiaWF0IjoxNzEwMjI4Njk4fQ.wFnuzlRIghU33b0lJ9t8vrqkVlsY_BaLeZ4R_TzxZBw
2024-03-12 15:33:22.404 INFO  com.xboss.train.gateway.utils.JwtUtil             :50   [32m                  [0;39m JWT tokenæ ¡éªŒç»“æœï¼štrue
2024-03-12 15:33:22.404 INFO  com.xboss.train.gateway.config.LoginMemberFilter  :46   [32m                  [0;39m tokenæœ‰æ•ˆï¼Œæ”¾è¡Œè¯¥è¯·æ±‚
2024-03-12 15:33:22.412 INFO  reactor.netty.http.server.AccessLog               :279  [32m                  [0;39m 0:0:0:0:0:0:0:1 - - [12/3æœˆ/2024:15:33:22 +0800] "POST /member/passenger/save HTTP/1.1" 500 7903 10
2024-03-12 15:33:48.297 INFO  com.xboss.train.gateway.config.LoginMemberFilter  :32   [32m                  [0;39m éœ€è¦ç™»å½•éªŒè¯ï¼š/member/passenger/save
2024-03-12 15:33:48.298 INFO  com.xboss.train.gateway.config.LoginMemberFilter  :36   [32m                  [0;39m ä¼šå‘˜ç™»å½•éªŒè¯å¼€å§‹ï¼Œtokenï¼šeyJ0eXAiOiJKV1QiLCJhbGciOiJIUzI1NiJ9.eyJuYmYiOjE3MTAyMjg2OTgsIm1vYmlsZSI6IjE4MzE4MjI3ODEwIiwiaWQiOjE3MDk2NDg5MTg4NTgsImV4cCI6MTcxMDMxNTA5OCwiaWF0IjoxNzEwMjI4Njk4fQ.wFnuzlRIghU33b0lJ9t8vrqkVlsY_BaLeZ4R_TzxZBw
2024-03-12 15:33:48.298 INFO  com.xboss.train.gateway.utils.JwtUtil             :45   [32m                  [0;39m å¼€å§‹JWT tokenæ ¡éªŒï¼Œtokenï¼šeyJ0eXAiOiJKV1QiLCJhbGciOiJIUzI1NiJ9.eyJuYmYiOjE3MTAyMjg2OTgsIm1vYmlsZSI6IjE4MzE4MjI3ODEwIiwiaWQiOjE3MDk2NDg5MTg4NTgsImV4cCI6MTcxMDMxNTA5OCwiaWF0IjoxNzEwMjI4Njk4fQ.wFnuzlRIghU33b0lJ9t8vrqkVlsY_BaLeZ4R_TzxZBw
2024-03-12 15:33:48.298 INFO  com.xboss.train.gateway.utils.JwtUtil             :50   [32m                  [0;39m JWT tokenæ ¡éªŒç»“æœï¼štrue
2024-03-12 15:33:48.299 INFO  com.xboss.train.gateway.config.LoginMemberFilter  :46   [32m                  [0;39m tokenæœ‰æ•ˆï¼Œæ”¾è¡Œè¯¥è¯·æ±‚
2024-03-12 15:33:48.510 INFO  reactor.netty.http.server.AccessLog               :279  [32m                  [0;39m 0:0:0:0:0:0:0:1 - - [12/3æœˆ/2024:15:33:48 +0800] "POST /member/passenger/save HTTP/1.1" 500 7927 213
2024-03-12 15:42:44.570 INFO  org.hibernate.validator.internal.util.Version     :21   [32m                  [0;39m HV000001: Hibernate Validator 8.0.0.Final
2024-03-12 15:42:44.596 INFO  com.xboss.train.gateway.config.gatewayApplication :51   [32m                  [0;39m Starting gatewayApplication using Java 18.0.1.1 with PID 15284 (D:\projectAndcode\train\gateway\target\classes started by 86183 in D:\projectAndcode\train)
2024-03-12 15:42:44.598 INFO  com.xboss.train.gateway.config.gatewayApplication :630  [32m                  [0;39m No active profile set, falling back to 1 default profile: "default"
2024-03-12 15:42:44.633 INFO  o.s.b.d.env.DevToolsPropertyDefaultsPostProcessor :250  [32m                  [0;39m Devtools property defaults active! Set 'spring.devtools.add-properties' to 'false' to disable
2024-03-12 15:42:44.634 INFO  o.s.b.d.env.DevToolsPropertyDefaultsPostProcessor :250  [32m                  [0;39m For additional web related logging consider setting the 'logging.level.web' property to 'DEBUG'
2024-03-12 15:42:45.122 INFO  o.springframework.cloud.context.scope.GenericScope:282  [32m                  [0;39m BeanFactory id=324267dc-ff55-3f4c-bee8-5e2f01045e68
2024-03-12 15:42:45.723 INFO  o.s.c.gateway.route.RouteDefinitionRouteLocator   :88   [32m                  [0;39m Loaded RoutePredicateFactory [After]
2024-03-12 15:42:45.723 INFO  o.s.c.gateway.route.RouteDefinitionRouteLocator   :88   [32m                  [0;39m Loaded RoutePredicateFactory [Before]
2024-03-12 15:42:45.723 INFO  o.s.c.gateway.route.RouteDefinitionRouteLocator   :88   [32m                  [0;39m Loaded RoutePredicateFactory [Between]
2024-03-12 15:42:45.724 INFO  o.s.c.gateway.route.RouteDefinitionRouteLocator   :88   [32m                  [0;39m Loaded RoutePredicateFactory [Cookie]
2024-03-12 15:42:45.724 INFO  o.s.c.gateway.route.RouteDefinitionRouteLocator   :88   [32m                  [0;39m Loaded RoutePredicateFactory [Header]
2024-03-12 15:42:45.724 INFO  o.s.c.gateway.route.RouteDefinitionRouteLocator   :88   [32m                  [0;39m Loaded RoutePredicateFactory [Host]
2024-03-12 15:42:45.724 INFO  o.s.c.gateway.route.RouteDefinitionRouteLocator   :88   [32m                  [0;39m Loaded RoutePredicateFactory [Method]
2024-03-12 15:42:45.724 INFO  o.s.c.gateway.route.RouteDefinitionRouteLocator   :88   [32m                  [0;39m Loaded RoutePredicateFactory [Path]
2024-03-12 15:42:45.724 INFO  o.s.c.gateway.route.RouteDefinitionRouteLocator   :88   [32m                  [0;39m Loaded RoutePredicateFactory [Query]
2024-03-12 15:42:45.725 INFO  o.s.c.gateway.route.RouteDefinitionRouteLocator   :88   [32m                  [0;39m Loaded RoutePredicateFactory [ReadBody]
2024-03-12 15:42:45.725 INFO  o.s.c.gateway.route.RouteDefinitionRouteLocator   :88   [32m                  [0;39m Loaded RoutePredicateFactory [RemoteAddr]
2024-03-12 15:42:45.725 INFO  o.s.c.gateway.route.RouteDefinitionRouteLocator   :88   [32m                  [0;39m Loaded RoutePredicateFactory [XForwardedRemoteAddr]
2024-03-12 15:42:45.725 INFO  o.s.c.gateway.route.RouteDefinitionRouteLocator   :88   [32m                  [0;39m Loaded RoutePredicateFactory [Weight]
2024-03-12 15:42:45.725 INFO  o.s.c.gateway.route.RouteDefinitionRouteLocator   :88   [32m                  [0;39m Loaded RoutePredicateFactory [CloudFoundryRouteService]
2024-03-12 15:42:45.884 INFO  o.s.b.d.autoconfigure.OptionalLiveReloadServer    :59   [32m                  [0;39m LiveReload server is running on port 35729
2024-03-12 15:42:46.128 INFO  o.s.boot.web.embedded.netty.NettyWebServer        :111  [32m                  [0;39m Netty started on port 8000
2024-03-12 15:42:46.357 INFO  com.xboss.train.gateway.config.gatewayApplication :57   [32m                  [0;39m Started gatewayApplication in 2.212 seconds (process running for 2.772)
2024-03-12 15:42:46.359 INFO  com.xboss.train.gateway.config.gatewayApplication :23   [32m                  [0;39m å¯åŠ¨æˆåŠŸï¼ï¼
2024-03-12 15:42:46.360 INFO  com.xboss.train.gateway.config.gatewayApplication :24   [32m                  [0;39m ç½‘å…³åœ°å€: 	http://127.0.0.1:8000
2024-03-12 15:43:07.836 INFO  com.xboss.train.gateway.config.LoginMemberFilter  :32   [32m                  [0;39m éœ€è¦ç™»å½•éªŒè¯ï¼š/member/passenger/save
2024-03-12 15:43:07.837 INFO  com.xboss.train.gateway.config.LoginMemberFilter  :36   [32m                  [0;39m ä¼šå‘˜ç™»å½•éªŒè¯å¼€å§‹ï¼Œtokenï¼šeyJ0eXAiOiJKV1QiLCJhbGciOiJIUzI1NiJ9.eyJuYmYiOjE3MTAyMjg2OTgsIm1vYmlsZSI6IjE4MzE4MjI3ODEwIiwiaWQiOjE3MDk2NDg5MTg4NTgsImV4cCI6MTcxMDMxNTA5OCwiaWF0IjoxNzEwMjI4Njk4fQ.wFnuzlRIghU33b0lJ9t8vrqkVlsY_BaLeZ4R_TzxZBw
2024-03-12 15:43:07.837 INFO  com.xboss.train.gateway.utils.JwtUtil             :45   [32m                  [0;39m å¼€å§‹JWT tokenæ ¡éªŒï¼Œtokenï¼šeyJ0eXAiOiJKV1QiLCJhbGciOiJIUzI1NiJ9.eyJuYmYiOjE3MTAyMjg2OTgsIm1vYmlsZSI6IjE4MzE4MjI3ODEwIiwiaWQiOjE3MDk2NDg5MTg4NTgsImV4cCI6MTcxMDMxNTA5OCwiaWF0IjoxNzEwMjI4Njk4fQ.wFnuzlRIghU33b0lJ9t8vrqkVlsY_BaLeZ4R_TzxZBw
2024-03-12 15:43:08.041 INFO  com.xboss.train.gateway.utils.JwtUtil             :50   [32m                  [0;39m JWT tokenæ ¡éªŒç»“æœï¼štrue
2024-03-12 15:43:08.041 INFO  com.xboss.train.gateway.config.LoginMemberFilter  :46   [32m                  [0;39m tokenæœ‰æ•ˆï¼Œæ”¾è¡Œè¯¥è¯·æ±‚
2024-03-12 15:43:08.766 INFO  reactor.netty.http.server.AccessLog               :279  [32m                  [0;39m 0:0:0:0:0:0:0:1 - - [12/3æœˆ/2024:15:43:07 +0800] "POST /member/passenger/save HTTP/1.1" 200 199 961
2024-03-12 16:16:14.029 INFO  reactor.netty.http.server.AccessLog               :279  [32m                  [0;39m 0:0:0:0:0:0:0:1 - - [12/3æœˆ/2024:16:16:14 +0800] "OPTIONS /member/member/sendCode HTTP/1.1" 200 0 1
2024-03-12 16:16:14.032 INFO  com.xboss.train.gateway.config.LoginMemberFilter  :29   [32m                  [0;39m ä¸éœ€è¦ç™»å½•éªŒè¯ï¼š/member/member/sendCode
2024-03-12 16:16:14.090 INFO  reactor.netty.http.server.AccessLog               :279  [32m                  [0;39m 0:0:0:0:0:0:0:1 - - [12/3æœˆ/2024:16:16:14 +0800] "POST /member/member/sendCode HTTP/1.1" 200 46 59
2024-03-12 16:16:14.751 INFO  reactor.netty.http.server.AccessLog               :279  [32m                  [0;39m 0:0:0:0:0:0:0:1 - - [12/3æœˆ/2024:16:16:14 +0800] "OPTIONS /member/member/login HTTP/1.1" 200 0 1
2024-03-12 16:16:14.753 INFO  com.xboss.train.gateway.config.LoginMemberFilter  :29   [32m                  [0;39m ä¸éœ€è¦ç™»å½•éªŒè¯ï¼š/member/member/login
2024-03-12 16:16:14.773 INFO  reactor.netty.http.server.AccessLog               :279  [32m                  [0;39m 0:0:0:0:0:0:0:1 - - [12/3æœˆ/2024:16:16:14 +0800] "POST /member/member/login HTTP/1.1" 200 303 20
2024-03-12 16:16:14.836 INFO  reactor.netty.http.server.AccessLog               :279  [32m                  [0;39m 0:0:0:0:0:0:0:1 - - [12/3æœˆ/2024:16:16:14 +0800] "OPTIONS /member/member/count HTTP/1.1" 200 0 1
2024-03-12 16:16:14.837 INFO  com.xboss.train.gateway.config.LoginMemberFilter  :32   [32m                  [0;39m éœ€è¦ç™»å½•éªŒè¯ï¼š/member/member/count
2024-03-12 16:16:14.838 INFO  com.xboss.train.gateway.config.LoginMemberFilter  :36   [32m                  [0;39m ä¼šå‘˜ç™»å½•éªŒè¯å¼€å§‹ï¼Œtokenï¼šeyJ0eXAiOiJKV1QiLCJhbGciOiJIUzI1NiJ9.eyJuYmYiOjE3MTAyMzEzNzQsIm1vYmlsZSI6IjE4MzE4MjI3ODEwIiwiaWQiOjE3MDk2NDg5MTg4NTgsImV4cCI6MTcxMDMxNzc3NCwiaWF0IjoxNzEwMjMxMzc0fQ.cPIdCdVUBCojmzoC2CltvtlsJUZODwq0ZBiayXA9oHA
2024-03-12 16:16:14.838 INFO  com.xboss.train.gateway.utils.JwtUtil             :45   [32m                  [0;39m å¼€å§‹JWT tokenæ ¡éªŒï¼Œtokenï¼šeyJ0eXAiOiJKV1QiLCJhbGciOiJIUzI1NiJ9.eyJuYmYiOjE3MTAyMzEzNzQsIm1vYmlsZSI6IjE4MzE4MjI3ODEwIiwiaWQiOjE3MDk2NDg5MTg4NTgsImV4cCI6MTcxMDMxNzc3NCwiaWF0IjoxNzEwMjMxMzc0fQ.cPIdCdVUBCojmzoC2CltvtlsJUZODwq0ZBiayXA9oHA
2024-03-12 16:16:14.839 INFO  com.xboss.train.gateway.utils.JwtUtil             :50   [32m                  [0;39m JWT tokenæ ¡éªŒç»“æœï¼štrue
2024-03-12 16:16:14.839 INFO  com.xboss.train.gateway.config.LoginMemberFilter  :46   [32m                  [0;39m tokenæœ‰æ•ˆï¼Œæ”¾è¡Œè¯¥è¯·æ±‚
2024-03-12 16:16:14.853 INFO  reactor.netty.http.server.AccessLog               :279  [32m                  [0;39m 0:0:0:0:0:0:0:1 - - [12/3æœˆ/2024:16:16:14 +0800] "GET /member/member/count HTTP/1.1" 200 43 16
2024-03-12 16:24:57.813 INFO  reactor.netty.http.server.AccessLog               :279  [32m                  [0;39m 0:0:0:0:0:0:0:1 - - [12/3æœˆ/2024:16:24:57 +0800] "OPTIONS /member/member/sendCode HTTP/1.1" 200 0 1
2024-03-12 16:24:57.814 INFO  com.xboss.train.gateway.config.LoginMemberFilter  :29   [32m                  [0;39m ä¸éœ€è¦ç™»å½•éªŒè¯ï¼š/member/member/sendCode
2024-03-12 16:24:57.825 INFO  reactor.netty.http.server.AccessLog               :279  [32m                  [0;39m 0:0:0:0:0:0:0:1 - - [12/3æœˆ/2024:16:24:57 +0800] "POST /member/member/sendCode HTTP/1.1" 200 46 11
2024-03-12 16:24:58.375 INFO  reactor.netty.http.server.AccessLog               :279  [32m                  [0;39m 0:0:0:0:0:0:0:1 - - [12/3æœˆ/2024:16:24:58 +0800] "OPTIONS /member/member/login HTTP/1.1" 200 0 1
2024-03-12 16:24:58.376 INFO  com.xboss.train.gateway.config.LoginMemberFilter  :29   [32m                  [0;39m ä¸éœ€è¦ç™»å½•éªŒè¯ï¼š/member/member/login
2024-03-12 16:24:58.384 INFO  reactor.netty.http.server.AccessLog               :279  [32m                  [0;39m 0:0:0:0:0:0:0:1 - - [12/3æœˆ/2024:16:24:58 +0800] "POST /member/member/login HTTP/1.1" 200 303 8
2024-03-12 21:45:51.341 INFO  org.hibernate.validator.internal.util.Version     :21   [32m                  [0;39m HV000001: Hibernate Validator 8.0.0.Final
2024-03-12 21:45:51.372 INFO  com.xboss.train.gateway.config.gatewayApplication :51   [32m                  [0;39m Starting gatewayApplication using Java 18.0.1.1 with PID 35484 (D:\projectAndcode\train\gateway\target\classes started by 86183 in D:\projectAndcode\train)
2024-03-12 21:45:51.373 INFO  com.xboss.train.gateway.config.gatewayApplication :630  [32m                  [0;39m No active profile set, falling back to 1 default profile: "default"
2024-03-12 21:45:51.410 INFO  o.s.b.d.env.DevToolsPropertyDefaultsPostProcessor :250  [32m                  [0;39m Devtools property defaults active! Set 'spring.devtools.add-properties' to 'false' to disable
2024-03-12 21:45:51.410 INFO  o.s.b.d.env.DevToolsPropertyDefaultsPostProcessor :250  [32m                  [0;39m For additional web related logging consider setting the 'logging.level.web' property to 'DEBUG'
2024-03-12 21:45:51.924 INFO  o.springframework.cloud.context.scope.GenericScope:282  [32m                  [0;39m BeanFactory id=324267dc-ff55-3f4c-bee8-5e2f01045e68
2024-03-12 21:45:52.578 INFO  o.s.c.gateway.route.RouteDefinitionRouteLocator   :88   [32m                  [0;39m Loaded RoutePredicateFactory [After]
2024-03-12 21:45:52.578 INFO  o.s.c.gateway.route.RouteDefinitionRouteLocator   :88   [32m                  [0;39m Loaded RoutePredicateFactory [Before]
2024-03-12 21:45:52.579 INFO  o.s.c.gateway.route.RouteDefinitionRouteLocator   :88   [32m                  [0;39m Loaded RoutePredicateFactory [Between]
2024-03-12 21:45:52.579 INFO  o.s.c.gateway.route.RouteDefinitionRouteLocator   :88   [32m                  [0;39m Loaded RoutePredicateFactory [Cookie]
2024-03-12 21:45:52.579 INFO  o.s.c.gateway.route.RouteDefinitionRouteLocator   :88   [32m                  [0;39m Loaded RoutePredicateFactory [Header]
2024-03-12 21:45:52.579 INFO  o.s.c.gateway.route.RouteDefinitionRouteLocator   :88   [32m                  [0;39m Loaded RoutePredicateFactory [Host]
2024-03-12 21:45:52.579 INFO  o.s.c.gateway.route.RouteDefinitionRouteLocator   :88   [32m                  [0;39m Loaded RoutePredicateFactory [Method]
2024-03-12 21:45:52.579 INFO  o.s.c.gateway.route.RouteDefinitionRouteLocator   :88   [32m                  [0;39m Loaded RoutePredicateFactory [Path]
2024-03-12 21:45:52.579 INFO  o.s.c.gateway.route.RouteDefinitionRouteLocator   :88   [32m                  [0;39m Loaded RoutePredicateFactory [Query]
2024-03-12 21:45:52.579 INFO  o.s.c.gateway.route.RouteDefinitionRouteLocator   :88   [32m                  [0;39m Loaded RoutePredicateFactory [ReadBody]
2024-03-12 21:45:52.580 INFO  o.s.c.gateway.route.RouteDefinitionRouteLocator   :88   [32m                  [0;39m Loaded RoutePredicateFactory [RemoteAddr]
2024-03-12 21:45:52.580 INFO  o.s.c.gateway.route.RouteDefinitionRouteLocator   :88   [32m                  [0;39m Loaded RoutePredicateFactory [XForwardedRemoteAddr]
2024-03-12 21:45:52.580 INFO  o.s.c.gateway.route.RouteDefinitionRouteLocator   :88   [32m                  [0;39m Loaded RoutePredicateFactory [Weight]
2024-03-12 21:45:52.580 INFO  o.s.c.gateway.route.RouteDefinitionRouteLocator   :88   [32m                  [0;39m Loaded RoutePredicateFactory [CloudFoundryRouteService]
2024-03-12 21:45:52.746 INFO  o.s.b.d.autoconfigure.OptionalLiveReloadServer    :59   [32m                  [0;39m LiveReload server is running on port 35729
2024-03-12 21:45:53.031 INFO  o.s.boot.web.embedded.netty.NettyWebServer        :111  [32m                  [0;39m Netty started on port 8000
2024-03-12 21:45:53.245 INFO  com.xboss.train.gateway.config.gatewayApplication :57   [32m                  [0;39m Started gatewayApplication in 2.362 seconds (process running for 3.035)
2024-03-12 21:45:53.248 INFO  com.xboss.train.gateway.config.gatewayApplication :23   [32m                  [0;39m å¯åŠ¨æˆåŠŸï¼ï¼
2024-03-12 21:45:53.248 INFO  com.xboss.train.gateway.config.gatewayApplication :24   [32m                  [0;39m ç½‘å…³åœ°å€: 	http://127.0.0.1:8000
2024-03-12 21:47:42.591 INFO  com.xboss.train.gateway.config.LoginMemberFilter  :32   [32m                  [0;39m éœ€è¦ç™»å½•éªŒè¯ï¼š/member/passenger/selectByMemberId
2024-03-12 21:47:42.591 INFO  com.xboss.train.gateway.config.LoginMemberFilter  :36   [32m                  [0;39m ä¼šå‘˜ç™»å½•éªŒè¯å¼€å§‹ï¼Œtokenï¼šeyJ0eXAiOiJKV1QiLCJhbGciOiJIUzI1NiJ9.eyJuYmYiOjE3MTAyMjg2OTgsIm1vYmlsZSI6IjE4MzE4MjI3ODEwIiwiaWQiOjE3MDk2NDg5MTg4NTgsImV4cCI6MTcxMDMxNTA5OCwiaWF0IjoxNzEwMjI4Njk4fQ.wFnuzlRIghU33b0lJ9t8vrqkVlsY_BaLeZ4R_TzxZBw
2024-03-12 21:47:42.592 INFO  com.xboss.train.gateway.utils.JwtUtil             :45   [32m                  [0;39m å¼€å§‹JWT tokenæ ¡éªŒï¼Œtokenï¼šeyJ0eXAiOiJKV1QiLCJhbGciOiJIUzI1NiJ9.eyJuYmYiOjE3MTAyMjg2OTgsIm1vYmlsZSI6IjE4MzE4MjI3ODEwIiwiaWQiOjE3MDk2NDg5MTg4NTgsImV4cCI6MTcxMDMxNTA5OCwiaWF0IjoxNzEwMjI4Njk4fQ.wFnuzlRIghU33b0lJ9t8vrqkVlsY_BaLeZ4R_TzxZBw
2024-03-12 21:47:42.808 INFO  com.xboss.train.gateway.utils.JwtUtil             :50   [32m                  [0;39m JWT tokenæ ¡éªŒç»“æœï¼štrue
2024-03-12 21:47:42.809 INFO  com.xboss.train.gateway.config.LoginMemberFilter  :46   [32m                  [0;39m tokenæœ‰æ•ˆï¼Œæ”¾è¡Œè¯¥è¯·æ±‚
2024-03-12 21:47:43.556 INFO  reactor.netty.http.server.AccessLog               :279  [32m                  [0;39m 0:0:0:0:0:0:0:1 - - [12/3æœˆ/2024:21:47:42 +0800] "GET /member/passenger/selectByMemberId?MemberId=1709648918858&page=1&size=10 HTTP/1.1" 200 214 999
2024-03-12 21:48:46.297 INFO  com.xboss.train.gateway.config.LoginMemberFilter  :32   [32m                  [0;39m éœ€è¦ç™»å½•éªŒè¯ï¼š/member/passenger/selectByMemberId
2024-03-12 21:48:46.297 INFO  com.xboss.train.gateway.config.LoginMemberFilter  :36   [32m                  [0;39m ä¼šå‘˜ç™»å½•éªŒè¯å¼€å§‹ï¼Œtokenï¼šeyJ0eXAiOiJKV1QiLCJhbGciOiJIUzI1NiJ9.eyJuYmYiOjE3MTAyMjg2OTgsIm1vYmlsZSI6IjE4MzE4MjI3ODEwIiwiaWQiOjE3MDk2NDg5MTg4NTgsImV4cCI6MTcxMDMxNTA5OCwiaWF0IjoxNzEwMjI4Njk4fQ.wFnuzlRIghU33b0lJ9t8vrqkVlsY_BaLeZ4R_TzxZBw
2024-03-12 21:48:46.297 INFO  com.xboss.train.gateway.utils.JwtUtil             :45   [32m                  [0;39m å¼€å§‹JWT tokenæ ¡éªŒï¼Œtokenï¼šeyJ0eXAiOiJKV1QiLCJhbGciOiJIUzI1NiJ9.eyJuYmYiOjE3MTAyMjg2OTgsIm1vYmlsZSI6IjE4MzE4MjI3ODEwIiwiaWQiOjE3MDk2NDg5MTg4NTgsImV4cCI6MTcxMDMxNTA5OCwiaWF0IjoxNzEwMjI4Njk4fQ.wFnuzlRIghU33b0lJ9t8vrqkVlsY_BaLeZ4R_TzxZBw
2024-03-12 21:48:46.298 INFO  com.xboss.train.gateway.utils.JwtUtil             :50   [32m                  [0;39m JWT tokenæ ¡éªŒç»“æœï¼štrue
2024-03-12 21:48:46.298 INFO  com.xboss.train.gateway.config.LoginMemberFilter  :46   [32m                  [0;39m tokenæœ‰æ•ˆï¼Œæ”¾è¡Œè¯¥è¯·æ±‚
2024-03-12 21:48:46.311 INFO  reactor.netty.http.server.AccessLog               :279  [32m                  [0;39m 0:0:0:0:0:0:0:1 - - [12/3æœˆ/2024:21:48:46 +0800] "GET /member/passenger/selectByMemberId?MemberId=1709648918858&page=1&size=10 HTTP/1.1" 200 345 15
