2024-03-25 14:36:29.701 INFO  org.hibernate.validator.internal.util.Version     :21   [32m                  [0;39m HV000001: Hibernate Validator 8.0.0.Final
2024-03-25 14:36:29.730 INFO  com.xboss.train.gateway.config.gatewayApplication :51   [32m                  [0;39m Starting gatewayApplication using Java 18.0.1.1 with PID 3000 (D:\projectAndcode\train\gateway\target\classes started by 86183 in D:\projectAndcode\train)
2024-03-25 14:36:29.731 INFO  com.xboss.train.gateway.config.gatewayApplication :630  [32m                  [0;39m No active profile set, falling back to 1 default profile: "default"
2024-03-25 14:36:29.764 INFO  o.s.b.d.env.DevToolsPropertyDefaultsPostProcessor :250  [32m                  [0;39m Devtools property defaults active! Set 'spring.devtools.add-properties' to 'false' to disable
2024-03-25 14:36:29.765 INFO  o.s.b.d.env.DevToolsPropertyDefaultsPostProcessor :250  [32m                  [0;39m For additional web related logging consider setting the 'logging.level.web' property to 'DEBUG'
2024-03-25 14:36:30.265 INFO  o.springframework.cloud.context.scope.GenericScope:282  [32m                  [0;39m BeanFactory id=324267dc-ff55-3f4c-bee8-5e2f01045e68
2024-03-25 14:36:30.891 INFO  o.s.c.gateway.route.RouteDefinitionRouteLocator   :88   [32m                  [0;39m Loaded RoutePredicateFactory [After]
2024-03-25 14:36:30.891 INFO  o.s.c.gateway.route.RouteDefinitionRouteLocator   :88   [32m                  [0;39m Loaded RoutePredicateFactory [Before]
2024-03-25 14:36:30.891 INFO  o.s.c.gateway.route.RouteDefinitionRouteLocator   :88   [32m                  [0;39m Loaded RoutePredicateFactory [Between]
2024-03-25 14:36:30.891 INFO  o.s.c.gateway.route.RouteDefinitionRouteLocator   :88   [32m                  [0;39m Loaded RoutePredicateFactory [Cookie]
2024-03-25 14:36:30.891 INFO  o.s.c.gateway.route.RouteDefinitionRouteLocator   :88   [32m                  [0;39m Loaded RoutePredicateFactory [Header]
2024-03-25 14:36:30.891 INFO  o.s.c.gateway.route.RouteDefinitionRouteLocator   :88   [32m                  [0;39m Loaded RoutePredicateFactory [Host]
2024-03-25 14:36:30.891 INFO  o.s.c.gateway.route.RouteDefinitionRouteLocator   :88   [32m                  [0;39m Loaded RoutePredicateFactory [Method]
2024-03-25 14:36:30.892 INFO  o.s.c.gateway.route.RouteDefinitionRouteLocator   :88   [32m                  [0;39m Loaded RoutePredicateFactory [Path]
2024-03-25 14:36:30.892 INFO  o.s.c.gateway.route.RouteDefinitionRouteLocator   :88   [32m                  [0;39m Loaded RoutePredicateFactory [Query]
2024-03-25 14:36:30.892 INFO  o.s.c.gateway.route.RouteDefinitionRouteLocator   :88   [32m                  [0;39m Loaded RoutePredicateFactory [ReadBody]
2024-03-25 14:36:30.892 INFO  o.s.c.gateway.route.RouteDefinitionRouteLocator   :88   [32m                  [0;39m Loaded RoutePredicateFactory [RemoteAddr]
2024-03-25 14:36:30.892 INFO  o.s.c.gateway.route.RouteDefinitionRouteLocator   :88   [32m                  [0;39m Loaded RoutePredicateFactory [XForwardedRemoteAddr]
2024-03-25 14:36:30.892 INFO  o.s.c.gateway.route.RouteDefinitionRouteLocator   :88   [32m                  [0;39m Loaded RoutePredicateFactory [Weight]
2024-03-25 14:36:30.893 INFO  o.s.c.gateway.route.RouteDefinitionRouteLocator   :88   [32m                  [0;39m Loaded RoutePredicateFactory [CloudFoundryRouteService]
2024-03-25 14:36:31.040 WARN  o.s.b.d.autoconfigure.OptionalLiveReloadServer    :62   [32m                  [0;39m Unable to start LiveReload server
2024-03-25 14:36:31.316 INFO  o.s.boot.web.embedded.netty.NettyWebServer        :111  [32m                  [0;39m Netty started on port 8000
2024-03-25 14:36:31.544 INFO  com.xboss.train.gateway.config.gatewayApplication :57   [32m                  [0;39m Started gatewayApplication in 2.31 seconds (process running for 3.047)
2024-03-25 14:36:31.548 INFO  com.xboss.train.gateway.config.gatewayApplication :23   [32m                  [0;39m 启动成功！！
2024-03-25 14:36:31.548 INFO  com.xboss.train.gateway.config.gatewayApplication :24   [32m                  [0;39m 网关地址: 	http://127.0.0.1:8000
2024-03-25 15:23:02.380 INFO  org.hibernate.validator.internal.util.Version     :21   [32m                  [0;39m HV000001: Hibernate Validator 8.0.0.Final
2024-03-25 15:23:02.415 INFO  com.xboss.train.gateway.config.gatewayApplication :51   [32m                  [0;39m Starting gatewayApplication using Java 18.0.1.1 with PID 25336 (D:\projectAndcode\train\gateway\target\classes started by 86183 in D:\projectAndcode\train)
2024-03-25 15:23:02.416 INFO  com.xboss.train.gateway.config.gatewayApplication :630  [32m                  [0;39m No active profile set, falling back to 1 default profile: "default"
2024-03-25 15:23:02.457 INFO  o.s.b.d.env.DevToolsPropertyDefaultsPostProcessor :250  [32m                  [0;39m Devtools property defaults active! Set 'spring.devtools.add-properties' to 'false' to disable
2024-03-25 15:23:02.458 INFO  o.s.b.d.env.DevToolsPropertyDefaultsPostProcessor :250  [32m                  [0;39m For additional web related logging consider setting the 'logging.level.web' property to 'DEBUG'
2024-03-25 15:23:03.265 INFO  o.springframework.cloud.context.scope.GenericScope:282  [32m                  [0;39m BeanFactory id=324267dc-ff55-3f4c-bee8-5e2f01045e68
2024-03-25 15:23:04.171 INFO  o.s.c.gateway.route.RouteDefinitionRouteLocator   :88   [32m                  [0;39m Loaded RoutePredicateFactory [After]
2024-03-25 15:23:04.171 INFO  o.s.c.gateway.route.RouteDefinitionRouteLocator   :88   [32m                  [0;39m Loaded RoutePredicateFactory [Before]
2024-03-25 15:23:04.171 INFO  o.s.c.gateway.route.RouteDefinitionRouteLocator   :88   [32m                  [0;39m Loaded RoutePredicateFactory [Between]
2024-03-25 15:23:04.171 INFO  o.s.c.gateway.route.RouteDefinitionRouteLocator   :88   [32m                  [0;39m Loaded RoutePredicateFactory [Cookie]
2024-03-25 15:23:04.172 INFO  o.s.c.gateway.route.RouteDefinitionRouteLocator   :88   [32m                  [0;39m Loaded RoutePredicateFactory [Header]
2024-03-25 15:23:04.172 INFO  o.s.c.gateway.route.RouteDefinitionRouteLocator   :88   [32m                  [0;39m Loaded RoutePredicateFactory [Host]
2024-03-25 15:23:04.172 INFO  o.s.c.gateway.route.RouteDefinitionRouteLocator   :88   [32m                  [0;39m Loaded RoutePredicateFactory [Method]
2024-03-25 15:23:04.172 INFO  o.s.c.gateway.route.RouteDefinitionRouteLocator   :88   [32m                  [0;39m Loaded RoutePredicateFactory [Path]
2024-03-25 15:23:04.172 INFO  o.s.c.gateway.route.RouteDefinitionRouteLocator   :88   [32m                  [0;39m Loaded RoutePredicateFactory [Query]
2024-03-25 15:23:04.172 INFO  o.s.c.gateway.route.RouteDefinitionRouteLocator   :88   [32m                  [0;39m Loaded RoutePredicateFactory [ReadBody]
2024-03-25 15:23:04.173 INFO  o.s.c.gateway.route.RouteDefinitionRouteLocator   :88   [32m                  [0;39m Loaded RoutePredicateFactory [RemoteAddr]
2024-03-25 15:23:04.173 INFO  o.s.c.gateway.route.RouteDefinitionRouteLocator   :88   [32m                  [0;39m Loaded RoutePredicateFactory [XForwardedRemoteAddr]
2024-03-25 15:23:04.173 INFO  o.s.c.gateway.route.RouteDefinitionRouteLocator   :88   [32m                  [0;39m Loaded RoutePredicateFactory [Weight]
2024-03-25 15:23:04.173 INFO  o.s.c.gateway.route.RouteDefinitionRouteLocator   :88   [32m                  [0;39m Loaded RoutePredicateFactory [CloudFoundryRouteService]
2024-03-25 15:23:04.440 WARN  o.s.b.d.autoconfigure.OptionalLiveReloadServer    :62   [32m                  [0;39m Unable to start LiveReload server
2024-03-25 15:23:04.777 INFO  o.s.boot.web.embedded.netty.NettyWebServer        :111  [32m                  [0;39m Netty started on port 8000
2024-03-25 15:23:05.042 INFO  com.xboss.train.gateway.config.gatewayApplication :57   [32m                  [0;39m Started gatewayApplication in 3.283 seconds (process running for 4.03)
2024-03-25 15:23:05.044 INFO  com.xboss.train.gateway.config.gatewayApplication :23   [32m                  [0;39m 启动成功！！
2024-03-25 15:23:05.045 INFO  com.xboss.train.gateway.config.gatewayApplication :24   [32m                  [0;39m 网关地址: 	http://127.0.0.1:8000
2024-03-25 15:23:19.992 INFO  com.xboss.train.gateway.config.LoginMemberFilter  :29   [32m                  [0;39m 不需要登录验证：/business/admin/station/query-list
2024-03-25 15:23:20.319 INFO  com.xboss.train.gateway.config.LoginMemberFilter  :29   [32m                  [0;39m 不需要登录验证：/business/admin/train/query-list
2024-03-25 15:23:21.232 INFO  com.xboss.train.gateway.config.LoginMemberFilter  :29   [32m                  [0;39m 不需要登录验证：/business/admin/train-station/query-list
2024-03-25 15:23:21.701 INFO  com.xboss.train.gateway.config.LoginMemberFilter  :29   [32m                  [0;39m 不需要登录验证：/business/admin/train-carriage/query-list
2024-03-25 15:23:22.088 INFO  com.xboss.train.gateway.config.LoginMemberFilter  :29   [32m                  [0;39m 不需要登录验证：/business/admin/train-seat/query-list
2024-03-25 15:23:24.345 INFO  com.xboss.train.gateway.config.LoginMemberFilter  :29   [32m                  [0;39m 不需要登录验证：/batch/admin/job/query
2024-03-25 15:23:25.825 INFO  com.xboss.train.gateway.config.LoginMemberFilter  :29   [32m                  [0;39m 不需要登录验证：/business/admin/station/query-list
