2025-02-21 21:09:14.454 INFO  org.hibernate.validator.internal.util.Version     :21   [32m                  [0;39m HV000001: Hibernate Validator 8.0.0.Final
2025-02-21 21:09:14.495 INFO  com.xboss.train.gateway.config.gatewayApplication :51   [32m                  [0;39m Starting gatewayApplication using Java 18.0.1.1 with PID 6388 (D:\projectAndcode\train\gateway\target\classes started by 86183 in D:\projectAndcode\train)
2025-02-21 21:09:14.495 INFO  com.xboss.train.gateway.config.gatewayApplication :630  [32m                  [0;39m No active profile set, falling back to 1 default profile: "default"
2025-02-21 21:09:14.542 INFO  o.s.b.d.env.DevToolsPropertyDefaultsPostProcessor :250  [32m                  [0;39m Devtools property defaults active! Set 'spring.devtools.add-properties' to 'false' to disable
2025-02-21 21:09:14.542 INFO  o.s.b.d.env.DevToolsPropertyDefaultsPostProcessor :250  [32m                  [0;39m For additional web related logging consider setting the 'logging.level.web' property to 'DEBUG'
2025-02-21 21:09:15.342 INFO  o.springframework.cloud.context.scope.GenericScope:282  [32m                  [0;39m BeanFactory id=324267dc-ff55-3f4c-bee8-5e2f01045e68
2025-02-21 21:09:16.598 INFO  o.s.c.gateway.route.RouteDefinitionRouteLocator   :88   [32m                  [0;39m Loaded RoutePredicateFactory [After]
2025-02-21 21:09:16.599 INFO  o.s.c.gateway.route.RouteDefinitionRouteLocator   :88   [32m                  [0;39m Loaded RoutePredicateFactory [Before]
2025-02-21 21:09:16.599 INFO  o.s.c.gateway.route.RouteDefinitionRouteLocator   :88   [32m                  [0;39m Loaded RoutePredicateFactory [Between]
2025-02-21 21:09:16.599 INFO  o.s.c.gateway.route.RouteDefinitionRouteLocator   :88   [32m                  [0;39m Loaded RoutePredicateFactory [Cookie]
2025-02-21 21:09:16.599 INFO  o.s.c.gateway.route.RouteDefinitionRouteLocator   :88   [32m                  [0;39m Loaded RoutePredicateFactory [Header]
2025-02-21 21:09:16.599 INFO  o.s.c.gateway.route.RouteDefinitionRouteLocator   :88   [32m                  [0;39m Loaded RoutePredicateFactory [Host]
2025-02-21 21:09:16.600 INFO  o.s.c.gateway.route.RouteDefinitionRouteLocator   :88   [32m                  [0;39m Loaded RoutePredicateFactory [Method]
2025-02-21 21:09:16.600 INFO  o.s.c.gateway.route.RouteDefinitionRouteLocator   :88   [32m                  [0;39m Loaded RoutePredicateFactory [Path]
2025-02-21 21:09:16.600 INFO  o.s.c.gateway.route.RouteDefinitionRouteLocator   :88   [32m                  [0;39m Loaded RoutePredicateFactory [Query]
2025-02-21 21:09:16.600 INFO  o.s.c.gateway.route.RouteDefinitionRouteLocator   :88   [32m                  [0;39m Loaded RoutePredicateFactory [ReadBody]
2025-02-21 21:09:16.600 INFO  o.s.c.gateway.route.RouteDefinitionRouteLocator   :88   [32m                  [0;39m Loaded RoutePredicateFactory [RemoteAddr]
2025-02-21 21:09:16.600 INFO  o.s.c.gateway.route.RouteDefinitionRouteLocator   :88   [32m                  [0;39m Loaded RoutePredicateFactory [XForwardedRemoteAddr]
2025-02-21 21:09:16.601 INFO  o.s.c.gateway.route.RouteDefinitionRouteLocator   :88   [32m                  [0;39m Loaded RoutePredicateFactory [Weight]
2025-02-21 21:09:16.601 INFO  o.s.c.gateway.route.RouteDefinitionRouteLocator   :88   [32m                  [0;39m Loaded RoutePredicateFactory [CloudFoundryRouteService]
2025-02-21 21:09:16.822 WARN  o.s.b.d.autoconfigure.OptionalLiveReloadServer    :62   [32m                  [0;39m Unable to start LiveReload server
2025-02-21 21:09:17.428 INFO  o.s.boot.web.embedded.netty.NettyWebServer        :111  [32m                  [0;39m Netty started on port 8000
2025-02-21 21:09:18.346 INFO  com.xboss.train.gateway.config.gatewayApplication :57   [32m                  [0;39m Started gatewayApplication in 4.639 seconds (process running for 5.451)
2025-02-21 21:09:18.353 INFO  com.xboss.train.gateway.config.gatewayApplication :23   [32m                  [0;39m å¯åŠ¨æˆåŠŸï¼ï¼
2025-02-21 21:09:18.354 INFO  com.xboss.train.gateway.config.gatewayApplication :24   [32m                  [0;39m ç½‘å…³åœ°å€: 	http://127.0.0.1:8000
2025-02-21 21:09:42.343 INFO  com.xboss.train.gateway.config.LoginMemberFilter  :29   [32m                  [0;39m ä¸éœ€è¦ç™»å½•éªŒè¯ï¼š/member/member/sendCode
2025-02-21 21:09:44.363 INFO  com.xboss.train.gateway.config.LoginMemberFilter  :29   [32m                  [0;39m ä¸éœ€è¦ç™»å½•éªŒè¯ï¼š/member/member/login
2025-02-21 21:09:46.797 INFO  com.xboss.train.gateway.config.LoginMemberFilter  :32   [32m                  [0;39m éœ€è¦ç™»å½•éªŒè¯ï¼š/member/passenger/selectByMemberId
2025-02-21 21:09:46.797 INFO  com.xboss.train.gateway.config.LoginMemberFilter  :36   [32m                  [0;39m ä¼šå‘˜ç™»å½•éªŒè¯å¼€å§‹ï¼Œtokenï¼šeyJ0eXAiOiJKV1QiLCJhbGciOiJIUzI1NiJ9.eyJuYmYiOjE3NDAxNDMzODQsIm1vYmlsZSI6IjE4MzE4MjI3ODEwIiwiaWQiOjE3MDk2NDg5MTg4NTgsImV4cCI6MTc0MDIyOTc4NCwiaWF0IjoxNzQwMTQzMzg0fQ.tSx7bL_FVk759G86qA2tLUHc-ganhNnYdpbZsiooY2I
2025-02-21 21:09:46.800 INFO  com.xboss.train.gateway.utils.JwtUtil             :45   [32m                  [0;39m å¼€å§‹JWT tokenæ ¡éªŒï¼Œtokenï¼šeyJ0eXAiOiJKV1QiLCJhbGciOiJIUzI1NiJ9.eyJuYmYiOjE3NDAxNDMzODQsIm1vYmlsZSI6IjE4MzE4MjI3ODEwIiwiaWQiOjE3MDk2NDg5MTg4NTgsImV4cCI6MTc0MDIyOTc4NCwiaWF0IjoxNzQwMTQzMzg0fQ.tSx7bL_FVk759G86qA2tLUHc-ganhNnYdpbZsiooY2I
2025-02-21 21:09:47.012 INFO  com.xboss.train.gateway.utils.JwtUtil             :50   [32m                  [0;39m JWT tokenæ ¡éªŒç»“æœï¼štrue
2025-02-21 21:09:47.012 INFO  com.xboss.train.gateway.config.LoginMemberFilter  :46   [32m                  [0;39m tokenæœ‰æ•ˆï¼Œæ”¾è¡Œè¯¥è¯·æ±‚
2025-02-21 21:09:47.891 INFO  com.xboss.train.gateway.config.LoginMemberFilter  :32   [32m                  [0;39m éœ€è¦ç™»å½•éªŒè¯ï¼š/business/station/query-all
2025-02-21 21:09:47.891 INFO  com.xboss.train.gateway.config.LoginMemberFilter  :36   [32m                  [0;39m ä¼šå‘˜ç™»å½•éªŒè¯å¼€å§‹ï¼Œtokenï¼šeyJ0eXAiOiJKV1QiLCJhbGciOiJIUzI1NiJ9.eyJuYmYiOjE3NDAxNDMzODQsIm1vYmlsZSI6IjE4MzE4MjI3ODEwIiwiaWQiOjE3MDk2NDg5MTg4NTgsImV4cCI6MTc0MDIyOTc4NCwiaWF0IjoxNzQwMTQzMzg0fQ.tSx7bL_FVk759G86qA2tLUHc-ganhNnYdpbZsiooY2I
2025-02-21 21:09:47.891 INFO  com.xboss.train.gateway.utils.JwtUtil             :45   [32m                  [0;39m å¼€å§‹JWT tokenæ ¡éªŒï¼Œtokenï¼šeyJ0eXAiOiJKV1QiLCJhbGciOiJIUzI1NiJ9.eyJuYmYiOjE3NDAxNDMzODQsIm1vYmlsZSI6IjE4MzE4MjI3ODEwIiwiaWQiOjE3MDk2NDg5MTg4NTgsImV4cCI6MTc0MDIyOTc4NCwiaWF0IjoxNzQwMTQzMzg0fQ.tSx7bL_FVk759G86qA2tLUHc-ganhNnYdpbZsiooY2I
2025-02-21 21:09:47.892 INFO  com.xboss.train.gateway.utils.JwtUtil             :50   [32m                  [0;39m JWT tokenæ ¡éªŒç»“æœï¼štrue
2025-02-21 21:09:47.892 INFO  com.xboss.train.gateway.config.LoginMemberFilter  :46   [32m                  [0;39m tokenæœ‰æ•ˆï¼Œæ”¾è¡Œè¯¥è¯·æ±‚
2025-02-21 21:09:48.474 INFO  com.xboss.train.gateway.config.LoginMemberFilter  :32   [32m                  [0;39m éœ€è¦ç™»å½•éªŒè¯ï¼š/business/station/query-all
2025-02-21 21:09:48.477 INFO  com.xboss.train.gateway.config.LoginMemberFilter  :36   [32m                  [0;39m ä¼šå‘˜ç™»å½•éªŒè¯å¼€å§‹ï¼Œtokenï¼šeyJ0eXAiOiJKV1QiLCJhbGciOiJIUzI1NiJ9.eyJuYmYiOjE3NDAxNDMzODQsIm1vYmlsZSI6IjE4MzE4MjI3ODEwIiwiaWQiOjE3MDk2NDg5MTg4NTgsImV4cCI6MTc0MDIyOTc4NCwiaWF0IjoxNzQwMTQzMzg0fQ.tSx7bL_FVk759G86qA2tLUHc-ganhNnYdpbZsiooY2I
2025-02-21 21:09:48.477 INFO  com.xboss.train.gateway.utils.JwtUtil             :45   [32m                  [0;39m å¼€å§‹JWT tokenæ ¡éªŒï¼Œtokenï¼šeyJ0eXAiOiJKV1QiLCJhbGciOiJIUzI1NiJ9.eyJuYmYiOjE3NDAxNDMzODQsIm1vYmlsZSI6IjE4MzE4MjI3ODEwIiwiaWQiOjE3MDk2NDg5MTg4NTgsImV4cCI6MTc0MDIyOTc4NCwiaWF0IjoxNzQwMTQzMzg0fQ.tSx7bL_FVk759G86qA2tLUHc-ganhNnYdpbZsiooY2I
2025-02-21 21:09:48.477 INFO  com.xboss.train.gateway.utils.JwtUtil             :50   [32m                  [0;39m JWT tokenæ ¡éªŒç»“æœï¼štrue
2025-02-21 21:09:48.479 INFO  com.xboss.train.gateway.config.LoginMemberFilter  :46   [32m                  [0;39m tokenæœ‰æ•ˆï¼Œæ”¾è¡Œè¯¥è¯·æ±‚
2025-02-21 21:10:14.765 INFO  com.xboss.train.gateway.config.LoginMemberFilter  :32   [32m                  [0;39m éœ€è¦ç™»å½•éªŒè¯ï¼š/business/daily-train-ticket/query-list
2025-02-21 21:10:14.766 INFO  com.xboss.train.gateway.config.LoginMemberFilter  :36   [32m                  [0;39m ä¼šå‘˜ç™»å½•éªŒè¯å¼€å§‹ï¼Œtokenï¼šeyJ0eXAiOiJKV1QiLCJhbGciOiJIUzI1NiJ9.eyJuYmYiOjE3NDAxNDMzODQsIm1vYmlsZSI6IjE4MzE4MjI3ODEwIiwiaWQiOjE3MDk2NDg5MTg4NTgsImV4cCI6MTc0MDIyOTc4NCwiaWF0IjoxNzQwMTQzMzg0fQ.tSx7bL_FVk759G86qA2tLUHc-ganhNnYdpbZsiooY2I
2025-02-21 21:10:14.767 INFO  com.xboss.train.gateway.utils.JwtUtil             :45   [32m                  [0;39m å¼€å§‹JWT tokenæ ¡éªŒï¼Œtokenï¼šeyJ0eXAiOiJKV1QiLCJhbGciOiJIUzI1NiJ9.eyJuYmYiOjE3NDAxNDMzODQsIm1vYmlsZSI6IjE4MzE4MjI3ODEwIiwiaWQiOjE3MDk2NDg5MTg4NTgsImV4cCI6MTc0MDIyOTc4NCwiaWF0IjoxNzQwMTQzMzg0fQ.tSx7bL_FVk759G86qA2tLUHc-ganhNnYdpbZsiooY2I
2025-02-21 21:10:14.767 INFO  com.xboss.train.gateway.utils.JwtUtil             :50   [32m                  [0;39m JWT tokenæ ¡éªŒç»“æœï¼štrue
2025-02-21 21:10:14.767 INFO  com.xboss.train.gateway.config.LoginMemberFilter  :46   [32m                  [0;39m tokenæœ‰æ•ˆï¼Œæ”¾è¡Œè¯¥è¯·æ±‚
2025-02-21 21:10:15.580 INFO  com.xboss.train.gateway.config.LoginMemberFilter  :32   [32m                  [0;39m éœ€è¦ç™»å½•éªŒè¯ï¼š/business/daily-train-ticket/query-list
2025-02-21 21:10:15.580 INFO  com.xboss.train.gateway.config.LoginMemberFilter  :36   [32m                  [0;39m ä¼šå‘˜ç™»å½•éªŒè¯å¼€å§‹ï¼Œtokenï¼šeyJ0eXAiOiJKV1QiLCJhbGciOiJIUzI1NiJ9.eyJuYmYiOjE3NDAxNDMzODQsIm1vYmlsZSI6IjE4MzE4MjI3ODEwIiwiaWQiOjE3MDk2NDg5MTg4NTgsImV4cCI6MTc0MDIyOTc4NCwiaWF0IjoxNzQwMTQzMzg0fQ.tSx7bL_FVk759G86qA2tLUHc-ganhNnYdpbZsiooY2I
2025-02-21 21:10:15.580 INFO  com.xboss.train.gateway.utils.JwtUtil             :45   [32m                  [0;39m å¼€å§‹JWT tokenæ ¡éªŒï¼Œtokenï¼šeyJ0eXAiOiJKV1QiLCJhbGciOiJIUzI1NiJ9.eyJuYmYiOjE3NDAxNDMzODQsIm1vYmlsZSI6IjE4MzE4MjI3ODEwIiwiaWQiOjE3MDk2NDg5MTg4NTgsImV4cCI6MTc0MDIyOTc4NCwiaWF0IjoxNzQwMTQzMzg0fQ.tSx7bL_FVk759G86qA2tLUHc-ganhNnYdpbZsiooY2I
2025-02-21 21:10:15.581 INFO  com.xboss.train.gateway.utils.JwtUtil             :50   [32m                  [0;39m JWT tokenæ ¡éªŒç»“æœï¼štrue
2025-02-21 21:10:15.581 INFO  com.xboss.train.gateway.config.LoginMemberFilter  :46   [32m                  [0;39m tokenæœ‰æ•ˆï¼Œæ”¾è¡Œè¯¥è¯·æ±‚
2025-02-21 21:10:22.382 INFO  com.xboss.train.gateway.config.LoginMemberFilter  :32   [32m                  [0;39m éœ€è¦ç™»å½•éªŒè¯ï¼š/business/daily-train-ticket/query-list
2025-02-21 21:10:22.382 INFO  com.xboss.train.gateway.config.LoginMemberFilter  :36   [32m                  [0;39m ä¼šå‘˜ç™»å½•éªŒè¯å¼€å§‹ï¼Œtokenï¼šeyJ0eXAiOiJKV1QiLCJhbGciOiJIUzI1NiJ9.eyJuYmYiOjE3NDAxNDMzODQsIm1vYmlsZSI6IjE4MzE4MjI3ODEwIiwiaWQiOjE3MDk2NDg5MTg4NTgsImV4cCI6MTc0MDIyOTc4NCwiaWF0IjoxNzQwMTQzMzg0fQ.tSx7bL_FVk759G86qA2tLUHc-ganhNnYdpbZsiooY2I
2025-02-21 21:10:22.382 INFO  com.xboss.train.gateway.utils.JwtUtil             :45   [32m                  [0;39m å¼€å§‹JWT tokenæ ¡éªŒï¼Œtokenï¼šeyJ0eXAiOiJKV1QiLCJhbGciOiJIUzI1NiJ9.eyJuYmYiOjE3NDAxNDMzODQsIm1vYmlsZSI6IjE4MzE4MjI3ODEwIiwiaWQiOjE3MDk2NDg5MTg4NTgsImV4cCI6MTc0MDIyOTc4NCwiaWF0IjoxNzQwMTQzMzg0fQ.tSx7bL_FVk759G86qA2tLUHc-ganhNnYdpbZsiooY2I
2025-02-21 21:10:22.382 INFO  com.xboss.train.gateway.utils.JwtUtil             :50   [32m                  [0;39m JWT tokenæ ¡éªŒç»“æœï¼štrue
2025-02-21 21:10:22.382 INFO  com.xboss.train.gateway.config.LoginMemberFilter  :46   [32m                  [0;39m tokenæœ‰æ•ˆï¼Œæ”¾è¡Œè¯¥è¯·æ±‚
2025-02-21 21:10:24.206 INFO  com.xboss.train.gateway.config.LoginMemberFilter  :32   [32m                  [0;39m éœ€è¦ç™»å½•éªŒè¯ï¼š/member/passenger/query-mine
2025-02-21 21:10:24.206 INFO  com.xboss.train.gateway.config.LoginMemberFilter  :36   [32m                  [0;39m ä¼šå‘˜ç™»å½•éªŒè¯å¼€å§‹ï¼Œtokenï¼šeyJ0eXAiOiJKV1QiLCJhbGciOiJIUzI1NiJ9.eyJuYmYiOjE3NDAxNDMzODQsIm1vYmlsZSI6IjE4MzE4MjI3ODEwIiwiaWQiOjE3MDk2NDg5MTg4NTgsImV4cCI6MTc0MDIyOTc4NCwiaWF0IjoxNzQwMTQzMzg0fQ.tSx7bL_FVk759G86qA2tLUHc-ganhNnYdpbZsiooY2I
2025-02-21 21:10:24.206 INFO  com.xboss.train.gateway.utils.JwtUtil             :45   [32m                  [0;39m å¼€å§‹JWT tokenæ ¡éªŒï¼Œtokenï¼šeyJ0eXAiOiJKV1QiLCJhbGciOiJIUzI1NiJ9.eyJuYmYiOjE3NDAxNDMzODQsIm1vYmlsZSI6IjE4MzE4MjI3ODEwIiwiaWQiOjE3MDk2NDg5MTg4NTgsImV4cCI6MTc0MDIyOTc4NCwiaWF0IjoxNzQwMTQzMzg0fQ.tSx7bL_FVk759G86qA2tLUHc-ganhNnYdpbZsiooY2I
2025-02-21 21:10:24.207 INFO  com.xboss.train.gateway.utils.JwtUtil             :50   [32m                  [0;39m JWT tokenæ ¡éªŒç»“æœï¼štrue
2025-02-21 21:10:24.207 INFO  com.xboss.train.gateway.config.LoginMemberFilter  :46   [32m                  [0;39m tokenæœ‰æ•ˆï¼Œæ”¾è¡Œè¯¥è¯·æ±‚
