2024-03-19 13:44:50.389 INFO  org.hibernate.validator.internal.util.Version     :21   [32m                  [0;39m HV000001: Hibernate Validator 8.0.0.Final
2024-03-19 13:44:50.422 INFO  com.xboss.train.gateway.config.gatewayApplication :51   [32m                  [0;39m Starting gatewayApplication using Java 18.0.1.1 with PID 23440 (D:\projectAndcode\train\gateway\target\classes started by 86183 in D:\projectAndcode\train)
2024-03-19 13:44:50.423 INFO  com.xboss.train.gateway.config.gatewayApplication :630  [32m                  [0;39m No active profile set, falling back to 1 default profile: "default"
2024-03-19 13:44:50.460 INFO  o.s.b.d.env.DevToolsPropertyDefaultsPostProcessor :250  [32m                  [0;39m Devtools property defaults active! Set 'spring.devtools.add-properties' to 'false' to disable
2024-03-19 13:44:50.461 INFO  o.s.b.d.env.DevToolsPropertyDefaultsPostProcessor :250  [32m                  [0;39m For additional web related logging consider setting the 'logging.level.web' property to 'DEBUG'
2024-03-19 13:44:50.980 INFO  o.springframework.cloud.context.scope.GenericScope:282  [32m                  [0;39m BeanFactory id=324267dc-ff55-3f4c-bee8-5e2f01045e68
2024-03-19 13:44:51.676 INFO  o.s.c.gateway.route.RouteDefinitionRouteLocator   :88   [32m                  [0;39m Loaded RoutePredicateFactory [After]
2024-03-19 13:44:51.676 INFO  o.s.c.gateway.route.RouteDefinitionRouteLocator   :88   [32m                  [0;39m Loaded RoutePredicateFactory [Before]
2024-03-19 13:44:51.676 INFO  o.s.c.gateway.route.RouteDefinitionRouteLocator   :88   [32m                  [0;39m Loaded RoutePredicateFactory [Between]
2024-03-19 13:44:51.676 INFO  o.s.c.gateway.route.RouteDefinitionRouteLocator   :88   [32m                  [0;39m Loaded RoutePredicateFactory [Cookie]
2024-03-19 13:44:51.676 INFO  o.s.c.gateway.route.RouteDefinitionRouteLocator   :88   [32m                  [0;39m Loaded RoutePredicateFactory [Header]
2024-03-19 13:44:51.676 INFO  o.s.c.gateway.route.RouteDefinitionRouteLocator   :88   [32m                  [0;39m Loaded RoutePredicateFactory [Host]
2024-03-19 13:44:51.676 INFO  o.s.c.gateway.route.RouteDefinitionRouteLocator   :88   [32m                  [0;39m Loaded RoutePredicateFactory [Method]
2024-03-19 13:44:51.677 INFO  o.s.c.gateway.route.RouteDefinitionRouteLocator   :88   [32m                  [0;39m Loaded RoutePredicateFactory [Path]
2024-03-19 13:44:51.677 INFO  o.s.c.gateway.route.RouteDefinitionRouteLocator   :88   [32m                  [0;39m Loaded RoutePredicateFactory [Query]
2024-03-19 13:44:51.677 INFO  o.s.c.gateway.route.RouteDefinitionRouteLocator   :88   [32m                  [0;39m Loaded RoutePredicateFactory [ReadBody]
2024-03-19 13:44:51.677 INFO  o.s.c.gateway.route.RouteDefinitionRouteLocator   :88   [32m                  [0;39m Loaded RoutePredicateFactory [RemoteAddr]
2024-03-19 13:44:51.677 INFO  o.s.c.gateway.route.RouteDefinitionRouteLocator   :88   [32m                  [0;39m Loaded RoutePredicateFactory [XForwardedRemoteAddr]
2024-03-19 13:44:51.677 INFO  o.s.c.gateway.route.RouteDefinitionRouteLocator   :88   [32m                  [0;39m Loaded RoutePredicateFactory [Weight]
2024-03-19 13:44:51.677 INFO  o.s.c.gateway.route.RouteDefinitionRouteLocator   :88   [32m                  [0;39m Loaded RoutePredicateFactory [CloudFoundryRouteService]
2024-03-19 13:44:51.809 WARN  o.s.b.d.autoconfigure.OptionalLiveReloadServer    :62   [32m                  [0;39m Unable to start LiveReload server
2024-03-19 13:44:52.059 INFO  o.s.boot.web.embedded.netty.NettyWebServer        :111  [32m                  [0;39m Netty started on port 8000
2024-03-19 13:44:52.302 INFO  com.xboss.train.gateway.config.gatewayApplication :57   [32m                  [0;39m Started gatewayApplication in 2.503 seconds (process running for 3.174)
2024-03-19 13:44:52.305 INFO  com.xboss.train.gateway.config.gatewayApplication :23   [32m                  [0;39m å¯åŠ¨æˆåŠŸï¼ï¼
2024-03-19 13:44:52.306 INFO  com.xboss.train.gateway.config.gatewayApplication :24   [32m                  [0;39m ç½‘å…³åœ°å€: 	http://127.0.0.1:8000
2024-03-19 13:45:03.709 INFO  com.xboss.train.gateway.config.LoginMemberFilter  :29   [32m                  [0;39m ä¸éœ€è¦ç™»å½•éªŒè¯ï¼š/business/admin/train-seat/query-list
2024-03-19 13:45:05.623 INFO  com.xboss.train.gateway.config.LoginMemberFilter  :29   [32m                  [0;39m ä¸éœ€è¦ç™»å½•éªŒè¯ï¼š/business/admin/train/query-all
2024-03-19 13:49:14.931 INFO  com.xboss.train.gateway.config.LoginMemberFilter  :29   [32m                  [0;39m ä¸éœ€è¦ç™»å½•éªŒè¯ï¼š/business/admin/station/query-list
2024-03-19 13:49:18.361 INFO  com.xboss.train.gateway.config.LoginMemberFilter  :29   [32m                  [0;39m ä¸éœ€è¦ç™»å½•éªŒè¯ï¼š/business/admin/train/query-list
2024-03-19 13:51:42.549 INFO  com.xboss.train.gateway.config.LoginMemberFilter  :29   [32m                  [0;39m ä¸éœ€è¦ç™»å½•éªŒè¯ï¼š/business/admin/train/query-list
2024-03-19 13:52:10.468 INFO  com.xboss.train.gateway.config.LoginMemberFilter  :29   [32m                  [0;39m ä¸éœ€è¦ç™»å½•éªŒè¯ï¼š/business/admin/train/query-list
2024-03-19 13:52:11.760 INFO  com.xboss.train.gateway.config.LoginMemberFilter  :29   [32m                  [0;39m ä¸éœ€è¦ç™»å½•éªŒè¯ï¼š/business/admin/train/query-list
2024-03-19 13:52:12.636 INFO  com.xboss.train.gateway.config.LoginMemberFilter  :29   [32m                  [0;39m ä¸éœ€è¦ç™»å½•éªŒè¯ï¼š/business/admin/station/query-all
2024-03-19 13:52:12.646 INFO  com.xboss.train.gateway.config.LoginMemberFilter  :29   [32m                  [0;39m ä¸éœ€è¦ç™»å½•éªŒè¯ï¼š/business/admin/station/query-all
2024-03-19 13:52:25.682 INFO  com.xboss.train.gateway.config.LoginMemberFilter  :29   [32m                  [0;39m ä¸éœ€è¦ç™»å½•éªŒè¯ï¼š/business/admin/station/query-list
2024-03-19 13:52:29.549 INFO  com.xboss.train.gateway.config.LoginMemberFilter  :29   [32m                  [0;39m ä¸éœ€è¦ç™»å½•éªŒè¯ï¼š/business/admin/train/query-list
2024-03-19 13:52:30.013 INFO  com.xboss.train.gateway.config.LoginMemberFilter  :29   [32m                  [0;39m ä¸éœ€è¦ç™»å½•éªŒè¯ï¼š/business/admin/train-station/query-list
2024-03-19 13:52:30.520 INFO  com.xboss.train.gateway.config.LoginMemberFilter  :29   [32m                  [0;39m ä¸éœ€è¦ç™»å½•éªŒè¯ï¼š/business/admin/train-carriage/query-list
2024-03-19 13:52:34.560 INFO  com.xboss.train.gateway.config.LoginMemberFilter  :29   [32m                  [0;39m ä¸éœ€è¦ç™»å½•éªŒè¯ï¼š/business/admin/train-seat/query-list
2024-03-19 13:53:15.909 INFO  com.xboss.train.gateway.config.LoginMemberFilter  :29   [32m                  [0;39m ä¸éœ€è¦ç™»å½•éªŒè¯ï¼š/business/admin/train/query-list
2024-03-19 13:53:16.803 INFO  com.xboss.train.gateway.config.LoginMemberFilter  :29   [32m                  [0;39m ä¸éœ€è¦ç™»å½•éªŒè¯ï¼š/business/admin/station/query-all
2024-03-19 13:53:16.812 INFO  com.xboss.train.gateway.config.LoginMemberFilter  :29   [32m                  [0;39m ä¸éœ€è¦ç™»å½•éªŒè¯ï¼š/business/admin/station/query-all
2024-03-19 13:53:40.768 INFO  com.xboss.train.gateway.config.LoginMemberFilter  :29   [32m                  [0;39m ä¸éœ€è¦ç™»å½•éªŒè¯ï¼š/business/admin/train/query-list
2024-03-19 13:53:41.892 INFO  com.xboss.train.gateway.config.LoginMemberFilter  :29   [32m                  [0;39m ä¸éœ€è¦ç™»å½•éªŒè¯ï¼š/business/admin/station/query-all
2024-03-19 13:53:41.901 INFO  com.xboss.train.gateway.config.LoginMemberFilter  :29   [32m                  [0;39m ä¸éœ€è¦ç™»å½•éªŒè¯ï¼š/business/admin/station/query-all
2024-03-19 13:53:52.023 INFO  com.xboss.train.gateway.config.LoginMemberFilter  :29   [32m                  [0;39m ä¸éœ€è¦ç™»å½•éªŒè¯ï¼š/business/admin/train/query-list
2024-03-19 13:53:52.821 INFO  com.xboss.train.gateway.config.LoginMemberFilter  :29   [32m                  [0;39m ä¸éœ€è¦ç™»å½•éªŒè¯ï¼š/business/admin/station/query-all
2024-03-19 13:53:52.829 INFO  com.xboss.train.gateway.config.LoginMemberFilter  :29   [32m                  [0;39m ä¸éœ€è¦ç™»å½•éªŒè¯ï¼š/business/admin/station/query-all
2024-03-19 13:59:04.397 INFO  com.xboss.train.gateway.config.LoginMemberFilter  :29   [32m                  [0;39m ä¸éœ€è¦ç™»å½•éªŒè¯ï¼š/business/admin/train/query-list
2024-03-19 13:59:11.526 INFO  com.xboss.train.gateway.config.LoginMemberFilter  :29   [32m                  [0;39m ä¸éœ€è¦ç™»å½•éªŒè¯ï¼š/business/admin/station/query-all
2024-03-19 13:59:11.535 INFO  com.xboss.train.gateway.config.LoginMemberFilter  :29   [32m                  [0;39m ä¸éœ€è¦ç™»å½•éªŒè¯ï¼š/business/admin/station/query-all
2024-03-19 14:02:52.065 INFO  com.xboss.train.gateway.config.LoginMemberFilter  :29   [32m                  [0;39m ä¸éœ€è¦ç™»å½•éªŒè¯ï¼š/business/admin/train/query-list
2024-03-19 14:02:58.485 INFO  com.xboss.train.gateway.config.LoginMemberFilter  :29   [32m                  [0;39m ä¸éœ€è¦ç™»å½•éªŒè¯ï¼š/business/admin/station/query-all
2024-03-19 14:02:58.493 INFO  com.xboss.train.gateway.config.LoginMemberFilter  :29   [32m                  [0;39m ä¸éœ€è¦ç™»å½•éªŒè¯ï¼š/business/admin/station/query-all
2024-03-19 14:03:23.934 INFO  com.xboss.train.gateway.config.LoginMemberFilter  :29   [32m                  [0;39m ä¸éœ€è¦ç™»å½•éªŒè¯ï¼š/business/admin/train/query-list
2024-03-19 14:03:24.624 INFO  com.xboss.train.gateway.config.LoginMemberFilter  :29   [32m                  [0;39m ä¸éœ€è¦ç™»å½•éªŒè¯ï¼š/business/admin/station/query-all
2024-03-19 14:03:24.631 INFO  com.xboss.train.gateway.config.LoginMemberFilter  :29   [32m                  [0;39m ä¸éœ€è¦ç™»å½•éªŒè¯ï¼š/business/admin/station/query-all
2024-03-19 14:04:35.693 INFO  com.xboss.train.gateway.config.LoginMemberFilter  :29   [32m                  [0;39m ä¸éœ€è¦ç™»å½•éªŒè¯ï¼š/business/admin/train/query-list
2024-03-19 14:04:36.883 INFO  com.xboss.train.gateway.config.LoginMemberFilter  :29   [32m                  [0;39m ä¸éœ€è¦ç™»å½•éªŒè¯ï¼š/business/admin/station/query-all
2024-03-19 14:04:36.890 INFO  com.xboss.train.gateway.config.LoginMemberFilter  :29   [32m                  [0;39m ä¸éœ€è¦ç™»å½•éªŒè¯ï¼š/business/admin/station/query-all
2024-03-19 14:04:57.805 INFO  com.xboss.train.gateway.config.LoginMemberFilter  :29   [32m                  [0;39m ä¸éœ€è¦ç™»å½•éªŒè¯ï¼š/business/admin/train/save
2024-03-19 14:04:57.856 INFO  com.xboss.train.gateway.config.LoginMemberFilter  :29   [32m                  [0;39m ä¸éœ€è¦ç™»å½•éªŒè¯ï¼š/business/admin/train/query-list
